#
# A fatal error has been detected by the Java Runtime Environment:
#
#  SIGSEGV (0xb) at pc=0x00007fac7f14b823, pid=9424, tid=140377553803008
#
# JRE version: OpenJDK Runtime Environment (7.0_85-b01) (build 1.7.0_85-b01)
# Java VM: OpenJDK 64-Bit Server VM (24.85-b03 mixed mode linux-amd64 compressed oops)
# Derivative: IcedTea 2.6.1
# Distribution: Debian GNU/Linux buildd-unstable (sid), package 7u85-2.6.1-3
# Problematic frame:
# V  [libjvm.so+0x2f2823]  BiasedLocking::revoke_and_rebias(Handle, bool, Thread*)+0x33
#
# Failed to write core dump. Core dumps have been disabled. To enable core dumping, try "ulimit -c unlimited" before starting Java again
#
# If you would like to submit a bug report, please include
# instructions on how to reproduce the bug and visit:
#   http://icedtea.classpath.org/bugzilla
#

---------------  T H R E A D  ---------------

Current thread (0x00007fac48003000):  JavaThread "Thread-1" [_thread_in_vm, id=9447, stack(0x00007fac31ba9000,0x00007fac323aa000)]

siginfo:si_signo=SIGSEGV: si_errno=0, si_code=1 (SEGV_MAPERR), si_addr=0x0000000000000001

Registers:
RAX=0x00007fac7fc3f2c8, RBX=0x0000000000000000, RCX=0x00007fac500a09c0, RDX=0x00007fac48003000
RSP=0x00007fac323a8c80, RBP=0x00007fac323a8d30, RSI=0x0000000000000000, RDI=0x00007fac500a09c0
R8 =0x0000000000000000, R9 =0x0000000000000000, R10=0x0000000000000001, R11=0x000000000000007b
R12=0x00007fac500a09c0, R13=0x00007fac48003000, R14=0x000000007fffffff, R15=0x00007fac39c7acb0
RIP=0x00007fac7f14b823, EFLAGS=0x0000000000010246, CSGSFS=0x0000000000000033, ERR=0x0000000000000004
  TRAPNO=0x000000000000000e

Top of Stack: (sp=0x00007fac323a8c80)
0x00007fac323a8c80:   00009b6848003000 b0e639fdf13d4600
0x00007fac323a8c90:   00007fac500a09c0 b0e639fdf13d4600
0x00007fac323a8ca0:   00007fac480031d8 0000000000000001
0x00007fac323a8cb0:   000000000000000b 00007fac2c0b56b0
0x00007fac323a8cc0:   00007fac54118a80 b0e639fdf13d4600
0x00007fac323a8cd0:   00007fac323a8e00 00007fac2c0f57b0
0x00007fac323a8ce0:   00007fac323a8e30 b0e639fdf13d4600
0x00007fac323a8cf0:   0000000000000000 b0e639fdf13d4600
0x00007fac323a8d00:   00007fac323a8e30 00007fac48003000
0x00007fac323a8d10:   00007fac500a09c0 0000000000000000
0x00007fac323a8d20:   000000007fffffff 00007fac39c7acb0
0x00007fac323a8d30:   00007fac323a8d50 00007fac7f760aba
0x00007fac323a8d40:   00007fac48003000 00007fac480031d8
0x00007fac323a8d50:   00007fac323a8db0 00007fac7f471353
0x00007fac323a8d60:   00007fac48003000 0000000000000000
0x00007fac323a8d70:   00007fac323a8db0 00007fac3a7696ca
0x00007fac323a8d80:   0000000000000000 b0e639fdf13d4600
0x00007fac323a8d90:   0000000000000000 00007fac323a8e24
0x00007fac323a8da0:   00007fac323a8e28 0000000000000000
0x00007fac323a8db0:   00007fac323a8dd0 00007fac3a765901
0x00007fac323a8dc0:   0000000000000001 00007fac480031d8
0x00007fac323a8dd0:   00007fac5472a030 00007fac39c7acce
0x00007fac323a8de0:   00007fac2c104150 00007fac2c104150
0x00007fac323a8df0:   00007fac323a8e30 00007fac6d6383fd
0x00007fac323a8e00:   0000000000000001 000000006d638a2a
0x00007fac323a8e10:   00007fac323a8e24 00007fac323a8eb0
0x00007fac323a8e20:   ffffffff00000000 00007fac549d44a0
0x00007fac323a8e30:   00007fac2c104150 00007fac00000001
0x00007fac323a8e40:   00007fac2c0f54e0 00007fac549d44a0
0x00007fac323a8e50:   00007fac80a9d060 b0e639fdf13d4600
0x00007fac323a8e60:   0000000000000000 00007fac2c104150
0x00007fac323a8e70:   0000000000000001 00007fac48000a50 

Instructions: (pc=0x00007fac7f14b823)
0x00007fac7f14b803:   48 81 ec 88 00 00 00 48 89 bd 60 ff ff ff 4c 8b
0x00007fac7f14b813:   17 64 48 8b 1c 25 28 00 00 00 48 89 5d c8 31 db
0x00007fac7f14b823:   49 8b 1a 49 89 d9 41 83 e1 07 49 83 f9 05 74 3d
0x00007fac7f14b833:   48 8b 09 b8 01 00 00 00 48 8b 11 83 e2 07 48 83 

Register to memory mapping:

RAX=0x00007fac7fc3f2c8: <offset 0xde62c8> in /usr/lib/jvm/java-7-openjdk-amd64/jre/lib/amd64/server/libjvm.so at 0x00007fac7ee59000
RBX=0x0000000000000000 is an unknown value
RCX=0x00007fac500a09c0 is an unknown value
RDX=0x00007fac48003000 is a thread
RSP=0x00007fac323a8c80 is pointing into the stack for thread: 0x00007fac48003000
RBP=0x00007fac323a8d30 is pointing into the stack for thread: 0x00007fac48003000
RSI=0x0000000000000000 is an unknown value
RDI=0x00007fac500a09c0 is an unknown value
R8 =0x0000000000000000 is an unknown value
R9 =0x0000000000000000 is an unknown value
R10=0x0000000000000001 is an unknown value
R11=0x000000000000007b is an unknown value
R12=0x00007fac500a09c0 is an unknown value
R13=0x00007fac48003000 is a thread
R14=0x000000007fffffff is an unknown value
R15=0x00007fac39c7acb0: <offset 0x57cb0> in /usr/lib/x86_64-linux-gnu/libgdk-x11-2.0.so.0 at 0x00007fac39c23000


Stack: [0x00007fac31ba9000,0x00007fac323aa000],  sp=0x00007fac323a8c80,  free space=8191k
Native frames: (J=compiled Java code, j=interpreted, Vv=VM code, C=native code)
V  [libjvm.so+0x2f2823]  BiasedLocking::revoke_and_rebias(Handle, bool, Thread*)+0x33
V  [libjvm.so+0x907aba]  ObjectSynchronizer::jni_enter(Handle, Thread*)+0x5a
V  [libjvm.so+0x618353]  jni_MonitorEnter+0xc3
C  [libatk-wrapper.so.1.2.22+0x4901]  jni_threads_lock+0x32


---------------  P R O C E S S  ---------------

Java Threads: ( => current thread )
  0x00007fac2c43d000 JavaThread "On Start/Stop" daemon [_thread_in_vm, id=9456, stack(0x00007fac3074b000,0x00007fac3094c000)]
  0x00007fac2c449800 JavaThread "Inactive RequestProcessor thread [Was:On Start/Stop/org.netbeans.modules.i18n.form.I18nFormCrossModule]" daemon [_thread_blocked, id=9455, stack(0x00007fac3094c000,0x00007fac30b4d000)]
  0x00007fac2d329000 JavaThread "Inactive RequestProcessor thread [Was:Default RequestProcessor/org.netbeans.core.CoreBridgeImpl$1]" daemon [_thread_blocked, id=9454, stack(0x00007fac30b4d000,0x00007fac30d4e000)]
  0x0000000000b81800 JavaThread "On Start/Stop" daemon [_thread_in_vm_trans, id=9453, stack(0x00007fac30d4e000,0x00007fac30f4f000)]
  0x00007fac2d6e8000 JavaThread "Bundle File Closer" daemon [_thread_blocked, id=9452, stack(0x00007fac30f4f000,0x00007fac31150000)]
  0x00007fac2d30c000 JavaThread "Framework Event Dispatcher" daemon [_thread_blocked, id=9451, stack(0x00007fac31150000,0x00007fac31351000)]
  0x00007fac2d17f800 JavaThread "State Saver" [_thread_blocked, id=9450, stack(0x00007fac31351000,0x00007fac31552000)]
  0x00007fac2cc43800 JavaThread "Framework Active Thread" [_thread_blocked, id=9449, stack(0x00007fac31552000,0x00007fac31753000)]
=>0x00007fac48003000 JavaThread "Thread-1" [_thread_in_vm, id=9447, stack(0x00007fac31ba9000,0x00007fac323aa000)]
  0x00007fac2c109800 JavaThread "AWT-EventQueue-1" [_thread_in_native, id=9448, stack(0x00007fac319a8000,0x00007fac31ba9000)]
  0x00007fac2c0c9000 JavaThread "AWT-EventQueue-0" [_thread_blocked, id=9446, stack(0x00007fac323aa000,0x00007fac325ab000)]
  0x00007fac2c0c5000 JavaThread "AWT-Shutdown" [_thread_blocked, id=9445, stack(0x00007fac325ab000,0x00007fac327ac000)]
  0x00007fac2c09d000 JavaThread "process reaper" daemon [_thread_blocked, id=9444, stack(0x00007fac7c07b000,0x00007fac7c0b4000)]
  0x00007fac2c09b000 JavaThread "AWT-XAWT" daemon [_thread_in_native, id=9442, stack(0x00007fac3a97b000,0x00007fac3ab7c000)]
  0x00007fac2c078800 JavaThread "Java2D Disposer" daemon [_thread_blocked, id=9441, stack(0x00007fac3af8d000,0x00007fac3b18e000)]
  0x00007fac2c024000 JavaThread "RequestProcessor queue manager" daemon [_thread_blocked, id=9440, stack(0x00007fac3b7fe000,0x00007fac3b9ff000)]
  0x00007fac7820f800 JavaThread "main" [_thread_in_vm, id=9439, stack(0x00007fac3b9ff000,0x00007fac3bc00000)]
  0x00007fac7820a800 JavaThread "Netigso Events" daemon [_thread_blocked, id=9438, stack(0x00007fac3bc00000,0x00007fac3be01000)]
  0x00007fac781d5800 JavaThread "CLI Requests Server" daemon [_thread_in_native, id=9437, stack(0x00007fac6c435000,0x00007fac6c636000)]
  0x00007fac7819c800 JavaThread "Active Reference Queue Daemon" daemon [_thread_blocked, id=9436, stack(0x00007fac6c636000,0x00007fac6c837000)]
  0x00007fac780a9800 JavaThread "Service Thread" daemon [_thread_blocked, id=9434, stack(0x00007fac749fc000,0x00007fac74bfd000)]
  0x00007fac780a7000 JavaThread "C2 CompilerThread1" daemon [_thread_in_native, id=9433, stack(0x00007fac74bfd000,0x00007fac74cfe000)]
  0x00007fac780a4800 JavaThread "C2 CompilerThread0" daemon [_thread_in_native, id=9432, stack(0x00007fac74cfe000,0x00007fac74dff000)]
  0x00007fac780a2000 JavaThread "Signal Dispatcher" daemon [_thread_blocked, id=9431, stack(0x00007fac74dff000,0x00007fac75000000)]
  0x00007fac78077000 JavaThread "Finalizer" daemon [_thread_blocked, id=9430, stack(0x00007fac7c272000,0x00007fac7c473000)]
  0x00007fac78075000 JavaThread "Reference Handler" daemon [_thread_blocked, id=9429, stack(0x00007fac7c473000,0x00007fac7c674000)]
  0x00007fac78009800 JavaThread "main" [_thread_blocked, id=9425, stack(0x00007fac7e3c6000,0x00007fac7e5c7000)]

Other Threads:
  0x00007fac78070800 VMThread [stack: 0x00007fac7c674000,0x00007fac7c775000] [id=9428]
  0x00007fac780b4800 WatcherThread [stack: 0x00007fac748fb000,0x00007fac749fc000] [id=9435]

VM state:not at safepoint (normal execution)

VM Mutex/Monitor currently owned by a thread: None

Heap
 PSYoungGen      total 153600K, used 26554K [0x00000000ef880000, 0x00000000fee80000, 0x0000000100000000)
  eden space 144384K, 13% used [0x00000000ef880000,0x00000000f0b1d0e0,0x00000000f8580000)
  from space 9216K, 81% used [0x00000000f8580000,0x00000000f8cd1828,0x00000000f8e80000)
  to   space 10240K, 0% used [0x00000000fe480000,0x00000000fe480000,0x00000000fee80000)
 ParOldGen       total 22016K, used 16676K [0x00000000cea00000, 0x00000000cff80000, 0x00000000ef880000)
  object space 22016K, 75% used [0x00000000cea00000,0x00000000cfa49290,0x00000000cff80000)
 PSPermGen       total 32768K, used 22053K [0x00000000b6a00000, 0x00000000b8a00000, 0x00000000cea00000)
  object space 32768K, 67% used [0x00000000b6a00000,0x00000000b7f89498,0x00000000b8a00000)

Card table byte_map: [0x00007fac7d92a000,0x00007fac7db76000] byte_map_base: 0x00007fac7d375000

Polling page: 0x00007fac80a99000

Code Cache  [0x00007fac75000000, 0x00007fac75330000, 0x00007fac78000000)
 total_blobs=1241 nmethods=741 adapters=453 free_code_cache=45974Kb largest_free_block=47009856

Compilation events (10 events):
Event: 7.882 Thread 0x00007fac780a4800 nmethod 794 0x00007fac7531ecd0 code [0x00007fac7531ee20, 0x00007fac7531efd8]
Event: 7.887 Thread 0x00007fac780a4800  795             java.util.LinkedList::toArray (84 bytes)
Event: 7.890 Thread 0x00007fac780a4800 nmethod 795 0x00007fac7531cf10 code [0x00007fac7531d060, 0x00007fac7531d258]
Event: 7.893 Thread 0x00007fac780a7000 nmethod 773 0x00007fac75324ad0 code [0x00007fac75324f80, 0x00007fac753277f0]
Event: 7.950 Thread 0x00007fac780a4800  796             java.util.AbstractCollection::toArray (70 bytes)
Event: 7.953 Thread 0x00007fac780a4800 nmethod 796 0x00007fac7508cb50 code [0x00007fac7508ccc0, 0x00007fac7508cf08]
Event: 7.956 Thread 0x00007fac780a4800  797   !         org.openide.filesystems.MultiFileObject::getAttribute (503 bytes)
Event: 8.004 Thread 0x00007fac780a7000  798             org.openide.filesystems.MultiFileObject::update (315 bytes)
Event: 8.095 Thread 0x00007fac780a7000 

Event: 8.095 Thread 0x00007fac780a7000  799             org.openide.filesystems.MultiFileObject::list (272 bytes)

GC Heap History (10 events):
Event: 3.226 GC heap before
{Heap before GC invocations=5 (full 0):
 PSYoungGen      total 37888K, used 37872K [0x00000000ef880000, 0x00000000f1e80000, 0x0000000100000000)
  eden space 36864K, 100% used [0x00000000ef880000,0x00000000f1c80000,0x00000000f1c80000)
  from space 1024K, 98% used [0x00000000f1d80000,0x00000000f1e7c010,0x00000000f1e80000)
  to   space 1024K, 0% used [0x00000000f1c80000,0x00000000f1c80000,0x00000000f1d80000)
 ParOldGen       total 22016K, used 4433K [0x00000000cea00000, 0x00000000cff80000, 0x00000000ef880000)
  object space 22016K, 20% used [0x00000000cea00000,0x00000000cee54520,0x00000000cff80000)
 PSPermGen       total 32768K, used 16242K [0x00000000b6a00000, 0x00000000b8a00000, 0x00000000cea00000)
  object space 32768K, 49% used [0x00000000b6a00000,0x00000000b79dc850,0x00000000b8a00000)
Event: 3.233 GC heap after
Heap after GC invocations=5 (full 0):
 PSYoungGen      total 37888K, used 1024K [0x00000000ef880000, 0x00000000f4680000, 0x0000000100000000)
  eden space 36864K, 0% used [0x00000000ef880000,0x00000000ef880000,0x00000000f1c80000)
  from space 1024K, 100% used [0x00000000f1c80000,0x00000000f1d80000,0x00000000f1d80000)
  to   space 3072K, 0% used [0x00000000f4380000,0x00000000f4380000,0x00000000f4680000)
 ParOldGen       total 22016K, used 6306K [0x00000000cea00000, 0x00000000cff80000, 0x00000000ef880000)
  object space 22016K, 28% used [0x00000000cea00000,0x00000000cf028ab8,0x00000000cff80000)
 PSPermGen       total 32768K, used 16242K [0x00000000b6a00000, 0x00000000b8a00000, 0x00000000cea00000)
  object space 32768K, 49% used [0x00000000b6a00000,0x00000000b79dc850,0x00000000b8a00000)
}
Event: 3.485 GC heap before
{Heap before GC invocations=6 (full 0):
 PSYoungGen      total 37888K, used 37888K [0x00000000ef880000, 0x00000000f4680000, 0x0000000100000000)
  eden space 36864K, 100% used [0x00000000ef880000,0x00000000f1c80000,0x00000000f1c80000)
  from space 1024K, 100% used [0x00000000f1c80000,0x00000000f1d80000,0x00000000f1d80000)
  to   space 3072K, 0% used [0x00000000f4380000,0x00000000f4380000,0x00000000f4680000)
 ParOldGen       total 22016K, used 6306K [0x00000000cea00000, 0x00000000cff80000, 0x00000000ef880000)
  object space 22016K, 28% used [0x00000000cea00000,0x00000000cf028ab8,0x00000000cff80000)
 PSPermGen       total 32768K, used 16609K [0x00000000b6a00000, 0x00000000b8a00000, 0x00000000cea00000)
  object space 32768K, 50% used [0x00000000b6a00000,0x00000000b7a386f8,0x00000000b8a00000)
Event: 3.492 GC heap after
Heap after GC invocations=6 (full 0):
 PSYoungGen      total 76800K, used 2544K [0x00000000ef880000, 0x00000000f4680000, 0x0000000100000000)
  eden space 73728K, 0% used [0x00000000ef880000,0x00000000ef880000,0x00000000f4080000)
  from space 3072K, 82% used [0x00000000f4380000,0x00000000f45fc010,0x00000000f4680000)
  to   space 3072K, 0% used [0x00000000f4080000,0x00000000f4080000,0x00000000f4380000)
 ParOldGen       total 22016K, used 6306K [0x00000000cea00000, 0x00000000cff80000, 0x00000000ef880000)
  object space 22016K, 28% used [0x00000000cea00000,0x00000000cf028ab8,0x00000000cff80000)
 PSPermGen       total 32768K, used 16609K [0x00000000b6a00000, 0x00000000b8a00000, 0x00000000cea00000)
  object space 32768K, 50% used [0x00000000b6a00000,0x00000000b7a386f8,0x00000000b8a00000)
}
Event: 4.468 GC heap before
{Heap before GC invocations=7 (full 0):
 PSYoungGen      total 76800K, used 76272K [0x00000000ef880000, 0x00000000f4680000, 0x0000000100000000)
  eden space 73728K, 100% used [0x00000000ef880000,0x00000000f4080000,0x00000000f4080000)
  from space 3072K, 82% used [0x00000000f4380000,0x00000000f45fc010,0x00000000f4680000)
  to   space 3072K, 0% used [0x00000000f4080000,0x00000000f4080000,0x00000000f4380000)
 ParOldGen       total 22016K, used 6306K [0x00000000cea00000, 0x00000000cff80000, 0x00000000ef880000)
  object space 22016K, 28% used [0x00000000cea00000,0x00000000cf028ab8,0x00000000cff80000)
 PSPermGen       total 32768K, used 19722K [0x00000000b6a00000, 0x00000000b8a00000, 0x00000000cea00000)
  object space 32768K, 60% used [0x00000000b6a00000,0x00000000b7d42820,0x00000000b8a00000)
Event: 4.491 GC heap after
Heap after GC invocations=7 (full 0):
 PSYoungGen      total 76800K, used 3045K [0x00000000ef880000, 0x00000000f9480000, 0x0000000100000000)
  eden space 73728K, 0% used [0x00000000ef880000,0x00000000ef880000,0x00000000f4080000)
  from space 3072K, 99% used [0x00000000f4080000,0x00000000f4379630,0x00000000f4380000)
  to   space 6144K, 0% used [0x00000000f8e80000,0x00000000f8e80000,0x00000000f9480000)
 ParOldGen       total 22016K, used 11196K [0x00000000cea00000, 0x00000000cff80000, 0x00000000ef880000)
  object space 22016K, 50% used [0x00000000cea00000,0x00000000cf4ef280,0x00000000cff80000)
 PSPermGen       total 32768K, used 19722K [0x00000000b6a00000, 0x00000000b8a00000, 0x00000000cea00000)
  object space 32768K, 60% used [0x00000000b6a00000,0x00000000b7d42820,0x00000000b8a00000)
}
Event: 5.788 GC heap before
{Heap before GC invocations=8 (full 0):
 PSYoungGen      total 76800K, used 76773K [0x00000000ef880000, 0x00000000f9480000, 0x0000000100000000)
  eden space 73728K, 100% used [0x00000000ef880000,0x00000000f4080000,0x00000000f4080000)
  from space 3072K, 99% used [0x00000000f4080000,0x00000000f4379630,0x00000000f4380000)
  to   space 6144K, 0% used [0x00000000f8e80000,0x00000000f8e80000,0x00000000f9480000)
 ParOldGen       total 22016K, used 11196K [0x00000000cea00000, 0x00000000cff80000, 0x00000000ef880000)
  object space 22016K, 50% used [0x00000000cea00000,0x00000000cf4ef280,0x00000000cff80000)
 PSPermGen       total 32768K, used 19987K [0x00000000b6a00000, 0x00000000b8a00000, 0x00000000cea00000)
  object space 32768K, 60% used [0x00000000b6a00000,0x00000000b7d84d70,0x00000000b8a00000)
Event: 5.820 GC heap after
Heap after GC invocations=8 (full 0):
 PSYoungGen      total 150528K, used 6134K [0x00000000ef880000, 0x00000000f9a80000, 0x0000000100000000)
  eden space 144384K, 0% used [0x00000000ef880000,0x00000000ef880000,0x00000000f8580000)
  from space 6144K, 99% used [0x00000000f8e80000,0x00000000f947d918,0x00000000f9480000)
  to   space 9216K, 0% used [0x00000000f8580000,0x00000000f8580000,0x00000000f8e80000)
 ParOldGen       total 22016K, used 16196K [0x00000000cea00000, 0x00000000cff80000, 0x00000000ef880000)
  object space 22016K, 73% used [0x00000000cea00000,0x00000000cf9d1290,0x00000000cff80000)
 PSPermGen       total 32768K, used 19987K [0x00000000b6a00000, 0x00000000b8a00000, 0x00000000cea00000)
  object space 32768K, 60% used [0x00000000b6a00000,0x00000000b7d84d70,0x00000000b8a00000)
}
Event: 7.907 GC heap before
{Heap before GC invocations=9 (full 0):
 PSYoungGen      total 150528K, used 150518K [0x00000000ef880000, 0x00000000f9a80000, 0x0000000100000000)
  eden space 144384K, 100% used [0x00000000ef880000,0x00000000f8580000,0x00000000f8580000)
  from space 6144K, 99% used [0x00000000f8e80000,0x00000000f947d918,0x00000000f9480000)
  to   space 9216K, 0% used [0x00000000f8580000,0x00000000f8580000,0x00000000f8e80000)
 ParOldGen       total 22016K, used 16196K [0x00000000cea00000, 0x00000000cff80000, 0x00000000ef880000)
  object space 22016K, 73% used [0x00000000cea00000,0x00000000cf9d1290,0x00000000cff80000)
 PSPermGen       total 32768K, used 20152K [0x00000000b6a00000, 0x00000000b8a00000, 0x00000000cea00000)
  object space 32768K, 61% used [0x00000000b6a00000,0x00000000b7dae298,0x00000000b8a00000)
Event: 7.917 GC heap after
Heap after GC invocations=9 (full 0):
 PSYoungGen      total 153600K, used 7494K [0x00000000ef880000, 0x00000000fee80000, 0x0000000100000000)
  eden space 144384K, 0% used [0x00000000ef880000,0x00000000ef880000,0x00000000f8580000)
  from space 9216K, 81% used [0x00000000f8580000,0x00000000f8cd1828,0x00000000f8e80000)
  to   space 10240K, 0% used [0x00000000fe480000,0x00000000fe480000,0x00000000fee80000)
 ParOldGen       total 22016K, used 16676K [0x00000000cea00000, 0x00000000cff80000, 0x00000000ef880000)
  object space 22016K, 75% used [0x00000000cea00000,0x00000000cfa49290,0x00000000cff80000)
 PSPermGen       total 32768K, used 20152K [0x00000000b6a00000, 0x00000000b8a00000, 0x00000000cea00000)
  object space 32768K, 61% used [0x00000000b6a00000,0x00000000b7dae298,0x00000000b8a00000)
}

Deoptimization events (10 events):
Event: 8.040 Thread 0x00007fac7820f800 Uncommon trap: reason=class_check action=maybe_recompile pc=0x00007fac75067e5c method=java.lang.String.equals(Ljava/lang/Object;)Z @ 8
Event: 8.051 Thread 0x00007fac2c43d000 Uncommon trap: reason=unstable_if action=reinterpret pc=0x00007fac7519a9a8 method=java.lang.Integer.getChars(II[C)V @ 20
Event: 8.052 Thread 0x00007fac2c43d000 Uncommon trap: reason=unstable_if action=reinterpret pc=0x00007fac75117968 method=java.util.regex.Pattern.compile()V @ 271
Event: 8.052 Thread 0x00007fac2c43d000 Uncommon trap: reason=class_check action=maybe_recompile pc=0x00007fac75152030 method=java.util.regex.Matcher.search(I)Z @ 86
Event: 8.052 Thread 0x00007fac2c43d000 Uncommon trap: reason=class_check action=maybe_recompile pc=0x00007fac75152030 method=java.util.regex.Matcher.search(I)Z @ 86
Event: 8.067 Thread 0x00007fac7820f800 Uncommon trap: reason=bimorphic action=maybe_recompile pc=0x00007fac75105500 method=java.util.HashMap.<init>(IF)V @ 115
Event: 8.074 Thread 0x0000000000b81800 Uncommon trap: reason=class_check action=maybe_recompile pc=0x00007fac75130870 method=org.openide.filesystems.MultiFileSystem.writableLayer(Ljava/lang/String;)Lorg/openide/filesystems/FileSystem; @ 36
Event: 8.103 Thread 0x0000000000b81800 Uncommon trap: reason=class_check action=maybe_recompile pc=0x00007fac75067e5c method=java.lang.String.equals(Ljava/lang/Object;)Z @ 8
Event: 8.110 Thread 0x00007fac2c43d000 Uncommon trap: reason=class_check action=maybe_recompile pc=0x00007fac75067e5c method=java.lang.String.equals(Ljava/lang/Object;)Z @ 8
Event: 8.110 Thread 0x00007fac2c43d000 Uncommon trap: reason=class_check action=maybe_recompile pc=0x00007fac75067e5c method=java.lang.String.equals(Ljava/lang/Object;)Z @ 8

Internal exceptions (10 events):
Event: 8.041 Thread 0x00007fac7820f800 Threw 0x00000000f050e1e8 at /build/openjdk-7-1Vhfz6/openjdk-7-7u85-2.6.1/build/openjdk/hotspot/src/share/vm/prims/jvm.cpp:1322
Event: 8.052 Thread 0x0000000000b81800 Threw 0x00000000f090a340 at /build/openjdk-7-1Vhfz6/openjdk-7-7u85-2.6.1/build/openjdk/hotspot/src/share/vm/prims/jvm.cpp:1322
Event: 8.052 Thread 0x0000000000b81800 Threw 0x00000000f090b1d8 at /build/openjdk-7-1Vhfz6/openjdk-7-7u85-2.6.1/build/openjdk/hotspot/src/share/vm/prims/jvm.cpp:1322
Event: 8.053 Thread 0x0000000000b81800 Threw 0x00000000f0911d60 at /build/openjdk-7-1Vhfz6/openjdk-7-7u85-2.6.1/build/openjdk/hotspot/src/share/vm/prims/jvm.cpp:1322
Event: 8.103 Thread 0x00007fac7820f800 Threw 0x00000000f05684d0 at /build/openjdk-7-1Vhfz6/openjdk-7-7u85-2.6.1/build/openjdk/hotspot/src/share/vm/prims/jvm.cpp:1322
Event: 8.103 Thread 0x00007fac7820f800 Threw 0x00000000f05692b8 at /build/openjdk-7-1Vhfz6/openjdk-7-7u85-2.6.1/build/openjdk/hotspot/src/share/vm/prims/jvm.cpp:1322
Event: 8.133 Thread 0x00007fac7820f800 Threw 0x00000000f05853b8 at /build/openjdk-7-1Vhfz6/openjdk-7-7u85-2.6.1/build/openjdk/hotspot/src/share/vm/prims/jvm.cpp:1322
Event: 8.133 Thread 0x00007fac7820f800 Threw 0x00000000f0586388 at /build/openjdk-7-1Vhfz6/openjdk-7-7u85-2.6.1/build/openjdk/hotspot/src/share/vm/prims/jvm.cpp:1322
Event: 8.135 Thread 0x00007fac2c43d000 Threw 0x00000000f0a4e8d8 at /build/openjdk-7-1Vhfz6/openjdk-7-7u85-2.6.1/build/openjdk/hotspot/src/share/vm/prims/jvm.cpp:1322
Event: 8.135 Thread 0x00007fac2c43d000 Threw 0x00000000f0a4f7e8 at /build/openjdk-7-1Vhfz6/openjdk-7-7u85-2.6.1/build/openjdk/hotspot/src/share/vm/prims/jvm.cpp:1322

Events (10 events):
Event: 8.117 Executing VM operation: RevokeBias
Event: 8.117 Executing VM operation: RevokeBias done
Event: 8.126 loading class 0x00007fac7d35dfd0
Event: 8.126 loading class 0x00007fac7d35dfd0 done
Event: 8.128 Executing VM operation: Deoptimize
Event: 8.129 Executing VM operation: Deoptimize done
Event: 8.132 loading class 0x00007fac2c37b060
Event: 8.132 loading class 0x00007fac2c37b060 done
Event: 8.135 loading class 0x00007fac2c236040
Event: 8.135 loading class 0x00007fac2c236040 done


Dynamic libraries:
00400000-00401000 r-xp 00000000 fe:01 27270572                           /usr/lib/jvm/java-7-openjdk-amd64/jre/bin/java
00600000-00601000 r--p 00000000 fe:01 27270572                           /usr/lib/jvm/java-7-openjdk-amd64/jre/bin/java
00601000-00602000 rw-p 00001000 fe:01 27270572                           /usr/lib/jvm/java-7-openjdk-amd64/jre/bin/java
00b66000-00b87000 rw-p 00000000 00:00 0                                  [heap]
b6a00000-b8a00000 rw-p 00000000 00:00 0 
b8a00000-cea00000 rw-p 00000000 00:00 0 
cea00000-cff80000 rw-p 00000000 00:00 0 
cff80000-ef880000 rw-p 00000000 00:00 0 
ef880000-fee80000 rw-p 00000000 00:00 0 
fee80000-100000000 rw-p 00000000 00:00 0 
7fac2b7b2000-7fac2b7b5000 r-xp 00000000 fe:01 25431237                   /usr/lib/x86_64-linux-gnu/gtk-2.0/2.10.0/engines/libadwaita.so
7fac2b7b5000-7fac2b9b4000 ---p 00003000 fe:01 25431237                   /usr/lib/x86_64-linux-gnu/gtk-2.0/2.10.0/engines/libadwaita.so
7fac2b9b4000-7fac2b9b5000 r--p 00002000 fe:01 25431237                   /usr/lib/x86_64-linux-gnu/gtk-2.0/2.10.0/engines/libadwaita.so
7fac2b9b5000-7fac2b9b6000 rw-p 00003000 fe:01 25431237                   /usr/lib/x86_64-linux-gnu/gtk-2.0/2.10.0/engines/libadwaita.so
7fac2b9b6000-7fac2bdf2000 r-xp 00000000 fe:01 25173387                   /usr/lib/x86_64-linux-gnu/libgtk-x11-2.0.so.0.2400.28
7fac2bdf2000-7fac2bff2000 ---p 0043c000 fe:01 25173387                   /usr/lib/x86_64-linux-gnu/libgtk-x11-2.0.so.0.2400.28
7fac2bff2000-7fac2bff9000 r--p 0043c000 fe:01 25173387                   /usr/lib/x86_64-linux-gnu/libgtk-x11-2.0.so.0.2400.28
7fac2bff9000-7fac2bffd000 rw-p 00443000 fe:01 25173387                   /usr/lib/x86_64-linux-gnu/libgtk-x11-2.0.so.0.2400.28
7fac2bffd000-7fac2c000000 rw-p 00000000 00:00 0 
7fac2c000000-7fac2d841000 rw-p 00000000 00:00 0 
7fac2d841000-7fac30000000 ---p 00000000 00:00 0 
7fac3011f000-7fac30129000 r-xp 00000000 fe:01 25431912                   /usr/lib/x86_64-linux-gnu/gtk-2.0/2.10.0/engines/libpixmap.so
7fac30129000-7fac30328000 ---p 0000a000 fe:01 25431912                   /usr/lib/x86_64-linux-gnu/gtk-2.0/2.10.0/engines/libpixmap.so
7fac30328000-7fac3032a000 r--p 00009000 fe:01 25431912                   /usr/lib/x86_64-linux-gnu/gtk-2.0/2.10.0/engines/libpixmap.so
7fac3032a000-7fac3032b000 rw-p 0000b000 fe:01 25431912                   /usr/lib/x86_64-linux-gnu/gtk-2.0/2.10.0/engines/libpixmap.so
7fac3032b000-7fac30336000 r-xp 00000000 fe:01 28051288                   /usr/lib/jvm/java-7-openjdk-amd64/jre/lib/amd64/libjavagtk.so
7fac30336000-7fac30535000 ---p 0000b000 fe:01 28051288                   /usr/lib/jvm/java-7-openjdk-amd64/jre/lib/amd64/libjavagtk.so
7fac30535000-7fac30536000 r--p 0000a000 fe:01 28051288                   /usr/lib/jvm/java-7-openjdk-amd64/jre/lib/amd64/libjavagtk.so
7fac30536000-7fac30537000 rw-p 0000b000 fe:01 28051288                   /usr/lib/jvm/java-7-openjdk-amd64/jre/lib/amd64/libjavagtk.so
7fac30537000-7fac3054a000 r-xp 00000000 fe:01 28319713                   /usr/lib/x86_64-linux-gnu/jni/libjnidispatch.so
7fac3054a000-7fac30749000 ---p 00013000 fe:01 28319713                   /usr/lib/x86_64-linux-gnu/jni/libjnidispatch.so
7fac30749000-7fac3074a000 r--p 00012000 fe:01 28319713                   /usr/lib/x86_64-linux-gnu/jni/libjnidispatch.so
7fac3074a000-7fac3074b000 rw-p 00013000 fe:01 28319713                   /usr/lib/x86_64-linux-gnu/jni/libjnidispatch.so
7fac3074b000-7fac3074e000 ---p 00000000 00:00 0 
7fac3074e000-7fac3094c000 rw-p 00000000 00:00 0                          [stack:9456]
7fac3094c000-7fac3094f000 ---p 00000000 00:00 0 
7fac3094f000-7fac30b4d000 rw-p 00000000 00:00 0                          [stack:9455]
7fac30b4d000-7fac30b50000 ---p 00000000 00:00 0 
7fac30b50000-7fac30d4e000 rw-p 00000000 00:00 0                          [stack:9454]
7fac30d4e000-7fac30d51000 ---p 00000000 00:00 0 
7fac30d51000-7fac30f4f000 rw-p 00000000 00:00 0                          [stack:9453]
7fac30f4f000-7fac30f52000 ---p 00000000 00:00 0 
7fac30f52000-7fac31150000 rw-p 00000000 00:00 0                          [stack:9452]
7fac31150000-7fac31153000 ---p 00000000 00:00 0 
7fac31153000-7fac31351000 rw-p 00000000 00:00 0                          [stack:9451]
7fac31351000-7fac31354000 ---p 00000000 00:00 0 
7fac31354000-7fac31552000 rw-p 00000000 00:00 0                          [stack:9450]
7fac31552000-7fac31555000 ---p 00000000 00:00 0 
7fac31555000-7fac31753000 rw-p 00000000 00:00 0                          [stack:9449]
7fac31753000-7fac317a5000 r-xp 00000000 fe:01 28051258                   /usr/lib/jvm/java-7-openjdk-amd64/jre/lib/amd64/libfontmanager.so
7fac317a5000-7fac319a5000 ---p 00052000 fe:01 28051258                   /usr/lib/jvm/java-7-openjdk-amd64/jre/lib/amd64/libfontmanager.so
7fac319a5000-7fac319a7000 r--p 00052000 fe:01 28051258                   /usr/lib/jvm/java-7-openjdk-amd64/jre/lib/amd64/libfontmanager.so
7fac319a7000-7fac319a8000 rw-p 00054000 fe:01 28051258                   /usr/lib/jvm/java-7-openjdk-amd64/jre/lib/amd64/libfontmanager.so
7fac319a8000-7fac319ab000 ---p 00000000 00:00 0 
7fac319ab000-7fac31ba9000 rw-p 00000000 00:00 0                          [stack:9448]
7fac31ba9000-7fac31bac000 ---p 00000000 00:00 0 
7fac31bac000-7fac323aa000 rw-p 00000000 00:00 0                          [stack:9447]
7fac323aa000-7fac323ad000 ---p 00000000 00:00 0 
7fac323ad000-7fac325ab000 rw-p 00000000 00:00 0                          [stack:9446]
7fac325ab000-7fac325ae000 ---p 00000000 00:00 0 
7fac325ae000-7fac327ac000 rw-p 00000000 00:00 0                          [stack:9445]
7fac327ac000-7fac327c6000 r-xp 00000000 fe:01 25173032                   /usr/lib/x86_64-linux-gnu/libgraphite2.so.3.0.1
7fac327c6000-7fac329c5000 ---p 0001a000 fe:01 25173032                   /usr/lib/x86_64-linux-gnu/libgraphite2.so.3.0.1
7fac329c5000-7fac329c7000 r--p 00019000 fe:01 25173032                   /usr/lib/x86_64-linux-gnu/libgraphite2.so.3.0.1
7fac329c7000-7fac329c8000 rw-p 0001b000 fe:01 25173032                   /usr/lib/x86_64-linux-gnu/libgraphite2.so.3.0.1
7fac329c8000-7fac329ce000 r-xp 00000000 fe:01 25173026                   /usr/lib/x86_64-linux-gnu/libdatrie.so.1.3.2
7fac329ce000-7fac32bce000 ---p 00006000 fe:01 25173026                   /usr/lib/x86_64-linux-gnu/libdatrie.so.1.3.2
7fac32bce000-7fac32bcf000 r--p 00006000 fe:01 25173026                   /usr/lib/x86_64-linux-gnu/libdatrie.so.1.3.2
7fac32bcf000-7fac32bd0000 rw-p 00007000 fe:01 25173026                   /usr/lib/x86_64-linux-gnu/libdatrie.so.1.3.2
7fac32bd0000-7fac32c2d000 r-xp 00000000 fe:01 25173036                   /usr/lib/x86_64-linux-gnu/libharfbuzz.so.0.10000.1
7fac32c2d000-7fac32e2d000 ---p 0005d000 fe:01 25173036                   /usr/lib/x86_64-linux-gnu/libharfbuzz.so.0.10000.1
7fac32e2d000-7fac32e2e000 r--p 0005d000 fe:01 25173036                   /usr/lib/x86_64-linux-gnu/libharfbuzz.so.0.10000.1
7fac32e2e000-7fac32e2f000 rw-p 0005e000 fe:01 25173036                   /usr/lib/x86_64-linux-gnu/libharfbuzz.so.0.10000.1
7fac32e2f000-7fac32e38000 r-xp 00000000 fe:01 25172996                   /usr/lib/x86_64-linux-gnu/libxcb-render.so.0.0.0
7fac32e38000-7fac33037000 ---p 00009000 fe:01 25172996                   /usr/lib/x86_64-linux-gnu/libxcb-render.so.0.0.0
7fac33037000-7fac33038000 r--p 00008000 fe:01 25172996                   /usr/lib/x86_64-linux-gnu/libxcb-render.so.0.0.0
7fac33038000-7fac33039000 rw-p 00009000 fe:01 25172996                   /usr/lib/x86_64-linux-gnu/libxcb-render.so.0.0.0
7fac33039000-7fac3303b000 r-xp 00000000 fe:01 25172998                   /usr/lib/x86_64-linux-gnu/libxcb-shm.so.0.0.0
7fac3303b000-7fac3323b000 ---p 00002000 fe:01 25172998                   /usr/lib/x86_64-linux-gnu/libxcb-shm.so.0.0.0
7fac3323b000-7fac3323c000 r--p 00002000 fe:01 25172998                   /usr/lib/x86_64-linux-gnu/libxcb-shm.so.0.0.0
7fac3323c000-7fac3323d000 rw-p 00003000 fe:01 25172998                   /usr/lib/x86_64-linux-gnu/libxcb-shm.so.0.0.0
7fac3323d000-7fac332e2000 r-xp 00000000 fe:01 25172994                   /usr/lib/x86_64-linux-gnu/libpixman-1.so.0.32.6
7fac332e2000-7fac334e1000 ---p 000a5000 fe:01 25172994                   /usr/lib/x86_64-linux-gnu/libpixman-1.so.0.32.6
7fac334e1000-7fac334e9000 r--p 000a4000 fe:01 25172994                   /usr/lib/x86_64-linux-gnu/libpixman-1.so.0.32.6
7fac334e9000-7fac334ea000 rw-p 000ac000 fe:01 25172994                   /usr/lib/x86_64-linux-gnu/libpixman-1.so.0.32.6
7fac334ea000-7fac334f2000 r-xp 00000000 fe:01 25173028                   /usr/lib/x86_64-linux-gnu/libthai.so.0.2.2
7fac334f2000-7fac336f1000 ---p 00008000 fe:01 25173028                   /usr/lib/x86_64-linux-gnu/libthai.so.0.2.2
7fac336f1000-7fac336f2000 r--p 00007000 fe:01 25173028                   /usr/lib/x86_64-linux-gnu/libthai.so.0.2.2
7fac336f2000-7fac336f3000 rw-p 00008000 fe:01 25173028                   /usr/lib/x86_64-linux-gnu/libthai.so.0.2.2
7fac336f3000-7fac33707000 r-xp 00000000 fe:01 25173038                   /usr/lib/x86_64-linux-gnu/libpangoft2-1.0.so.0.3600.8
7fac33707000-7fac33907000 ---p 00014000 fe:01 25173038                   /usr/lib/x86_64-linux-gnu/libpangoft2-1.0.so.0.3600.8
7fac33907000-7fac33908000 r--p 00014000 fe:01 25173038                   /usr/lib/x86_64-linux-gnu/libpangoft2-1.0.so.0.3600.8
7fac33908000-7fac33909000 rw-p 00015000 fe:01 25173038                   /usr/lib/x86_64-linux-gnu/libpangoft2-1.0.so.0.3600.8
7fac33909000-7fac339e2000 r-xp 00000000 fe:01 25173454                   /usr/lib/x86_64-linux-gnu/libepoxy.so.0.0.0
7fac339e2000-7fac33be1000 ---p 000d9000 fe:01 25173454                   /usr/lib/x86_64-linux-gnu/libepoxy.so.0.0.0
7fac33be1000-7fac33be8000 r--p 000d8000 fe:01 25173454                   /usr/lib/x86_64-linux-gnu/libepoxy.so.0.0.0
7fac33be8000-7fac33bef000 rw-p 000df000 fe:01 25173454                   /usr/lib/x86_64-linux-gnu/libepoxy.so.0.0.0
7fac33bef000-7fac33bfb000 r-xp 00000000 fe:01 25173456                   /usr/lib/x86_64-linux-gnu/libwayland-client.so.0.3.0
7fac33bfb000-7fac33dfa000 ---p 0000c000 fe:01 25173456                   /usr/lib/x86_64-linux-gnu/libwayland-client.so.0.3.0
7fac33dfa000-7fac33dfd000 r--p 0000b000 fe:01 25173456                   /usr/lib/x86_64-linux-gnu/libwayland-client.so.0.3.0
7fac33dfd000-7fac33dfe000 rw-p 0000e000 fe:01 25173456                   /usr/lib/x86_64-linux-gnu/libwayland-client.so.0.3.0
7fac33dfe000-7fac33dff000 r-xp 00000000 fe:01 25173477                   /usr/lib/x86_64-linux-gnu/libwayland-egl.so.1.0.0
7fac33dff000-7fac33ffe000 ---p 00001000 fe:01 25173477                   /usr/lib/x86_64-linux-gnu/libwayland-egl.so.1.0.0
7fac33ffe000-7fac33fff000 r--p 00000000 fe:01 25173477                   /usr/lib/x86_64-linux-gnu/libwayland-egl.so.1.0.0
7fac33fff000-7fac34000000 rw-p 00001000 fe:01 25173477                   /usr/lib/x86_64-linux-gnu/libwayland-egl.so.1.0.0
7fac34000000-7fac34049000 rw-p 00000000 00:00 0 
7fac34049000-7fac38000000 ---p 00000000 00:00 0 
7fac38163000-7fac38167000 r-xp 00000000 fe:01 25173458                   /usr/lib/x86_64-linux-gnu/libwayland-cursor.so.0.0.0
7fac38167000-7fac38366000 ---p 00004000 fe:01 25173458                   /usr/lib/x86_64-linux-gnu/libwayland-cursor.so.0.0.0
7fac38366000-7fac38367000 r--p 00003000 fe:01 25173458                   /usr/lib/x86_64-linux-gnu/libwayland-cursor.so.0.0.0
7fac38367000-7fac3836b000 rw-p 00004000 fe:01 25173458                   /usr/lib/x86_64-linux-gnu/libwayland-cursor.so.0.0.0
7fac3836b000-7fac383a8000 r-xp 00000000 fe:01 25173479                   /usr/lib/x86_64-linux-gnu/libxkbcommon.so.0.0.0
7fac383a8000-7fac385a8000 ---p 0003d000 fe:01 25173479                   /usr/lib/x86_64-linux-gnu/libxkbcommon.so.0.0.0
7fac385a8000-7fac385aa000 r--p 0003d000 fe:01 25173479                   /usr/lib/x86_64-linux-gnu/libxkbcommon.so.0.0.0
7fac385aa000-7fac385ab000 rw-p 0003f000 fe:01 25173479                   /usr/lib/x86_64-linux-gnu/libxkbcommon.so.0.0.0
7fac385ab000-7fac385ad000 r-xp 00000000 fe:01 25173318                   /usr/lib/x86_64-linux-gnu/libXdamage.so.1.1.0
7fac385ad000-7fac387ac000 ---p 00002000 fe:01 25173318                   /usr/lib/x86_64-linux-gnu/libXdamage.so.1.1.0
7fac387ac000-7fac387ad000 r--p 00001000 fe:01 25173318                   /usr/lib/x86_64-linux-gnu/libXdamage.so.1.1.0
7fac387ad000-7fac387ae000 rw-p 00002000 fe:01 25173318                   /usr/lib/x86_64-linux-gnu/libXdamage.so.1.1.0
7fac387ae000-7fac387b0000 r-xp 00000000 fe:01 25173312                   /usr/lib/x86_64-linux-gnu/libXcomposite.so.1.0.0
7fac387b0000-7fac389af000 ---p 00002000 fe:01 25173312                   /usr/lib/x86_64-linux-gnu/libXcomposite.so.1.0.0
7fac389af000-7fac389b0000 r--p 00001000 fe:01 25173312                   /usr/lib/x86_64-linux-gnu/libXcomposite.so.1.0.0
7fac389b0000-7fac389b1000 rw-p 00002000 fe:01 25173312                   /usr/lib/x86_64-linux-gnu/libXcomposite.so.1.0.0
7fac389b1000-7fac389bb000 r-xp 00000000 fe:01 25173324                   /usr/lib/x86_64-linux-gnu/libXrandr.so.2.2.0
7fac389bb000-7fac38bba000 ---p 0000a000 fe:01 25173324                   /usr/lib/x86_64-linux-gnu/libXrandr.so.2.2.0
7fac38bba000-7fac38bbb000 r--p 00009000 fe:01 25173324                   /usr/lib/x86_64-linux-gnu/libXrandr.so.2.2.0
7fac38bbb000-7fac38bbc000 rw-p 0000a000 fe:01 25173324                   /usr/lib/x86_64-linux-gnu/libXrandr.so.2.2.0
7fac38bbc000-7fac38bbe000 r-xp 00000000 fe:01 25173322                   /usr/lib/x86_64-linux-gnu/libXinerama.so.1.0.0
7fac38bbe000-7fac38dbd000 ---p 00002000 fe:01 25173322                   /usr/lib/x86_64-linux-gnu/libXinerama.so.1.0.0
7fac38dbd000-7fac38dbe000 r--p 00001000 fe:01 25173322                   /usr/lib/x86_64-linux-gnu/libXinerama.so.1.0.0
7fac38dbe000-7fac38dbf000 rw-p 00002000 fe:01 25173322                   /usr/lib/x86_64-linux-gnu/libXinerama.so.1.0.0
7fac38dbf000-7fac38ecf000 r-xp 00000000 fe:01 25173004                   /usr/lib/x86_64-linux-gnu/libcairo.so.2.11400.2
7fac38ecf000-7fac390cf000 ---p 00110000 fe:01 25173004                   /usr/lib/x86_64-linux-gnu/libcairo.so.2.11400.2
7fac390cf000-7fac390d2000 r--p 00110000 fe:01 25173004                   /usr/lib/x86_64-linux-gnu/libcairo.so.2.11400.2
7fac390d2000-7fac390d3000 rw-p 00113000 fe:01 25173004                   /usr/lib/x86_64-linux-gnu/libcairo.so.2.11400.2
7fac390d3000-7fac390d5000 rw-p 00000000 00:00 0 
7fac390d5000-7fac390db000 r-xp 00000000 fe:01 25173451                   /usr/lib/x86_64-linux-gnu/libcairo-gobject.so.2.11400.2
7fac390db000-7fac392db000 ---p 00006000 fe:01 25173451                   /usr/lib/x86_64-linux-gnu/libcairo-gobject.so.2.11400.2
7fac392db000-7fac392dd000 r--p 00006000 fe:01 25173451                   /usr/lib/x86_64-linux-gnu/libcairo-gobject.so.2.11400.2
7fac392dd000-7fac392de000 rw-p 00008000 fe:01 25173451                   /usr/lib/x86_64-linux-gnu/libcairo-gobject.so.2.11400.2
7fac392de000-7fac392ff000 r-xp 00000000 fe:01 25172982                   /usr/lib/x86_64-linux-gnu/libgdk_pixbuf-2.0.so.0.3100.5
7fac392ff000-7fac394fe000 ---p 00021000 fe:01 25172982                   /usr/lib/x86_64-linux-gnu/libgdk_pixbuf-2.0.so.0.3100.5
7fac394fe000-7fac394ff000 r--p 00020000 fe:01 25172982                   /usr/lib/x86_64-linux-gnu/libgdk_pixbuf-2.0.so.0.3100.5
7fac394ff000-7fac39500000 rw-p 00021000 fe:01 25172982                   /usr/lib/x86_64-linux-gnu/libgdk_pixbuf-2.0.so.0.3100.5
7fac39500000-7fac3954b000 r-xp 00000000 fe:01 25173030                   /usr/lib/x86_64-linux-gnu/libpango-1.0.so.0.3600.8
7fac3954b000-7fac3974b000 ---p 0004b000 fe:01 25173030                   /usr/lib/x86_64-linux-gnu/libpango-1.0.so.0.3600.8
7fac3974b000-7fac3974d000 r--p 0004b000 fe:01 25173030                   /usr/lib/x86_64-linux-gnu/libpango-1.0.so.0.3600.8
7fac3974d000-7fac3974e000 rw-p 0004d000 fe:01 25173030                   /usr/lib/x86_64-linux-gnu/libpango-1.0.so.0.3600.8
7fac3974e000-7fac3975a000 r-xp 00000000 fe:01 25173040                   /usr/lib/x86_64-linux-gnu/libpangocairo-1.0.so.0.3600.8
7fac3975a000-7fac39959000 ---p 0000c000 fe:01 25173040                   /usr/lib/x86_64-linux-gnu/libpangocairo-1.0.so.0.3600.8
7fac39959000-7fac3995a000 r--p 0000b000 fe:01 25173040                   /usr/lib/x86_64-linux-gnu/libpangocairo-1.0.so.0.3600.8
7fac3995a000-7fac3995b000 rw-p 0000c000 fe:01 25173040                   /usr/lib/x86_64-linux-gnu/libpangocairo-1.0.so.0.3600.8
7fac3995b000-7fac39a1c000 r-xp 00000000 fe:01 25173824                   /usr/lib/x86_64-linux-gnu/libgdk-3.so.0.1600.6
7fac39a1c000-7fac39c1b000 ---p 000c1000 fe:01 25173824                   /usr/lib/x86_64-linux-gnu/libgdk-3.so.0.1600.6
7fac39c1b000-7fac39c20000 r--p 000c0000 fe:01 25173824                   /usr/lib/x86_64-linux-gnu/libgdk-3.so.0.1600.6
7fac39c20000-7fac39c22000 rw-p 000c5000 fe:01 25173824                   /usr/lib/x86_64-linux-gnu/libgdk-3.so.0.1600.6
7fac39c22000-7fac39c23000 rw-p 00000000 00:00 0 
7fac39c23000-7fac39cd3000 r-xp 00000000 fe:01 25173386                   /usr/lib/x86_64-linux-gnu/libgdk-x11-2.0.so.0.2400.28
7fac39cd3000-7fac39ed3000 ---p 000b0000 fe:01 25173386                   /usr/lib/x86_64-linux-gnu/libgdk-x11-2.0.so.0.2400.28
7fac39ed3000-7fac39ed7000 r--p 000b0000 fe:01 25173386                   /usr/lib/x86_64-linux-gnu/libgdk-x11-2.0.so.0.2400.28
7fac39ed7000-7fac39ed9000 rw-p 000b4000 fe:01 25173386                   /usr/lib/x86_64-linux-gnu/libgdk-x11-2.0.so.0.2400.28
7fac39ed9000-7fac39eda000 r-xp 00000000 fe:01 25172875                   /usr/lib/x86_64-linux-gnu/libgthread-2.0.so.0.4400.1
7fac39eda000-7fac3a0d9000 ---p 00001000 fe:01 25172875                   /usr/lib/x86_64-linux-gnu/libgthread-2.0.so.0.4400.1
7fac3a0d9000-7fac3a0da000 r--p 00000000 fe:01 25172875                   /usr/lib/x86_64-linux-gnu/libgthread-2.0.so.0.4400.1
7fac3a0da000-7fac3a0db000 rw-p 00001000 fe:01 25172875                   /usr/lib/x86_64-linux-gnu/libgthread-2.0.so.0.4400.1
7fac3a0db000-7fac3a108000 r-xp 00000000 fe:01 25173447                   /usr/lib/x86_64-linux-gnu/libatspi.so.0.0.1
7fac3a108000-7fac3a307000 ---p 0002d000 fe:01 25173447                   /usr/lib/x86_64-linux-gnu/libatspi.so.0.0.1
7fac3a307000-7fac3a30b000 r--p 0002c000 fe:01 25173447                   /usr/lib/x86_64-linux-gnu/libatspi.so.0.0.1
7fac3a30b000-7fac3a30c000 rw-p 00030000 fe:01 25173447                   /usr/lib/x86_64-linux-gnu/libatspi.so.0.0.1
7fac3a30c000-7fac3a338000 r-xp 00000000 fe:01 25173449                   /usr/lib/x86_64-linux-gnu/libatk-bridge-2.0.so.0.0.0
7fac3a338000-7fac3a538000 ---p 0002c000 fe:01 25173449                   /usr/lib/x86_64-linux-gnu/libatk-bridge-2.0.so.0.0.0
7fac3a538000-7fac3a539000 r--p 0002c000 fe:01 25173449                   /usr/lib/x86_64-linux-gnu/libatk-bridge-2.0.so.0.0.0
7fac3a539000-7fac3a53b000 rw-p 0002d000 fe:01 25173449                   /usr/lib/x86_64-linux-gnu/libatk-bridge-2.0.so.0.0.0
7fac3a53b000-7fac3a55e000 r-xp 00000000 fe:01 25173154                   /usr/lib/x86_64-linux-gnu/libatk-1.0.so.0.21609.1
7fac3a55e000-7fac3a75d000 ---p 00023000 fe:01 25173154                   /usr/lib/x86_64-linux-gnu/libatk-1.0.so.0.21609.1
7fac3a75d000-7fac3a760000 r--p 00022000 fe:01 25173154                   /usr/lib/x86_64-linux-gnu/libatk-1.0.so.0.21609.1
7fac3a760000-7fac3a761000 rw-p 00025000 fe:01 25173154                   /usr/lib/x86_64-linux-gnu/libatk-1.0.so.0.21609.1
7fac3a761000-7fac3a77a000 r-xp 00000000 fe:01 28312107                   /usr/lib/x86_64-linux-gnu/jni/libatk-wrapper.so.1.2.22
7fac3a77a000-7fac3a97a000 ---p 00019000 fe:01 28312107                   /usr/lib/x86_64-linux-gnu/jni/libatk-wrapper.so.1.2.22
7fac3a97a000-7fac3a97b000 rw-p 00019000 fe:01 28312107                   /usr/lib/x86_64-linux-gnu/jni/libatk-wrapper.so.1.2.22
7fac3a97b000-7fac3a97e000 ---p 00000000 00:00 0 
7fac3a97e000-7fac3ab7c000 rw-p 00000000 00:00 0                          [stack:9442]
7fac3ab7c000-7fac3ab81000 r-xp 00000000 fe:01 25173314                   /usr/lib/x86_64-linux-gnu/libXfixes.so.3.1.0
7fac3ab81000-7fac3ad80000 ---p 00005000 fe:01 25173314                   /usr/lib/x86_64-linux-gnu/libXfixes.so.3.1.0
7fac3ad80000-7fac3ad81000 r--p 00004000 fe:01 25173314                   /usr/lib/x86_64-linux-gnu/libXfixes.so.3.1.0
7fac3ad81000-7fac3ad82000 rw-p 00005000 fe:01 25173314                   /usr/lib/x86_64-linux-gnu/libXfixes.so.3.1.0
7fac3ad82000-7fac3ad8c000 r-xp 00000000 fe:01 25173316                   /usr/lib/x86_64-linux-gnu/libXcursor.so.1.0.2
7fac3ad8c000-7fac3af8b000 ---p 0000a000 fe:01 25173316                   /usr/lib/x86_64-linux-gnu/libXcursor.so.1.0.2
7fac3af8b000-7fac3af8c000 r--p 00009000 fe:01 25173316                   /usr/lib/x86_64-linux-gnu/libXcursor.so.1.0.2
7fac3af8c000-7fac3af8d000 rw-p 0000a000 fe:01 25173316                   /usr/lib/x86_64-linux-gnu/libXcursor.so.1.0.2
7fac3af8d000-7fac3af90000 ---p 00000000 00:00 0 
7fac3af90000-7fac3b18e000 rw-p 00000000 00:00 0                          [stack:9441]
7fac3b18e000-7fac3b196000 r-xp 00000000 fe:01 25191538                   /usr/lib/x86_64-linux-gnu/libgif.so.4.1.6
7fac3b196000-7fac3b395000 ---p 00008000 fe:01 25191538                   /usr/lib/x86_64-linux-gnu/libgif.so.4.1.6
7fac3b395000-7fac3b396000 r--p 00007000 fe:01 25191538                   /usr/lib/x86_64-linux-gnu/libgif.so.4.1.6
7fac3b396000-7fac3b397000 rw-p 00008000 fe:01 25191538                   /usr/lib/x86_64-linux-gnu/libgif.so.4.1.6
7fac3b397000-7fac3b3ef000 r-xp 00000000 fe:01 25172882                   /usr/lib/x86_64-linux-gnu/libjpeg.so.62.1.0
7fac3b3ef000-7fac3b5ee000 ---p 00058000 fe:01 25172882                   /usr/lib/x86_64-linux-gnu/libjpeg.so.62.1.0
7fac3b5ee000-7fac3b5ef000 r--p 00057000 fe:01 25172882                   /usr/lib/x86_64-linux-gnu/libjpeg.so.62.1.0
7fac3b5ef000-7fac3b5f0000 rw-p 00058000 fe:01 25172882                   /usr/lib/x86_64-linux-gnu/libjpeg.so.62.1.0
7fac3b5f0000-7fac3b5fa000 r-xp 00000000 fe:01 28051290                   /usr/lib/jvm/java-7-openjdk-amd64/jre/lib/amd64/libsplashscreen.so
7fac3b5fa000-7fac3b7f9000 ---p 0000a000 fe:01 28051290                   /usr/lib/jvm/java-7-openjdk-amd64/jre/lib/amd64/libsplashscreen.so
7fac3b7f9000-7fac3b7fa000 r--p 00009000 fe:01 28051290                   /usr/lib/jvm/java-7-openjdk-amd64/jre/lib/amd64/libsplashscreen.so
7fac3b7fa000-7fac3b7fb000 rw-p 0000a000 fe:01 28051290                   /usr/lib/jvm/java-7-openjdk-amd64/jre/lib/amd64/libsplashscreen.so
7fac3b7fb000-7fac3b7fe000 rw-p 00000000 00:00 0 
7fac3b7fe000-7fac3b801000 ---p 00000000 00:00 0 
7fac3b801000-7fac3b9ff000 rw-p 00000000 00:00 0                          [stack:9440]
7fac3b9ff000-7fac3ba02000 ---p 00000000 00:00 0 
7fac3ba02000-7fac3bc00000 rw-p 00000000 00:00 0                          [stack:9439]
7fac3bc00000-7fac3bc03000 ---p 00000000 00:00 0 
7fac3bc03000-7fac3be01000 rw-p 00000000 00:00 0                          [stack:9438]
7fac3be01000-7fac3be48000 r-xp 00000000 fe:01 26738873                   /lib/x86_64-linux-gnu/libdbus-1.so.3.8.13
7fac3be48000-7fac3c048000 ---p 00047000 fe:01 26738873                   /lib/x86_64-linux-gnu/libdbus-1.so.3.8.13
7fac3c048000-7fac3c049000 r--p 00047000 fe:01 26738873                   /lib/x86_64-linux-gnu/libdbus-1.so.3.8.13
7fac3c049000-7fac3c04a000 rw-p 00048000 fe:01 26738873                   /lib/x86_64-linux-gnu/libdbus-1.so.3.8.13
7fac3c04a000-7fac3c0cb000 r-xp 00000000 fe:01 25170652                   /usr/lib/x86_64-linux-gnu/libgmp.so.10.2.0
7fac3c0cb000-7fac3c2cb000 ---p 00081000 fe:01 25170652                   /usr/lib/x86_64-linux-gnu/libgmp.so.10.2.0
7fac3c2cb000-7fac3c2cc000 r--p 00081000 fe:01 25170652                   /usr/lib/x86_64-linux-gnu/libgmp.so.10.2.0
7fac3c2cc000-7fac3c2cd000 rw-p 00082000 fe:01 25170652                   /usr/lib/x86_64-linux-gnu/libgmp.so.10.2.0
7fac3c2cd000-7fac3c2ff000 r-xp 00000000 fe:01 25170187                   /usr/lib/x86_64-linux-gnu/libhogweed.so.4.1
7fac3c2ff000-7fac3c4ff000 ---p 00032000 fe:01 25170187                   /usr/lib/x86_64-linux-gnu/libhogweed.so.4.1
7fac3c4ff000-7fac3c500000 r--p 00032000 fe:01 25170187                   /usr/lib/x86_64-linux-gnu/libhogweed.so.4.1
7fac3c500000-7fac3c501000 rw-p 00033000 fe:01 25170187                   /usr/lib/x86_64-linux-gnu/libhogweed.so.4.1
7fac3c501000-7fac3c536000 r-xp 00000000 fe:01 25170679                   /usr/lib/x86_64-linux-gnu/libnettle.so.6.1
7fac3c536000-7fac3c735000 ---p 00035000 fe:01 25170679                   /usr/lib/x86_64-linux-gnu/libnettle.so.6.1
7fac3c735000-7fac3c737000 r--p 00034000 fe:01 25170679                   /usr/lib/x86_64-linux-gnu/libnettle.so.6.1
7fac3c737000-7fac3c738000 rw-p 00036000 fe:01 25170679                   /usr/lib/x86_64-linux-gnu/libnettle.so.6.1
7fac3c738000-7fac3c749000 r-xp 00000000 fe:01 25170492                   /usr/lib/x86_64-linux-gnu/libtasn1.so.6.4.2
7fac3c749000-7fac3c949000 ---p 00011000 fe:01 25170492                   /usr/lib/x86_64-linux-gnu/libtasn1.so.6.4.2
7fac3c949000-7fac3c94a000 r--p 00011000 fe:01 25170492                   /usr/lib/x86_64-linux-gnu/libtasn1.so.6.4.2
7fac3c94a000-7fac3c94b000 rw-p 00012000 fe:01 25170492                   /usr/lib/x86_64-linux-gnu/libtasn1.so.6.4.2
7fac3c94b000-7fac3c9a5000 r-xp 00000000 fe:01 25167434                   /usr/lib/x86_64-linux-gnu/libp11-kit.so.0.1.0
7fac3c9a5000-7fac3cba5000 ---p 0005a000 fe:01 25167434                   /usr/lib/x86_64-linux-gnu/libp11-kit.so.0.1.0
7fac3cba5000-7fac3cbaf000 r--p 0005a000 fe:01 25167434                   /usr/lib/x86_64-linux-gnu/libp11-kit.so.0.1.0
7fac3cbaf000-7fac3cbb1000 rw-p 00064000 fe:01 25167434                   /usr/lib/x86_64-linux-gnu/libp11-kit.so.0.1.0
7fac3cbb1000-7fac3cbb4000 r-xp 00000000 fe:01 26738875                   /lib/x86_64-linux-gnu/libkeyutils.so.1.5
7fac3cbb4000-7fac3cdb3000 ---p 00003000 fe:01 26738875                   /lib/x86_64-linux-gnu/libkeyutils.so.1.5
7fac3cdb3000-7fac3cdb4000 r--p 00002000 fe:01 26738875                   /lib/x86_64-linux-gnu/libkeyutils.so.1.5
7fac3cdb4000-7fac3cdb5000 rw-p 00003000 fe:01 26738875                   /lib/x86_64-linux-gnu/libkeyutils.so.1.5
7fac3cdb5000-7fac3cdc0000 r-xp 00000000 fe:01 25172762                   /usr/lib/x86_64-linux-gnu/libkrb5support.so.0.1
7fac3cdc0000-7fac3cfbf000 ---p 0000b000 fe:01 25172762                   /usr/lib/x86_64-linux-gnu/libkrb5support.so.0.1
7fac3cfbf000-7fac3cfc0000 r--p 0000a000 fe:01 25172762                   /usr/lib/x86_64-linux-gnu/libkrb5support.so.0.1
7fac3cfc0000-7fac3cfc1000 rw-p 0000b000 fe:01 25172762                   /usr/lib/x86_64-linux-gnu/libkrb5support.so.0.1
7fac3cfc1000-7fac3cfc4000 r-xp 00000000 fe:01 26738778                   /lib/x86_64-linux-gnu/libcom_err.so.2.1
7fac3cfc4000-7fac3d1c3000 ---p 00003000 fe:01 26738778                   /lib/x86_64-linux-gnu/libcom_err.so.2.1
7fac3d1c3000-7fac3d1c4000 r--p 00002000 fe:01 26738778                   /lib/x86_64-linux-gnu/libcom_err.so.2.1
7fac3d1c4000-7fac3d1c5000 rw-p 00003000 fe:01 26738778                   /lib/x86_64-linux-gnu/libcom_err.so.2.1
7fac3d1c5000-7fac3d1f3000 r-xp 00000000 fe:01 25172764                   /usr/lib/x86_64-linux-gnu/libk5crypto.so.3.1
7fac3d1f3000-7fac3d3f2000 ---p 0002e000 fe:01 25172764                   /usr/lib/x86_64-linux-gnu/libk5crypto.so.3.1
7fac3d3f2000-7fac3d3f5000 r--p 0002d000 fe:01 25172764                   /usr/lib/x86_64-linux-gnu/libk5crypto.so.3.1
7fac3d3f5000-7fac3d3f6000 rw-p 00030000 fe:01 25172764                   /usr/lib/x86_64-linux-gnu/libk5crypto.so.3.1
7fac3d3f6000-7fac3d3f7000 rw-p 00000000 00:00 0 
7fac3d3f7000-7fac3d4be000 r-xp 00000000 fe:01 25172766                   /usr/lib/x86_64-linux-gnu/libkrb5.so.3.3
7fac3d4be000-7fac3d6be000 ---p 000c7000 fe:01 25172766                   /usr/lib/x86_64-linux-gnu/libkrb5.so.3.3
7fac3d6be000-7fac3d6cc000 r--p 000c7000 fe:01 25172766                   /usr/lib/x86_64-linux-gnu/libkrb5.so.3.3
7fac3d6cc000-7fac3d6cf000 rw-p 000d5000 fe:01 25172766                   /usr/lib/x86_64-linux-gnu/libkrb5.so.3.3
7fac3d6cf000-7fac3d6d4000 r-xp 00000000 fe:01 25172895                   /usr/lib/x86_64-linux-gnu/libXdmcp.so.6.0.0
7fac3d6d4000-7fac3d8d3000 ---p 00005000 fe:01 25172895                   /usr/lib/x86_64-linux-gnu/libXdmcp.so.6.0.0
7fac3d8d3000-7fac3d8d4000 r--p 00004000 fe:01 25172895                   /usr/lib/x86_64-linux-gnu/libXdmcp.so.6.0.0
7fac3d8d4000-7fac3d8d5000 rw-p 00005000 fe:01 25172895                   /usr/lib/x86_64-linux-gnu/libXdmcp.so.6.0.0
7fac3d8d5000-7fac3d8d8000 r-xp 00000000 fe:01 25172893                   /usr/lib/x86_64-linux-gnu/libXau.so.6.0.0
7fac3d8d8000-7fac3dad7000 ---p 00003000 fe:01 25172893                   /usr/lib/x86_64-linux-gnu/libXau.so.6.0.0
7fac3dad7000-7fac3dad8000 r--p 00002000 fe:01 25172893                   /usr/lib/x86_64-linux-gnu/libXau.so.6.0.0
7fac3dad8000-7fac3dad9000 rw-p 00003000 fe:01 25172893                   /usr/lib/x86_64-linux-gnu/libXau.so.6.0.0
7fac3dad9000-7fac3daff000 r-xp 00000000 fe:01 26738882                   /lib/x86_64-linux-gnu/libpng12.so.0.50.0
7fac3daff000-7fac3dcfe000 ---p 00026000 fe:01 26738882                   /lib/x86_64-linux-gnu/libpng12.so.0.50.0
7fac3dcfe000-7fac3dcff000 r--p 00025000 fe:01 26738882                   /lib/x86_64-linux-gnu/libpng12.so.0.50.0
7fac3dcff000-7fac3dd00000 rw-p 00026000 fe:01 26738882                   /lib/x86_64-linux-gnu/libpng12.so.0.50.0
7fac3dd00000-7fac3dd26000 r-xp 00000000 fe:01 26738692                   /lib/x86_64-linux-gnu/libexpat.so.1.6.0
7fac3dd26000-7fac3df25000 ---p 00026000 fe:01 26738692                   /lib/x86_64-linux-gnu/libexpat.so.1.6.0
7fac3df25000-7fac3df28000 r--p 00025000 fe:01 26738692                   /lib/x86_64-linux-gnu/libexpat.so.1.6.0
7fac3df28000-7fac3df29000 rw-p 00028000 fe:01 26738692                   /lib/x86_64-linux-gnu/libexpat.so.1.6.0
7fac3df29000-7fac3df39000 r-xp 00000000 fe:01 25172760                   /usr/lib/x86_64-linux-gnu/libavahi-client.so.3.2.9
7fac3df39000-7fac3e138000 ---p 00010000 fe:01 25172760                   /usr/lib/x86_64-linux-gnu/libavahi-client.so.3.2.9
7fac3e138000-7fac3e139000 r--p 0000f000 fe:01 25172760                   /usr/lib/x86_64-linux-gnu/libavahi-client.so.3.2.9
7fac3e139000-7fac3e13a000 rw-p 00010000 fe:01 25172760                   /usr/lib/x86_64-linux-gnu/libavahi-client.so.3.2.9
7fac3e13a000-7fac3e146000 r-xp 00000000 fe:01 25172757                   /usr/lib/x86_64-linux-gnu/libavahi-common.so.3.5.3
7fac3e146000-7fac3e345000 ---p 0000c000 fe:01 25172757                   /usr/lib/x86_64-linux-gnu/libavahi-common.so.3.5.3
7fac3e345000-7fac3e346000 r--p 0000b000 fe:01 25172757                   /usr/lib/x86_64-linux-gnu/libavahi-common.so.3.5.3
7fac3e346000-7fac3e347000 rw-p 0000c000 fe:01 25172757                   /usr/lib/x86_64-linux-gnu/libavahi-common.so.3.5.3
7fac3e347000-7fac3e45d000 r-xp 00000000 fe:01 25170938                   /usr/lib/x86_64-linux-gnu/libgnutls-deb0.so.28.41.9
7fac3e45d000-7fac3e65d000 ---p 00116000 fe:01 25170938                   /usr/lib/x86_64-linux-gnu/libgnutls-deb0.so.28.41.9
7fac3e65d000-7fac3e666000 r--p 00116000 fe:01 25170938                   /usr/lib/x86_64-linux-gnu/libgnutls-deb0.so.28.41.9
7fac3e666000-7fac3e668000 rw-p 0011f000 fe:01 25170938                   /usr/lib/x86_64-linux-gnu/libgnutls-deb0.so.28.41.9
7fac3e668000-7fac3e669000 rw-p 00000000 00:00 0 
7fac3e669000-7fac3e6b0000 r-xp 00000000 fe:01 25172769                   /usr/lib/x86_64-linux-gnu/libgssapi_krb5.so.2.2
7fac3e6b0000-7fac3e8af000 ---p 00047000 fe:01 25172769                   /usr/lib/x86_64-linux-gnu/libgssapi_krb5.so.2.2
7fac3e8af000-7fac3e8b1000 r--p 00046000 fe:01 25172769                   /usr/lib/x86_64-linux-gnu/libgssapi_krb5.so.2.2
7fac3e8b1000-7fac3e8b3000 rw-p 00048000 fe:01 25172769                   /usr/lib/x86_64-linux-gnu/libgssapi_krb5.so.2.2
7fac3e8b3000-7fac3e8d4000 r-xp 00000000 fe:01 25172897                   /usr/lib/x86_64-linux-gnu/libxcb.so.1.1.0
7fac3e8d4000-7fac3ead3000 ---p 00021000 fe:01 25172897                   /usr/lib/x86_64-linux-gnu/libxcb.so.1.1.0
7fac3ead3000-7fac3ead4000 r--p 00020000 fe:01 25172897                   /usr/lib/x86_64-linux-gnu/libxcb.so.1.1.0
7fac3ead4000-7fac3ead5000 rw-p 00021000 fe:01 25172897                   /usr/lib/x86_64-linux-gnu/libxcb.so.1.1.0
7fac3ead5000-7fac3eb79000 r-xp 00000000 fe:01 25172988                   /usr/lib/x86_64-linux-gnu/libfreetype.so.6.11.1
7fac3eb79000-7fac3ed78000 ---p 000a4000 fe:01 25172988                   /usr/lib/x86_64-linux-gnu/libfreetype.so.6.11.1
7fac3ed78000-7fac3ed7f000 r--p 000a3000 fe:01 25172988                   /usr/lib/x86_64-linux-gnu/libfreetype.so.6.11.1
7fac3ed7f000-7fac3ed80000 rw-p 000aa000 fe:01 25172988                   /usr/lib/x86_64-linux-gnu/libfreetype.so.6.11.1
7fac3ed80000-7fac3edbb000 r-xp 00000000 fe:01 25172991                   /usr/lib/x86_64-linux-gnu/libfontconfig.so.1.8.0
7fac3edbb000-7fac3efba000 ---p 0003b000 fe:01 25172991                   /usr/lib/x86_64-linux-gnu/libfontconfig.so.1.8.0
7fac3efba000-7fac3efbc000 r--p 0003a000 fe:01 25172991                   /usr/lib/x86_64-linux-gnu/libfontconfig.so.1.8.0
7fac3efbc000-7fac3efbd000 rw-p 0003c000 fe:01 25172991                   /usr/lib/x86_64-linux-gnu/libfontconfig.so.1.8.0
7fac3efbd000-7fac3f035000 r-xp 00000000 fe:01 25172771                   /usr/lib/x86_64-linux-gnu/libcups.so.2
7fac3f035000-7fac3f235000 ---p 00078000 fe:01 25172771                   /usr/lib/x86_64-linux-gnu/libcups.so.2
7fac3f235000-7fac3f23d000 r--p 00078000 fe:01 25172771                   /usr/lib/x86_64-linux-gnu/libcups.so.2
7fac3f23d000-7fac3f23e000 rw-p 00080000 fe:01 25172771                   /usr/lib/x86_64-linux-gnu/libcups.so.2
7fac3f23e000-7fac3f24d000 r-xp 00000000 fe:01 25173320                   /usr/lib/x86_64-linux-gnu/libXi.so.6.1.0
7fac3f24d000-7fac3f44c000 ---p 0000f000 fe:01 25173320                   /usr/lib/x86_64-linux-gnu/libXi.so.6.1.0
7fac3f44c000-7fac3f44d000 r--p 0000e000 fe:01 25173320                   /usr/lib/x86_64-linux-gnu/libXi.so.6.1.0
7fac3f44d000-7fac3f44e000 rw-p 0000f000 fe:01 25173320                   /usr/lib/x86_64-linux-gnu/libXi.so.6.1.0
7fac3f44e000-7fac3f453000 r-xp 00000000 fe:01 25174154                   /usr/lib/x86_64-linux-gnu/libXtst.so.6.1.0
7fac3f453000-7fac3f652000 ---p 00005000 fe:01 25174154                   /usr/lib/x86_64-linux-gnu/libXtst.so.6.1.0
7fac3f652000-7fac3f653000 r--p 00004000 fe:01 25174154                   /usr/lib/x86_64-linux-gnu/libXtst.so.6.1.0
7fac3f653000-7fac3f654000 rw-p 00005000 fe:01 25174154                   /usr/lib/x86_64-linux-gnu/libXtst.so.6.1.0
7fac3f654000-7fac3f65d000 r-xp 00000000 fe:01 25173002                   /usr/lib/x86_64-linux-gnu/libXrender.so.1.3.0
7fac3f65d000-7fac3f85c000 ---p 00009000 fe:01 25173002                   /usr/lib/x86_64-linux-gnu/libXrender.so.1.3.0
7fac3f85c000-7fac3f85d000 r--p 00008000 fe:01 25173002                   /usr/lib/x86_64-linux-gnu/libXrender.so.1.3.0
7fac3f85d000-7fac3f85e000 rw-p 00009000 fe:01 25173002                   /usr/lib/x86_64-linux-gnu/libXrender.so.1.3.0
7fac3f85e000-7fac3f99a000 r-xp 00000000 fe:01 25172901                   /usr/lib/x86_64-linux-gnu/libX11.so.6.3.0
7fac3f99a000-7fac3fb99000 ---p 0013c000 fe:01 25172901                   /usr/lib/x86_64-linux-gnu/libX11.so.6.3.0
7fac3fb99000-7fac3fb9b000 r--p 0013b000 fe:01 25172901                   /usr/lib/x86_64-linux-gnu/libX11.so.6.3.0
7fac3fb9b000-7fac3fba0000 rw-p 0013d000 fe:01 25172901                   /usr/lib/x86_64-linux-gnu/libX11.so.6.3.0
7fac3fba0000-7fac3fba1000 rw-p 00000000 00:00 0 
7fac3fba1000-7fac3fbb2000 r-xp 00000000 fe:01 25173000                   /usr/lib/x86_64-linux-gnu/libXext.so.6.4.0
7fac3fbb2000-7fac3fdb1000 ---p 00011000 fe:01 25173000                   /usr/lib/x86_64-linux-gnu/libXext.so.6.4.0
7fac3fdb1000-7fac3fdb2000 r--p 00010000 fe:01 25173000                   /usr/lib/x86_64-linux-gnu/libXext.so.6.4.0
7fac3fdb2000-7fac3fdb3000 rw-p 00011000 fe:01 25173000                   /usr/lib/x86_64-linux-gnu/libXext.so.6.4.0
7fac3fdb3000-7fac3fdfc000 r-xp 00000000 fe:01 28312115                   /usr/lib/jvm/java-7-openjdk-amd64/jre/lib/amd64/xawt/libmawt.so
7fac3fdfc000-7fac3fffb000 ---p 00049000 fe:01 28312115                   /usr/lib/jvm/java-7-openjdk-amd64/jre/lib/amd64/xawt/libmawt.so
7fac3fffb000-7fac3fffc000 r--p 00048000 fe:01 28312115                   /usr/lib/jvm/java-7-openjdk-amd64/jre/lib/amd64/xawt/libmawt.so
7fac3fffc000-7fac3ffff000 rw-p 00049000 fe:01 28312115                   /usr/lib/jvm/java-7-openjdk-amd64/jre/lib/amd64/xawt/libmawt.so
7fac3ffff000-7fac40000000 rw-p 00000000 00:00 0 
7fac40000000-7fac40021000 rw-p 00000000 00:00 0 
7fac40021000-7fac44000000 ---p 00000000 00:00 0 
7fac44000000-7fac44021000 rw-p 00000000 00:00 0 
7fac44021000-7fac48000000 ---p 00000000 00:00 0 
7fac48000000-7fac48247000 rw-p 00000000 00:00 0 
7fac48247000-7fac4c000000 ---p 00000000 00:00 0 
7fac4c000000-7fac4c021000 rw-p 00000000 00:00 0 
7fac4c021000-7fac50000000 ---p 00000000 00:00 0 
7fac50000000-7fac51b7e000 rw-p 00000000 00:00 0 
7fac51b7e000-7fac54000000 ---p 00000000 00:00 0 
7fac54000000-7fac5557d000 rw-p 00000000 00:00 0 
7fac5557d000-7fac58000000 ---p 00000000 00:00 0 
7fac58000000-7fac58021000 rw-p 00000000 00:00 0 
7fac58021000-7fac5c000000 ---p 00000000 00:00 0 
7fac5c000000-7fac5c021000 rw-p 00000000 00:00 0 
7fac5c021000-7fac60000000 ---p 00000000 00:00 0 
7fac60000000-7fac60027000 rw-p 00000000 00:00 0 
7fac60027000-7fac64000000 ---p 00000000 00:00 0 
7fac64000000-7fac64021000 rw-p 00000000 00:00 0 
7fac64021000-7fac68000000 ---p 00000000 00:00 0 
7fac68000000-7fac68045000 rw-p 00000000 00:00 0 
7fac68045000-7fac6c000000 ---p 00000000 00:00 0 
7fac6c166000-7fac6c205000 r-xp 00000000 fe:01 28051256                   /usr/lib/jvm/java-7-openjdk-amd64/jre/lib/amd64/libawt.so
7fac6c205000-7fac6c404000 ---p 0009f000 fe:01 28051256                   /usr/lib/jvm/java-7-openjdk-amd64/jre/lib/amd64/libawt.so
7fac6c404000-7fac6c405000 r--p 0009e000 fe:01 28051256                   /usr/lib/jvm/java-7-openjdk-amd64/jre/lib/amd64/libawt.so
7fac6c405000-7fac6c410000 rw-p 0009f000 fe:01 28051256                   /usr/lib/jvm/java-7-openjdk-amd64/jre/lib/amd64/libawt.so
7fac6c410000-7fac6c435000 rw-p 00000000 00:00 0 
7fac6c435000-7fac6c438000 ---p 00000000 00:00 0 
7fac6c438000-7fac6c636000 rw-p 00000000 00:00 0                          [stack:9437]
7fac6c636000-7fac6c639000 ---p 00000000 00:00 0 
7fac6c639000-7fac6cb38000 rw-p 00000000 00:00 0                          [stack:9436]
7fac6cb38000-7fac6cba4000 r-xp 00000000 fe:01 26738933                   /lib/x86_64-linux-gnu/libpcre.so.3.13.1
7fac6cba4000-7fac6cda4000 ---p 0006c000 fe:01 26738933                   /lib/x86_64-linux-gnu/libpcre.so.3.13.1
7fac6cda4000-7fac6cda5000 r--p 0006c000 fe:01 26738933                   /lib/x86_64-linux-gnu/libpcre.so.3.13.1
7fac6cda5000-7fac6cda6000 rw-p 0006d000 fe:01 26738933                   /lib/x86_64-linux-gnu/libpcre.so.3.13.1
7fac6cda6000-7fac6cdad000 r-xp 00000000 fe:01 25170536                   /usr/lib/x86_64-linux-gnu/libffi.so.6.0.4
7fac6cdad000-7fac6cfad000 ---p 00007000 fe:01 25170536                   /usr/lib/x86_64-linux-gnu/libffi.so.6.0.4
7fac6cfad000-7fac6cfae000 r--p 00007000 fe:01 25170536                   /usr/lib/x86_64-linux-gnu/libffi.so.6.0.4
7fac6cfae000-7fac6cfaf000 rw-p 00008000 fe:01 25170536                   /usr/lib/x86_64-linux-gnu/libffi.so.6.0.4
7fac6cfaf000-7fac6cfc3000 r-xp 00000000 fe:01 26742029                   /lib/x86_64-linux-gnu/libresolv-2.19.so
7fac6cfc3000-7fac6d1c2000 ---p 00014000 fe:01 26742029                   /lib/x86_64-linux-gnu/libresolv-2.19.so
7fac6d1c2000-7fac6d1c3000 r--p 00013000 fe:01 26742029                   /lib/x86_64-linux-gnu/libresolv-2.19.so
7fac6d1c3000-7fac6d1c4000 rw-p 00014000 fe:01 26742029                   /lib/x86_64-linux-gnu/libresolv-2.19.so
7fac6d1c4000-7fac6d1c6000 rw-p 00000000 00:00 0 
7fac6d1c6000-7fac6d1e7000 r-xp 00000000 fe:01 26738732                   /lib/x86_64-linux-gnu/libselinux.so.1
7fac6d1e7000-7fac6d3e7000 ---p 00021000 fe:01 26738732                   /lib/x86_64-linux-gnu/libselinux.so.1
7fac6d3e7000-7fac6d3e8000 r--p 00021000 fe:01 26738732                   /lib/x86_64-linux-gnu/libselinux.so.1
7fac6d3e8000-7fac6d3e9000 rw-p 00022000 fe:01 26738732                   /lib/x86_64-linux-gnu/libselinux.so.1
7fac6d3e9000-7fac6d3eb000 rw-p 00000000 00:00 0 
7fac6d3eb000-7fac6d3ee000 r-xp 00000000 fe:01 25172873                   /usr/lib/x86_64-linux-gnu/libgmodule-2.0.so.0.4400.1
7fac6d3ee000-7fac6d5ed000 ---p 00003000 fe:01 25172873                   /usr/lib/x86_64-linux-gnu/libgmodule-2.0.so.0.4400.1
7fac6d5ed000-7fac6d5ee000 r--p 00002000 fe:01 25172873                   /usr/lib/x86_64-linux-gnu/libgmodule-2.0.so.0.4400.1
7fac6d5ee000-7fac6d5ef000 rw-p 00003000 fe:01 25172873                   /usr/lib/x86_64-linux-gnu/libgmodule-2.0.so.0.4400.1
7fac6d5ef000-7fac6d6fc000 r-xp 00000000 fe:01 26738880                   /lib/x86_64-linux-gnu/libglib-2.0.so.0.4400.1
7fac6d6fc000-7fac6d8fb000 ---p 0010d000 fe:01 26738880                   /lib/x86_64-linux-gnu/libglib-2.0.so.0.4400.1
7fac6d8fb000-7fac6d8fc000 r--p 0010c000 fe:01 26738880                   /lib/x86_64-linux-gnu/libglib-2.0.so.0.4400.1
7fac6d8fc000-7fac6d8fd000 rw-p 0010d000 fe:01 26738880                   /lib/x86_64-linux-gnu/libglib-2.0.so.0.4400.1
7fac6d8fd000-7fac6d8fe000 rw-p 00000000 00:00 0 
7fac6d8fe000-7fac6d94e000 r-xp 00000000 fe:01 25172874                   /usr/lib/x86_64-linux-gnu/libgobject-2.0.so.0.4400.1
7fac6d94e000-7fac6db4e000 ---p 00050000 fe:01 25172874                   /usr/lib/x86_64-linux-gnu/libgobject-2.0.so.0.4400.1
7fac6db4e000-7fac6db4f000 r--p 00050000 fe:01 25172874                   /usr/lib/x86_64-linux-gnu/libgobject-2.0.so.0.4400.1
7fac6db4f000-7fac6db50000 rw-p 00051000 fe:01 25172874                   /usr/lib/x86_64-linux-gnu/libgobject-2.0.so.0.4400.1
7fac6db50000-7fac70000000 rw-p 00000000 00:00 0 
7fac70000000-7fac7003e000 rw-p 00000000 00:00 0 
7fac7003e000-7fac74000000 ---p 00000000 00:00 0 
7fac74151000-7fac742c9000 r-xp 00000000 fe:01 25172876                   /usr/lib/x86_64-linux-gnu/libgio-2.0.so.0.4400.1
7fac742c9000-7fac744c8000 ---p 00178000 fe:01 25172876                   /usr/lib/x86_64-linux-gnu/libgio-2.0.so.0.4400.1
7fac744c8000-7fac744cc000 r--p 00177000 fe:01 25172876                   /usr/lib/x86_64-linux-gnu/libgio-2.0.so.0.4400.1
7fac744cc000-7fac744ce000 rw-p 0017b000 fe:01 25172876                   /usr/lib/x86_64-linux-gnu/libgio-2.0.so.0.4400.1
7fac744ce000-7fac744d0000 rw-p 00000000 00:00 0 
7fac744d0000-7fac744e7000 r-xp 00000000 fe:01 28051279                   /usr/lib/jvm/java-7-openjdk-amd64/jre/lib/amd64/libnet.so
7fac744e7000-7fac746e7000 ---p 00017000 fe:01 28051279                   /usr/lib/jvm/java-7-openjdk-amd64/jre/lib/amd64/libnet.so
7fac746e7000-7fac746e8000 r--p 00017000 fe:01 28051279                   /usr/lib/jvm/java-7-openjdk-amd64/jre/lib/amd64/libnet.so
7fac746e8000-7fac746e9000 rw-p 00018000 fe:01 28051279                   /usr/lib/jvm/java-7-openjdk-amd64/jre/lib/amd64/libnet.so
7fac746e9000-7fac746fa000 r-xp 00000000 fe:01 28051280                   /usr/lib/jvm/java-7-openjdk-amd64/jre/lib/amd64/libnio.so
7fac746fa000-7fac748f9000 ---p 00011000 fe:01 28051280                   /usr/lib/jvm/java-7-openjdk-amd64/jre/lib/amd64/libnio.so
7fac748f9000-7fac748fa000 r--p 00010000 fe:01 28051280                   /usr/lib/jvm/java-7-openjdk-amd64/jre/lib/amd64/libnio.so
7fac748fa000-7fac748fb000 rw-p 00011000 fe:01 28051280                   /usr/lib/jvm/java-7-openjdk-amd64/jre/lib/amd64/libnio.so
7fac748fb000-7fac748fc000 ---p 00000000 00:00 0 
7fac748fc000-7fac749fc000 rw-p 00000000 00:00 0                          [stack:9435]
7fac749fc000-7fac749ff000 ---p 00000000 00:00 0 
7fac749ff000-7fac74bfd000 rw-p 00000000 00:00 0                          [stack:9434]
7fac74bfd000-7fac74c00000 ---p 00000000 00:00 0 
7fac74c00000-7fac74cfe000 rw-p 00000000 00:00 0                          [stack:9433]
7fac74cfe000-7fac74d01000 ---p 00000000 00:00 0 
7fac74d01000-7fac74dff000 rw-p 00000000 00:00 0                          [stack:9432]
7fac74dff000-7fac74e02000 ---p 00000000 00:00 0 
7fac74e02000-7fac75000000 rw-p 00000000 00:00 0                          [stack:9431]
7fac75000000-7fac75330000 rwxp 00000000 00:00 0 
7fac75330000-7fac783f1000 rw-p 00000000 00:00 0 
7fac783f1000-7fac7c000000 ---p 00000000 00:00 0 
7fac7c07b000-7fac7c07e000 ---p 00000000 00:00 0 
7fac7c07e000-7fac7c0b4000 rw-p 00000000 00:00 0                          [stack:9444]
7fac7c0b4000-7fac7c0e9000 r--s 00000000 fe:01 19137238                   /var/cache/nscd/hosts
7fac7c0e9000-7fac7c272000 r--p 00000000 fe:01 25170396                   /usr/lib/locale/locale-archive
7fac7c272000-7fac7c275000 ---p 00000000 00:00 0 
7fac7c275000-7fac7c473000 rw-p 00000000 00:00 0                          [stack:9430]
7fac7c473000-7fac7c476000 ---p 00000000 00:00 0 
7fac7c476000-7fac7c674000 rw-p 00000000 00:00 0                          [stack:9429]
7fac7c674000-7fac7c675000 ---p 00000000 00:00 0 
7fac7c675000-7fac7d12a000 rw-p 00000000 00:00 0                          [stack:9428]
7fac7d12a000-7fac7d2dc000 r--s 01d2b000 fe:01 27400145                   /usr/lib/jvm/java-7-openjdk-amd64/jre/lib/rt.jar
7fac7d2dc000-7fac7d620000 rw-p 00000000 00:00 0 
7fac7d620000-7fac7d621000 ---p 00000000 00:00 0 
7fac7d621000-7fac7d721000 rw-p 00000000 00:00 0                          [stack:9427]
7fac7d721000-7fac7d722000 ---p 00000000 00:00 0 
7fac7d722000-7fac7d82d000 rw-p 00000000 00:00 0                          [stack:9426]
7fac7d82d000-7fac7d92a000 rw-p 00000000 00:00 0 
7fac7d92a000-7fac7d93a000 rw-p 00000000 00:00 0 
7fac7d93a000-7fac7d9ea000 rw-p 00000000 00:00 0 
7fac7d9ea000-7fac7d9f5000 rw-p 00000000 00:00 0 
7fac7d9f5000-7fac7daf1000 rw-p 00000000 00:00 0 
7fac7daf1000-7fac7db6d000 rw-p 00000000 00:00 0 
7fac7db6d000-7fac7db75000 rw-p 00000000 00:00 0 
7fac7db75000-7fac7db76000 rw-p 00000000 00:00 0 
7fac7db76000-7fac7db7e000 r-xp 00000000 fe:01 28051285                   /usr/lib/jvm/java-7-openjdk-amd64/jre/lib/amd64/libzip.so
7fac7db7e000-7fac7dd7d000 ---p 00008000 fe:01 28051285                   /usr/lib/jvm/java-7-openjdk-amd64/jre/lib/amd64/libzip.so
7fac7dd7d000-7fac7dd7e000 r--p 00007000 fe:01 28051285                   /usr/lib/jvm/java-7-openjdk-amd64/jre/lib/amd64/libzip.so
7fac7dd7e000-7fac7dd7f000 rw-p 00008000 fe:01 28051285                   /usr/lib/jvm/java-7-openjdk-amd64/jre/lib/amd64/libzip.so
7fac7dd7f000-7fac7ddab000 r-xp 00000000 fe:01 28051267                   /usr/lib/jvm/java-7-openjdk-amd64/jre/lib/amd64/libjava.so
7fac7ddab000-7fac7dfaa000 ---p 0002c000 fe:01 28051267                   /usr/lib/jvm/java-7-openjdk-amd64/jre/lib/amd64/libjava.so
7fac7dfaa000-7fac7dfab000 r--p 0002b000 fe:01 28051267                   /usr/lib/jvm/java-7-openjdk-amd64/jre/lib/amd64/libjava.so
7fac7dfab000-7fac7dfad000 rw-p 0002c000 fe:01 28051267                   /usr/lib/jvm/java-7-openjdk-amd64/jre/lib/amd64/libjava.so
7fac7dfad000-7fac7dfbc000 r-xp 00000000 fe:01 28051284                   /usr/lib/jvm/java-7-openjdk-amd64/jre/lib/amd64/libverify.so
7fac7dfbc000-7fac7e1bb000 ---p 0000f000 fe:01 28051284                   /usr/lib/jvm/java-7-openjdk-amd64/jre/lib/amd64/libverify.so
7fac7e1bb000-7fac7e1bd000 r--p 0000e000 fe:01 28051284                   /usr/lib/jvm/java-7-openjdk-amd64/jre/lib/amd64/libverify.so
7fac7e1bd000-7fac7e1be000 rw-p 00010000 fe:01 28051284                   /usr/lib/jvm/java-7-openjdk-amd64/jre/lib/amd64/libverify.so
7fac7e1be000-7fac7e1c5000 r-xp 00000000 fe:01 26742026                   /lib/x86_64-linux-gnu/librt-2.19.so
7fac7e1c5000-7fac7e3c4000 ---p 00007000 fe:01 26742026                   /lib/x86_64-linux-gnu/librt-2.19.so
7fac7e3c4000-7fac7e3c5000 r--p 00006000 fe:01 26742026                   /lib/x86_64-linux-gnu/librt-2.19.so
7fac7e3c5000-7fac7e3c6000 rw-p 00007000 fe:01 26742026                   /lib/x86_64-linux-gnu/librt-2.19.so
7fac7e3c6000-7fac7e3c9000 ---p 00000000 00:00 0 
7fac7e3c9000-7fac7e5c7000 rw-p 00000000 00:00 0                          [stack:9425]
7fac7e5c7000-7fac7e5dd000 r-xp 00000000 fe:01 26738781                   /lib/x86_64-linux-gnu/libgcc_s.so.1
7fac7e5dd000-7fac7e7dc000 ---p 00016000 fe:01 26738781                   /lib/x86_64-linux-gnu/libgcc_s.so.1
7fac7e7dc000-7fac7e7dd000 rw-p 00015000 fe:01 26738781                   /lib/x86_64-linux-gnu/libgcc_s.so.1
7fac7e7dd000-7fac7e8dd000 r-xp 00000000 fe:01 26742037                   /lib/x86_64-linux-gnu/libm-2.19.so
7fac7e8dd000-7fac7eadc000 ---p 00100000 fe:01 26742037                   /lib/x86_64-linux-gnu/libm-2.19.so
7fac7eadc000-7fac7eadd000 r--p 000ff000 fe:01 26742037                   /lib/x86_64-linux-gnu/libm-2.19.so
7fac7eadd000-7fac7eade000 rw-p 00100000 fe:01 26742037                   /lib/x86_64-linux-gnu/libm-2.19.so
7fac7eade000-7fac7ec49000 r-xp 00000000 fe:01 25165829                   /usr/lib/x86_64-linux-gnu/libstdc++.so.6.0.21
7fac7ec49000-7fac7ee49000 ---p 0016b000 fe:01 25165829                   /usr/lib/x86_64-linux-gnu/libstdc++.so.6.0.21
7fac7ee49000-7fac7ee53000 r--p 0016b000 fe:01 25165829                   /usr/lib/x86_64-linux-gnu/libstdc++.so.6.0.21
7fac7ee53000-7fac7ee55000 rw-p 00175000 fe:01 25165829                   /usr/lib/x86_64-linux-gnu/libstdc++.so.6.0.21
7fac7ee55000-7fac7ee59000 rw-p 00000000 00:00 0 
7fac7ee59000-7fac7f9aa000 r-xp 00000000 fe:01 28182581                   /usr/lib/jvm/java-7-openjdk-amd64/jre/lib/amd64/server/libjvm.so
7fac7f9aa000-7fac7fbaa000 ---p 00b51000 fe:01 28182581                   /usr/lib/jvm/java-7-openjdk-amd64/jre/lib/amd64/server/libjvm.so
7fac7fbaa000-7fac7fc3b000 r--p 00b51000 fe:01 28182581                   /usr/lib/jvm/java-7-openjdk-amd64/jre/lib/amd64/server/libjvm.so
7fac7fc3b000-7fac7fc5e000 rw-p 00be2000 fe:01 28182581                   /usr/lib/jvm/java-7-openjdk-amd64/jre/lib/amd64/server/libjvm.so
7fac7fc5e000-7fac7fc89000 rw-p 00000000 00:00 0 
7fac7fc89000-7fac7fca3000 r-xp 00000000 fe:01 26738790                   /lib/x86_64-linux-gnu/libz.so.1.2.8
7fac7fca3000-7fac7fea2000 ---p 0001a000 fe:01 26738790                   /lib/x86_64-linux-gnu/libz.so.1.2.8
7fac7fea2000-7fac7fea3000 r--p 00019000 fe:01 26738790                   /lib/x86_64-linux-gnu/libz.so.1.2.8
7fac7fea3000-7fac7fea4000 rw-p 0001a000 fe:01 26738790                   /lib/x86_64-linux-gnu/libz.so.1.2.8
7fac7fea4000-7fac80043000 r-xp 00000000 fe:01 26742024                   /lib/x86_64-linux-gnu/libc-2.19.so
7fac80043000-7fac80243000 ---p 0019f000 fe:01 26742024                   /lib/x86_64-linux-gnu/libc-2.19.so
7fac80243000-7fac80247000 r--p 0019f000 fe:01 26742024                   /lib/x86_64-linux-gnu/libc-2.19.so
7fac80247000-7fac80249000 rw-p 001a3000 fe:01 26742024                   /lib/x86_64-linux-gnu/libc-2.19.so
7fac80249000-7fac8024d000 rw-p 00000000 00:00 0 
7fac8024d000-7fac80250000 r-xp 00000000 fe:01 26742043                   /lib/x86_64-linux-gnu/libdl-2.19.so
7fac80250000-7fac8044f000 ---p 00003000 fe:01 26742043                   /lib/x86_64-linux-gnu/libdl-2.19.so
7fac8044f000-7fac80450000 r--p 00002000 fe:01 26742043                   /lib/x86_64-linux-gnu/libdl-2.19.so
7fac80450000-7fac80451000 rw-p 00003000 fe:01 26742043                   /lib/x86_64-linux-gnu/libdl-2.19.so
7fac80451000-7fac8045e000 r-xp 00000000 fe:01 28311809                   /usr/lib/jvm/java-7-openjdk-amd64/jre/lib/amd64/jli/libjli.so
7fac8045e000-7fac8065d000 ---p 0000d000 fe:01 28311809                   /usr/lib/jvm/java-7-openjdk-amd64/jre/lib/amd64/jli/libjli.so
7fac8065d000-7fac8065e000 r--p 0000c000 fe:01 28311809                   /usr/lib/jvm/java-7-openjdk-amd64/jre/lib/amd64/jli/libjli.so
7fac8065e000-7fac8065f000 rw-p 0000d000 fe:01 28311809                   /usr/lib/jvm/java-7-openjdk-amd64/jre/lib/amd64/jli/libjli.so
7fac8065f000-7fac80677000 r-xp 00000000 fe:01 26742028                   /lib/x86_64-linux-gnu/libpthread-2.19.so
7fac80677000-7fac80876000 ---p 00018000 fe:01 26742028                   /lib/x86_64-linux-gnu/libpthread-2.19.so
7fac80876000-7fac80877000 r--p 00017000 fe:01 26742028                   /lib/x86_64-linux-gnu/libpthread-2.19.so
7fac80877000-7fac80878000 rw-p 00018000 fe:01 26742028                   /lib/x86_64-linux-gnu/libpthread-2.19.so
7fac80878000-7fac8087c000 rw-p 00000000 00:00 0 
7fac8087c000-7fac8089c000 r-xp 00000000 fe:01 26742033                   /lib/x86_64-linux-gnu/ld-2.19.so
7fac808af000-7fac808d6000 rw-p 00000000 00:00 0 
7fac808d6000-7fac80986000 rw-p 00000000 00:00 0 
7fac80986000-7fac80993000 rw-p 00000000 00:00 0 
7fac80993000-7fac80a46000 rw-p 00000000 00:00 0 
7fac80a46000-7fac80a7b000 r--s 00000000 fe:01 19137138                   /var/cache/nscd/passwd
7fac80a7b000-7fac80a80000 rw-p 00000000 00:00 0 
7fac80a8a000-7fac80a8b000 rw-p 00000000 00:00 0 
7fac80a8b000-7fac80a90000 r--s 0004d000 fe:01 27400139                   /usr/lib/jvm/java-7-openjdk-amd64/jre/lib/jsse.jar
7fac80a90000-7fac80a98000 rw-s 00000000 fe:01 29360172                   /tmp/hsperfdata_NotSimon/9424
7fac80a98000-7fac80a99000 rw-p 00000000 00:00 0 
7fac80a99000-7fac80a9a000 ---p 00000000 00:00 0 
7fac80a9a000-7fac80a9c000 rw-p 00000000 00:00 0 
7fac80a9c000-7fac80a9d000 r--p 00020000 fe:01 26742033                   /lib/x86_64-linux-gnu/ld-2.19.so
7fac80a9d000-7fac80a9e000 rw-p 00021000 fe:01 26742033                   /lib/x86_64-linux-gnu/ld-2.19.so
7fac80a9e000-7fac80a9f000 rw-p 00000000 00:00 0 
7fff3450d000-7fff3452f000 rw-p 00000000 00:00 0                          [stack]
7fff345ef000-7fff345f1000 r-xp 00000000 00:00 0                          [vdso]
7fff345f1000-7fff345f3000 r--p 00000000 00:00 0                          [vvar]
ffffffffff600000-ffffffffff601000 r-xp 00000000 00:00 0                  [vsyscall]

VM Arguments:
jvm_args: -Djdk.home=/usr/lib/jvm/java-7-openjdk-amd64 -Dnetbeans.default_userdir_root=/home/NotSimon/.netbeans -Dnetbeans.running.environment=gnome -Dnetbeans.dirs=/usr/share/netbeans/8.0.2/nb:/usr/share/netbeans/8.0.2/ergonomics:/usr/share/netbeans/8.0.2/ide:/usr/share/netbeans/8.0.2/extide:/usr/share/netbeans/8.0.2/java:/usr/share/netbeans/8.0.2/apisupport:/usr/share/netbeans/8.0.2/webcommon:/usr/share/netbeans/8.0.2/websvccommon:/usr/share/netbeans/8.0.2/enterprise:/usr/share/netbeans/8.0.2/mobility:/usr/share/netbeans/8.0.2/profiler:/usr/share/netbeans/8.0.2/python:/usr/share/netbeans/8.0.2/php:/usr/share/netbeans/8.0.2/identity:/usr/share/netbeans/8.0.2/harness:/usr/share/netbeans/8.0.2/cnd:/usr/share/netbeans/8.0.2/dlight:/usr/share/netbeans/8.0.2/groovy:/usr/share/netbeans/8.0.2/extra:/usr/share/netbeans/8.0.2/javacard:/usr/share/netbeans/8.0.2/javafx: -Dnetbeans.home=/usr/share/netbeans/8.0.2/platform -Dnetbeans.importclass=org.netbeans.upgrade.AutoUpgrade -Dnetbeans.accept_license_class=org.netbeans.license.AcceptLicense -Xmx789m -Xss2m -Xms32m -XX:PermSize=32m -Dapple.laf.useScreenMenuBar=true -Dapple.awt.graphics.UseQuartz=true -Dsun.java2d.noddraw=true -Dsun.java2d.dpiaware=true -Dsun.zip.disableMemoryMapping=true -Dsun.java2d.pmoffscreen=false -XX:MaxPermSize=384m -XX:+HeapDumpOnOutOfMemoryError -XX:HeapDumpPath=/home/NotSimon/.netbeans/8.0.2/var/log/heapdump.hprof 
java_command: org.netbeans.Main --cachedir /home/NotSimon/.cache/netbeans/8.0.2 --userdir /home/NotSimon/.netbeans/8.0.2 --branding nb
Launcher Type: SUN_STANDARD

Environment Variables:
PATH=/usr/local/bin:/usr/bin:/bin:/usr/games
LD_LIBRARY_PATH=/usr/lib/jvm/java-7-openjdk-amd64/bin/../jre/lib/amd64:/usr/lib/jvm/java-7-openjdk-amd64/bin/../jre/lib/i386:
SHELL=/bin/bash
DISPLAY=:0

Signal Handlers:
SIGSEGV: [libjvm.so+0x995800], sa_mask[0]=0x7ffbfeff, sa_flags=0x10000004
SIGBUS: [libjvm.so+0x995800], sa_mask[0]=0x7ffbfeff, sa_flags=0x10000004
SIGFPE: [libjvm.so+0x7fca50], sa_mask[0]=0x7ffbfeff, sa_flags=0x10000004
SIGPIPE: SIG_IGN, sa_mask[0]=0x00001000, sa_flags=0x10000000
SIGXFSZ: [libjvm.so+0x7fca50], sa_mask[0]=0x7ffbfeff, sa_flags=0x10000004
SIGILL: [libjvm.so+0x7fca50], sa_mask[0]=0x7ffbfeff, sa_flags=0x10000004
SIGUSR1: SIG_DFL, sa_mask[0]=0x00000000, sa_flags=0x00000000
SIGUSR2: [libjvm.so+0x7fc8d0], sa_mask[0]=0x00000000, sa_flags=0x10000004
SIGHUP: [libjvm.so+0x7fca60], sa_mask[0]=0x7ffbfeff, sa_flags=0x10000004
SIGINT: SIG_IGN, sa_mask[0]=0x00000000, sa_flags=0x00000000
SIGTERM: [libjvm.so+0x7fca60], sa_mask[0]=0x7ffbfeff, sa_flags=0x10000004
SIGQUIT: [libjvm.so+0x7fca60], sa_mask[0]=0x7ffbfeff, sa_flags=0x10000004
SIGTRAP: SIG_DFL, sa_mask[0]=0x00000000, sa_flags=0x00000000


---------------  S Y S T E M  ---------------

OS:stretch/sid

uname:Linux 3.16.0-4-amd64 #1 SMP Debian 3.16.7-ckt9-3 (2015-04-23) x86_64
libc:glibc 2.19 NPTL 2.19 
rlimit: STACK 8192k, CORE 0k, NPROC 15721, NOFILE 65536, AS infinity
load average:0.32 0.19 0.24

/proc/meminfo:
MemTotal:        4043688 kB
MemFree:          918240 kB
MemAvailable:    2918268 kB
Buffers:           72832 kB
Cached:          2093852 kB
SwapCached:            0 kB
Active:          2100556 kB
Inactive:         826540 kB
Active(anon):     781976 kB
Inactive(anon):    24520 kB
Active(file):    1318580 kB
Inactive(file):   802020 kB
Unevictable:          32 kB
Mlocked:              32 kB
SwapTotal:       8355836 kB
SwapFree:        8355836 kB
Dirty:               948 kB
Writeback:             0 kB
AnonPages:        760440 kB
Mapped:           188340 kB
Shmem:             46056 kB
Slab:             120928 kB
SReclaimable:      96744 kB
SUnreclaim:        24184 kB
KernelStack:        4320 kB
PageTables:        15896 kB
NFS_Unstable:          0 kB
Bounce:                0 kB
WritebackTmp:          0 kB
CommitLimit:    10377680 kB
Committed_AS:    2122072 kB
VmallocTotal:   34359738367 kB
VmallocUsed:      116164 kB
VmallocChunk:   34359618044 kB
HardwareCorrupted:     0 kB
AnonHugePages:         0 kB
HugePages_Total:       0
HugePages_Free:        0
HugePages_Rsvd:        0
HugePages_Surp:        0
Hugepagesize:       2048 kB
DirectMap4k:      179924 kB
DirectMap2M:     3997696 kB


CPU:total 2 (2 cores per cpu, 1 threads per core) family 6 model 26 stepping 5, cmov, cx8, fxsr, mmx, sse, sse2, sse3, ssse3, sse4.1, sse4.2, popcnt, tsc, tscinvbit, tscinv

/proc/cpuinfo:
processor	: 0
vendor_id	: GenuineIntel
cpu family	: 6
model		: 26
model name	: Intel(R) Xeon(R) CPU           W3505  @ 2.53GHz
stepping	: 5
microcode	: 0xf
cpu MHz		: 2527.000
cache size	: 4096 KB
physical id	: 0
siblings	: 2
core id		: 0
cpu cores	: 2
apicid		: 0
initial apicid	: 0
fpu		: yes
fpu_exception	: yes
cpuid level	: 11
wp		: yes
flags		: fpu vme de pse tsc msr pae mce cx8 apic sep mtrr pge mca cmov pat pse36 clflush dts acpi mmx fxsr sse sse2 ss ht tm pbe syscall nx rdtscp lm constant_tsc arch_perfmon pebs bts rep_good nopl xtopology nonstop_tsc aperfmperf pni dtes64 monitor ds_cpl vmx est tm2 ssse3 cx16 xtpr pdcm dca sse4_1 sse4_2 popcnt lahf_lm dtherm tpr_shadow vnmi flexpriority ept vpid
bogomips	: 5067.03
clflush size	: 64
cache_alignment	: 64
address sizes	: 36 bits physical, 48 bits virtual
power management:

processor	: 1
vendor_id	: GenuineIntel
cpu family	: 6
model		: 26
model name	: Intel(R) Xeon(R) CPU           W3505  @ 2.53GHz
stepping	: 5
microcode	: 0xf
cpu MHz		: 2527.000
cache size	: 4096 KB
physical id	: 0
siblings	: 2
core id		: 2
cpu cores	: 2
apicid		: 4
initial apicid	: 4
fpu		: yes
fpu_exception	: yes
cpuid level	: 11
wp		: yes
flags		: fpu vme de pse tsc msr pae mce cx8 apic sep mtrr pge mca cmov pat pse36 clflush dts acpi mmx fxsr sse sse2 ss ht tm pbe syscall nx rdtscp lm constant_tsc arch_perfmon pebs bts rep_good nopl xtopology nonstop_tsc aperfmperf pni dtes64 monitor ds_cpl vmx est tm2 ssse3 cx16 xtpr pdcm dca sse4_1 sse4_2 popcnt lahf_lm dtherm tpr_shadow vnmi flexpriority ept vpid
bogomips	: 5067.03
clflush size	: 64
cache_alignment	: 64
address sizes	: 36 bits physical, 48 bits virtual
power management:



Memory: 4k page, physical 4043688k(918240k free), swap 8355836k(8355836k free)

vm_info: OpenJDK 64-Bit Server VM (24.85-b03) for linux-amd64 JRE (1.7.0_85-b01), built on Sep  5 2015 23:29:12 by "buildd" with gcc 5.2.1 20150903

time: Mon Sep 14 07:43:37 2015
elapsed time: 8 seconds

