#
# A fatal error has been detected by the Java Runtime Environment:
#
#  SIGSEGV (0xb) at pc=0x00007f8de412c808, pid=5725, tid=140246177945344
#
# JRE version: OpenJDK Runtime Environment (7.0_85-b01) (build 1.7.0_85-b01)
# Java VM: OpenJDK 64-Bit Server VM (24.85-b03 mixed mode linux-amd64 compressed oops)
# Derivative: IcedTea 2.6.1
# Distribution: Debian GNU/Linux buildd-unstable (sid), package 7u85-2.6.1-3
# Problematic frame:
# C  [libglib-2.0.so.0+0x38808]  g_hash_table_iter_next+0xb8
#
# Failed to write core dump. Core dumps have been disabled. To enable core dumping, try "ulimit -c unlimited" before starting Java again
#
# If you would like to submit a bug report, please include
# instructions on how to reproduce the bug and visit:
#   http://icedtea.classpath.org/bugzilla
# The crash happened outside the Java Virtual Machine in native code.
# See problematic frame for where to report the bug.
#

---------------  T H R E A D  ---------------

Current thread (0x00007f8db8003000):  JavaThread "Thread-1" [_thread_in_native, id=5748, stack(0x00007f8d9b1e1000,0x00007f8d9b9e2000)]

siginfo:si_signo=SIGSEGV: si_errno=0, si_code=1 (SEGV_MAPERR), si_addr=0x0000000000000030

Registers:
RAX=0x0000000000000001, RBX=0x0000000000000008, RCX=0x0000000000000008, RDX=0xf36aca729e9bd300
RSP=0x00007f8d9b9e0c20, RBP=0x00007f8d9b9e0c80, RSI=0x00007f8db85b4148, RDI=0x00007f8db85b4148
R8 =0x0000000000000001, R9 =0x0000000000000008, R10=0x0000000000000002, R11=0x00007f8db85b32a0
R12=0x00007f8db85b4150, R13=0x00007f8db85b4140, R14=0x00007f8dc4184d00, R15=0x00007f8de413a610
RIP=0x00007f8de412c808, EFLAGS=0x0000000000010286, CSGSFS=0x0000000000000033, ERR=0x0000000000000004
  TRAPNO=0x000000000000000e

Top of Stack: (sp=0x00007f8d9b9e0c20)
0x00007f8d9b9e0c20:   00007f8db85b4148 00007f8da3df1dff
0x00007f8d9b9e0c30:   00007f8db85b4101 00007f8db85b4140
0x00007f8d9b9e0c40:   00007f8de413a610 f36aca729e9bd300
0x00007f8d9b9e0c50:   00007f8db85b4148 00007f8db85b4148
0x00007f8d9b9e0c60:   00007f8db80031d8 00007f8db85b4140
0x00007f8d9b9e0c70:   00007f8da4020888 00007f8db85b4140
0x00007f8d9b9e0c80:   0000000000000001 00007f8de441829a
0x00007f8d9b9e0c90:   0000000000000000 0000000000000000
0x00007f8d9b9e0ca0:   00007f8d9b9e0e00 00007f8d9c13a020
0x00007f8d9b9e0cb0:   00007f8d9c0ed6b0 00007f8da3dec5e8
0x00007f8d9b9e0cc0:   0000000000000000 00007f8dc4184cd0
0x00007f8d9b9e0cd0:   00007f8d9c0ed6b0 00007f8d9c12b550
0x00007f8d9b9e0ce0:   00007f8d9b9e0e30 f36aca729e9bd300
0x00007f8d9b9e0cf0:   0000000000000000 00007f8d9c12b550
0x00007f8d9b9e0d00:   00007f8d9b9e0e30 00007f8d9b9e0e28
0x00007f8d9b9e0d10:   0000000000000000 000000007fffffff
0x00007f8d9b9e0d20:   00007f8da37700a0 00007f8d9c13a020
0x00007f8d9b9e0d30:   0000000000000001 00007f8d9c13a000
0x00007f8d9b9e0d40:   0000000000000000 00007f8de415b02a
0x00007f8d9b9e0d50:   0000000000000000 0000000000000008
0x00007f8d9b9e0d60:   0000000000000010 0000000000000020
0x00007f8d9b9e0d70:   00007f8db85d4590 00007f8db85df8a8
0x00007f8d9b9e0d80:   00000000ffffffff 00007f8d9c13a020
0x00007f8d9b9e0d90:   0000000000000001 00007f8dc431c580
0x00007f8d9b9e0da0:   0000000000000000 00007f8dc4184c60
0x00007f8d9b9e0db0:   0000000000000000 00007f8de413ad82
0x00007f8d9b9e0dc0:   00007f8db85b4140 00007f8db85b4140
0x00007f8d9b9e0dd0:   00007f8dc4c035b8 00007f8db80031d8
0x00007f8d9b9e0de0:   00007f8dc4c035b0 00007f8dc4184cd0
0x00007f8d9b9e0df0:   00007f8d9c0ed6b0 0000000000000011
0x00007f8d9b9e0e00:   0000000000000002 00007f8de413db4d
0x00007f8d9b9e0e10:   00007f8d9b9e0e30 00007f8dc45610e0 

Instructions: (pc=0x00007f8de412c808)
0x00007f8de412c7e8:   01 00 31 c0 5b c3 66 90 48 85 f6 74 0b 49 8b 4b
0x00007f8de412c7f8:   18 4a 8b 0c c1 48 89 0e 48 85 d2 74 0e 48 8b 0f
0x00007f8de412c808:   48 8b 49 28 4a 8b 0c c1 48 89 0a 89 47 18 b8 01
0x00007f8de412c818:   00 00 00 5b c3 0f 1f 00 48 8d 15 57 69 06 00 48 

Register to memory mapping:

RAX=0x0000000000000001 is an unknown value
RBX=0x0000000000000008 is an unknown value
RCX=0x0000000000000008 is an unknown value
RDX=0xf36aca729e9bd300 is an unknown value
RSP=0x00007f8d9b9e0c20 is pointing into the stack for thread: 0x00007f8db8003000
RBP=0x00007f8d9b9e0c80 is pointing into the stack for thread: 0x00007f8db8003000
RSI=0x00007f8db85b4148 is an unknown value
RDI=0x00007f8db85b4148 is an unknown value
R8 =0x0000000000000001 is an unknown value
R9 =0x0000000000000008 is an unknown value
R10=0x0000000000000002 is an unknown value
R11=0x00007f8db85b32a0 is an unknown value
R12=0x00007f8db85b4150 is an unknown value
R13=0x00007f8db85b4140 is an unknown value
R14=0x00007f8dc4184d00 is an unknown value
R15=0x00007f8de413a610: <offset 0x46610> in /lib/x86_64-linux-gnu/libglib-2.0.so.0 at 0x00007f8de40f4000


Stack: [0x00007f8d9b1e1000,0x00007f8d9b9e2000],  sp=0x00007f8d9b9e0c20,  free space=8191k
Native frames: (J=compiled Java code, j=interpreted, Vv=VM code, C=native code)
C  [libglib-2.0.so.0+0x38808]  g_hash_table_iter_next+0xb8


---------------  P R O C E S S  ---------------

Java Threads: ( => current thread )
  0x00007f8dc4521800 JavaThread "Image Fetcher 0" daemon [_thread_blocked, id=5780, stack(0x00007f8d99162000,0x00007f8d99363000)]
  0x00007f8dc484a000 JavaThread "Inactive RequestProcessor thread [Was:Explorer Views/org.openide.explorer.view.TreeView$TreePropertyListener$2Request]" daemon [_thread_blocked, id=5779, stack(0x00007f8d97956000,0x00007f8d97b57000)]
  0x00007f8dc48b2000 JavaThread "Inactive RequestProcessor thread [Was:org.netbeans.modules.project.ui.ProjectsRootNode/org.netbeans.modules.project.ui.ProjectsRootNode$BadgingNode$4]" daemon [_thread_blocked, id=5778, stack(0x00007f8d97b57000,0x00007f8d97d58000)]
  0x00007f8dc8078800 JavaThread "Inactive RequestProcessor thread [Was:System clipboard synchronizer/org.netbeans.NbClipboard$GetContents]" daemon [_thread_blocked, id=5777, stack(0x00007f8d97d58000,0x00007f8d97f59000)]
  0x0000000001c26000 JavaThread "Inactive RequestProcessor thread [Was:org.netbeans.modules.editor.MainMenuAction/org.netbeans.modules.editor.MainMenuAction$3]" daemon [_thread_blocked, id=5775, stack(0x00007f8d97f59000,0x00007f8d9815a000)]
  0x00007f8da4147800 JavaThread "Inactive RequestProcessor thread [Was:Project UI/org.netbeans.modules.project.ui.ProjectsRootNode$BadgingNode]" daemon [_thread_blocked, id=5774, stack(0x00007f8d9815a000,0x00007f8d9835b000)]
  0x00007f8da4146000 JavaThread "Inactive RequestProcessor thread [Was:Code Completion/org.netbeans.spi.editor.completion.support.AsyncCompletionTask]" daemon [_thread_blocked, id=5773, stack(0x00007f8d9835b000,0x00007f8d9855c000)]
  0x00007f8da4144800 JavaThread "Inactive RequestProcessor thread [Was:JarFs - modification watcher/org.openide.filesystems.JarFileSystem$2]" daemon [_thread_blocked, id=5772, stack(0x00007f8d9855c000,0x00007f8d9875d000)]
  0x0000000001c24000 JavaThread "Inactive RequestProcessor thread [Was:ErrorAnnotator worker/org.netbeans.modules.parsing.impl.indexing.errors.ErrorAnnotator$1]" daemon [_thread_blocked, id=5771, stack(0x00007f8d9875d000,0x00007f8d9895e000)]
  0x00007f8da4144000 JavaThread "Inactive RequestProcessor thread [Was:org.netbeans.modules.versioning.core.VcsVisibilityQueryImplementation/org.netbeans.modules.versioning.core.VcsVisibilityQueryImplementation$RefreshTask]" daemon [_thread_blocked, id=5770, stack(0x00007f8d9895e000,0x00007f8d98b5f000)]
  0x00007f8da4139000 JavaThread "Inactive RequestProcessor thread [Was:org.netbeans.modules.project.ui.actions.LookupSensitiveAction/org.netbeans.modules.project.ui.actions.MainProjectAction$2]" daemon [_thread_blocked, id=5769, stack(0x00007f8d98f61000,0x00007f8d99162000)]
  0x0000000001c22000 JavaThread "Inactive RequestProcessor thread [Was:Code Completion/org.netbeans.spi.editor.completion.support.AsyncCompletionTask]" daemon [_thread_blocked, id=5768, stack(0x00007f8d98b5f000,0x00007f8d98d60000)]
  0x00007f8dc4d04800 JavaThread "Editor Parsing Loop (20150619-debian-8.0.2)" daemon [_thread_blocked, id=5767, stack(0x00007f8d98d60000,0x00007f8d98f61000)]
  0x00007f8de8009800 JavaThread "DestroyJavaVM" [_thread_blocked, id=5726, stack(0x00007f8dee8bd000,0x00007f8deeabe000)]
  0x00007f8d9c609000 JavaThread "TimerQueue" daemon [_thread_blocked, id=5763, stack(0x00007f8d99363000,0x00007f8d99564000)]
  0x00007f8d9c5e9800 JavaThread "Framework Event Dispatcher" daemon [_thread_blocked, id=5760, stack(0x00007f8d99564000,0x00007f8d99765000)]
  0x00007f8d9c5e2800 JavaThread "Deadlock Detector" [_thread_blocked, id=5759, stack(0x00007f8d99765000,0x00007f8d99966000)]
  0x00007f8d9c5b4800 JavaThread "Thread-3" daemon [_thread_blocked, id=5758, stack(0x00007f8d99b6f000,0x00007f8d99d70000)]
  0x00007f8da403c800 JavaThread "File Watcher" daemon [_thread_in_native, id=5756, stack(0x00007f8d99d70000,0x00007f8d99f71000)]
  0x00007f8d9c468000 JavaThread "Inactive RequestProcessor thread [Was:org.netbeans.modules.editor.errorstripe.AnnotationView/org.netbeans.modules.editor.errorstripe.AnnotationView$RepaintTask]" daemon [_thread_blocked, id=5755, stack(0x00007f8d9a185000,0x00007f8d9a386000)]
  0x00007f8d9c46a800 JavaThread "Inactive RequestProcessor thread [Was:Data System Nodes/org.openide.loaders.DataNode$NamesUpdater]" daemon [_thread_blocked, id=5754, stack(0x00007f8d9a386000,0x00007f8d9a587000)]
  0x00007f8d9c453800 JavaThread "Inactive RequestProcessor thread [Was:Code Completion/org.netbeans.spi.editor.completion.support.AsyncCompletionTask]" daemon [_thread_blocked, id=5753, stack(0x00007f8d9a587000,0x00007f8d9a788000)]
  0x00007f8d9c462000 JavaThread "Inactive RequestProcessor thread [Was:MimePathLookupFiring/org.openide.util.lookup.ProxyLookup$1Notify]" daemon [_thread_blocked, id=5752, stack(0x00007f8d9a788000,0x00007f8d9a989000)]
  0x00007f8d9c477800 JavaThread "State Data Manager" daemon [_thread_blocked, id=5751, stack(0x00007f8d9a989000,0x00007f8d9ab8a000)]
  0x00007f8d9c409800 JavaThread "Framework Active Thread" [_thread_blocked, id=5750, stack(0x00007f8d9ab8a000,0x00007f8d9ad8b000)]
=>0x00007f8db8003000 JavaThread "Thread-1" [_thread_in_native, id=5748, stack(0x00007f8d9b1e1000,0x00007f8d9b9e2000)]
  0x00007f8d9c13f800 JavaThread "AWT-EventQueue-1" [_thread_in_vm, id=5749, stack(0x00007f8d9afe0000,0x00007f8d9b1e1000)]
  0x00007f8d9c100800 JavaThread "AWT-EventQueue-0" [_thread_blocked, id=5747, stack(0x00007f8d9b9e2000,0x00007f8d9bbe3000)]
  0x00007f8d9c0fd000 JavaThread "AWT-Shutdown" [_thread_blocked, id=5746, stack(0x00007f8d9bbe3000,0x00007f8d9bde4000)]
  0x00007f8d9c0d4800 JavaThread "process reaper" daemon [_thread_blocked, id=5745, stack(0x00007f8de40bb000,0x00007f8de40f4000)]
  0x00007f8d9c0d2800 JavaThread "AWT-XAWT" daemon [_thread_in_native, id=5743, stack(0x00007f8da8151000,0x00007f8da8352000)]
  0x00007f8d9c0b0000 JavaThread "Java2D Disposer" daemon [_thread_blocked, id=5742, stack(0x00007f8da8763000,0x00007f8da8964000)]
  0x00007f8d9c058000 JavaThread "RequestProcessor queue manager" daemon [_thread_blocked, id=5741, stack(0x00007f8da8fd4000,0x00007f8da91d5000)]
  0x00007f8de8216000 JavaThread "Inactive RequestProcessor thread [Was:Code Completion/org.netbeans.spi.editor.completion.support.AsyncCompletionTask]" daemon [_thread_blocked, id=5739, stack(0x00007f8da93d6000,0x00007f8da95d7000)]
  0x00007f8de81de800 JavaThread "CLI Requests Server" daemon [_thread_in_native, id=5738, stack(0x00007f8dd4996000,0x00007f8dd4b97000)]
  0x00007f8de81ac800 JavaThread "Active Reference Queue Daemon" daemon [_thread_blocked, id=5737, stack(0x00007f8dd4b97000,0x00007f8dd4d98000)]
  0x00007f8de80a9800 JavaThread "Service Thread" daemon [_thread_blocked, id=5735, stack(0x00007f8de4dff000,0x00007f8de5000000)]
  0x00007f8de80a7000 JavaThread "C2 CompilerThread1" daemon [_thread_blocked, id=5734, stack(0x00007f8dec1dd000,0x00007f8dec2de000)]
  0x00007f8de80a4800 JavaThread "C2 CompilerThread0" daemon [_thread_blocked, id=5733, stack(0x00007f8dec2de000,0x00007f8dec3df000)]
  0x00007f8de80a2000 JavaThread "Signal Dispatcher" daemon [_thread_blocked, id=5732, stack(0x00007f8dec3df000,0x00007f8dec5e0000)]
  0x00007f8de8077000 JavaThread "Finalizer" daemon [_thread_blocked, id=5731, stack(0x00007f8dec769000,0x00007f8dec96a000)]
  0x00007f8de8075000 JavaThread "Reference Handler" daemon [_thread_blocked, id=5730, stack(0x00007f8dec96a000,0x00007f8decb6b000)]

Other Threads:
  0x00007f8de8070800 VMThread [stack: 0x00007f8decb6b000,0x00007f8decc6c000] [id=5729]
  0x00007f8de80b4800 WatcherThread [stack: 0x00007f8dec0dc000,0x00007f8dec1dd000] [id=5736]

VM state:not at safepoint (normal execution)

VM Mutex/Monitor currently owned by a thread: None

Heap
 PSYoungGen      total 243200K, used 164623K [0x00000000ef880000, 0x00000000ffd80000, 0x0000000100000000)
  eden space 222208K, 70% used [0x00000000ef880000,0x00000000f9233e28,0x00000000fd180000)
  from space 20992K, 34% used [0x00000000fe900000,0x00000000ff010010,0x00000000ffd80000)
  to   space 22528K, 0% used [0x00000000fd180000,0x00000000fd180000,0x00000000fe780000)
 ParOldGen       total 77312K, used 56433K [0x00000000cea00000, 0x00000000d3580000, 0x00000000ef880000)
  object space 77312K, 72% used [0x00000000cea00000,0x00000000d211c528,0x00000000d3580000)
 PSPermGen       total 114688K, used 73412K [0x00000000b6a00000, 0x00000000bda00000, 0x00000000cea00000)
  object space 114688K, 64% used [0x00000000b6a00000,0x00000000bb1b1170,0x00000000bda00000)

Card table byte_map: [0x00007f8dede21000,0x00007f8dee06d000] byte_map_base: 0x00007f8ded86c000

Polling page: 0x00007f8df0f90000

Code Cache  [0x00007f8de5000000, 0x00007f8de5530000, 0x00007f8de8000000)
 total_blobs=2269 nmethods=1506 adapters=715 free_code_cache=43952Kb largest_free_block=44924416

Compilation events (10 events):
Event: 28.433 Thread 0x00007f8de80a4800 1823             javax.swing.text.html.parser.Parser::markFirstTime (83 bytes)
Event: 28.441 Thread 0x00007f8de80a7000 1824             javax.swing.text.html.parser.Parser::getString (39 bytes)
Event: 28.443 Thread 0x00007f8de80a4800 nmethod 1823 0x00007f8de5518a10 code [0x00007f8de5518b80, 0x00007f8de5518f78]
Event: 28.449 Thread 0x00007f8de80a7000 nmethod 1824 0x00007f8de5520250 code [0x00007f8de55203a0, 0x00007f8de5520698]
Event: 28.466 Thread 0x00007f8de80a4800 1825   !         org.netbeans.modules.masterfs.filebasedfs.fileobjects.FileObjectFactory::getFileObject (198 bytes)
Event: 28.480 Thread 0x00007f8de80a7000 1826             com.sun.tools.javac.main.Option::matches (130 bytes)
Event: 28.499 Thread 0x00007f8de80a4800 nmethod 1825 0x00007f8de5524750 code [0x00007f8de5524a00, 0x00007f8de5525798]
Event: 28.514 Thread 0x00007f8de80a4800 1827             java.awt.geom.AffineTransform::<init> (15 bytes)
Event: 28.515 Thread 0x00007f8de80a4800 nmethod 1827 0x00007f8de551ef50 code [0x00007f8de551f0a0, 0x00007f8de551f0f8]
Event: 28.517 Thread 0x00007f8de80a7000 nmethod 1826 0x00007f8de55265d0 code [0x00007f8de55267e0, 0x00007f8de5527598]

GC Heap History (10 events):
Event: 15.581 GC heap before
{Heap before GC invocations=12 (full 1):
 PSYoungGen      total 187392K, used 187016K [0x00000000ef880000, 0x00000000ff880000, 0x0000000100000000)
  eden space 174080K, 100% used [0x00000000ef880000,0x00000000fa280000,0x00000000fa280000)
  from space 13312K, 97% used [0x00000000feb80000,0x00000000ff8223b8,0x00000000ff880000)
  to   space 15872K, 0% used [0x00000000fd980000,0x00000000fd980000,0x00000000fe900000)
 ParOldGen       total 52224K, used 28078K [0x00000000cea00000, 0x00000000d1d00000, 0x00000000ef880000)
  object space 52224K, 53% used [0x00000000cea00000,0x00000000d056b888,0x00000000d1d00000)
 PSPermGen       total 93184K, used 59274K [0x00000000b6a00000, 0x00000000bc500000, 0x00000000cea00000)
  object space 93184K, 63% used [0x00000000b6a00000,0x00000000ba3e2880,0x00000000bc500000)
Event: 15.620 GC heap after
Heap after GC invocations=12 (full 1):
 PSYoungGen      total 222208K, used 15858K [0x00000000ef880000, 0x00000000fef00000, 0x0000000100000000)
  eden space 206336K, 0% used [0x00000000ef880000,0x00000000ef880000,0x00000000fc200000)
  from space 15872K, 99% used [0x00000000fd980000,0x00000000fe8fc968,0x00000000fe900000)
  to   space 6144K, 0% used [0x00000000fe900000,0x00000000fe900000,0x00000000fef00000)
 ParOldGen       total 52224K, used 40467K [0x00000000cea00000, 0x00000000d1d00000, 0x00000000ef880000)
  object space 52224K, 77% used [0x00000000cea00000,0x00000000d1184fc8,0x00000000d1d00000)
 PSPermGen       total 93184K, used 59274K [0x00000000b6a00000, 0x00000000bc500000, 0x00000000cea00000)
  object space 93184K, 63% used [0x00000000b6a00000,0x00000000ba3e2880,0x00000000bc500000)
}
Event: 15.622 GC heap before
{Heap before GC invocations=13 (full 1):
 PSYoungGen      total 222208K, used 16196K [0x00000000ef880000, 0x00000000fef00000, 0x0000000100000000)
  eden space 206336K, 0% used [0x00000000ef880000,0x00000000ef8d49e0,0x00000000fc200000)
  from space 15872K, 99% used [0x00000000fd980000,0x00000000fe8fc968,0x00000000fe900000)
  to   space 6144K, 0% used [0x00000000fe900000,0x00000000fe900000,0x00000000fef00000)
 ParOldGen       total 52224K, used 40467K [0x00000000cea00000, 0x00000000d1d00000, 0x00000000ef880000)
  object space 52224K, 77% used [0x00000000cea00000,0x00000000d1184fc8,0x00000000d1d00000)
 PSPermGen       total 93184K, used 59283K [0x00000000b6a00000, 0x00000000bc500000, 0x00000000cea00000)
  object space 93184K, 63% used [0x00000000b6a00000,0x00000000ba3e4cf8,0x00000000bc500000)
Event: 15.642 GC heap after
Heap after GC invocations=13 (full 1):
 PSYoungGen      total 227840K, used 6128K [0x00000000ef880000, 0x0000000100000000, 0x0000000100000000)
  eden space 221696K, 0% used [0x00000000ef880000,0x00000000ef880000,0x00000000fd100000)
  from space 6144K, 99% used [0x00000000fe900000,0x00000000feefc010,0x00000000fef00000)
  to   space 24064K, 0% used [0x00000000fd100000,0x00000000fd100000,0x00000000fe880000)
 ParOldGen       total 52224K, used 50425K [0x00000000cea00000, 0x00000000d1d00000, 0x00000000ef880000)
  object space 52224K, 96% used [0x00000000cea00000,0x00000000d1b3e4a8,0x00000000d1d00000)
 PSPermGen       total 93184K, used 59283K [0x00000000b6a00000, 0x00000000bc500000, 0x00000000cea00000)
  object space 93184K, 63% used [0x00000000b6a00000,0x00000000ba3e4cf8,0x00000000bc500000)
}
Event: 15.642 GC heap before
{Heap before GC invocations=14 (full 2):
 PSYoungGen      total 227840K, used 6128K [0x00000000ef880000, 0x0000000100000000, 0x0000000100000000)
  eden space 221696K, 0% used [0x00000000ef880000,0x00000000ef880000,0x00000000fd100000)
  from space 6144K, 99% used [0x00000000fe900000,0x00000000feefc010,0x00000000fef00000)
  to   space 24064K, 0% used [0x00000000fd100000,0x00000000fd100000,0x00000000fe880000)
 ParOldGen       total 52224K, used 50425K [0x00000000cea00000, 0x00000000d1d00000, 0x00000000ef880000)
  object space 52224K, 96% used [0x00000000cea00000,0x00000000d1b3e4a8,0x00000000d1d00000)
 PSPermGen       total 93184K, used 59283K [0x00000000b6a00000, 0x00000000bc500000, 0x00000000cea00000)
  object space 93184K, 63% used [0x00000000b6a00000,0x00000000ba3e4cf8,0x00000000bc500000)
Event: 15.914 GC heap after
Heap after GC invocations=14 (full 2):
 PSYoungGen      total 227840K, used 0K [0x00000000ef880000, 0x0000000100000000, 0x0000000100000000)
  eden space 221696K, 0% used [0x00000000ef880000,0x00000000ef880000,0x00000000fd100000)
  from space 6144K, 0% used [0x00000000fe900000,0x00000000fe900000,0x00000000fef00000)
  to   space 24064K, 0% used [0x00000000fd100000,0x00000000fd100000,0x00000000fe880000)
 ParOldGen       total 77312K, used 45414K [0x00000000cea00000, 0x00000000d3580000, 0x00000000ef880000)
  object space 77312K, 58% used [0x00000000cea00000,0x00000000d1659bf8,0x00000000d3580000)
 PSPermGen       total 114688K, used 59272K [0x00000000b6a00000, 0x00000000bda00000, 0x00000000cea00000)
  object space 114688K, 51% used [0x00000000b6a00000,0x00000000ba3e2378,0x00000000bda00000)
}
Event: 21.028 GC heap before
{Heap before GC invocations=15 (full 2):
 PSYoungGen      total 227840K, used 221696K [0x00000000ef880000, 0x0000000100000000, 0x0000000100000000)
  eden space 221696K, 100% used [0x00000000ef880000,0x00000000fd100000,0x00000000fd100000)
  from space 6144K, 0% used [0x00000000fe900000,0x00000000fe900000,0x00000000fef00000)
  to   space 24064K, 0% used [0x00000000fd100000,0x00000000fd100000,0x00000000fe880000)
 ParOldGen       total 77312K, used 45414K [0x00000000cea00000, 0x00000000d3580000, 0x00000000ef880000)
  object space 77312K, 58% used [0x00000000cea00000,0x00000000d1659bf8,0x00000000d3580000)
 PSPermGen       total 114688K, used 68694K [0x00000000b6a00000, 0x00000000bda00000, 0x00000000cea00000)
  object space 114688K, 59% used [0x00000000b6a00000,0x00000000bad15b98,0x00000000bda00000)
Event: 21.050 GC heap after
Heap after GC invocations=15 (full 2):
 PSYoungGen      total 245760K, used 11919K [0x00000000ef880000, 0x0000000100000000, 0x0000000100000000)
  eden space 221696K, 0% used [0x00000000ef880000,0x00000000ef880000,0x00000000fd100000)
  from space 24064K, 49% used [0x00000000fd100000,0x00000000fdca3d50,0x00000000fe880000)
  to   space 23552K, 0% used [0x00000000fe900000,0x00000000fe900000,0x0000000100000000)
 ParOldGen       total 77312K, used 45414K [0x00000000cea00000, 0x00000000d3580000, 0x00000000ef880000)
  object space 77312K, 58% used [0x00000000cea00000,0x00000000d1659bf8,0x00000000d3580000)
 PSPermGen       total 114688K, used 68694K [0x00000000b6a00000, 0x00000000bda00000, 0x00000000cea00000)
  object space 114688K, 59% used [0x00000000b6a00000,0x00000000bad15b98,0x00000000bda00000)
}
Event: 21.990 GC heap before
{Heap before GC invocations=16 (full 2):
 PSYoungGen      total 245760K, used 233615K [0x00000000ef880000, 0x0000000100000000, 0x0000000100000000)
  eden space 221696K, 100% used [0x00000000ef880000,0x00000000fd100000,0x00000000fd100000)
  from space 24064K, 49% used [0x00000000fd100000,0x00000000fdca3d50,0x00000000fe880000)
  to   space 23552K, 0% used [0x00000000fe900000,0x00000000fe900000,0x0000000100000000)
 ParOldGen       total 77312K, used 45414K [0x00000000cea00000, 0x00000000d3580000, 0x00000000ef880000)
  object space 77312K, 58% used [0x00000000cea00000,0x00000000d1659bf8,0x00000000d3580000)
 PSPermGen       total 114688K, used 69560K [0x00000000b6a00000, 0x00000000bda00000, 0x00000000cea00000)
  object space 114688K, 60% used [0x00000000b6a00000,0x00000000badee388,0x00000000bda00000)
Event: 22.022 GC heap after
Heap after GC invocations=16 (full 2):
 PSYoungGen      total 243200K, used 7232K [0x00000000ef880000, 0x00000000ffd80000, 0x0000000100000000)
  eden space 222208K, 0% used [0x00000000ef880000,0x00000000ef880000,0x00000000fd180000)
  from space 20992K, 34% used [0x00000000fe900000,0x00000000ff010010,0x00000000ffd80000)
  to   space 22528K, 0% used [0x00000000fd180000,0x00000000fd180000,0x00000000fe780000)
 ParOldGen       total 77312K, used 56433K [0x00000000cea00000, 0x00000000d3580000, 0x00000000ef880000)
  object space 77312K, 72% used [0x00000000cea00000,0x00000000d211c528,0x00000000d3580000)
 PSPermGen       total 114688K, used 69560K [0x00000000b6a00000, 0x00000000bda00000, 0x00000000cea00000)
  object space 114688K, 60% used [0x00000000b6a00000,0x00000000badee388,0x00000000bda00000)
}

Deoptimization events (10 events):
Event: 24.560 Thread 0x00007f8dc4d04800 Uncommon trap: reason=class_check action=maybe_recompile pc=0x00007f8de54cde08 method=com.sun.tools.javac.parser.JavaTokenizer.readToken()Lcom/sun/tools/javac/parser/Tokens$Token; @ 1363
Event: 24.561 Thread 0x00007f8dc4d04800 Uncommon trap: reason=class_check action=maybe_recompile pc=0x00007f8de54cddec method=com.sun.tools.javac.parser.JavaTokenizer.readToken()Lcom/sun/tools/javac/parser/Tokens$Token; @ 1540
Event: 26.428 Thread 0x00007f8dc4d04800 Uncommon trap: reason=class_check action=maybe_recompile pc=0x00007f8de54cde08 method=com.sun.tools.javac.parser.JavaTokenizer.readToken()Lcom/sun/tools/javac/parser/Tokens$Token; @ 1363
Event: 26.428 Thread 0x00007f8dc4d04800 Uncommon trap: reason=class_check action=maybe_recompile pc=0x00007f8de54cddec method=com.sun.tools.javac.parser.JavaTokenizer.readToken()Lcom/sun/tools/javac/parser/Tokens$Token; @ 1540
Event: 28.021 Thread 0x00007f8dc4d04800 Uncommon trap: reason=unstable_if action=reinterpret pc=0x00007f8de54f81f0 method=org.netbeans.modules.java.hints.spiimpl.pm.NFABasedBulkSearch.normalizeInput(Lcom/sun/source/tree/Tree;[Z[Lorg/netbeans/modules/java/hints/spiimpl/pm/NFABasedBulkSearch$Inpu
Event: 28.333 Thread 0x00007f8de8216000 Uncommon trap: reason=unstable_if action=reinterpret pc=0x00007f8de52b5014 method=com.sun.tools.javac.parser.JavacParser$SimpleEndPosTable.storeEnd(Lcom/sun/tools/javac/tree/JCTree;I)V @ 59
Event: 28.333 Thread 0x00007f8de8216000 Uncommon trap: reason=unstable_if action=reinterpret pc=0x00007f8de5161e4c method=com.sun.tools.javac.parser.JavacParser$SimpleEndPosTable.storeEnd(Lcom/sun/tools/javac/tree/JCTree;I)V @ 59
Event: 28.342 Thread 0x00007f8de8216000 Uncommon trap: reason=unstable_if action=reinterpret pc=0x00007f8de54e60d8 method=com.sun.tools.javac.parser.JavacParser$SimpleEndPosTable.storeEnd(Lcom/sun/tools/javac/tree/JCTree;I)V @ 59
Event: 28.470 Thread 0x00007f8da4146000 Uncommon trap: reason=unstable_if action=reinterpret pc=0x00007f8de54e5020 method=com.sun.tools.javac.util.Context.get(Lcom/sun/tools/javac/util/Context$Key;)Ljava/lang/Object; @ 22
Event: 28.520 Thread 0x00007f8d9c13f800 Uncommon trap: reason=unstable_if action=reinterpret pc=0x00007f8de54c5e7c method=org.GNOME.Accessibility.AtkWrapper$3.propertyChange(Ljava/beans/PropertyChangeEvent;)V @ 163

Internal exceptions (10 events):
Event: 28.461 Thread 0x00007f8da4146000 Threw 0x00000000f8ed9638 at /build/openjdk-7-1Vhfz6/openjdk-7-7u85-2.6.1/build/openjdk/hotspot/src/share/vm/prims/jni.cpp:721
Event: 28.462 Thread 0x00007f8da4146000 Threw 0x00000000f8eed518 at /build/openjdk-7-1Vhfz6/openjdk-7-7u85-2.6.1/build/openjdk/hotspot/src/share/vm/prims/jni.cpp:721
Event: 28.462 Thread 0x00007f8da4146000 Threw 0x00000000f8ef0e78 at /build/openjdk-7-1Vhfz6/openjdk-7-7u85-2.6.1/build/openjdk/hotspot/src/share/vm/prims/jni.cpp:721
Event: 28.464 Thread 0x00007f8da4146000 Threw 0x00000000f8f1c7d8 at /build/openjdk-7-1Vhfz6/openjdk-7-7u85-2.6.1/build/openjdk/hotspot/src/share/vm/prims/jni.cpp:721
Event: 28.466 Thread 0x00007f8da4146000 Threw 0x00000000f8f41658 at /build/openjdk-7-1Vhfz6/openjdk-7-7u85-2.6.1/build/openjdk/hotspot/src/share/vm/prims/jni.cpp:721
Event: 28.468 Thread 0x00007f8da4146000 Threw 0x00000000f8f59b78 at /build/openjdk-7-1Vhfz6/openjdk-7-7u85-2.6.1/build/openjdk/hotspot/src/share/vm/prims/jni.cpp:721
Event: 28.474 Thread 0x00007f8da4146000 Threw 0x00000000f902e638 at /build/openjdk-7-1Vhfz6/openjdk-7-7u85-2.6.1/build/openjdk/hotspot/src/share/vm/prims/jvm.cpp:1322
Event: 28.474 Thread 0x00007f8da4146000 Threw 0x00000000f904f6a0 at /build/openjdk-7-1Vhfz6/openjdk-7-7u85-2.6.1/build/openjdk/hotspot/src/share/vm/prims/jvm.cpp:1322
Event: 28.475 Thread 0x00007f8da4146000 Threw 0x00000000f905dc38 at /build/openjdk-7-1Vhfz6/openjdk-7-7u85-2.6.1/build/openjdk/hotspot/src/share/vm/prims/jvm.cpp:1322
Event: 28.475 Thread 0x00007f8da4146000 Threw 0x00000000f905ed10 at /build/openjdk-7-1Vhfz6/openjdk-7-7u85-2.6.1/build/openjdk/hotspot/src/share/vm/prims/jvm.cpp:1322

Events (10 events):
Event: 28.499 Executing VM operation: RevokeBias done
Event: 28.520 Thread 0x00007f8d9c13f800 Uncommon trap: trap_request=0xffffff75 fr.pc=0x00007f8de54c5e7c
Event: 28.520 Thread 0x00007f8d9c13f800 DEOPT PACKING pc=0x00007f8de54c5e7c sp=0x00007f8d9b1de450
Event: 28.520 Thread 0x00007f8d9c13f800 DEOPT UNPACKING pc=0x00007f8de5039045 sp=0x00007f8d9b1de3e8 mode 2
Event: 28.520 Executing VM operation: RevokeBias
Event: 28.520 Executing VM operation: RevokeBias done
Event: 28.520 Executing VM operation: RevokeBias
Event: 28.520 Executing VM operation: RevokeBias done
Event: 28.521 Executing VM operation: BulkRevokeBias
Event: 28.521 Executing VM operation: BulkRevokeBias done


Dynamic libraries:
00400000-00401000 r-xp 00000000 fe:01 27270572                           /usr/lib/jvm/java-7-openjdk-amd64/jre/bin/java
00600000-00601000 r--p 00000000 fe:01 27270572                           /usr/lib/jvm/java-7-openjdk-amd64/jre/bin/java
00601000-00602000 rw-p 00001000 fe:01 27270572                           /usr/lib/jvm/java-7-openjdk-amd64/jre/bin/java
01c0c000-01c2d000 rw-p 00000000 00:00 0                                  [heap]
b6a00000-bda00000 rw-p 00000000 00:00 0 
bda00000-cea00000 rw-p 00000000 00:00 0 
cea00000-d3580000 rw-p 00000000 00:00 0 
d3580000-ef880000 rw-p 00000000 00:00 0 
ef880000-ffd80000 rw-p 00000000 00:00 0 
ffd80000-100000000 ---p 00000000 00:00 0 
7f8d97956000-7f8d97959000 ---p 00000000 00:00 0 
7f8d97959000-7f8d97b57000 rw-p 00000000 00:00 0                          [stack:5779]
7f8d97b57000-7f8d97b5a000 ---p 00000000 00:00 0 
7f8d97b5a000-7f8d97d58000 rw-p 00000000 00:00 0                          [stack:5778]
7f8d97d58000-7f8d97d5b000 ---p 00000000 00:00 0 
7f8d97d5b000-7f8d97f59000 rw-p 00000000 00:00 0                          [stack:5777]
7f8d97f59000-7f8d97f5c000 ---p 00000000 00:00 0 
7f8d97f5c000-7f8d9815a000 rw-p 00000000 00:00 0                          [stack:5775]
7f8d9815a000-7f8d9815d000 ---p 00000000 00:00 0 
7f8d9815d000-7f8d9835b000 rw-p 00000000 00:00 0                          [stack:5774]
7f8d9835b000-7f8d9835e000 ---p 00000000 00:00 0 
7f8d9835e000-7f8d9855c000 rw-p 00000000 00:00 0                          [stack:5773]
7f8d9855c000-7f8d9855f000 ---p 00000000 00:00 0 
7f8d9855f000-7f8d9875d000 rw-p 00000000 00:00 0                          [stack:5772]
7f8d9875d000-7f8d98760000 ---p 00000000 00:00 0 
7f8d98760000-7f8d9895e000 rw-p 00000000 00:00 0                          [stack:5771]
7f8d9895e000-7f8d98961000 ---p 00000000 00:00 0 
7f8d98961000-7f8d98b5f000 rw-p 00000000 00:00 0                          [stack:5770]
7f8d98b5f000-7f8d98b62000 ---p 00000000 00:00 0 
7f8d98b62000-7f8d98d60000 rw-p 00000000 00:00 0                          [stack:5768]
7f8d98d60000-7f8d98d63000 ---p 00000000 00:00 0 
7f8d98d63000-7f8d98f61000 rw-p 00000000 00:00 0                          [stack:5767]
7f8d98f61000-7f8d98f64000 ---p 00000000 00:00 0 
7f8d98f64000-7f8d99162000 rw-p 00000000 00:00 0                          [stack:5769]
7f8d99162000-7f8d99165000 ---p 00000000 00:00 0 
7f8d99165000-7f8d99363000 rw-p 00000000 00:00 0                          [stack:5780]
7f8d99363000-7f8d99366000 ---p 00000000 00:00 0 
7f8d99366000-7f8d99564000 rw-p 00000000 00:00 0                          [stack:5763]
7f8d99564000-7f8d99567000 ---p 00000000 00:00 0 
7f8d99567000-7f8d99765000 rw-p 00000000 00:00 0                          [stack:5760]
7f8d99765000-7f8d99768000 ---p 00000000 00:00 0 
7f8d99768000-7f8d99966000 rw-p 00000000 00:00 0                          [stack:5759]
7f8d99966000-7f8d9996e000 r-xp 00000000 fe:01 28051277                   /usr/lib/jvm/java-7-openjdk-amd64/jre/lib/amd64/libmanagement.so
7f8d9996e000-7f8d99b6d000 ---p 00008000 fe:01 28051277                   /usr/lib/jvm/java-7-openjdk-amd64/jre/lib/amd64/libmanagement.so
7f8d99b6d000-7f8d99b6e000 r--p 00007000 fe:01 28051277                   /usr/lib/jvm/java-7-openjdk-amd64/jre/lib/amd64/libmanagement.so
7f8d99b6e000-7f8d99b6f000 rw-p 00008000 fe:01 28051277                   /usr/lib/jvm/java-7-openjdk-amd64/jre/lib/amd64/libmanagement.so
7f8d99b6f000-7f8d99b72000 ---p 00000000 00:00 0 
7f8d99b72000-7f8d99d70000 rw-p 00000000 00:00 0                          [stack:5758]
7f8d99d70000-7f8d99d73000 ---p 00000000 00:00 0 
7f8d99d73000-7f8d99f71000 rw-p 00000000 00:00 0                          [stack:5756]
7f8d99f71000-7f8d99f84000 r-xp 00000000 fe:01 28319713                   /usr/lib/x86_64-linux-gnu/jni/libjnidispatch.so
7f8d99f84000-7f8d9a183000 ---p 00013000 fe:01 28319713                   /usr/lib/x86_64-linux-gnu/jni/libjnidispatch.so
7f8d9a183000-7f8d9a184000 r--p 00012000 fe:01 28319713                   /usr/lib/x86_64-linux-gnu/jni/libjnidispatch.so
7f8d9a184000-7f8d9a185000 rw-p 00013000 fe:01 28319713                   /usr/lib/x86_64-linux-gnu/jni/libjnidispatch.so
7f8d9a185000-7f8d9a188000 ---p 00000000 00:00 0 
7f8d9a188000-7f8d9a386000 rw-p 00000000 00:00 0                          [stack:5755]
7f8d9a386000-7f8d9a389000 ---p 00000000 00:00 0 
7f8d9a389000-7f8d9a587000 rw-p 00000000 00:00 0                          [stack:5754]
7f8d9a587000-7f8d9a58a000 ---p 00000000 00:00 0 
7f8d9a58a000-7f8d9a788000 rw-p 00000000 00:00 0                          [stack:5753]
7f8d9a788000-7f8d9a78b000 ---p 00000000 00:00 0 
7f8d9a78b000-7f8d9a989000 rw-p 00000000 00:00 0                          [stack:5752]
7f8d9a989000-7f8d9a98c000 ---p 00000000 00:00 0 
7f8d9a98c000-7f8d9ab8a000 rw-p 00000000 00:00 0                          [stack:5751]
7f8d9ab8a000-7f8d9ab8d000 ---p 00000000 00:00 0 
7f8d9ab8d000-7f8d9ad8b000 rw-p 00000000 00:00 0                          [stack:5750]
7f8d9ad8b000-7f8d9addd000 r-xp 00000000 fe:01 28051258                   /usr/lib/jvm/java-7-openjdk-amd64/jre/lib/amd64/libfontmanager.so
7f8d9addd000-7f8d9afdd000 ---p 00052000 fe:01 28051258                   /usr/lib/jvm/java-7-openjdk-amd64/jre/lib/amd64/libfontmanager.so
7f8d9afdd000-7f8d9afdf000 r--p 00052000 fe:01 28051258                   /usr/lib/jvm/java-7-openjdk-amd64/jre/lib/amd64/libfontmanager.so
7f8d9afdf000-7f8d9afe0000 rw-p 00054000 fe:01 28051258                   /usr/lib/jvm/java-7-openjdk-amd64/jre/lib/amd64/libfontmanager.so
7f8d9afe0000-7f8d9afe3000 ---p 00000000 00:00 0 
7f8d9afe3000-7f8d9b1e1000 rw-p 00000000 00:00 0                          [stack:5749]
7f8d9b1e1000-7f8d9b1e4000 ---p 00000000 00:00 0 
7f8d9b1e4000-7f8d9b9e2000 rw-p 00000000 00:00 0                          [stack:5748]
7f8d9b9e2000-7f8d9b9e5000 ---p 00000000 00:00 0 
7f8d9b9e5000-7f8d9bbe3000 rw-p 00000000 00:00 0                          [stack:5747]
7f8d9bbe3000-7f8d9bbe6000 ---p 00000000 00:00 0 
7f8d9bbe6000-7f8d9bde4000 rw-p 00000000 00:00 0                          [stack:5746]
7f8d9bde4000-7f8d9bdfe000 r-xp 00000000 fe:01 25173032                   /usr/lib/x86_64-linux-gnu/libgraphite2.so.3.0.1
7f8d9bdfe000-7f8d9bffd000 ---p 0001a000 fe:01 25173032                   /usr/lib/x86_64-linux-gnu/libgraphite2.so.3.0.1
7f8d9bffd000-7f8d9bfff000 r--p 00019000 fe:01 25173032                   /usr/lib/x86_64-linux-gnu/libgraphite2.so.3.0.1
7f8d9bfff000-7f8d9c000000 rw-p 0001b000 fe:01 25173032                   /usr/lib/x86_64-linux-gnu/libgraphite2.so.3.0.1
7f8d9c000000-7f8d9c61a000 rw-p 00000000 00:00 0 
7f8d9c61a000-7f8da0000000 ---p 00000000 00:00 0 
7f8da01a2000-7f8da01a8000 r-xp 00000000 fe:01 25173026                   /usr/lib/x86_64-linux-gnu/libdatrie.so.1.3.2
7f8da01a8000-7f8da03a8000 ---p 00006000 fe:01 25173026                   /usr/lib/x86_64-linux-gnu/libdatrie.so.1.3.2
7f8da03a8000-7f8da03a9000 r--p 00006000 fe:01 25173026                   /usr/lib/x86_64-linux-gnu/libdatrie.so.1.3.2
7f8da03a9000-7f8da03aa000 rw-p 00007000 fe:01 25173026                   /usr/lib/x86_64-linux-gnu/libdatrie.so.1.3.2
7f8da03aa000-7f8da0407000 r-xp 00000000 fe:01 25173036                   /usr/lib/x86_64-linux-gnu/libharfbuzz.so.0.10000.1
7f8da0407000-7f8da0607000 ---p 0005d000 fe:01 25173036                   /usr/lib/x86_64-linux-gnu/libharfbuzz.so.0.10000.1
7f8da0607000-7f8da0608000 r--p 0005d000 fe:01 25173036                   /usr/lib/x86_64-linux-gnu/libharfbuzz.so.0.10000.1
7f8da0608000-7f8da0609000 rw-p 0005e000 fe:01 25173036                   /usr/lib/x86_64-linux-gnu/libharfbuzz.so.0.10000.1
7f8da0609000-7f8da0612000 r-xp 00000000 fe:01 25172996                   /usr/lib/x86_64-linux-gnu/libxcb-render.so.0.0.0
7f8da0612000-7f8da0811000 ---p 00009000 fe:01 25172996                   /usr/lib/x86_64-linux-gnu/libxcb-render.so.0.0.0
7f8da0811000-7f8da0812000 r--p 00008000 fe:01 25172996                   /usr/lib/x86_64-linux-gnu/libxcb-render.so.0.0.0
7f8da0812000-7f8da0813000 rw-p 00009000 fe:01 25172996                   /usr/lib/x86_64-linux-gnu/libxcb-render.so.0.0.0
7f8da0813000-7f8da0815000 r-xp 00000000 fe:01 25172998                   /usr/lib/x86_64-linux-gnu/libxcb-shm.so.0.0.0
7f8da0815000-7f8da0a15000 ---p 00002000 fe:01 25172998                   /usr/lib/x86_64-linux-gnu/libxcb-shm.so.0.0.0
7f8da0a15000-7f8da0a16000 r--p 00002000 fe:01 25172998                   /usr/lib/x86_64-linux-gnu/libxcb-shm.so.0.0.0
7f8da0a16000-7f8da0a17000 rw-p 00003000 fe:01 25172998                   /usr/lib/x86_64-linux-gnu/libxcb-shm.so.0.0.0
7f8da0a17000-7f8da0abc000 r-xp 00000000 fe:01 25172994                   /usr/lib/x86_64-linux-gnu/libpixman-1.so.0.32.6
7f8da0abc000-7f8da0cbb000 ---p 000a5000 fe:01 25172994                   /usr/lib/x86_64-linux-gnu/libpixman-1.so.0.32.6
7f8da0cbb000-7f8da0cc3000 r--p 000a4000 fe:01 25172994                   /usr/lib/x86_64-linux-gnu/libpixman-1.so.0.32.6
7f8da0cc3000-7f8da0cc4000 rw-p 000ac000 fe:01 25172994                   /usr/lib/x86_64-linux-gnu/libpixman-1.so.0.32.6
7f8da0cc4000-7f8da0ccc000 r-xp 00000000 fe:01 25173028                   /usr/lib/x86_64-linux-gnu/libthai.so.0.2.2
7f8da0ccc000-7f8da0ecb000 ---p 00008000 fe:01 25173028                   /usr/lib/x86_64-linux-gnu/libthai.so.0.2.2
7f8da0ecb000-7f8da0ecc000 r--p 00007000 fe:01 25173028                   /usr/lib/x86_64-linux-gnu/libthai.so.0.2.2
7f8da0ecc000-7f8da0ecd000 rw-p 00008000 fe:01 25173028                   /usr/lib/x86_64-linux-gnu/libthai.so.0.2.2
7f8da0ecd000-7f8da0ee1000 r-xp 00000000 fe:01 25173038                   /usr/lib/x86_64-linux-gnu/libpangoft2-1.0.so.0.3600.8
7f8da0ee1000-7f8da10e1000 ---p 00014000 fe:01 25173038                   /usr/lib/x86_64-linux-gnu/libpangoft2-1.0.so.0.3600.8
7f8da10e1000-7f8da10e2000 r--p 00014000 fe:01 25173038                   /usr/lib/x86_64-linux-gnu/libpangoft2-1.0.so.0.3600.8
7f8da10e2000-7f8da10e3000 rw-p 00015000 fe:01 25173038                   /usr/lib/x86_64-linux-gnu/libpangoft2-1.0.so.0.3600.8
7f8da10e3000-7f8da11c9000 r-xp 00000000 fe:01 25176258                   /usr/lib/x86_64-linux-gnu/libepoxy.so.0.0.0
7f8da11c9000-7f8da13c9000 ---p 000e6000 fe:01 25176258                   /usr/lib/x86_64-linux-gnu/libepoxy.so.0.0.0
7f8da13c9000-7f8da13d0000 r--p 000e6000 fe:01 25176258                   /usr/lib/x86_64-linux-gnu/libepoxy.so.0.0.0
7f8da13d0000-7f8da13d7000 rw-p 000ed000 fe:01 25176258                   /usr/lib/x86_64-linux-gnu/libepoxy.so.0.0.0
7f8da13d7000-7f8da13e3000 r-xp 00000000 fe:01 25173456                   /usr/lib/x86_64-linux-gnu/libwayland-client.so.0.3.0
7f8da13e3000-7f8da15e2000 ---p 0000c000 fe:01 25173456                   /usr/lib/x86_64-linux-gnu/libwayland-client.so.0.3.0
7f8da15e2000-7f8da15e5000 r--p 0000b000 fe:01 25173456                   /usr/lib/x86_64-linux-gnu/libwayland-client.so.0.3.0
7f8da15e5000-7f8da15e6000 rw-p 0000e000 fe:01 25173456                   /usr/lib/x86_64-linux-gnu/libwayland-client.so.0.3.0
7f8da15e6000-7f8da15e7000 r-xp 00000000 fe:01 25173477                   /usr/lib/x86_64-linux-gnu/libwayland-egl.so.1.0.0
7f8da15e7000-7f8da17e6000 ---p 00001000 fe:01 25173477                   /usr/lib/x86_64-linux-gnu/libwayland-egl.so.1.0.0
7f8da17e6000-7f8da17e7000 r--p 00000000 fe:01 25173477                   /usr/lib/x86_64-linux-gnu/libwayland-egl.so.1.0.0
7f8da17e7000-7f8da17e8000 rw-p 00001000 fe:01 25173477                   /usr/lib/x86_64-linux-gnu/libwayland-egl.so.1.0.0
7f8da17e8000-7f8da17ec000 r-xp 00000000 fe:01 25173458                   /usr/lib/x86_64-linux-gnu/libwayland-cursor.so.0.0.0
7f8da17ec000-7f8da19eb000 ---p 00004000 fe:01 25173458                   /usr/lib/x86_64-linux-gnu/libwayland-cursor.so.0.0.0
7f8da19eb000-7f8da19ec000 r--p 00003000 fe:01 25173458                   /usr/lib/x86_64-linux-gnu/libwayland-cursor.so.0.0.0
7f8da19ec000-7f8da19f0000 rw-p 00004000 fe:01 25173458                   /usr/lib/x86_64-linux-gnu/libwayland-cursor.so.0.0.0
7f8da19f0000-7f8da1a2d000 r-xp 00000000 fe:01 25173479                   /usr/lib/x86_64-linux-gnu/libxkbcommon.so.0.0.0
7f8da1a2d000-7f8da1c2d000 ---p 0003d000 fe:01 25173479                   /usr/lib/x86_64-linux-gnu/libxkbcommon.so.0.0.0
7f8da1c2d000-7f8da1c2f000 r--p 0003d000 fe:01 25173479                   /usr/lib/x86_64-linux-gnu/libxkbcommon.so.0.0.0
7f8da1c2f000-7f8da1c30000 rw-p 0003f000 fe:01 25173479                   /usr/lib/x86_64-linux-gnu/libxkbcommon.so.0.0.0
7f8da1c30000-7f8da1c32000 r-xp 00000000 fe:01 25173318                   /usr/lib/x86_64-linux-gnu/libXdamage.so.1.1.0
7f8da1c32000-7f8da1e31000 ---p 00002000 fe:01 25173318                   /usr/lib/x86_64-linux-gnu/libXdamage.so.1.1.0
7f8da1e31000-7f8da1e32000 r--p 00001000 fe:01 25173318                   /usr/lib/x86_64-linux-gnu/libXdamage.so.1.1.0
7f8da1e32000-7f8da1e33000 rw-p 00002000 fe:01 25173318                   /usr/lib/x86_64-linux-gnu/libXdamage.so.1.1.0
7f8da1e33000-7f8da1e35000 r-xp 00000000 fe:01 25173312                   /usr/lib/x86_64-linux-gnu/libXcomposite.so.1.0.0
7f8da1e35000-7f8da2034000 ---p 00002000 fe:01 25173312                   /usr/lib/x86_64-linux-gnu/libXcomposite.so.1.0.0
7f8da2034000-7f8da2035000 r--p 00001000 fe:01 25173312                   /usr/lib/x86_64-linux-gnu/libXcomposite.so.1.0.0
7f8da2035000-7f8da2036000 rw-p 00002000 fe:01 25173312                   /usr/lib/x86_64-linux-gnu/libXcomposite.so.1.0.0
7f8da2036000-7f8da2040000 r-xp 00000000 fe:01 25173324                   /usr/lib/x86_64-linux-gnu/libXrandr.so.2.2.0
7f8da2040000-7f8da223f000 ---p 0000a000 fe:01 25173324                   /usr/lib/x86_64-linux-gnu/libXrandr.so.2.2.0
7f8da223f000-7f8da2240000 r--p 00009000 fe:01 25173324                   /usr/lib/x86_64-linux-gnu/libXrandr.so.2.2.0
7f8da2240000-7f8da2241000 rw-p 0000a000 fe:01 25173324                   /usr/lib/x86_64-linux-gnu/libXrandr.so.2.2.0
7f8da2241000-7f8da2243000 r-xp 00000000 fe:01 25173322                   /usr/lib/x86_64-linux-gnu/libXinerama.so.1.0.0
7f8da2243000-7f8da2442000 ---p 00002000 fe:01 25173322                   /usr/lib/x86_64-linux-gnu/libXinerama.so.1.0.0
7f8da2442000-7f8da2443000 r--p 00001000 fe:01 25173322                   /usr/lib/x86_64-linux-gnu/libXinerama.so.1.0.0
7f8da2443000-7f8da2444000 rw-p 00002000 fe:01 25173322                   /usr/lib/x86_64-linux-gnu/libXinerama.so.1.0.0
7f8da2444000-7f8da2554000 r-xp 00000000 fe:01 25173004                   /usr/lib/x86_64-linux-gnu/libcairo.so.2.11400.2
7f8da2554000-7f8da2754000 ---p 00110000 fe:01 25173004                   /usr/lib/x86_64-linux-gnu/libcairo.so.2.11400.2
7f8da2754000-7f8da2757000 r--p 00110000 fe:01 25173004                   /usr/lib/x86_64-linux-gnu/libcairo.so.2.11400.2
7f8da2757000-7f8da2758000 rw-p 00113000 fe:01 25173004                   /usr/lib/x86_64-linux-gnu/libcairo.so.2.11400.2
7f8da2758000-7f8da275a000 rw-p 00000000 00:00 0 
7f8da275a000-7f8da2760000 r-xp 00000000 fe:01 25173451                   /usr/lib/x86_64-linux-gnu/libcairo-gobject.so.2.11400.2
7f8da2760000-7f8da2960000 ---p 00006000 fe:01 25173451                   /usr/lib/x86_64-linux-gnu/libcairo-gobject.so.2.11400.2
7f8da2960000-7f8da2962000 r--p 00006000 fe:01 25173451                   /usr/lib/x86_64-linux-gnu/libcairo-gobject.so.2.11400.2
7f8da2962000-7f8da2963000 rw-p 00008000 fe:01 25173451                   /usr/lib/x86_64-linux-gnu/libcairo-gobject.so.2.11400.2
7f8da2963000-7f8da2984000 r-xp 00000000 fe:01 25172982                   /usr/lib/x86_64-linux-gnu/libgdk_pixbuf-2.0.so.0.3100.5
7f8da2984000-7f8da2b83000 ---p 00021000 fe:01 25172982                   /usr/lib/x86_64-linux-gnu/libgdk_pixbuf-2.0.so.0.3100.5
7f8da2b83000-7f8da2b84000 r--p 00020000 fe:01 25172982                   /usr/lib/x86_64-linux-gnu/libgdk_pixbuf-2.0.so.0.3100.5
7f8da2b84000-7f8da2b85000 rw-p 00021000 fe:01 25172982                   /usr/lib/x86_64-linux-gnu/libgdk_pixbuf-2.0.so.0.3100.5
7f8da2b85000-7f8da2bd0000 r-xp 00000000 fe:01 25173030                   /usr/lib/x86_64-linux-gnu/libpango-1.0.so.0.3600.8
7f8da2bd0000-7f8da2dd0000 ---p 0004b000 fe:01 25173030                   /usr/lib/x86_64-linux-gnu/libpango-1.0.so.0.3600.8
7f8da2dd0000-7f8da2dd2000 r--p 0004b000 fe:01 25173030                   /usr/lib/x86_64-linux-gnu/libpango-1.0.so.0.3600.8
7f8da2dd2000-7f8da2dd3000 rw-p 0004d000 fe:01 25173030                   /usr/lib/x86_64-linux-gnu/libpango-1.0.so.0.3600.8
7f8da2dd3000-7f8da2ddf000 r-xp 00000000 fe:01 25173040                   /usr/lib/x86_64-linux-gnu/libpangocairo-1.0.so.0.3600.8
7f8da2ddf000-7f8da2fde000 ---p 0000c000 fe:01 25173040                   /usr/lib/x86_64-linux-gnu/libpangocairo-1.0.so.0.3600.8
7f8da2fde000-7f8da2fdf000 r--p 0000b000 fe:01 25173040                   /usr/lib/x86_64-linux-gnu/libpangocairo-1.0.so.0.3600.8
7f8da2fdf000-7f8da2fe0000 rw-p 0000c000 fe:01 25173040                   /usr/lib/x86_64-linux-gnu/libpangocairo-1.0.so.0.3600.8
7f8da2fe0000-7f8da30a1000 r-xp 00000000 fe:01 25173824                   /usr/lib/x86_64-linux-gnu/libgdk-3.so.0.1600.6
7f8da30a1000-7f8da32a0000 ---p 000c1000 fe:01 25173824                   /usr/lib/x86_64-linux-gnu/libgdk-3.so.0.1600.6
7f8da32a0000-7f8da32a5000 r--p 000c0000 fe:01 25173824                   /usr/lib/x86_64-linux-gnu/libgdk-3.so.0.1600.6
7f8da32a5000-7f8da32a7000 rw-p 000c5000 fe:01 25173824                   /usr/lib/x86_64-linux-gnu/libgdk-3.so.0.1600.6
7f8da32a7000-7f8da32a8000 rw-p 00000000 00:00 0 
7f8da32a8000-7f8da3358000 r-xp 00000000 fe:01 25173386                   /usr/lib/x86_64-linux-gnu/libgdk-x11-2.0.so.0.2400.28
7f8da3358000-7f8da3558000 ---p 000b0000 fe:01 25173386                   /usr/lib/x86_64-linux-gnu/libgdk-x11-2.0.so.0.2400.28
7f8da3558000-7f8da355c000 r--p 000b0000 fe:01 25173386                   /usr/lib/x86_64-linux-gnu/libgdk-x11-2.0.so.0.2400.28
7f8da355c000-7f8da355e000 rw-p 000b4000 fe:01 25173386                   /usr/lib/x86_64-linux-gnu/libgdk-x11-2.0.so.0.2400.28
7f8da355e000-7f8da355f000 r-xp 00000000 fe:01 25172875                   /usr/lib/x86_64-linux-gnu/libgthread-2.0.so.0.4400.1
7f8da355f000-7f8da375e000 ---p 00001000 fe:01 25172875                   /usr/lib/x86_64-linux-gnu/libgthread-2.0.so.0.4400.1
7f8da375e000-7f8da375f000 r--p 00000000 fe:01 25172875                   /usr/lib/x86_64-linux-gnu/libgthread-2.0.so.0.4400.1
7f8da375f000-7f8da3760000 rw-p 00001000 fe:01 25172875                   /usr/lib/x86_64-linux-gnu/libgthread-2.0.so.0.4400.1
7f8da3760000-7f8da378d000 r-xp 00000000 fe:01 25173447                   /usr/lib/x86_64-linux-gnu/libatspi.so.0.0.1
7f8da378d000-7f8da398c000 ---p 0002d000 fe:01 25173447                   /usr/lib/x86_64-linux-gnu/libatspi.so.0.0.1
7f8da398c000-7f8da3990000 r--p 0002c000 fe:01 25173447                   /usr/lib/x86_64-linux-gnu/libatspi.so.0.0.1
7f8da3990000-7f8da3991000 rw-p 00030000 fe:01 25173447                   /usr/lib/x86_64-linux-gnu/libatspi.so.0.0.1
7f8da3991000-7f8da39bd000 r-xp 00000000 fe:01 25173449                   /usr/lib/x86_64-linux-gnu/libatk-bridge-2.0.so.0.0.0
7f8da39bd000-7f8da3bbd000 ---p 0002c000 fe:01 25173449                   /usr/lib/x86_64-linux-gnu/libatk-bridge-2.0.so.0.0.0
7f8da3bbd000-7f8da3bbe000 r--p 0002c000 fe:01 25173449                   /usr/lib/x86_64-linux-gnu/libatk-bridge-2.0.so.0.0.0
7f8da3bbe000-7f8da3bc0000 rw-p 0002d000 fe:01 25173449                   /usr/lib/x86_64-linux-gnu/libatk-bridge-2.0.so.0.0.0
7f8da3bc0000-7f8da3be3000 r-xp 00000000 fe:01 25173154                   /usr/lib/x86_64-linux-gnu/libatk-1.0.so.0.21609.1
7f8da3be3000-7f8da3de2000 ---p 00023000 fe:01 25173154                   /usr/lib/x86_64-linux-gnu/libatk-1.0.so.0.21609.1
7f8da3de2000-7f8da3de5000 r--p 00022000 fe:01 25173154                   /usr/lib/x86_64-linux-gnu/libatk-1.0.so.0.21609.1
7f8da3de5000-7f8da3de6000 rw-p 00025000 fe:01 25173154                   /usr/lib/x86_64-linux-gnu/libatk-1.0.so.0.21609.1
7f8da3de6000-7f8da3dff000 r-xp 00000000 fe:01 28312107                   /usr/lib/x86_64-linux-gnu/jni/libatk-wrapper.so.1.2.22
7f8da3dff000-7f8da3fff000 ---p 00019000 fe:01 28312107                   /usr/lib/x86_64-linux-gnu/jni/libatk-wrapper.so.1.2.22
7f8da3fff000-7f8da4000000 rw-p 00019000 fe:01 28312107                   /usr/lib/x86_64-linux-gnu/jni/libatk-wrapper.so.1.2.22
7f8da4000000-7f8da4294000 rw-p 00000000 00:00 0 
7f8da4294000-7f8da8000000 ---p 00000000 00:00 0 
7f8da8111000-7f8da811c000 r--s 00000000 fe:01 19137055                   /var/cache/fontconfig/945677eb7aeaf62f1d50efc3fb3ec7d8-le64.cache-4
7f8da811c000-7f8da8123000 r--s 00000000 fe:01 19137068                   /var/cache/fontconfig/3047814df9a2f067bd2d96a2b9c36e5a-le64.cache-4
7f8da8151000-7f8da8154000 ---p 00000000 00:00 0 
7f8da8154000-7f8da8352000 rw-p 00000000 00:00 0                          [stack:5743]
7f8da8352000-7f8da8357000 r-xp 00000000 fe:01 25173314                   /usr/lib/x86_64-linux-gnu/libXfixes.so.3.1.0
7f8da8357000-7f8da8556000 ---p 00005000 fe:01 25173314                   /usr/lib/x86_64-linux-gnu/libXfixes.so.3.1.0
7f8da8556000-7f8da8557000 r--p 00004000 fe:01 25173314                   /usr/lib/x86_64-linux-gnu/libXfixes.so.3.1.0
7f8da8557000-7f8da8558000 rw-p 00005000 fe:01 25173314                   /usr/lib/x86_64-linux-gnu/libXfixes.so.3.1.0
7f8da8558000-7f8da8562000 r-xp 00000000 fe:01 25173316                   /usr/lib/x86_64-linux-gnu/libXcursor.so.1.0.2
7f8da8562000-7f8da8761000 ---p 0000a000 fe:01 25173316                   /usr/lib/x86_64-linux-gnu/libXcursor.so.1.0.2
7f8da8761000-7f8da8762000 r--p 00009000 fe:01 25173316                   /usr/lib/x86_64-linux-gnu/libXcursor.so.1.0.2
7f8da8762000-7f8da8763000 rw-p 0000a000 fe:01 25173316                   /usr/lib/x86_64-linux-gnu/libXcursor.so.1.0.2
7f8da8763000-7f8da8766000 ---p 00000000 00:00 0 
7f8da8766000-7f8da8964000 rw-p 00000000 00:00 0                          [stack:5742]
7f8da8964000-7f8da896c000 r-xp 00000000 fe:01 25191538                   /usr/lib/x86_64-linux-gnu/libgif.so.4.1.6
7f8da896c000-7f8da8b6b000 ---p 00008000 fe:01 25191538                   /usr/lib/x86_64-linux-gnu/libgif.so.4.1.6
7f8da8b6b000-7f8da8b6c000 r--p 00007000 fe:01 25191538                   /usr/lib/x86_64-linux-gnu/libgif.so.4.1.6
7f8da8b6c000-7f8da8b6d000 rw-p 00008000 fe:01 25191538                   /usr/lib/x86_64-linux-gnu/libgif.so.4.1.6
7f8da8b6d000-7f8da8bc5000 r-xp 00000000 fe:01 25172882                   /usr/lib/x86_64-linux-gnu/libjpeg.so.62.1.0
7f8da8bc5000-7f8da8dc4000 ---p 00058000 fe:01 25172882                   /usr/lib/x86_64-linux-gnu/libjpeg.so.62.1.0
7f8da8dc4000-7f8da8dc5000 r--p 00057000 fe:01 25172882                   /usr/lib/x86_64-linux-gnu/libjpeg.so.62.1.0
7f8da8dc5000-7f8da8dc6000 rw-p 00058000 fe:01 25172882                   /usr/lib/x86_64-linux-gnu/libjpeg.so.62.1.0
7f8da8dc6000-7f8da8dd0000 r-xp 00000000 fe:01 28051290                   /usr/lib/jvm/java-7-openjdk-amd64/jre/lib/amd64/libsplashscreen.so
7f8da8dd0000-7f8da8fcf000 ---p 0000a000 fe:01 28051290                   /usr/lib/jvm/java-7-openjdk-amd64/jre/lib/amd64/libsplashscreen.so
7f8da8fcf000-7f8da8fd0000 r--p 00009000 fe:01 28051290                   /usr/lib/jvm/java-7-openjdk-amd64/jre/lib/amd64/libsplashscreen.so
7f8da8fd0000-7f8da8fd1000 rw-p 0000a000 fe:01 28051290                   /usr/lib/jvm/java-7-openjdk-amd64/jre/lib/amd64/libsplashscreen.so
7f8da8fd1000-7f8da8fd4000 rw-p 00000000 00:00 0 
7f8da8fd4000-7f8da8fd7000 ---p 00000000 00:00 0 
7f8da8fd7000-7f8da91d5000 rw-p 00000000 00:00 0                          [stack:5741]
7f8da91d5000-7f8da91d8000 ---p 00000000 00:00 0 
7f8da91d8000-7f8da93d6000 rw-p 00000000 00:00 0 
7f8da93d6000-7f8da93d9000 ---p 00000000 00:00 0 
7f8da93d9000-7f8da95d7000 rw-p 00000000 00:00 0                          [stack:5739]
7f8da95d7000-7f8da95db000 r-xp 00000000 fe:01 26738716                   /lib/x86_64-linux-gnu/libattr.so.1.1.0
7f8da95db000-7f8da97da000 ---p 00004000 fe:01 26738716                   /lib/x86_64-linux-gnu/libattr.so.1.1.0
7f8da97da000-7f8da97db000 r--p 00003000 fe:01 26738716                   /lib/x86_64-linux-gnu/libattr.so.1.1.0
7f8da97db000-7f8da97dc000 rw-p 00004000 fe:01 26738716                   /lib/x86_64-linux-gnu/libattr.so.1.1.0
7f8da97dc000-7f8da97ed000 r-xp 00000000 fe:01 26739147                   /lib/x86_64-linux-gnu/libgpg-error.so.0.16.0
7f8da97ed000-7f8da99ed000 ---p 00011000 fe:01 26739147                   /lib/x86_64-linux-gnu/libgpg-error.so.0.16.0
7f8da99ed000-7f8da99ee000 r--p 00011000 fe:01 26739147                   /lib/x86_64-linux-gnu/libgpg-error.so.0.16.0
7f8da99ee000-7f8da99ef000 rw-p 00012000 fe:01 26739147                   /lib/x86_64-linux-gnu/libgpg-error.so.0.16.0
7f8da99ef000-7f8da99f3000 r-xp 00000000 fe:01 26742022                   /lib/x86_64-linux-gnu/libcap.so.2.24
7f8da99f3000-7f8da9bf3000 ---p 00004000 fe:01 26742022                   /lib/x86_64-linux-gnu/libcap.so.2.24
7f8da9bf3000-7f8da9bf4000 r--p 00004000 fe:01 26742022                   /lib/x86_64-linux-gnu/libcap.so.2.24
7f8da9bf4000-7f8da9bf5000 rw-p 00005000 fe:01 26742022                   /lib/x86_64-linux-gnu/libcap.so.2.24
7f8da9bf5000-7f8da9ccd000 r-xp 00000000 fe:01 26738759                   /lib/x86_64-linux-gnu/libgcrypt.so.20.0.3
7f8da9ccd000-7f8da9ecd000 ---p 000d8000 fe:01 26738759                   /lib/x86_64-linux-gnu/libgcrypt.so.20.0.3
7f8da9ecd000-7f8da9ece000 r--p 000d8000 fe:01 26738759                   /lib/x86_64-linux-gnu/libgcrypt.so.20.0.3
7f8da9ece000-7f8da9ed7000 rw-p 000d9000 fe:01 26738759                   /lib/x86_64-linux-gnu/libgcrypt.so.20.0.3
7f8da9ed7000-7f8da9ef9000 r-xp 00000000 fe:01 26738771                   /lib/x86_64-linux-gnu/liblzma.so.5.0.0
7f8da9ef9000-7f8daa0f8000 ---p 00022000 fe:01 26738771                   /lib/x86_64-linux-gnu/liblzma.so.5.0.0
7f8daa0f8000-7f8daa0f9000 r--p 00021000 fe:01 26738771                   /lib/x86_64-linux-gnu/liblzma.so.5.0.0
7f8daa0f9000-7f8daa0fa000 rw-p 00022000 fe:01 26738771                   /lib/x86_64-linux-gnu/liblzma.so.5.0.0
7f8daa0fa000-7f8daa148000 r-xp 00000000 fe:01 26738887                   /lib/x86_64-linux-gnu/libdbus-1.so.3.14.3
7f8daa148000-7f8daa347000 ---p 0004e000 fe:01 26738887                   /lib/x86_64-linux-gnu/libdbus-1.so.3.14.3
7f8daa347000-7f8daa349000 r--p 0004d000 fe:01 26738887                   /lib/x86_64-linux-gnu/libdbus-1.so.3.14.3
7f8daa349000-7f8daa34a000 rw-p 0004f000 fe:01 26738887                   /lib/x86_64-linux-gnu/libdbus-1.so.3.14.3
7f8daa34a000-7f8daa3cb000 r-xp 00000000 fe:01 25170652                   /usr/lib/x86_64-linux-gnu/libgmp.so.10.2.0
7f8daa3cb000-7f8daa5cb000 ---p 00081000 fe:01 25170652                   /usr/lib/x86_64-linux-gnu/libgmp.so.10.2.0
7f8daa5cb000-7f8daa5cc000 r--p 00081000 fe:01 25170652                   /usr/lib/x86_64-linux-gnu/libgmp.so.10.2.0
7f8daa5cc000-7f8daa5cd000 rw-p 00082000 fe:01 25170652                   /usr/lib/x86_64-linux-gnu/libgmp.so.10.2.0
7f8daa5cd000-7f8daa5ff000 r-xp 00000000 fe:01 25170187                   /usr/lib/x86_64-linux-gnu/libhogweed.so.4.1
7f8daa5ff000-7f8daa7ff000 ---p 00032000 fe:01 25170187                   /usr/lib/x86_64-linux-gnu/libhogweed.so.4.1
7f8daa7ff000-7f8daa800000 r--p 00032000 fe:01 25170187                   /usr/lib/x86_64-linux-gnu/libhogweed.so.4.1
7f8daa800000-7f8daa801000 rw-p 00033000 fe:01 25170187                   /usr/lib/x86_64-linux-gnu/libhogweed.so.4.1
7f8daa801000-7f8daa836000 r-xp 00000000 fe:01 25170679                   /usr/lib/x86_64-linux-gnu/libnettle.so.6.1
7f8daa836000-7f8daaa35000 ---p 00035000 fe:01 25170679                   /usr/lib/x86_64-linux-gnu/libnettle.so.6.1
7f8daaa35000-7f8daaa37000 r--p 00034000 fe:01 25170679                   /usr/lib/x86_64-linux-gnu/libnettle.so.6.1
7f8daaa37000-7f8daaa38000 rw-p 00036000 fe:01 25170679                   /usr/lib/x86_64-linux-gnu/libnettle.so.6.1
7f8daaa38000-7f8daaa49000 r-xp 00000000 fe:01 25170492                   /usr/lib/x86_64-linux-gnu/libtasn1.so.6.4.2
7f8daaa49000-7f8daac49000 ---p 00011000 fe:01 25170492                   /usr/lib/x86_64-linux-gnu/libtasn1.so.6.4.2
7f8daac49000-7f8daac4a000 r--p 00011000 fe:01 25170492                   /usr/lib/x86_64-linux-gnu/libtasn1.so.6.4.2
7f8daac4a000-7f8daac4b000 rw-p 00012000 fe:01 25170492                   /usr/lib/x86_64-linux-gnu/libtasn1.so.6.4.2
7f8daac4b000-7f8daaca5000 r-xp 00000000 fe:01 25167434                   /usr/lib/x86_64-linux-gnu/libp11-kit.so.0.1.0
7f8daaca5000-7f8daaea5000 ---p 0005a000 fe:01 25167434                   /usr/lib/x86_64-linux-gnu/libp11-kit.so.0.1.0
7f8daaea5000-7f8daaeaf000 r--p 0005a000 fe:01 25167434                   /usr/lib/x86_64-linux-gnu/libp11-kit.so.0.1.0
7f8daaeaf000-7f8daaeb1000 rw-p 00064000 fe:01 25167434                   /usr/lib/x86_64-linux-gnu/libp11-kit.so.0.1.0
7f8daaeb1000-7f8daaeb4000 r-xp 00000000 fe:01 26738875                   /lib/x86_64-linux-gnu/libkeyutils.so.1.5
7f8daaeb4000-7f8dab0b3000 ---p 00003000 fe:01 26738875                   /lib/x86_64-linux-gnu/libkeyutils.so.1.5
7f8dab0b3000-7f8dab0b4000 r--p 00002000 fe:01 26738875                   /lib/x86_64-linux-gnu/libkeyutils.so.1.5
7f8dab0b4000-7f8dab0b5000 rw-p 00003000 fe:01 26738875                   /lib/x86_64-linux-gnu/libkeyutils.so.1.5
7f8dab0b5000-7f8dab0c0000 r-xp 00000000 fe:01 25172762                   /usr/lib/x86_64-linux-gnu/libkrb5support.so.0.1
7f8dab0c0000-7f8dab2bf000 ---p 0000b000 fe:01 25172762                   /usr/lib/x86_64-linux-gnu/libkrb5support.so.0.1
7f8dab2bf000-7f8dab2c0000 r--p 0000a000 fe:01 25172762                   /usr/lib/x86_64-linux-gnu/libkrb5support.so.0.1
7f8dab2c0000-7f8dab2c1000 rw-p 0000b000 fe:01 25172762                   /usr/lib/x86_64-linux-gnu/libkrb5support.so.0.1
7f8dab2c1000-7f8dab2c4000 r-xp 00000000 fe:01 26738778                   /lib/x86_64-linux-gnu/libcom_err.so.2.1
7f8dab2c4000-7f8dab4c3000 ---p 00003000 fe:01 26738778                   /lib/x86_64-linux-gnu/libcom_err.so.2.1
7f8dab4c3000-7f8dab4c4000 r--p 00002000 fe:01 26738778                   /lib/x86_64-linux-gnu/libcom_err.so.2.1
7f8dab4c4000-7f8dab4c5000 rw-p 00003000 fe:01 26738778                   /lib/x86_64-linux-gnu/libcom_err.so.2.1
7f8dab4c5000-7f8dab4f3000 r-xp 00000000 fe:01 25172764                   /usr/lib/x86_64-linux-gnu/libk5crypto.so.3.1
7f8dab4f3000-7f8dab6f2000 ---p 0002e000 fe:01 25172764                   /usr/lib/x86_64-linux-gnu/libk5crypto.so.3.1
7f8dab6f2000-7f8dab6f5000 r--p 0002d000 fe:01 25172764                   /usr/lib/x86_64-linux-gnu/libk5crypto.so.3.1
7f8dab6f5000-7f8dab6f6000 rw-p 00030000 fe:01 25172764                   /usr/lib/x86_64-linux-gnu/libk5crypto.so.3.1
7f8dab6f6000-7f8dab6f7000 rw-p 00000000 00:00 0 
7f8dab6f7000-7f8dab7be000 r-xp 00000000 fe:01 25172766                   /usr/lib/x86_64-linux-gnu/libkrb5.so.3.3
7f8dab7be000-7f8dab9be000 ---p 000c7000 fe:01 25172766                   /usr/lib/x86_64-linux-gnu/libkrb5.so.3.3
7f8dab9be000-7f8dab9cc000 r--p 000c7000 fe:01 25172766                   /usr/lib/x86_64-linux-gnu/libkrb5.so.3.3
7f8dab9cc000-7f8dab9cf000 rw-p 000d5000 fe:01 25172766                   /usr/lib/x86_64-linux-gnu/libkrb5.so.3.3
7f8dab9cf000-7f8dab9d4000 r-xp 00000000 fe:01 25172895                   /usr/lib/x86_64-linux-gnu/libXdmcp.so.6.0.0
7f8dab9d4000-7f8dabbd3000 ---p 00005000 fe:01 25172895                   /usr/lib/x86_64-linux-gnu/libXdmcp.so.6.0.0
7f8dabbd3000-7f8dabbd4000 r--p 00004000 fe:01 25172895                   /usr/lib/x86_64-linux-gnu/libXdmcp.so.6.0.0
7f8dabbd4000-7f8dabbd5000 rw-p 00005000 fe:01 25172895                   /usr/lib/x86_64-linux-gnu/libXdmcp.so.6.0.0
7f8dabbd5000-7f8dabbd8000 r-xp 00000000 fe:01 25172893                   /usr/lib/x86_64-linux-gnu/libXau.so.6.0.0
7f8dabbd8000-7f8dabdd7000 ---p 00003000 fe:01 25172893                   /usr/lib/x86_64-linux-gnu/libXau.so.6.0.0
7f8dabdd7000-7f8dabdd8000 r--p 00002000 fe:01 25172893                   /usr/lib/x86_64-linux-gnu/libXau.so.6.0.0
7f8dabdd8000-7f8dabdd9000 rw-p 00003000 fe:01 25172893                   /usr/lib/x86_64-linux-gnu/libXau.so.6.0.0
7f8dabdd9000-7f8dabdff000 r-xp 00000000 fe:01 26738882                   /lib/x86_64-linux-gnu/libpng12.so.0.50.0
7f8dabdff000-7f8dabffe000 ---p 00026000 fe:01 26738882                   /lib/x86_64-linux-gnu/libpng12.so.0.50.0
7f8dabffe000-7f8dabfff000 r--p 00025000 fe:01 26738882                   /lib/x86_64-linux-gnu/libpng12.so.0.50.0
7f8dabfff000-7f8dac000000 rw-p 00026000 fe:01 26738882                   /lib/x86_64-linux-gnu/libpng12.so.0.50.0
7f8dac000000-7f8dac0b2000 rw-p 00000000 00:00 0 
7f8dac0b2000-7f8db0000000 ---p 00000000 00:00 0 
7f8db0000000-7f8db0091000 rw-p 00000000 00:00 0 
7f8db0091000-7f8db4000000 ---p 00000000 00:00 0 
7f8db4004000-7f8db400f000 r--s 00000000 fe:01 19137054                   /var/cache/fontconfig/d589a48862398ed80a3d6066f4f56f4c-le64.cache-4
7f8db404b000-7f8db4138000 r--s 00000000 fe:01 20317592                   /home/NotSimon/.cache/netbeans/8.0.2/all-layers.dat
7f8db4138000-7f8db415e000 r-xp 00000000 fe:01 26738692                   /lib/x86_64-linux-gnu/libexpat.so.1.6.0
7f8db415e000-7f8db435d000 ---p 00026000 fe:01 26738692                   /lib/x86_64-linux-gnu/libexpat.so.1.6.0
7f8db435d000-7f8db4360000 r--p 00025000 fe:01 26738692                   /lib/x86_64-linux-gnu/libexpat.so.1.6.0
7f8db4360000-7f8db4361000 rw-p 00028000 fe:01 26738692                   /lib/x86_64-linux-gnu/libexpat.so.1.6.0
7f8db4361000-7f8db4371000 r-xp 00000000 fe:01 25172760                   /usr/lib/x86_64-linux-gnu/libavahi-client.so.3.2.9
7f8db4371000-7f8db4570000 ---p 00010000 fe:01 25172760                   /usr/lib/x86_64-linux-gnu/libavahi-client.so.3.2.9
7f8db4570000-7f8db4571000 r--p 0000f000 fe:01 25172760                   /usr/lib/x86_64-linux-gnu/libavahi-client.so.3.2.9
7f8db4571000-7f8db4572000 rw-p 00010000 fe:01 25172760                   /usr/lib/x86_64-linux-gnu/libavahi-client.so.3.2.9
7f8db4572000-7f8db457e000 r-xp 00000000 fe:01 25172757                   /usr/lib/x86_64-linux-gnu/libavahi-common.so.3.5.3
7f8db457e000-7f8db477d000 ---p 0000c000 fe:01 25172757                   /usr/lib/x86_64-linux-gnu/libavahi-common.so.3.5.3
7f8db477d000-7f8db477e000 r--p 0000b000 fe:01 25172757                   /usr/lib/x86_64-linux-gnu/libavahi-common.so.3.5.3
7f8db477e000-7f8db477f000 rw-p 0000c000 fe:01 25172757                   /usr/lib/x86_64-linux-gnu/libavahi-common.so.3.5.3
7f8db477f000-7f8db4895000 r-xp 00000000 fe:01 25170938                   /usr/lib/x86_64-linux-gnu/libgnutls-deb0.so.28.41.9
7f8db4895000-7f8db4a95000 ---p 00116000 fe:01 25170938                   /usr/lib/x86_64-linux-gnu/libgnutls-deb0.so.28.41.9
7f8db4a95000-7f8db4a9e000 r--p 00116000 fe:01 25170938                   /usr/lib/x86_64-linux-gnu/libgnutls-deb0.so.28.41.9
7f8db4a9e000-7f8db4aa0000 rw-p 0011f000 fe:01 25170938                   /usr/lib/x86_64-linux-gnu/libgnutls-deb0.so.28.41.9
7f8db4aa0000-7f8db4aa1000 rw-p 00000000 00:00 0 
7f8db4aa1000-7f8db4ae8000 r-xp 00000000 fe:01 25172769                   /usr/lib/x86_64-linux-gnu/libgssapi_krb5.so.2.2
7f8db4ae8000-7f8db4ce7000 ---p 00047000 fe:01 25172769                   /usr/lib/x86_64-linux-gnu/libgssapi_krb5.so.2.2
7f8db4ce7000-7f8db4ce9000 r--p 00046000 fe:01 25172769                   /usr/lib/x86_64-linux-gnu/libgssapi_krb5.so.2.2
7f8db4ce9000-7f8db4ceb000 rw-p 00048000 fe:01 25172769                   /usr/lib/x86_64-linux-gnu/libgssapi_krb5.so.2.2
7f8db4ceb000-7f8db4d0c000 r-xp 00000000 fe:01 25172897                   /usr/lib/x86_64-linux-gnu/libxcb.so.1.1.0
7f8db4d0c000-7f8db4f0b000 ---p 00021000 fe:01 25172897                   /usr/lib/x86_64-linux-gnu/libxcb.so.1.1.0
7f8db4f0b000-7f8db4f0c000 r--p 00020000 fe:01 25172897                   /usr/lib/x86_64-linux-gnu/libxcb.so.1.1.0
7f8db4f0c000-7f8db4f0d000 rw-p 00021000 fe:01 25172897                   /usr/lib/x86_64-linux-gnu/libxcb.so.1.1.0
7f8db4f0d000-7f8db4fb1000 r-xp 00000000 fe:01 25172988                   /usr/lib/x86_64-linux-gnu/libfreetype.so.6.11.1
7f8db4fb1000-7f8db51b0000 ---p 000a4000 fe:01 25172988                   /usr/lib/x86_64-linux-gnu/libfreetype.so.6.11.1
7f8db51b0000-7f8db51b7000 r--p 000a3000 fe:01 25172988                   /usr/lib/x86_64-linux-gnu/libfreetype.so.6.11.1
7f8db51b7000-7f8db51b8000 rw-p 000aa000 fe:01 25172988                   /usr/lib/x86_64-linux-gnu/libfreetype.so.6.11.1
7f8db51b8000-7f8db51f3000 r-xp 00000000 fe:01 25172991                   /usr/lib/x86_64-linux-gnu/libfontconfig.so.1.8.0
7f8db51f3000-7f8db53f2000 ---p 0003b000 fe:01 25172991                   /usr/lib/x86_64-linux-gnu/libfontconfig.so.1.8.0
7f8db53f2000-7f8db53f4000 r--p 0003a000 fe:01 25172991                   /usr/lib/x86_64-linux-gnu/libfontconfig.so.1.8.0
7f8db53f4000-7f8db53f5000 rw-p 0003c000 fe:01 25172991                   /usr/lib/x86_64-linux-gnu/libfontconfig.so.1.8.0
7f8db53f5000-7f8db546d000 r-xp 00000000 fe:01 25172771                   /usr/lib/x86_64-linux-gnu/libcups.so.2
7f8db546d000-7f8db566d000 ---p 00078000 fe:01 25172771                   /usr/lib/x86_64-linux-gnu/libcups.so.2
7f8db566d000-7f8db5675000 r--p 00078000 fe:01 25172771                   /usr/lib/x86_64-linux-gnu/libcups.so.2
7f8db5675000-7f8db5676000 rw-p 00080000 fe:01 25172771                   /usr/lib/x86_64-linux-gnu/libcups.so.2
7f8db5676000-7f8db5685000 r-xp 00000000 fe:01 25173320                   /usr/lib/x86_64-linux-gnu/libXi.so.6.1.0
7f8db5685000-7f8db5884000 ---p 0000f000 fe:01 25173320                   /usr/lib/x86_64-linux-gnu/libXi.so.6.1.0
7f8db5884000-7f8db5885000 r--p 0000e000 fe:01 25173320                   /usr/lib/x86_64-linux-gnu/libXi.so.6.1.0
7f8db5885000-7f8db5886000 rw-p 0000f000 fe:01 25173320                   /usr/lib/x86_64-linux-gnu/libXi.so.6.1.0
7f8db5886000-7f8db588b000 r-xp 00000000 fe:01 25174154                   /usr/lib/x86_64-linux-gnu/libXtst.so.6.1.0
7f8db588b000-7f8db5a8a000 ---p 00005000 fe:01 25174154                   /usr/lib/x86_64-linux-gnu/libXtst.so.6.1.0
7f8db5a8a000-7f8db5a8b000 r--p 00004000 fe:01 25174154                   /usr/lib/x86_64-linux-gnu/libXtst.so.6.1.0
7f8db5a8b000-7f8db5a8c000 rw-p 00005000 fe:01 25174154                   /usr/lib/x86_64-linux-gnu/libXtst.so.6.1.0
7f8db5a8c000-7f8db5bc8000 r-xp 00000000 fe:01 25172901                   /usr/lib/x86_64-linux-gnu/libX11.so.6.3.0
7f8db5bc8000-7f8db5dc7000 ---p 0013c000 fe:01 25172901                   /usr/lib/x86_64-linux-gnu/libX11.so.6.3.0
7f8db5dc7000-7f8db5dc9000 r--p 0013b000 fe:01 25172901                   /usr/lib/x86_64-linux-gnu/libX11.so.6.3.0
7f8db5dc9000-7f8db5dce000 rw-p 0013d000 fe:01 25172901                   /usr/lib/x86_64-linux-gnu/libX11.so.6.3.0
7f8db5dce000-7f8db8000000 rw-p 00000000 00:00 0 
7f8db8000000-7f8db85e7000 rw-p 00000000 00:00 0 
7f8db85e7000-7f8dbc000000 ---p 00000000 00:00 0 
7f8dbc000000-7f8dbc44a000 rw-p 00000000 00:00 0 
7f8dbc44a000-7f8dc0000000 ---p 00000000 00:00 0 
7f8dc0000000-7f8dc175a000 rw-p 00000000 00:00 0 
7f8dc175a000-7f8dc4000000 ---p 00000000 00:00 0 
7f8dc4000000-7f8dc5ac7000 rw-p 00000000 00:00 0 
7f8dc5ac7000-7f8dc8000000 ---p 00000000 00:00 0 
7f8dc8000000-7f8dc809a000 rw-p 00000000 00:00 0 
7f8dc809a000-7f8dcc000000 ---p 00000000 00:00 0 
7f8dcc000000-7f8dcc084000 rw-p 00000000 00:00 0 
7f8dcc084000-7f8dd0000000 ---p 00000000 00:00 0 
7f8dd0000000-7f8dd00cd000 rw-p 00000000 00:00 0 
7f8dd00cd000-7f8dd4000000 ---p 00000000 00:00 0 
7f8dd405e000-7f8dd4067000 r-xp 00000000 fe:01 25173002                   /usr/lib/x86_64-linux-gnu/libXrender.so.1.3.0
7f8dd4067000-7f8dd4266000 ---p 00009000 fe:01 25173002                   /usr/lib/x86_64-linux-gnu/libXrender.so.1.3.0
7f8dd4266000-7f8dd4267000 r--p 00008000 fe:01 25173002                   /usr/lib/x86_64-linux-gnu/libXrender.so.1.3.0
7f8dd4267000-7f8dd4268000 rw-p 00009000 fe:01 25173002                   /usr/lib/x86_64-linux-gnu/libXrender.so.1.3.0
7f8dd4268000-7f8dd4279000 r-xp 00000000 fe:01 25173000                   /usr/lib/x86_64-linux-gnu/libXext.so.6.4.0
7f8dd4279000-7f8dd4478000 ---p 00011000 fe:01 25173000                   /usr/lib/x86_64-linux-gnu/libXext.so.6.4.0
7f8dd4478000-7f8dd4479000 r--p 00010000 fe:01 25173000                   /usr/lib/x86_64-linux-gnu/libXext.so.6.4.0
7f8dd4479000-7f8dd447a000 rw-p 00011000 fe:01 25173000                   /usr/lib/x86_64-linux-gnu/libXext.so.6.4.0
7f8dd447a000-7f8dd44c3000 r-xp 00000000 fe:01 28312115                   /usr/lib/jvm/java-7-openjdk-amd64/jre/lib/amd64/xawt/libmawt.so
7f8dd44c3000-7f8dd46c2000 ---p 00049000 fe:01 28312115                   /usr/lib/jvm/java-7-openjdk-amd64/jre/lib/amd64/xawt/libmawt.so
7f8dd46c2000-7f8dd46c3000 r--p 00048000 fe:01 28312115                   /usr/lib/jvm/java-7-openjdk-amd64/jre/lib/amd64/xawt/libmawt.so
7f8dd46c3000-7f8dd46c6000 rw-p 00049000 fe:01 28312115                   /usr/lib/jvm/java-7-openjdk-amd64/jre/lib/amd64/xawt/libmawt.so
7f8dd46c6000-7f8dd46c7000 rw-p 00000000 00:00 0 
7f8dd46c7000-7f8dd4766000 r-xp 00000000 fe:01 28051256                   /usr/lib/jvm/java-7-openjdk-amd64/jre/lib/amd64/libawt.so
7f8dd4766000-7f8dd4965000 ---p 0009f000 fe:01 28051256                   /usr/lib/jvm/java-7-openjdk-amd64/jre/lib/amd64/libawt.so
7f8dd4965000-7f8dd4966000 r--p 0009e000 fe:01 28051256                   /usr/lib/jvm/java-7-openjdk-amd64/jre/lib/amd64/libawt.so
7f8dd4966000-7f8dd4971000 rw-p 0009f000 fe:01 28051256                   /usr/lib/jvm/java-7-openjdk-amd64/jre/lib/amd64/libawt.so
7f8dd4971000-7f8dd4996000 rw-p 00000000 00:00 0 
7f8dd4996000-7f8dd4999000 ---p 00000000 00:00 0 
7f8dd4999000-7f8dd4b97000 rw-p 00000000 00:00 0                          [stack:5738]
7f8dd4b97000-7f8dd4b9a000 ---p 00000000 00:00 0 
7f8dd4b9a000-7f8dd5099000 rw-p 00000000 00:00 0                          [stack:5737]
7f8dd5099000-7f8dd5105000 r-xp 00000000 fe:01 26738933                   /lib/x86_64-linux-gnu/libpcre.so.3.13.1
7f8dd5105000-7f8dd5305000 ---p 0006c000 fe:01 26738933                   /lib/x86_64-linux-gnu/libpcre.so.3.13.1
7f8dd5305000-7f8dd5306000 r--p 0006c000 fe:01 26738933                   /lib/x86_64-linux-gnu/libpcre.so.3.13.1
7f8dd5306000-7f8dd5307000 rw-p 0006d000 fe:01 26738933                   /lib/x86_64-linux-gnu/libpcre.so.3.13.1
7f8dd5307000-7f8dd530e000 r-xp 00000000 fe:01 25170536                   /usr/lib/x86_64-linux-gnu/libffi.so.6.0.4
7f8dd530e000-7f8dd550e000 ---p 00007000 fe:01 25170536                   /usr/lib/x86_64-linux-gnu/libffi.so.6.0.4
7f8dd550e000-7f8dd550f000 r--p 00007000 fe:01 25170536                   /usr/lib/x86_64-linux-gnu/libffi.so.6.0.4
7f8dd550f000-7f8dd5510000 rw-p 00008000 fe:01 25170536                   /usr/lib/x86_64-linux-gnu/libffi.so.6.0.4
7f8dd5510000-7f8dd5524000 r-xp 00000000 fe:01 26742029                   /lib/x86_64-linux-gnu/libresolv-2.19.so
7f8dd5524000-7f8dd5723000 ---p 00014000 fe:01 26742029                   /lib/x86_64-linux-gnu/libresolv-2.19.so
7f8dd5723000-7f8dd5724000 r--p 00013000 fe:01 26742029                   /lib/x86_64-linux-gnu/libresolv-2.19.so
7f8dd5724000-7f8dd5725000 rw-p 00014000 fe:01 26742029                   /lib/x86_64-linux-gnu/libresolv-2.19.so
7f8dd5725000-7f8dd5727000 rw-p 00000000 00:00 0 
7f8dd5727000-7f8dd5748000 r-xp 00000000 fe:01 26738732                   /lib/x86_64-linux-gnu/libselinux.so.1
7f8dd5748000-7f8dd5948000 ---p 00021000 fe:01 26738732                   /lib/x86_64-linux-gnu/libselinux.so.1
7f8dd5948000-7f8dd5949000 r--p 00021000 fe:01 26738732                   /lib/x86_64-linux-gnu/libselinux.so.1
7f8dd5949000-7f8dd594a000 rw-p 00022000 fe:01 26738732                   /lib/x86_64-linux-gnu/libselinux.so.1
7f8dd594a000-7f8dd594c000 rw-p 00000000 00:00 0 
7f8dd594c000-7f8dd594f000 r-xp 00000000 fe:01 25172873                   /usr/lib/x86_64-linux-gnu/libgmodule-2.0.so.0.4400.1
7f8dd594f000-7f8dd5b4e000 ---p 00003000 fe:01 25172873                   /usr/lib/x86_64-linux-gnu/libgmodule-2.0.so.0.4400.1
7f8dd5b4e000-7f8dd5b4f000 r--p 00002000 fe:01 25172873                   /usr/lib/x86_64-linux-gnu/libgmodule-2.0.so.0.4400.1
7f8dd5b4f000-7f8dd5b50000 rw-p 00003000 fe:01 25172873                   /usr/lib/x86_64-linux-gnu/libgmodule-2.0.so.0.4400.1
7f8dd5b50000-7f8dd8000000 rw-p 00000000 00:00 0 
7f8dd8000000-7f8dd8245000 rw-p 00000000 00:00 0 
7f8dd8245000-7f8ddc000000 ---p 00000000 00:00 0 
7f8ddc000000-7f8ddc2b0000 rw-p 00000000 00:00 0 
7f8ddc2b0000-7f8de0000000 ---p 00000000 00:00 0 
7f8de0000000-7f8de005f000 rw-p 00000000 00:00 0 
7f8de005f000-7f8de4000000 ---p 00000000 00:00 0 
7f8de4027000-7f8de40bb000 rw-s 00000000 00:04 179273903                  /SYSV00000000 (deleted)
7f8de40bb000-7f8de40be000 ---p 00000000 00:00 0 
7f8de40be000-7f8de40f4000 rw-p 00000000 00:00 0                          [stack:5745]
7f8de40f4000-7f8de4201000 r-xp 00000000 fe:01 26738880                   /lib/x86_64-linux-gnu/libglib-2.0.so.0.4400.1
7f8de4201000-7f8de4400000 ---p 0010d000 fe:01 26738880                   /lib/x86_64-linux-gnu/libglib-2.0.so.0.4400.1
7f8de4400000-7f8de4401000 r--p 0010c000 fe:01 26738880                   /lib/x86_64-linux-gnu/libglib-2.0.so.0.4400.1
7f8de4401000-7f8de4402000 rw-p 0010d000 fe:01 26738880                   /lib/x86_64-linux-gnu/libglib-2.0.so.0.4400.1
7f8de4402000-7f8de4403000 rw-p 00000000 00:00 0 
7f8de4403000-7f8de4453000 r-xp 00000000 fe:01 25172874                   /usr/lib/x86_64-linux-gnu/libgobject-2.0.so.0.4400.1
7f8de4453000-7f8de4653000 ---p 00050000 fe:01 25172874                   /usr/lib/x86_64-linux-gnu/libgobject-2.0.so.0.4400.1
7f8de4653000-7f8de4654000 r--p 00050000 fe:01 25172874                   /usr/lib/x86_64-linux-gnu/libgobject-2.0.so.0.4400.1
7f8de4654000-7f8de4655000 rw-p 00051000 fe:01 25172874                   /usr/lib/x86_64-linux-gnu/libgobject-2.0.so.0.4400.1
7f8de4655000-7f8de47cd000 r-xp 00000000 fe:01 25172876                   /usr/lib/x86_64-linux-gnu/libgio-2.0.so.0.4400.1
7f8de47cd000-7f8de49cc000 ---p 00178000 fe:01 25172876                   /usr/lib/x86_64-linux-gnu/libgio-2.0.so.0.4400.1
7f8de49cc000-7f8de49d0000 r--p 00177000 fe:01 25172876                   /usr/lib/x86_64-linux-gnu/libgio-2.0.so.0.4400.1
7f8de49d0000-7f8de49d2000 rw-p 0017b000 fe:01 25172876                   /usr/lib/x86_64-linux-gnu/libgio-2.0.so.0.4400.1
7f8de49d2000-7f8de49d4000 rw-p 00000000 00:00 0 
7f8de49d4000-7f8de49eb000 r-xp 00000000 fe:01 28051279                   /usr/lib/jvm/java-7-openjdk-amd64/jre/lib/amd64/libnet.so
7f8de49eb000-7f8de4beb000 ---p 00017000 fe:01 28051279                   /usr/lib/jvm/java-7-openjdk-amd64/jre/lib/amd64/libnet.so
7f8de4beb000-7f8de4bec000 r--p 00017000 fe:01 28051279                   /usr/lib/jvm/java-7-openjdk-amd64/jre/lib/amd64/libnet.so
7f8de4bec000-7f8de4bed000 rw-p 00018000 fe:01 28051279                   /usr/lib/jvm/java-7-openjdk-amd64/jre/lib/amd64/libnet.so
7f8de4bed000-7f8de4bfe000 r-xp 00000000 fe:01 28051280                   /usr/lib/jvm/java-7-openjdk-amd64/jre/lib/amd64/libnio.so
7f8de4bfe000-7f8de4dfd000 ---p 00011000 fe:01 28051280                   /usr/lib/jvm/java-7-openjdk-amd64/jre/lib/amd64/libnio.so
7f8de4dfd000-7f8de4dfe000 r--p 00010000 fe:01 28051280                   /usr/lib/jvm/java-7-openjdk-amd64/jre/lib/amd64/libnio.so
7f8de4dfe000-7f8de4dff000 rw-p 00011000 fe:01 28051280                   /usr/lib/jvm/java-7-openjdk-amd64/jre/lib/amd64/libnio.so
7f8de4dff000-7f8de4e02000 ---p 00000000 00:00 0 
7f8de4e02000-7f8de5000000 rw-p 00000000 00:00 0                          [stack:5735]
7f8de5000000-7f8de5530000 rwxp 00000000 00:00 0 
7f8de5530000-7f8de8253000 rw-p 00000000 00:00 0 
7f8de8253000-7f8dec000000 ---p 00000000 00:00 0 
7f8dec000000-7f8dec00a000 r--s 00000000 fe:01 19137067                   /var/cache/fontconfig/3f7329c5293ffd510edef78f73874cfd-le64.cache-4
7f8dec00a000-7f8dec03f000 r--s 00000000 fe:01 19137238                   /var/cache/nscd/hosts
7f8dec03f000-7f8dec0bd000 r-xp 00000000 fe:01 26738703                   /lib/x86_64-linux-gnu/libsystemd.so.0.10.2
7f8dec0bd000-7f8dec0be000 ---p 0007e000 fe:01 26738703                   /lib/x86_64-linux-gnu/libsystemd.so.0.10.2
7f8dec0be000-7f8dec0c1000 r--p 0007e000 fe:01 26738703                   /lib/x86_64-linux-gnu/libsystemd.so.0.10.2
7f8dec0c1000-7f8dec0c2000 rw-p 00081000 fe:01 26738703                   /lib/x86_64-linux-gnu/libsystemd.so.0.10.2
7f8dec0c5000-7f8dec0c8000 r--s 00000000 fe:01 19137057                   /var/cache/fontconfig/e13b20fdb08344e0e664864cc2ede53d-le64.cache-4
7f8dec0dc000-7f8dec0dd000 ---p 00000000 00:00 0 
7f8dec0dd000-7f8dec1dd000 rw-p 00000000 00:00 0                          [stack:5736]
7f8dec1dd000-7f8dec1e0000 ---p 00000000 00:00 0 
7f8dec1e0000-7f8dec2de000 rw-p 00000000 00:00 0                          [stack:5734]
7f8dec2de000-7f8dec2e1000 ---p 00000000 00:00 0 
7f8dec2e1000-7f8dec3df000 rw-p 00000000 00:00 0                          [stack:5733]
7f8dec3df000-7f8dec3e2000 ---p 00000000 00:00 0 
7f8dec3e2000-7f8dec5e0000 rw-p 00000000 00:00 0                          [stack:5732]
7f8dec5e0000-7f8dec769000 r--p 00000000 fe:01 25170396                   /usr/lib/locale/locale-archive
7f8dec769000-7f8dec76c000 ---p 00000000 00:00 0 
7f8dec76c000-7f8dec96a000 rw-p 00000000 00:00 0                          [stack:5731]
7f8dec96a000-7f8dec96d000 ---p 00000000 00:00 0 
7f8dec96d000-7f8decb6b000 rw-p 00000000 00:00 0                          [stack:5730]
7f8decb6b000-7f8decb6c000 ---p 00000000 00:00 0 
7f8decb6c000-7f8ded621000 rw-p 00000000 00:00 0                          [stack:5729]
7f8ded621000-7f8ded7d3000 r--s 01d2b000 fe:01 27400145                   /usr/lib/jvm/java-7-openjdk-amd64/jre/lib/rt.jar
7f8ded7d3000-7f8dedb17000 rw-p 00000000 00:00 0 
7f8dedb17000-7f8dedb18000 ---p 00000000 00:00 0 
7f8dedb18000-7f8dedc18000 rw-p 00000000 00:00 0                          [stack:5728]
7f8dedc18000-7f8dedc19000 ---p 00000000 00:00 0 
7f8dedc19000-7f8dedd3f000 rw-p 00000000 00:00 0                          [stack:5727]
7f8dedd3f000-7f8dede21000 rw-p 00000000 00:00 0 
7f8dede21000-7f8dede59000 rw-p 00000000 00:00 0 
7f8dede59000-7f8dedee1000 rw-p 00000000 00:00 0 
7f8dedee1000-7f8dedf07000 rw-p 00000000 00:00 0 
7f8dedf07000-7f8dedfe8000 rw-p 00000000 00:00 0 
7f8dedfe8000-7f8dee06b000 rw-p 00000000 00:00 0 
7f8dee06b000-7f8dee06c000 ---p 00000000 00:00 0 
7f8dee06c000-7f8dee06d000 rw-p 00000000 00:00 0 
7f8dee06d000-7f8dee075000 r-xp 00000000 fe:01 28051285                   /usr/lib/jvm/java-7-openjdk-amd64/jre/lib/amd64/libzip.so
7f8dee075000-7f8dee274000 ---p 00008000 fe:01 28051285                   /usr/lib/jvm/java-7-openjdk-amd64/jre/lib/amd64/libzip.so
7f8dee274000-7f8dee275000 r--p 00007000 fe:01 28051285                   /usr/lib/jvm/java-7-openjdk-amd64/jre/lib/amd64/libzip.so
7f8dee275000-7f8dee276000 rw-p 00008000 fe:01 28051285                   /usr/lib/jvm/java-7-openjdk-amd64/jre/lib/amd64/libzip.so
7f8dee276000-7f8dee2a2000 r-xp 00000000 fe:01 28051267                   /usr/lib/jvm/java-7-openjdk-amd64/jre/lib/amd64/libjava.so
7f8dee2a2000-7f8dee4a1000 ---p 0002c000 fe:01 28051267                   /usr/lib/jvm/java-7-openjdk-amd64/jre/lib/amd64/libjava.so
7f8dee4a1000-7f8dee4a2000 r--p 0002b000 fe:01 28051267                   /usr/lib/jvm/java-7-openjdk-amd64/jre/lib/amd64/libjava.so
7f8dee4a2000-7f8dee4a4000 rw-p 0002c000 fe:01 28051267                   /usr/lib/jvm/java-7-openjdk-amd64/jre/lib/amd64/libjava.so
7f8dee4a4000-7f8dee4b3000 r-xp 00000000 fe:01 28051284                   /usr/lib/jvm/java-7-openjdk-amd64/jre/lib/amd64/libverify.so
7f8dee4b3000-7f8dee6b2000 ---p 0000f000 fe:01 28051284                   /usr/lib/jvm/java-7-openjdk-amd64/jre/lib/amd64/libverify.so
7f8dee6b2000-7f8dee6b4000 r--p 0000e000 fe:01 28051284                   /usr/lib/jvm/java-7-openjdk-amd64/jre/lib/amd64/libverify.so
7f8dee6b4000-7f8dee6b5000 rw-p 00010000 fe:01 28051284                   /usr/lib/jvm/java-7-openjdk-amd64/jre/lib/amd64/libverify.so
7f8dee6b5000-7f8dee6bc000 r-xp 00000000 fe:01 26742026                   /lib/x86_64-linux-gnu/librt-2.19.so
7f8dee6bc000-7f8dee8bb000 ---p 00007000 fe:01 26742026                   /lib/x86_64-linux-gnu/librt-2.19.so
7f8dee8bb000-7f8dee8bc000 r--p 00006000 fe:01 26742026                   /lib/x86_64-linux-gnu/librt-2.19.so
7f8dee8bc000-7f8dee8bd000 rw-p 00007000 fe:01 26742026                   /lib/x86_64-linux-gnu/librt-2.19.so
7f8dee8bd000-7f8dee8c0000 ---p 00000000 00:00 0 
7f8dee8c0000-7f8deeabe000 rw-p 00000000 00:00 0                          [stack:5726]
7f8deeabe000-7f8deead4000 r-xp 00000000 fe:01 26738781                   /lib/x86_64-linux-gnu/libgcc_s.so.1
7f8deead4000-7f8deecd3000 ---p 00016000 fe:01 26738781                   /lib/x86_64-linux-gnu/libgcc_s.so.1
7f8deecd3000-7f8deecd4000 rw-p 00015000 fe:01 26738781                   /lib/x86_64-linux-gnu/libgcc_s.so.1
7f8deecd4000-7f8deedd4000 r-xp 00000000 fe:01 26742037                   /lib/x86_64-linux-gnu/libm-2.19.so
7f8deedd4000-7f8deefd3000 ---p 00100000 fe:01 26742037                   /lib/x86_64-linux-gnu/libm-2.19.so
7f8deefd3000-7f8deefd4000 r--p 000ff000 fe:01 26742037                   /lib/x86_64-linux-gnu/libm-2.19.so
7f8deefd4000-7f8deefd5000 rw-p 00100000 fe:01 26742037                   /lib/x86_64-linux-gnu/libm-2.19.so
7f8deefd5000-7f8def140000 r-xp 00000000 fe:01 25165829                   /usr/lib/x86_64-linux-gnu/libstdc++.so.6.0.21
7f8def140000-7f8def340000 ---p 0016b000 fe:01 25165829                   /usr/lib/x86_64-linux-gnu/libstdc++.so.6.0.21
7f8def340000-7f8def34a000 r--p 0016b000 fe:01 25165829                   /usr/lib/x86_64-linux-gnu/libstdc++.so.6.0.21
7f8def34a000-7f8def34c000 rw-p 00175000 fe:01 25165829                   /usr/lib/x86_64-linux-gnu/libstdc++.so.6.0.21
7f8def34c000-7f8def350000 rw-p 00000000 00:00 0 
7f8def350000-7f8defea1000 r-xp 00000000 fe:01 28182581                   /usr/lib/jvm/java-7-openjdk-amd64/jre/lib/amd64/server/libjvm.so
7f8defea1000-7f8df00a1000 ---p 00b51000 fe:01 28182581                   /usr/lib/jvm/java-7-openjdk-amd64/jre/lib/amd64/server/libjvm.so
7f8df00a1000-7f8df0132000 r--p 00b51000 fe:01 28182581                   /usr/lib/jvm/java-7-openjdk-amd64/jre/lib/amd64/server/libjvm.so
7f8df0132000-7f8df0155000 rw-p 00be2000 fe:01 28182581                   /usr/lib/jvm/java-7-openjdk-amd64/jre/lib/amd64/server/libjvm.so
7f8df0155000-7f8df0180000 rw-p 00000000 00:00 0 
7f8df0180000-7f8df019a000 r-xp 00000000 fe:01 26738790                   /lib/x86_64-linux-gnu/libz.so.1.2.8
7f8df019a000-7f8df0399000 ---p 0001a000 fe:01 26738790                   /lib/x86_64-linux-gnu/libz.so.1.2.8
7f8df0399000-7f8df039a000 r--p 00019000 fe:01 26738790                   /lib/x86_64-linux-gnu/libz.so.1.2.8
7f8df039a000-7f8df039b000 rw-p 0001a000 fe:01 26738790                   /lib/x86_64-linux-gnu/libz.so.1.2.8
7f8df039b000-7f8df053a000 r-xp 00000000 fe:01 26742024                   /lib/x86_64-linux-gnu/libc-2.19.so
7f8df053a000-7f8df073a000 ---p 0019f000 fe:01 26742024                   /lib/x86_64-linux-gnu/libc-2.19.so
7f8df073a000-7f8df073e000 r--p 0019f000 fe:01 26742024                   /lib/x86_64-linux-gnu/libc-2.19.so
7f8df073e000-7f8df0740000 rw-p 001a3000 fe:01 26742024                   /lib/x86_64-linux-gnu/libc-2.19.so
7f8df0740000-7f8df0744000 rw-p 00000000 00:00 0 
7f8df0744000-7f8df0747000 r-xp 00000000 fe:01 26742043                   /lib/x86_64-linux-gnu/libdl-2.19.so
7f8df0747000-7f8df0946000 ---p 00003000 fe:01 26742043                   /lib/x86_64-linux-gnu/libdl-2.19.so
7f8df0946000-7f8df0947000 r--p 00002000 fe:01 26742043                   /lib/x86_64-linux-gnu/libdl-2.19.so
7f8df0947000-7f8df0948000 rw-p 00003000 fe:01 26742043                   /lib/x86_64-linux-gnu/libdl-2.19.so
7f8df0948000-7f8df0955000 r-xp 00000000 fe:01 28311809                   /usr/lib/jvm/java-7-openjdk-amd64/jre/lib/amd64/jli/libjli.so
7f8df0955000-7f8df0b54000 ---p 0000d000 fe:01 28311809                   /usr/lib/jvm/java-7-openjdk-amd64/jre/lib/amd64/jli/libjli.so
7f8df0b54000-7f8df0b55000 r--p 0000c000 fe:01 28311809                   /usr/lib/jvm/java-7-openjdk-amd64/jre/lib/amd64/jli/libjli.so
7f8df0b55000-7f8df0b56000 rw-p 0000d000 fe:01 28311809                   /usr/lib/jvm/java-7-openjdk-amd64/jre/lib/amd64/jli/libjli.so
7f8df0b56000-7f8df0b6e000 r-xp 00000000 fe:01 26742028                   /lib/x86_64-linux-gnu/libpthread-2.19.so
7f8df0b6e000-7f8df0d6d000 ---p 00018000 fe:01 26742028                   /lib/x86_64-linux-gnu/libpthread-2.19.so
7f8df0d6d000-7f8df0d6e000 r--p 00017000 fe:01 26742028                   /lib/x86_64-linux-gnu/libpthread-2.19.so
7f8df0d6e000-7f8df0d6f000 rw-p 00018000 fe:01 26742028                   /lib/x86_64-linux-gnu/libpthread-2.19.so
7f8df0d6f000-7f8df0d73000 rw-p 00000000 00:00 0 
7f8df0d73000-7f8df0d93000 r-xp 00000000 fe:01 26742033                   /lib/x86_64-linux-gnu/ld-2.19.so
7f8df0da6000-7f8df0df5000 rw-p 00000000 00:00 0 
7f8df0df5000-7f8df0e7d000 rw-p 00000000 00:00 0 
7f8df0e7d000-7f8df0e92000 rw-p 00000000 00:00 0 
7f8df0e92000-7f8df0f3d000 rw-p 00000000 00:00 0 
7f8df0f3d000-7f8df0f72000 r--s 00000000 fe:01 19137138                   /var/cache/nscd/passwd
7f8df0f72000-7f8df0f77000 rw-p 00000000 00:00 0 
7f8df0f78000-7f8df0f79000 r--s 00000000 fe:01 19137069                   /var/cache/fontconfig/4794a0821666d79190d59a36cb4f44b5-le64.cache-4
7f8df0f82000-7f8df0f87000 r--s 0004d000 fe:01 27400139                   /usr/lib/jvm/java-7-openjdk-amd64/jre/lib/jsse.jar
7f8df0f87000-7f8df0f8f000 rw-s 00000000 fe:01 29360169                   /tmp/hsperfdata_NotSimon/5725
7f8df0f8f000-7f8df0f90000 rw-p 00000000 00:00 0 
7f8df0f90000-7f8df0f91000 r--p 00000000 00:00 0 
7f8df0f91000-7f8df0f93000 rw-p 00000000 00:00 0 
7f8df0f93000-7f8df0f94000 r--p 00020000 fe:01 26742033                   /lib/x86_64-linux-gnu/ld-2.19.so
7f8df0f94000-7f8df0f95000 rw-p 00021000 fe:01 26742033                   /lib/x86_64-linux-gnu/ld-2.19.so
7f8df0f95000-7f8df0f96000 rw-p 00000000 00:00 0 
7fffbaf7a000-7fffbaf9c000 rw-p 00000000 00:00 0                          [stack]
7fffbafd0000-7fffbafd2000 r-xp 00000000 00:00 0                          [vdso]
7fffbafd2000-7fffbafd4000 r--p 00000000 00:00 0                          [vvar]
ffffffffff600000-ffffffffff601000 r-xp 00000000 00:00 0                  [vsyscall]

VM Arguments:
jvm_args: -Djdk.home=/usr/lib/jvm/java-7-openjdk-amd64 -Dnetbeans.default_userdir_root=/home/NotSimon/.netbeans -Dnetbeans.running.environment=gnome -Dnetbeans.dirs=/usr/share/netbeans/8.0.2/nb:/usr/share/netbeans/8.0.2/ergonomics:/usr/share/netbeans/8.0.2/ide:/usr/share/netbeans/8.0.2/extide:/usr/share/netbeans/8.0.2/java:/usr/share/netbeans/8.0.2/apisupport:/usr/share/netbeans/8.0.2/webcommon:/usr/share/netbeans/8.0.2/websvccommon:/usr/share/netbeans/8.0.2/enterprise:/usr/share/netbeans/8.0.2/mobility:/usr/share/netbeans/8.0.2/profiler:/usr/share/netbeans/8.0.2/python:/usr/share/netbeans/8.0.2/php:/usr/share/netbeans/8.0.2/identity:/usr/share/netbeans/8.0.2/harness:/usr/share/netbeans/8.0.2/cnd:/usr/share/netbeans/8.0.2/dlight:/usr/share/netbeans/8.0.2/groovy:/usr/share/netbeans/8.0.2/extra:/usr/share/netbeans/8.0.2/javacard:/usr/share/netbeans/8.0.2/javafx: -Dnetbeans.home=/usr/share/netbeans/8.0.2/platform -Dnetbeans.importclass=org.netbeans.upgrade.AutoUpgrade -Dnetbeans.accept_license_class=org.netbeans.license.AcceptLicense -Xmx789m -Xss2m -Xms32m -XX:PermSize=32m -Dapple.laf.useScreenMenuBar=true -Dapple.awt.graphics.UseQuartz=true -Dsun.java2d.noddraw=true -Dsun.java2d.dpiaware=true -Dsun.zip.disableMemoryMapping=true -Dsun.java2d.pmoffscreen=false -XX:MaxPermSize=384m -XX:+HeapDumpOnOutOfMemoryError -XX:HeapDumpPath=/home/NotSimon/.netbeans/8.0.2/var/log/heapdump.hprof 
java_command: org.netbeans.Main --cachedir /home/NotSimon/.cache/netbeans/8.0.2 --userdir /home/NotSimon/.netbeans/8.0.2 --branding nb
Launcher Type: SUN_STANDARD

Environment Variables:
PATH=/usr/local/bin:/usr/bin:/bin:/usr/games
LD_LIBRARY_PATH=/usr/lib/jvm/java-7-openjdk-amd64/bin/../jre/lib/amd64:/usr/lib/jvm/java-7-openjdk-amd64/bin/../jre/lib/i386:
SHELL=/bin/bash
DISPLAY=:0

Signal Handlers:
SIGSEGV: [libjvm.so+0x995800], sa_mask[0]=0x7ffbfeff, sa_flags=0x10000004
SIGBUS: [libjvm.so+0x995800], sa_mask[0]=0x7ffbfeff, sa_flags=0x10000004
SIGFPE: [libjvm.so+0x7fca50], sa_mask[0]=0x7ffbfeff, sa_flags=0x10000004
SIGPIPE: [libjvm.so+0x7fca50], sa_mask[0]=0x7ffbfeff, sa_flags=0x10000004
SIGXFSZ: [libjvm.so+0x7fca50], sa_mask[0]=0x7ffbfeff, sa_flags=0x10000004
SIGILL: [libjvm.so+0x7fca50], sa_mask[0]=0x7ffbfeff, sa_flags=0x10000004
SIGUSR1: SIG_DFL, sa_mask[0]=0x00000000, sa_flags=0x00000000
SIGUSR2: [libjvm.so+0x7fc8d0], sa_mask[0]=0x00000000, sa_flags=0x10000004
SIGHUP: [libjvm.so+0x7fca60], sa_mask[0]=0x7ffbfeff, sa_flags=0x10000004
SIGINT: SIG_IGN, sa_mask[0]=0x00000000, sa_flags=0x00000000
SIGTERM: [libjvm.so+0x7fca60], sa_mask[0]=0x7ffbfeff, sa_flags=0x10000004
SIGQUIT: [libjvm.so+0x7fca60], sa_mask[0]=0x7ffbfeff, sa_flags=0x10000004
SIGTRAP: SIG_DFL, sa_mask[0]=0x00000000, sa_flags=0x00000000


---------------  S Y S T E M  ---------------

OS:stretch/sid

uname:Linux 3.16.0-4-amd64 #1 SMP Debian 3.16.7-ckt11-1+deb8u3 (2015-08-04) x86_64
libc:glibc 2.19 NPTL 2.19 
rlimit: STACK 8192k, CORE 0k, NPROC 15717, NOFILE 65536, AS infinity
load average:1.42 0.75 0.43

/proc/meminfo:
MemTotal:        4043688 kB
MemFree:         1775804 kB
MemAvailable:    2766700 kB
Buffers:           64828 kB
Cached:          1118872 kB
SwapCached:            0 kB
Active:          1554252 kB
Inactive:         567620 kB
Active(anon):     959816 kB
Inactive(anon):    24028 kB
Active(file):     594436 kB
Inactive(file):   543592 kB
Unevictable:          32 kB
Mlocked:              32 kB
SwapTotal:       8355836 kB
SwapFree:        8355836 kB
Dirty:               860 kB
Writeback:             0 kB
AnonPages:        938204 kB
Mapped:           183056 kB
Shmem:             45676 kB
Slab:              67160 kB
SReclaimable:      43620 kB
SUnreclaim:        23540 kB
KernelStack:        4464 kB
PageTables:        16112 kB
NFS_Unstable:          0 kB
Bounce:                0 kB
WritebackTmp:          0 kB
CommitLimit:    10377680 kB
Committed_AS:    2362624 kB
VmallocTotal:   34359738367 kB
VmallocUsed:      116164 kB
VmallocChunk:   34359618556 kB
HardwareCorrupted:     0 kB
AnonHugePages:         0 kB
HugePages_Total:       0
HugePages_Free:        0
HugePages_Rsvd:        0
HugePages_Surp:        0
Hugepagesize:       2048 kB
DirectMap4k:      206548 kB
DirectMap2M:     3971072 kB


CPU:total 2 (2 cores per cpu, 1 threads per core) family 6 model 26 stepping 5, cmov, cx8, fxsr, mmx, sse, sse2, sse3, ssse3, sse4.1, sse4.2, popcnt, tsc, tscinvbit, tscinv

/proc/cpuinfo:
processor	: 0
vendor_id	: GenuineIntel
cpu family	: 6
model		: 26
model name	: Intel(R) Xeon(R) CPU           W3505  @ 2.53GHz
stepping	: 5
microcode	: 0xf
cpu MHz		: 2527.000
cache size	: 4096 KB
physical id	: 0
siblings	: 2
core id		: 0
cpu cores	: 2
apicid		: 0
initial apicid	: 0
fpu		: yes
fpu_exception	: yes
cpuid level	: 11
wp		: yes
flags		: fpu vme de pse tsc msr pae mce cx8 apic sep mtrr pge mca cmov pat pse36 clflush dts acpi mmx fxsr sse sse2 ss ht tm pbe syscall nx rdtscp lm constant_tsc arch_perfmon pebs bts rep_good nopl xtopology nonstop_tsc aperfmperf pni dtes64 monitor ds_cpl vmx est tm2 ssse3 cx16 xtpr pdcm dca sse4_1 sse4_2 popcnt lahf_lm dtherm tpr_shadow vnmi flexpriority ept vpid
bogomips	: 5066.97
clflush size	: 64
cache_alignment	: 64
address sizes	: 36 bits physical, 48 bits virtual
power management:

processor	: 1
vendor_id	: GenuineIntel
cpu family	: 6
model		: 26
model name	: Intel(R) Xeon(R) CPU           W3505  @ 2.53GHz
stepping	: 5
microcode	: 0xf
cpu MHz		: 2128.000
cache size	: 4096 KB
physical id	: 0
siblings	: 2
core id		: 2
cpu cores	: 2
apicid		: 4
initial apicid	: 4
fpu		: yes
fpu_exception	: yes
cpuid level	: 11
wp		: yes
flags		: fpu vme de pse tsc msr pae mce cx8 apic sep mtrr pge mca cmov pat pse36 clflush dts acpi mmx fxsr sse sse2 ss ht tm pbe syscall nx rdtscp lm constant_tsc arch_perfmon pebs bts rep_good nopl xtopology nonstop_tsc aperfmperf pni dtes64 monitor ds_cpl vmx est tm2 ssse3 cx16 xtpr pdcm dca sse4_1 sse4_2 popcnt lahf_lm dtherm tpr_shadow vnmi flexpriority ept vpid
bogomips	: 5066.97
clflush size	: 64
cache_alignment	: 64
address sizes	: 36 bits physical, 48 bits virtual
power management:



Memory: 4k page, physical 4043688k(1775804k free), swap 8355836k(8355836k free)

vm_info: OpenJDK 64-Bit Server VM (24.85-b03) for linux-amd64 JRE (1.7.0_85-b01), built on Sep  5 2015 23:29:12 by "buildd" with gcc 5.2.1 20150903

time: Thu Sep 17 07:40:14 2015
elapsed time: 28 seconds

