#
# A fatal error has been detected by the Java Runtime Environment:
#
#  SIGSEGV (0xb) at pc=0x00007f00bc636823, pid=23250, tid=139639772690176
#
# JRE version: OpenJDK Runtime Environment (7.0_85-b01) (build 1.7.0_85-b01)
# Java VM: OpenJDK 64-Bit Server VM (24.85-b03 mixed mode linux-amd64 compressed oops)
# Derivative: IcedTea 2.6.1
# Distribution: Debian GNU/Linux buildd-unstable (sid), package 7u85-2.6.1-3
# Problematic frame:
# V  [libjvm.so+0x2f2823]  BiasedLocking::revoke_and_rebias(Handle, bool, Thread*)+0x33
#
# Failed to write core dump. Core dumps have been disabled. To enable core dumping, try "ulimit -c unlimited" before starting Java again
#
# If you would like to submit a bug report, please include
# instructions on how to reproduce the bug and visit:
#   http://icedtea.classpath.org/bugzilla
#

---------------  T H R E A D  ---------------

Current thread (0x00007f0084003000):  JavaThread "Thread-1" [_thread_in_vm, id=23273, stack(0x00007f006a8c3000,0x00007f006b0c4000)]

siginfo:si_signo=SIGSEGV: si_errno=0, si_code=1 (SEGV_MAPERR), si_addr=0x0000000000000001

Registers:
RAX=0x00007f00bd12a2c8, RBX=0x0000000000000000, RCX=0x00007f008c0fc010, RDX=0x00007f0084003000
RSP=0x00007f006b0c2c80, RBP=0x00007f006b0c2d30, RSI=0x0000000000000000, RDI=0x00007f008c0fc010
R8 =0x0000000000000000, R9 =0x00003bd500000000, R10=0x0000000000000001, R11=0x000000000000007b
R12=0x00007f008c0fc010, R13=0x00007f0084003000, R14=0x000000007fffffff, R15=0x00007f0072893cb0
RIP=0x00007f00bc636823, EFLAGS=0x0000000000010246, CSGSFS=0x0000000000000033, ERR=0x0000000000000004
  TRAPNO=0x000000000000000e

Top of Stack: (sp=0x00007f006b0c2c80)
0x00007f006b0c2c80:   00009b6884003000 00007f009ad105d9
0x00007f006b0c2c90:   00007f008c0fc010 f407752bdc263d00
0x00007f006b0c2ca0:   00007f00840031d8 0000000000000000
0x00007f006b0c2cb0:   00007f006c11b030 00007f006c0cabb0
0x00007f006b0c2cc0:   00007f0090446430 f407752bdc263d00
0x00007f006b0c2cd0:   00007f006b0c2e00 00007f006c10b0e0
0x00007f006b0c2ce0:   00007f006b0c2e30 f407752bdc263d00
0x00007f006b0c2cf0:   0000000000000000 f407752bdc263d00
0x00007f006b0c2d00:   00007f006b0c2e30 00007f0084003000
0x00007f006b0c2d10:   00007f008c0fc010 0000000000000000
0x00007f006b0c2d20:   000000007fffffff 00007f0072893cb0
0x00007f006b0c2d30:   00007f006b0c2d50 00007f00bcc4baba
0x00007f006b0c2d40:   00007f0084003000 00007f00840031d8
0x00007f006b0c2d50:   00007f006b0c2db0 00007f00bc95c353
0x00007f006b0c2d60:   00007f0084003000 0000000000000000
0x00007f006b0c2d70:   00007f006b0c2db0 00007f00733826ca
0x00007f006b0c2d80:   0000000000000000 f407752bdc263d00
0x00007f006b0c2d90:   0000000000000000 00007f006b0c2e24
0x00007f006b0c2da0:   00007f006b0c2e28 0000000000000000
0x00007f006b0c2db0:   00007f006b0c2dd0 00007f007337e901
0x00007f006b0c2dc0:   0000000000000001 00007f00840031d8
0x00007f006b0c2dd0:   00007f00905af030 00007f0072893cce
0x00007f006b0c2de0:   00007f006c11b030 00007f006c11b030
0x00007f006b0c2df0:   00007f006b0c2e30 00007f009ad203fd
0x00007f006b0c2e00:   0000000000000002 000000009ad20a2a
0x00007f006b0c2e10:   00007f006b0c2e24 00007f006b0c2eb0
0x00007f006b0c2e20:   ffffffff00000000 00007f00906bc630
0x00007f006b0c2e30:   00007f006c11b030 00007f0000000001
0x00007f006b0c2e40:   00007f006c1130e0 00007f00906bc630
0x00007f006b0c2e50:   00007f00bdf88060 f407752bdc263d00
0x00007f006b0c2e60:   0000000000000000 00007f006c11b030
0x00007f006b0c2e70:   0000000000000001 00007f0084000a50 

Instructions: (pc=0x00007f00bc636823)
0x00007f00bc636803:   48 81 ec 88 00 00 00 48 89 bd 60 ff ff ff 4c 8b
0x00007f00bc636813:   17 64 48 8b 1c 25 28 00 00 00 48 89 5d c8 31 db
0x00007f00bc636823:   49 8b 1a 49 89 d9 41 83 e1 07 49 83 f9 05 74 3d
0x00007f00bc636833:   48 8b 09 b8 01 00 00 00 48 8b 11 83 e2 07 48 83 

Register to memory mapping:

RAX=0x00007f00bd12a2c8: <offset 0xde62c8> in /usr/lib/jvm/java-7-openjdk-amd64/jre/lib/amd64/server/libjvm.so at 0x00007f00bc344000
RBX=0x0000000000000000 is an unknown value
RCX=0x00007f008c0fc010 is an unknown value
RDX=0x00007f0084003000 is a thread
RSP=0x00007f006b0c2c80 is pointing into the stack for thread: 0x00007f0084003000
RBP=0x00007f006b0c2d30 is pointing into the stack for thread: 0x00007f0084003000
RSI=0x0000000000000000 is an unknown value
RDI=0x00007f008c0fc010 is an unknown value
R8 =0x0000000000000000 is an unknown value
R9 =0x00003bd500000000 is an unknown value
R10=0x0000000000000001 is an unknown value
R11=0x000000000000007b is an unknown value
R12=0x00007f008c0fc010 is an unknown value
R13=0x00007f0084003000 is a thread
R14=0x000000007fffffff is an unknown value
R15=0x00007f0072893cb0: <offset 0x57cb0> in /usr/lib/x86_64-linux-gnu/libgdk-x11-2.0.so.0 at 0x00007f007283c000


Stack: [0x00007f006a8c3000,0x00007f006b0c4000],  sp=0x00007f006b0c2c80,  free space=8191k
Native frames: (J=compiled Java code, j=interpreted, Vv=VM code, C=native code)
V  [libjvm.so+0x2f2823]  BiasedLocking::revoke_and_rebias(Handle, bool, Thread*)+0x33
V  [libjvm.so+0x907aba]  ObjectSynchronizer::jni_enter(Handle, Thread*)+0x5a
V  [libjvm.so+0x618353]  jni_MonitorEnter+0xc3
C  [libatk-wrapper.so.1.2.22+0x4901]  jni_threads_lock+0x32


---------------  P R O C E S S  ---------------

Java Threads: ( => current thread )
  0x00007f006d7f5000 JavaThread "Inactive RequestProcessor thread [Was:On Start/Stop/null]" daemon [_thread_blocked, id=23321, stack(0x00007f0069063000,0x00007f0069264000)]
  0x00007f006d7f3000 JavaThread "Inactive RequestProcessor thread [Was:On Start/Stop/null]" daemon [_thread_blocked, id=23320, stack(0x00007f0069264000,0x00007f0069465000)]
  0x00007f006c34a000 JavaThread "Inactive RequestProcessor thread [Was:On Start/Stop/org.netbeans.modules.i18n.form.I18nFormCrossModule]" daemon [_thread_blocked, id=23319, stack(0x00007f0069465000,0x00007f0069666000)]
  0x00007f006d7ad000 JavaThread "Inactive RequestProcessor thread [Was:Default RequestProcessor/org.netbeans.core.CoreBridgeImpl$1]" daemon [_thread_blocked, id=23318, stack(0x00007f0069666000,0x00007f0069867000)]
  0x00007f006c46f000 JavaThread "On Start/Stop" daemon [_thread_in_vm, id=23317, stack(0x00007f0069867000,0x00007f0069a68000)]
  0x0000000001a9b800 JavaThread "On Start/Stop" daemon [_thread_in_vm, id=23314, stack(0x00007f0069a68000,0x00007f0069c69000)]
  0x00007f006d76a000 JavaThread "Bundle File Closer" daemon [_thread_blocked, id=23313, stack(0x00007f0069c69000,0x00007f0069e6a000)]
  0x00007f006d33f800 JavaThread "Framework Event Dispatcher" daemon [_thread_blocked, id=23311, stack(0x00007f0069e6a000,0x00007f006a06b000)]
  0x00007f006d32b800 JavaThread "State Saver" [_thread_blocked, id=23310, stack(0x00007f006a06b000,0x00007f006a26c000)]
  0x00007f006cc6b000 JavaThread "Framework Active Thread" [_thread_blocked, id=23308, stack(0x00007f006a26c000,0x00007f006a46d000)]
=>0x00007f0084003000 JavaThread "Thread-1" [_thread_in_vm, id=23273, stack(0x00007f006a8c3000,0x00007f006b0c4000)]
  0x00007f006c120800 JavaThread "AWT-EventQueue-1" [_thread_in_native, id=23274, stack(0x00007f006a6c2000,0x00007f006a8c3000)]
  0x00007f006c0de000 JavaThread "AWT-EventQueue-0" [_thread_blocked, id=23272, stack(0x00007f006b0c4000,0x00007f006b2c5000)]
  0x00007f006c0da800 JavaThread "AWT-Shutdown" [_thread_blocked, id=23271, stack(0x00007f006b2c5000,0x00007f006b4c6000)]
  0x00007f006c0b2000 JavaThread "process reaper" daemon [_thread_blocked, id=23270, stack(0x00007f0098010000,0x00007f0098049000)]
  0x00007f006c0b0000 JavaThread "AWT-XAWT" daemon [_thread_in_native, id=23268, stack(0x00007f0073594000,0x00007f0073795000)]
  0x00007f006c08d800 JavaThread "Java2D Disposer" daemon [_thread_blocked, id=23267, stack(0x00007f0073ba6000,0x00007f0073da7000)]
  0x00007f006c040800 JavaThread "RequestProcessor queue manager" daemon [_thread_blocked, id=23266, stack(0x00007f0078421000,0x00007f0078622000)]
  0x00007f00b421a800 JavaThread "main" [_thread_blocked, id=23265, stack(0x00007f0078622000,0x00007f0078823000)]
  0x00007f00b4215800 JavaThread "Netigso Events" daemon [_thread_blocked, id=23264, stack(0x00007f0078823000,0x00007f0078a24000)]
  0x00007f00b41de000 JavaThread "CLI Requests Server" daemon [_thread_in_native, id=23263, stack(0x00007f0099b1d000,0x00007f0099d1e000)]
  0x00007f00b419c800 JavaThread "Active Reference Queue Daemon" daemon [_thread_blocked, id=23262, stack(0x00007f0099d1e000,0x00007f0099f1f000)]
  0x00007f00b40a9800 JavaThread "Service Thread" daemon [_thread_blocked, id=23260, stack(0x00007f009bafd000,0x00007f009bcfe000)]
  0x00007f00b40a7000 JavaThread "C2 CompilerThread1" daemon [_thread_in_native, id=23259, stack(0x00007f009bcfe000,0x00007f009bdff000)]
  0x00007f00b40a4800 JavaThread "C2 CompilerThread0" daemon [_thread_in_native, id=23258, stack(0x00007f00b000b000,0x00007f00b010c000)]
  0x00007f00b40a2000 JavaThread "Signal Dispatcher" daemon [_thread_blocked, id=23257, stack(0x00007f009bdff000,0x00007f009c000000)]
  0x00007f00b4077000 JavaThread "Finalizer" daemon [_thread_blocked, id=23256, stack(0x00007f00b0295000,0x00007f00b0496000)]
  0x00007f00b4075000 JavaThread "Reference Handler" daemon [_thread_blocked, id=23255, stack(0x00007f00b0496000,0x00007f00b0697000)]
  0x00007f00b4009800 JavaThread "main" [_thread_blocked, id=23251, stack(0x00007f00bb8b1000,0x00007f00bbab2000)]

Other Threads:
  0x00007f00b4070800 VMThread [stack: 0x00007f00b0697000,0x00007f00b0798000] [id=23254]
  0x00007f00b40b4800 WatcherThread [stack: 0x00007f009b9fc000,0x00007f009bafd000] [id=23261]

VM state:not at safepoint (normal execution)

VM Mutex/Monitor currently owned by a thread: None

Heap
 PSYoungGen      total 153600K, used 32069K [0x00000000ef880000, 0x00000000fed80000, 0x0000000100000000)
  eden space 144384K, 17% used [0x00000000ef880000,0x00000000f1107b38,0x00000000f8580000)
  from space 9216K, 75% used [0x00000000f8580000,0x00000000f8c49c80,0x00000000f8e80000)
  to   space 9728K, 0% used [0x00000000fe400000,0x00000000fe400000,0x00000000fed80000)
 ParOldGen       total 22016K, used 17192K [0x00000000cea00000, 0x00000000cff80000, 0x00000000ef880000)
  object space 22016K, 78% used [0x00000000cea00000,0x00000000cfaca388,0x00000000cff80000)
 PSPermGen       total 32768K, used 21817K [0x00000000b6a00000, 0x00000000b8a00000, 0x00000000cea00000)
  object space 32768K, 66% used [0x00000000b6a00000,0x00000000b7f4e730,0x00000000b8a00000)

Card table byte_map: [0x00007f00b3db4000,0x00007f00b4000000] byte_map_base: 0x00007f00b37ff000

Polling page: 0x00007f00bdf84000

Code Cache  [0x00007f00b8061000, 0x00007f00b8361000, 0x00007f00bb061000)
 total_blobs=1208 nmethods=712 adapters=450 free_code_cache=46242Kb largest_free_block=47226176

Compilation events (10 events):
Event: 11.928 Thread 0x00007f00b40a7000 nmethod 810 0x00007f00b8314b50 code [0x00007f00b8314ca0, 0x00007f00b8314d88]
Event: 11.928 Thread 0x00007f00b40a7000  811             org.openide.filesystems.MultiFileObject::freeAttribCache (8 bytes)
Event: 11.932 Thread 0x00007f00b40a4800 

Event: 11.932 Thread 0x00007f00b40a4800  812             org.openide.filesystems.MultiFileObject$AttributeCache::access$000 (5 bytes)
Event: 11.932 Thread 0x00007f00b40a4800 nmethod 812 0x00007f00b8279790 code [0x00007f00b82798c0, 0x00007f00b8279938]
Event: 11.932 Thread 0x00007f00b40a4800  813             org.openide.filesystems.MultiFileObject$AttributeCache::free (12 bytes)
Event: 11.932 Thread 0x00007f00b40a4800 nmethod 813 0x00007f00b8314950 code [0x00007f00b8314a80, 0x00007f00b8314af8]
Event: 11.932 Thread 0x00007f00b40a4800  814             org.netbeans.core.startup.layers.BinaryFS::isReadOnly (2 bytes)
Event: 11.933 Thread 0x00007f00b40a4800 nmethod 814 0x00007f00b8279590 code [0x00007f00b82796c0, 0x00007f00b8279718]
Event: 11.933 Thread 0x00007f00b40a4800  815             org.openide.filesystems.MultiFileObject::superRefresh (6 bytes)

GC Heap History (10 events):
Event: 3.604 GC heap before
{Heap before GC invocations=5 (full 0):
 PSYoungGen      total 37888K, used 37888K [0x00000000ef880000, 0x00000000f1e80000, 0x0000000100000000)
  eden space 36864K, 100% used [0x00000000ef880000,0x00000000f1c80000,0x00000000f1c80000)
  from space 1024K, 100% used [0x00000000f1d80000,0x00000000f1e80000,0x00000000f1e80000)
  to   space 1024K, 0% used [0x00000000f1c80000,0x00000000f1c80000,0x00000000f1d80000)
 ParOldGen       total 22016K, used 4788K [0x00000000cea00000, 0x00000000cff80000, 0x00000000ef880000)
  object space 22016K, 21% used [0x00000000cea00000,0x00000000ceead1a8,0x00000000cff80000)
 PSPermGen       total 32768K, used 16183K [0x00000000b6a00000, 0x00000000b8a00000, 0x00000000cea00000)
  object space 32768K, 49% used [0x00000000b6a00000,0x00000000b79cdec8,0x00000000b8a00000)
Event: 3.617 GC heap after
Heap after GC invocations=5 (full 0):
 PSYoungGen      total 37888K, used 992K [0x00000000ef880000, 0x00000000f4780000, 0x0000000100000000)
  eden space 36864K, 0% used [0x00000000ef880000,0x00000000ef880000,0x00000000f1c80000)
  from space 1024K, 96% used [0x00000000f1c80000,0x00000000f1d78020,0x00000000f1d80000)
  to   space 3584K, 0% used [0x00000000f4400000,0x00000000f4400000,0x00000000f4780000)
 ParOldGen       total 22016K, used 6717K [0x00000000cea00000, 0x00000000cff80000, 0x00000000ef880000)
  object space 22016K, 30% used [0x00000000cea00000,0x00000000cf08f488,0x00000000cff80000)
 PSPermGen       total 32768K, used 16183K [0x00000000b6a00000, 0x00000000b8a00000, 0x00000000cea00000)
  object space 32768K, 49% used [0x00000000b6a00000,0x00000000b79cdec8,0x00000000b8a00000)
}
Event: 3.853 GC heap before
{Heap before GC invocations=6 (full 0):
 PSYoungGen      total 37888K, used 37856K [0x00000000ef880000, 0x00000000f4780000, 0x0000000100000000)
  eden space 36864K, 100% used [0x00000000ef880000,0x00000000f1c80000,0x00000000f1c80000)
  from space 1024K, 96% used [0x00000000f1c80000,0x00000000f1d78020,0x00000000f1d80000)
  to   space 3584K, 0% used [0x00000000f4400000,0x00000000f4400000,0x00000000f4780000)
 ParOldGen       total 22016K, used 6717K [0x00000000cea00000, 0x00000000cff80000, 0x00000000ef880000)
  object space 22016K, 30% used [0x00000000cea00000,0x00000000cf08f488,0x00000000cff80000)
 PSPermGen       total 32768K, used 16551K [0x00000000b6a00000, 0x00000000b8a00000, 0x00000000cea00000)
  object space 32768K, 50% used [0x00000000b6a00000,0x00000000b7a29f98,0x00000000b8a00000)
Event: 3.862 GC heap after
Heap after GC invocations=6 (full 0):
 PSYoungGen      total 77312K, used 2544K [0x00000000ef880000, 0x00000000f4780000, 0x0000000100000000)
  eden space 73728K, 0% used [0x00000000ef880000,0x00000000ef880000,0x00000000f4080000)
  from space 3584K, 70% used [0x00000000f4400000,0x00000000f467c010,0x00000000f4780000)
  to   space 3584K, 0% used [0x00000000f4080000,0x00000000f4080000,0x00000000f4400000)
 ParOldGen       total 22016K, used 6717K [0x00000000cea00000, 0x00000000cff80000, 0x00000000ef880000)
  object space 22016K, 30% used [0x00000000cea00000,0x00000000cf08f488,0x00000000cff80000)
 PSPermGen       total 32768K, used 16551K [0x00000000b6a00000, 0x00000000b8a00000, 0x00000000cea00000)
  object space 32768K, 50% used [0x00000000b6a00000,0x00000000b7a29f98,0x00000000b8a00000)
}
Event: 5.238 GC heap before
{Heap before GC invocations=7 (full 0):
 PSYoungGen      total 77312K, used 76272K [0x00000000ef880000, 0x00000000f4780000, 0x0000000100000000)
  eden space 73728K, 100% used [0x00000000ef880000,0x00000000f4080000,0x00000000f4080000)
  from space 3584K, 70% used [0x00000000f4400000,0x00000000f467c010,0x00000000f4780000)
  to   space 3584K, 0% used [0x00000000f4080000,0x00000000f4080000,0x00000000f4400000)
 ParOldGen       total 22016K, used 6717K [0x00000000cea00000, 0x00000000cff80000, 0x00000000ef880000)
  object space 22016K, 30% used [0x00000000cea00000,0x00000000cf08f488,0x00000000cff80000)
 PSPermGen       total 32768K, used 19663K [0x00000000b6a00000, 0x00000000b8a00000, 0x00000000cea00000)
  object space 32768K, 60% used [0x00000000b6a00000,0x00000000b7d33c60,0x00000000b8a00000)
Event: 5.259 GC heap after
Heap after GC invocations=7 (full 0):
 PSYoungGen      total 77312K, used 3554K [0x00000000ef880000, 0x00000000f9480000, 0x0000000100000000)
  eden space 73728K, 0% used [0x00000000ef880000,0x00000000ef880000,0x00000000f4080000)
  from space 3584K, 99% used [0x00000000f4080000,0x00000000f43f89b0,0x00000000f4400000)
  to   space 6144K, 0% used [0x00000000f8e80000,0x00000000f8e80000,0x00000000f9480000)
 ParOldGen       total 22016K, used 11065K [0x00000000cea00000, 0x00000000cff80000, 0x00000000ef880000)
  object space 22016K, 50% used [0x00000000cea00000,0x00000000cf4ce668,0x00000000cff80000)
 PSPermGen       total 32768K, used 19663K [0x00000000b6a00000, 0x00000000b8a00000, 0x00000000cea00000)
  object space 32768K, 60% used [0x00000000b6a00000,0x00000000b7d33c60,0x00000000b8a00000)
}
Event: 7.418 GC heap before
{Heap before GC invocations=8 (full 0):
 PSYoungGen      total 77312K, used 77282K [0x00000000ef880000, 0x00000000f9480000, 0x0000000100000000)
  eden space 73728K, 100% used [0x00000000ef880000,0x00000000f4080000,0x00000000f4080000)
  from space 3584K, 99% used [0x00000000f4080000,0x00000000f43f89b0,0x00000000f4400000)
  to   space 6144K, 0% used [0x00000000f8e80000,0x00000000f8e80000,0x00000000f9480000)
 ParOldGen       total 22016K, used 11065K [0x00000000cea00000, 0x00000000cff80000, 0x00000000ef880000)
  object space 22016K, 50% used [0x00000000cea00000,0x00000000cf4ce668,0x00000000cff80000)
 PSPermGen       total 32768K, used 19928K [0x00000000b6a00000, 0x00000000b8a00000, 0x00000000cea00000)
  object space 32768K, 60% used [0x00000000b6a00000,0x00000000b7d76260,0x00000000b8a00000)
Event: 7.444 GC heap after
Heap after GC invocations=8 (full 0):
 PSYoungGen      total 150528K, used 6114K [0x00000000ef880000, 0x00000000f9a80000, 0x0000000100000000)
  eden space 144384K, 0% used [0x00000000ef880000,0x00000000ef880000,0x00000000f8580000)
  from space 6144K, 99% used [0x00000000f8e80000,0x00000000f94789d0,0x00000000f9480000)
  to   space 9216K, 0% used [0x00000000f8580000,0x00000000f8580000,0x00000000f8e80000)
 ParOldGen       total 22016K, used 16368K [0x00000000cea00000, 0x00000000cff80000, 0x00000000ef880000)
  object space 22016K, 74% used [0x00000000cea00000,0x00000000cf9fc388,0x00000000cff80000)
 PSPermGen       total 32768K, used 19928K [0x00000000b6a00000, 0x00000000b8a00000, 0x00000000cea00000)
  object space 32768K, 60% used [0x00000000b6a00000,0x00000000b7d76260,0x00000000b8a00000)
}
Event: 11.508 GC heap before
{Heap before GC invocations=9 (full 0):
 PSYoungGen      total 150528K, used 150498K [0x00000000ef880000, 0x00000000f9a80000, 0x0000000100000000)
  eden space 144384K, 100% used [0x00000000ef880000,0x00000000f8580000,0x00000000f8580000)
  from space 6144K, 99% used [0x00000000f8e80000,0x00000000f94789d0,0x00000000f9480000)
  to   space 9216K, 0% used [0x00000000f8580000,0x00000000f8580000,0x00000000f8e80000)
 ParOldGen       total 22016K, used 16368K [0x00000000cea00000, 0x00000000cff80000, 0x00000000ef880000)
  object space 22016K, 74% used [0x00000000cea00000,0x00000000cf9fc388,0x00000000cff80000)
 PSPermGen       total 32768K, used 20093K [0x00000000b6a00000, 0x00000000b8a00000, 0x00000000cea00000)
  object space 32768K, 61% used [0x00000000b6a00000,0x00000000b7d9f468,0x00000000b8a00000)
Event: 11.536 GC heap after
Heap after GC invocations=9 (full 0):
 PSYoungGen      total 153600K, used 6951K [0x00000000ef880000, 0x00000000fed80000, 0x0000000100000000)
  eden space 144384K, 0% used [0x00000000ef880000,0x00000000ef880000,0x00000000f8580000)
  from space 9216K, 75% used [0x00000000f8580000,0x00000000f8c49c80,0x00000000f8e80000)
  to   space 9728K, 0% used [0x00000000fe400000,0x00000000fe400000,0x00000000fed80000)
 ParOldGen       total 22016K, used 17192K [0x00000000cea00000, 0x00000000cff80000, 0x00000000ef880000)
  object space 22016K, 78% used [0x00000000cea00000,0x00000000cfaca388,0x00000000cff80000)
 PSPermGen       total 32768K, used 20093K [0x00000000b6a00000, 0x00000000b8a00000, 0x00000000cea00000)
  object space 32768K, 61% used [0x00000000b6a00000,0x00000000b7d9f468,0x00000000b8a00000)
}

Deoptimization events (10 events):
Event: 11.845 Thread 0x00007f006c46f000 Uncommon trap: reason=class_check action=maybe_recompile pc=0x00007f00b8151b30 method=java.util.regex.Matcher.search(I)Z @ 86
Event: 11.846 Thread 0x00007f006c46f000 Uncommon trap: reason=class_check action=maybe_recompile pc=0x00007f00b8151b30 method=java.util.regex.Matcher.search(I)Z @ 86
Event: 11.856 Thread 0x0000000001a9b800 Uncommon trap: reason=bimorphic action=maybe_recompile pc=0x00007f00b80c4380 method=java.util.HashMap.<init>(IF)V @ 115
Event: 11.856 Thread 0x0000000001a9b800 Uncommon trap: reason=class_check action=maybe_recompile pc=0x00007f00b8220eb0 method=org.openide.filesystems.MultiFileSystem.writableLayer(Ljava/lang/String;)Lorg/openide/filesystems/FileSystem; @ 36
Event: 11.856 Thread 0x0000000001a9b800 Uncommon trap: reason=class_check action=maybe_recompile pc=0x00007f00b82e09a8 method=org.openide.filesystems.XMLMapAttr.readAttribute(Lorg/openide/filesystems/FileObject;Lorg/openide/filesystems/AbstractFileSystem$Attr;Ljava/lang/String;Ljava/lang/String
Event: 11.856 Thread 0x0000000001a9b800 Uncommon trap: reason=unstable_if action=reinterpret pc=0x00007f00b825a148 method=org.openide.filesystems.DefaultAttributes.getCache()Ljava/util/Map; @ 4
Event: 11.857 Thread 0x0000000001a9b800 Uncommon trap: reason=class_check action=maybe_recompile pc=0x00007f00b82e09a8 method=org.openide.filesystems.XMLMapAttr.readAttribute(Lorg/openide/filesystems/FileObject;Lorg/openide/filesystems/AbstractFileSystem$Attr;Ljava/lang/String;Ljava/lang/String
Event: 11.858 Thread 0x0000000001a9b800 Uncommon trap: reason=class_check action=maybe_recompile pc=0x00007f00b80c859c method=java.lang.String.equals(Ljava/lang/Object;)Z @ 8
Event: 11.929 Thread 0x00007f006c46f000 Uncommon trap: reason=class_check action=maybe_recompile pc=0x00007f00b80c859c method=java.lang.String.equals(Ljava/lang/Object;)Z @ 8
Event: 11.929 Thread 0x00007f006c46f000 Uncommon trap: reason=class_check action=maybe_recompile pc=0x00007f00b80c859c method=java.lang.String.equals(Ljava/lang/Object;)Z @ 8

Internal exceptions (10 events):
Event: 11.795 Thread 0x00007f006c46f000 Threw 0x00000000f0a4bf08 at /build/openjdk-7-1Vhfz6/openjdk-7-7u85-2.6.1/build/openjdk/hotspot/src/share/vm/prims/jvm.cpp:1322
Event: 11.795 Thread 0x00007f006c46f000 Threw 0x00000000f0a4c930 at /build/openjdk-7-1Vhfz6/openjdk-7-7u85-2.6.1/build/openjdk/hotspot/src/share/vm/prims/jvm.cpp:1322
Event: 11.798 Thread 0x0000000001a9b800 Threw 0x00000000f0cd1438 at /build/openjdk-7-1Vhfz6/openjdk-7-7u85-2.6.1/build/openjdk/hotspot/src/share/vm/prims/jvm.cpp:1322
Event: 11.798 Thread 0x0000000001a9b800 Threw 0x00000000f0cd22d0 at /build/openjdk-7-1Vhfz6/openjdk-7-7u85-2.6.1/build/openjdk/hotspot/src/share/vm/prims/jvm.cpp:1322
Event: 11.820 Thread 0x0000000001a9b800 Threw 0x00000000f0cda9c8 at /build/openjdk-7-1Vhfz6/openjdk-7-7u85-2.6.1/build/openjdk/hotspot/src/share/vm/prims/jvm.cpp:1322
Event: 11.829 Thread 0x00007f00b421a800 Threw 0x00000000f08083c0 at /build/openjdk-7-1Vhfz6/openjdk-7-7u85-2.6.1/build/openjdk/hotspot/src/share/vm/prims/jvm.cpp:1322
Event: 11.829 Thread 0x00007f00b421a800 Threw 0x00000000f080a758 at /build/openjdk-7-1Vhfz6/openjdk-7-7u85-2.6.1/build/openjdk/hotspot/src/share/vm/prims/jvm.cpp:1322
Event: 11.834 Thread 0x00007f00b421a800 Threw 0x00000000f0830528 at /build/openjdk-7-1Vhfz6/openjdk-7-7u85-2.6.1/build/openjdk/hotspot/src/share/vm/prims/jvm.cpp:1322
Event: 11.834 Thread 0x00007f00b421a800 Threw 0x00000000f0831138 at /build/openjdk-7-1Vhfz6/openjdk-7-7u85-2.6.1/build/openjdk/hotspot/src/share/vm/prims/jvm.cpp:1322
Event: 11.856 Thread 0x0000000001a9b800 Implicit null exception at 0x00007f00b8259d88 to 0x00007f00b825a13d

Events (10 events):
Event: 11.923 loading class 0x00007f00b414d5d0 done
Event: 11.923 loading class 0x00007f008c097900
Event: 11.924 loading class 0x00007f008c097900 done
Event: 11.929 Thread 0x00007f006c46f000 Uncommon trap: trap_request=0xffffffde fr.pc=0x00007f00b80c859c
Event: 11.929 Thread 0x00007f006c46f000 DEOPT PACKING pc=0x00007f00b80c859c sp=0x00007f0069a64ed0
Event: 11.929 Thread 0x00007f006c46f000 DEOPT UNPACKING pc=0x00007f00b809a045 sp=0x00007f0069a64e70 mode 2
Event: 11.929 Thread 0x00007f006c46f000 Uncommon trap: trap_request=0xffffffde fr.pc=0x00007f00b80c859c
Event: 11.929 Thread 0x00007f006c46f000 DEOPT PACKING pc=0x00007f00b80c859c sp=0x00007f0069a64ed0
Event: 11.929 Thread 0x00007f006c46f000 DEOPT UNPACKING pc=0x00007f00b809a045 sp=0x00007f0069a64e70 mode 2
Event: 11.929 Thread 0x00007f006c46f000 Uncommon trap: trap_request=0xffffffde fr.pc=0x00007f00b82a59e0


Dynamic libraries:
00400000-00401000 r-xp 00000000 fe:01 27270572                           /usr/lib/jvm/java-7-openjdk-amd64/jre/bin/java
00600000-00601000 r--p 00000000 fe:01 27270572                           /usr/lib/jvm/java-7-openjdk-amd64/jre/bin/java
00601000-00602000 rw-p 00001000 fe:01 27270572                           /usr/lib/jvm/java-7-openjdk-amd64/jre/bin/java
01a80000-01aa1000 rw-p 00000000 00:00 0                                  [heap]
b6a00000-b8a00000 rw-p 00000000 00:00 0 
b8a00000-cea00000 rw-p 00000000 00:00 0 
cea00000-cff80000 rw-p 00000000 00:00 0 
cff80000-ef880000 rw-p 00000000 00:00 0 
ef880000-fed80000 rw-p 00000000 00:00 0 
fed80000-100000000 rw-p 00000000 00:00 0 
7f00685f9000-7f0068a35000 r-xp 00000000 fe:01 25173387                   /usr/lib/x86_64-linux-gnu/libgtk-x11-2.0.so.0.2400.28
7f0068a35000-7f0068c35000 ---p 0043c000 fe:01 25173387                   /usr/lib/x86_64-linux-gnu/libgtk-x11-2.0.so.0.2400.28
7f0068c35000-7f0068c3c000 r--p 0043c000 fe:01 25173387                   /usr/lib/x86_64-linux-gnu/libgtk-x11-2.0.so.0.2400.28
7f0068c3c000-7f0068c40000 rw-p 00443000 fe:01 25173387                   /usr/lib/x86_64-linux-gnu/libgtk-x11-2.0.so.0.2400.28
7f0068c40000-7f0068c43000 rw-p 00000000 00:00 0 
7f0068c43000-7f0068c4e000 r-xp 00000000 fe:01 28051288                   /usr/lib/jvm/java-7-openjdk-amd64/jre/lib/amd64/libjavagtk.so
7f0068c4e000-7f0068e4d000 ---p 0000b000 fe:01 28051288                   /usr/lib/jvm/java-7-openjdk-amd64/jre/lib/amd64/libjavagtk.so
7f0068e4d000-7f0068e4e000 r--p 0000a000 fe:01 28051288                   /usr/lib/jvm/java-7-openjdk-amd64/jre/lib/amd64/libjavagtk.so
7f0068e4e000-7f0068e4f000 rw-p 0000b000 fe:01 28051288                   /usr/lib/jvm/java-7-openjdk-amd64/jre/lib/amd64/libjavagtk.so
7f0068e4f000-7f0068e62000 r-xp 00000000 fe:01 28319713                   /usr/lib/x86_64-linux-gnu/jni/libjnidispatch.so
7f0068e62000-7f0069061000 ---p 00013000 fe:01 28319713                   /usr/lib/x86_64-linux-gnu/jni/libjnidispatch.so
7f0069061000-7f0069062000 r--p 00012000 fe:01 28319713                   /usr/lib/x86_64-linux-gnu/jni/libjnidispatch.so
7f0069062000-7f0069063000 rw-p 00013000 fe:01 28319713                   /usr/lib/x86_64-linux-gnu/jni/libjnidispatch.so
7f0069063000-7f0069066000 ---p 00000000 00:00 0 
7f0069066000-7f0069264000 rw-p 00000000 00:00 0                          [stack:23321]
7f0069264000-7f0069267000 ---p 00000000 00:00 0 
7f0069267000-7f0069465000 rw-p 00000000 00:00 0                          [stack:23320]
7f0069465000-7f0069468000 ---p 00000000 00:00 0 
7f0069468000-7f0069666000 rw-p 00000000 00:00 0                          [stack:23319]
7f0069666000-7f0069669000 ---p 00000000 00:00 0 
7f0069669000-7f0069867000 rw-p 00000000 00:00 0                          [stack:23318]
7f0069867000-7f006986a000 ---p 00000000 00:00 0 
7f006986a000-7f0069a68000 rw-p 00000000 00:00 0                          [stack:23317]
7f0069a68000-7f0069a6b000 ---p 00000000 00:00 0 
7f0069a6b000-7f0069c69000 rw-p 00000000 00:00 0                          [stack:23314]
7f0069c69000-7f0069c6c000 ---p 00000000 00:00 0 
7f0069c6c000-7f0069e6a000 rw-p 00000000 00:00 0                          [stack:23313]
7f0069e6a000-7f0069e6d000 ---p 00000000 00:00 0 
7f0069e6d000-7f006a06b000 rw-p 00000000 00:00 0                          [stack:23311]
7f006a06b000-7f006a06e000 ---p 00000000 00:00 0 
7f006a06e000-7f006a26c000 rw-p 00000000 00:00 0                          [stack:23310]
7f006a26c000-7f006a26f000 ---p 00000000 00:00 0 
7f006a26f000-7f006a46d000 rw-p 00000000 00:00 0                          [stack:23308]
7f006a46d000-7f006a4bf000 r-xp 00000000 fe:01 28051258                   /usr/lib/jvm/java-7-openjdk-amd64/jre/lib/amd64/libfontmanager.so
7f006a4bf000-7f006a6bf000 ---p 00052000 fe:01 28051258                   /usr/lib/jvm/java-7-openjdk-amd64/jre/lib/amd64/libfontmanager.so
7f006a6bf000-7f006a6c1000 r--p 00052000 fe:01 28051258                   /usr/lib/jvm/java-7-openjdk-amd64/jre/lib/amd64/libfontmanager.so
7f006a6c1000-7f006a6c2000 rw-p 00054000 fe:01 28051258                   /usr/lib/jvm/java-7-openjdk-amd64/jre/lib/amd64/libfontmanager.so
7f006a6c2000-7f006a6c5000 ---p 00000000 00:00 0 
7f006a6c5000-7f006a8c3000 rw-p 00000000 00:00 0                          [stack:23274]
7f006a8c3000-7f006a8c6000 ---p 00000000 00:00 0 
7f006a8c6000-7f006b0c4000 rw-p 00000000 00:00 0                          [stack:23273]
7f006b0c4000-7f006b0c7000 ---p 00000000 00:00 0 
7f006b0c7000-7f006b2c5000 rw-p 00000000 00:00 0                          [stack:23272]
7f006b2c5000-7f006b2c8000 ---p 00000000 00:00 0 
7f006b2c8000-7f006b4c6000 rw-p 00000000 00:00 0                          [stack:23271]
7f006b4c6000-7f006b4e0000 r-xp 00000000 fe:01 25173032                   /usr/lib/x86_64-linux-gnu/libgraphite2.so.3.0.1
7f006b4e0000-7f006b6df000 ---p 0001a000 fe:01 25173032                   /usr/lib/x86_64-linux-gnu/libgraphite2.so.3.0.1
7f006b6df000-7f006b6e1000 r--p 00019000 fe:01 25173032                   /usr/lib/x86_64-linux-gnu/libgraphite2.so.3.0.1
7f006b6e1000-7f006b6e2000 rw-p 0001b000 fe:01 25173032                   /usr/lib/x86_64-linux-gnu/libgraphite2.so.3.0.1
7f006b6e2000-7f006b6e8000 r-xp 00000000 fe:01 25173026                   /usr/lib/x86_64-linux-gnu/libdatrie.so.1.3.2
7f006b6e8000-7f006b8e8000 ---p 00006000 fe:01 25173026                   /usr/lib/x86_64-linux-gnu/libdatrie.so.1.3.2
7f006b8e8000-7f006b8e9000 r--p 00006000 fe:01 25173026                   /usr/lib/x86_64-linux-gnu/libdatrie.so.1.3.2
7f006b8e9000-7f006b8ea000 rw-p 00007000 fe:01 25173026                   /usr/lib/x86_64-linux-gnu/libdatrie.so.1.3.2
7f006b8ea000-7f006b947000 r-xp 00000000 fe:01 25173036                   /usr/lib/x86_64-linux-gnu/libharfbuzz.so.0.10000.1
7f006b947000-7f006bb47000 ---p 0005d000 fe:01 25173036                   /usr/lib/x86_64-linux-gnu/libharfbuzz.so.0.10000.1
7f006bb47000-7f006bb48000 r--p 0005d000 fe:01 25173036                   /usr/lib/x86_64-linux-gnu/libharfbuzz.so.0.10000.1
7f006bb48000-7f006bb49000 rw-p 0005e000 fe:01 25173036                   /usr/lib/x86_64-linux-gnu/libharfbuzz.so.0.10000.1
7f006bb49000-7f006bb52000 r-xp 00000000 fe:01 25172996                   /usr/lib/x86_64-linux-gnu/libxcb-render.so.0.0.0
7f006bb52000-7f006bd51000 ---p 00009000 fe:01 25172996                   /usr/lib/x86_64-linux-gnu/libxcb-render.so.0.0.0
7f006bd51000-7f006bd52000 r--p 00008000 fe:01 25172996                   /usr/lib/x86_64-linux-gnu/libxcb-render.so.0.0.0
7f006bd52000-7f006bd53000 rw-p 00009000 fe:01 25172996                   /usr/lib/x86_64-linux-gnu/libxcb-render.so.0.0.0
7f006bd53000-7f006bdf8000 r-xp 00000000 fe:01 25172994                   /usr/lib/x86_64-linux-gnu/libpixman-1.so.0.32.6
7f006bdf8000-7f006bff7000 ---p 000a5000 fe:01 25172994                   /usr/lib/x86_64-linux-gnu/libpixman-1.so.0.32.6
7f006bff7000-7f006bfff000 r--p 000a4000 fe:01 25172994                   /usr/lib/x86_64-linux-gnu/libpixman-1.so.0.32.6
7f006bfff000-7f006c000000 rw-p 000ac000 fe:01 25172994                   /usr/lib/x86_64-linux-gnu/libpixman-1.so.0.32.6
7f006c000000-7f006d821000 rw-p 00000000 00:00 0 
7f006d821000-7f0070000000 ---p 00000000 00:00 0 
7f0070054000-7f0070056000 r-xp 00000000 fe:01 25172998                   /usr/lib/x86_64-linux-gnu/libxcb-shm.so.0.0.0
7f0070056000-7f0070256000 ---p 00002000 fe:01 25172998                   /usr/lib/x86_64-linux-gnu/libxcb-shm.so.0.0.0
7f0070256000-7f0070257000 r--p 00002000 fe:01 25172998                   /usr/lib/x86_64-linux-gnu/libxcb-shm.so.0.0.0
7f0070257000-7f0070258000 rw-p 00003000 fe:01 25172998                   /usr/lib/x86_64-linux-gnu/libxcb-shm.so.0.0.0
7f0070258000-7f0070260000 r-xp 00000000 fe:01 25173028                   /usr/lib/x86_64-linux-gnu/libthai.so.0.2.2
7f0070260000-7f007045f000 ---p 00008000 fe:01 25173028                   /usr/lib/x86_64-linux-gnu/libthai.so.0.2.2
7f007045f000-7f0070460000 r--p 00007000 fe:01 25173028                   /usr/lib/x86_64-linux-gnu/libthai.so.0.2.2
7f0070460000-7f0070461000 rw-p 00008000 fe:01 25173028                   /usr/lib/x86_64-linux-gnu/libthai.so.0.2.2
7f0070461000-7f0070475000 r-xp 00000000 fe:01 25173038                   /usr/lib/x86_64-linux-gnu/libpangoft2-1.0.so.0.3600.8
7f0070475000-7f0070675000 ---p 00014000 fe:01 25173038                   /usr/lib/x86_64-linux-gnu/libpangoft2-1.0.so.0.3600.8
7f0070675000-7f0070676000 r--p 00014000 fe:01 25173038                   /usr/lib/x86_64-linux-gnu/libpangoft2-1.0.so.0.3600.8
7f0070676000-7f0070677000 rw-p 00015000 fe:01 25173038                   /usr/lib/x86_64-linux-gnu/libpangoft2-1.0.so.0.3600.8
7f0070677000-7f007075d000 r-xp 00000000 fe:01 25176258                   /usr/lib/x86_64-linux-gnu/libepoxy.so.0.0.0
7f007075d000-7f007095d000 ---p 000e6000 fe:01 25176258                   /usr/lib/x86_64-linux-gnu/libepoxy.so.0.0.0
7f007095d000-7f0070964000 r--p 000e6000 fe:01 25176258                   /usr/lib/x86_64-linux-gnu/libepoxy.so.0.0.0
7f0070964000-7f007096b000 rw-p 000ed000 fe:01 25176258                   /usr/lib/x86_64-linux-gnu/libepoxy.so.0.0.0
7f007096b000-7f0070977000 r-xp 00000000 fe:01 25173456                   /usr/lib/x86_64-linux-gnu/libwayland-client.so.0.3.0
7f0070977000-7f0070b76000 ---p 0000c000 fe:01 25173456                   /usr/lib/x86_64-linux-gnu/libwayland-client.so.0.3.0
7f0070b76000-7f0070b79000 r--p 0000b000 fe:01 25173456                   /usr/lib/x86_64-linux-gnu/libwayland-client.so.0.3.0
7f0070b79000-7f0070b7a000 rw-p 0000e000 fe:01 25173456                   /usr/lib/x86_64-linux-gnu/libwayland-client.so.0.3.0
7f0070b7a000-7f0070b7b000 r-xp 00000000 fe:01 25173477                   /usr/lib/x86_64-linux-gnu/libwayland-egl.so.1.0.0
7f0070b7b000-7f0070d7a000 ---p 00001000 fe:01 25173477                   /usr/lib/x86_64-linux-gnu/libwayland-egl.so.1.0.0
7f0070d7a000-7f0070d7b000 r--p 00000000 fe:01 25173477                   /usr/lib/x86_64-linux-gnu/libwayland-egl.so.1.0.0
7f0070d7b000-7f0070d7c000 rw-p 00001000 fe:01 25173477                   /usr/lib/x86_64-linux-gnu/libwayland-egl.so.1.0.0
7f0070d7c000-7f0070d80000 r-xp 00000000 fe:01 25173458                   /usr/lib/x86_64-linux-gnu/libwayland-cursor.so.0.0.0
7f0070d80000-7f0070f7f000 ---p 00004000 fe:01 25173458                   /usr/lib/x86_64-linux-gnu/libwayland-cursor.so.0.0.0
7f0070f7f000-7f0070f80000 r--p 00003000 fe:01 25173458                   /usr/lib/x86_64-linux-gnu/libwayland-cursor.so.0.0.0
7f0070f80000-7f0070f84000 rw-p 00004000 fe:01 25173458                   /usr/lib/x86_64-linux-gnu/libwayland-cursor.so.0.0.0
7f0070f84000-7f0070fc1000 r-xp 00000000 fe:01 25173479                   /usr/lib/x86_64-linux-gnu/libxkbcommon.so.0.0.0
7f0070fc1000-7f00711c1000 ---p 0003d000 fe:01 25173479                   /usr/lib/x86_64-linux-gnu/libxkbcommon.so.0.0.0
7f00711c1000-7f00711c3000 r--p 0003d000 fe:01 25173479                   /usr/lib/x86_64-linux-gnu/libxkbcommon.so.0.0.0
7f00711c3000-7f00711c4000 rw-p 0003f000 fe:01 25173479                   /usr/lib/x86_64-linux-gnu/libxkbcommon.so.0.0.0
7f00711c4000-7f00711c6000 r-xp 00000000 fe:01 25173318                   /usr/lib/x86_64-linux-gnu/libXdamage.so.1.1.0
7f00711c6000-7f00713c5000 ---p 00002000 fe:01 25173318                   /usr/lib/x86_64-linux-gnu/libXdamage.so.1.1.0
7f00713c5000-7f00713c6000 r--p 00001000 fe:01 25173318                   /usr/lib/x86_64-linux-gnu/libXdamage.so.1.1.0
7f00713c6000-7f00713c7000 rw-p 00002000 fe:01 25173318                   /usr/lib/x86_64-linux-gnu/libXdamage.so.1.1.0
7f00713c7000-7f00713c9000 r-xp 00000000 fe:01 25173312                   /usr/lib/x86_64-linux-gnu/libXcomposite.so.1.0.0
7f00713c9000-7f00715c8000 ---p 00002000 fe:01 25173312                   /usr/lib/x86_64-linux-gnu/libXcomposite.so.1.0.0
7f00715c8000-7f00715c9000 r--p 00001000 fe:01 25173312                   /usr/lib/x86_64-linux-gnu/libXcomposite.so.1.0.0
7f00715c9000-7f00715ca000 rw-p 00002000 fe:01 25173312                   /usr/lib/x86_64-linux-gnu/libXcomposite.so.1.0.0
7f00715ca000-7f00715d4000 r-xp 00000000 fe:01 25173324                   /usr/lib/x86_64-linux-gnu/libXrandr.so.2.2.0
7f00715d4000-7f00717d3000 ---p 0000a000 fe:01 25173324                   /usr/lib/x86_64-linux-gnu/libXrandr.so.2.2.0
7f00717d3000-7f00717d4000 r--p 00009000 fe:01 25173324                   /usr/lib/x86_64-linux-gnu/libXrandr.so.2.2.0
7f00717d4000-7f00717d5000 rw-p 0000a000 fe:01 25173324                   /usr/lib/x86_64-linux-gnu/libXrandr.so.2.2.0
7f00717d5000-7f00717d7000 r-xp 00000000 fe:01 25173322                   /usr/lib/x86_64-linux-gnu/libXinerama.so.1.0.0
7f00717d7000-7f00719d6000 ---p 00002000 fe:01 25173322                   /usr/lib/x86_64-linux-gnu/libXinerama.so.1.0.0
7f00719d6000-7f00719d7000 r--p 00001000 fe:01 25173322                   /usr/lib/x86_64-linux-gnu/libXinerama.so.1.0.0
7f00719d7000-7f00719d8000 rw-p 00002000 fe:01 25173322                   /usr/lib/x86_64-linux-gnu/libXinerama.so.1.0.0
7f00719d8000-7f0071ae8000 r-xp 00000000 fe:01 25173004                   /usr/lib/x86_64-linux-gnu/libcairo.so.2.11400.2
7f0071ae8000-7f0071ce8000 ---p 00110000 fe:01 25173004                   /usr/lib/x86_64-linux-gnu/libcairo.so.2.11400.2
7f0071ce8000-7f0071ceb000 r--p 00110000 fe:01 25173004                   /usr/lib/x86_64-linux-gnu/libcairo.so.2.11400.2
7f0071ceb000-7f0071cec000 rw-p 00113000 fe:01 25173004                   /usr/lib/x86_64-linux-gnu/libcairo.so.2.11400.2
7f0071cec000-7f0071cee000 rw-p 00000000 00:00 0 
7f0071cee000-7f0071cf4000 r-xp 00000000 fe:01 25173451                   /usr/lib/x86_64-linux-gnu/libcairo-gobject.so.2.11400.2
7f0071cf4000-7f0071ef4000 ---p 00006000 fe:01 25173451                   /usr/lib/x86_64-linux-gnu/libcairo-gobject.so.2.11400.2
7f0071ef4000-7f0071ef6000 r--p 00006000 fe:01 25173451                   /usr/lib/x86_64-linux-gnu/libcairo-gobject.so.2.11400.2
7f0071ef6000-7f0071ef7000 rw-p 00008000 fe:01 25173451                   /usr/lib/x86_64-linux-gnu/libcairo-gobject.so.2.11400.2
7f0071ef7000-7f0071f18000 r-xp 00000000 fe:01 25172982                   /usr/lib/x86_64-linux-gnu/libgdk_pixbuf-2.0.so.0.3100.5
7f0071f18000-7f0072117000 ---p 00021000 fe:01 25172982                   /usr/lib/x86_64-linux-gnu/libgdk_pixbuf-2.0.so.0.3100.5
7f0072117000-7f0072118000 r--p 00020000 fe:01 25172982                   /usr/lib/x86_64-linux-gnu/libgdk_pixbuf-2.0.so.0.3100.5
7f0072118000-7f0072119000 rw-p 00021000 fe:01 25172982                   /usr/lib/x86_64-linux-gnu/libgdk_pixbuf-2.0.so.0.3100.5
7f0072119000-7f0072164000 r-xp 00000000 fe:01 25173030                   /usr/lib/x86_64-linux-gnu/libpango-1.0.so.0.3600.8
7f0072164000-7f0072364000 ---p 0004b000 fe:01 25173030                   /usr/lib/x86_64-linux-gnu/libpango-1.0.so.0.3600.8
7f0072364000-7f0072366000 r--p 0004b000 fe:01 25173030                   /usr/lib/x86_64-linux-gnu/libpango-1.0.so.0.3600.8
7f0072366000-7f0072367000 rw-p 0004d000 fe:01 25173030                   /usr/lib/x86_64-linux-gnu/libpango-1.0.so.0.3600.8
7f0072367000-7f0072373000 r-xp 00000000 fe:01 25173040                   /usr/lib/x86_64-linux-gnu/libpangocairo-1.0.so.0.3600.8
7f0072373000-7f0072572000 ---p 0000c000 fe:01 25173040                   /usr/lib/x86_64-linux-gnu/libpangocairo-1.0.so.0.3600.8
7f0072572000-7f0072573000 r--p 0000b000 fe:01 25173040                   /usr/lib/x86_64-linux-gnu/libpangocairo-1.0.so.0.3600.8
7f0072573000-7f0072574000 rw-p 0000c000 fe:01 25173040                   /usr/lib/x86_64-linux-gnu/libpangocairo-1.0.so.0.3600.8
7f0072574000-7f0072635000 r-xp 00000000 fe:01 25173824                   /usr/lib/x86_64-linux-gnu/libgdk-3.so.0.1600.6
7f0072635000-7f0072834000 ---p 000c1000 fe:01 25173824                   /usr/lib/x86_64-linux-gnu/libgdk-3.so.0.1600.6
7f0072834000-7f0072839000 r--p 000c0000 fe:01 25173824                   /usr/lib/x86_64-linux-gnu/libgdk-3.so.0.1600.6
7f0072839000-7f007283b000 rw-p 000c5000 fe:01 25173824                   /usr/lib/x86_64-linux-gnu/libgdk-3.so.0.1600.6
7f007283b000-7f007283c000 rw-p 00000000 00:00 0 
7f007283c000-7f00728ec000 r-xp 00000000 fe:01 25173386                   /usr/lib/x86_64-linux-gnu/libgdk-x11-2.0.so.0.2400.28
7f00728ec000-7f0072aec000 ---p 000b0000 fe:01 25173386                   /usr/lib/x86_64-linux-gnu/libgdk-x11-2.0.so.0.2400.28
7f0072aec000-7f0072af0000 r--p 000b0000 fe:01 25173386                   /usr/lib/x86_64-linux-gnu/libgdk-x11-2.0.so.0.2400.28
7f0072af0000-7f0072af2000 rw-p 000b4000 fe:01 25173386                   /usr/lib/x86_64-linux-gnu/libgdk-x11-2.0.so.0.2400.28
7f0072af2000-7f0072af3000 r-xp 00000000 fe:01 25172875                   /usr/lib/x86_64-linux-gnu/libgthread-2.0.so.0.4400.1
7f0072af3000-7f0072cf2000 ---p 00001000 fe:01 25172875                   /usr/lib/x86_64-linux-gnu/libgthread-2.0.so.0.4400.1
7f0072cf2000-7f0072cf3000 r--p 00000000 fe:01 25172875                   /usr/lib/x86_64-linux-gnu/libgthread-2.0.so.0.4400.1
7f0072cf3000-7f0072cf4000 rw-p 00001000 fe:01 25172875                   /usr/lib/x86_64-linux-gnu/libgthread-2.0.so.0.4400.1
7f0072cf4000-7f0072d21000 r-xp 00000000 fe:01 25173447                   /usr/lib/x86_64-linux-gnu/libatspi.so.0.0.1
7f0072d21000-7f0072f20000 ---p 0002d000 fe:01 25173447                   /usr/lib/x86_64-linux-gnu/libatspi.so.0.0.1
7f0072f20000-7f0072f24000 r--p 0002c000 fe:01 25173447                   /usr/lib/x86_64-linux-gnu/libatspi.so.0.0.1
7f0072f24000-7f0072f25000 rw-p 00030000 fe:01 25173447                   /usr/lib/x86_64-linux-gnu/libatspi.so.0.0.1
7f0072f25000-7f0072f51000 r-xp 00000000 fe:01 25173449                   /usr/lib/x86_64-linux-gnu/libatk-bridge-2.0.so.0.0.0
7f0072f51000-7f0073151000 ---p 0002c000 fe:01 25173449                   /usr/lib/x86_64-linux-gnu/libatk-bridge-2.0.so.0.0.0
7f0073151000-7f0073152000 r--p 0002c000 fe:01 25173449                   /usr/lib/x86_64-linux-gnu/libatk-bridge-2.0.so.0.0.0
7f0073152000-7f0073154000 rw-p 0002d000 fe:01 25173449                   /usr/lib/x86_64-linux-gnu/libatk-bridge-2.0.so.0.0.0
7f0073154000-7f0073177000 r-xp 00000000 fe:01 25173154                   /usr/lib/x86_64-linux-gnu/libatk-1.0.so.0.21609.1
7f0073177000-7f0073376000 ---p 00023000 fe:01 25173154                   /usr/lib/x86_64-linux-gnu/libatk-1.0.so.0.21609.1
7f0073376000-7f0073379000 r--p 00022000 fe:01 25173154                   /usr/lib/x86_64-linux-gnu/libatk-1.0.so.0.21609.1
7f0073379000-7f007337a000 rw-p 00025000 fe:01 25173154                   /usr/lib/x86_64-linux-gnu/libatk-1.0.so.0.21609.1
7f007337a000-7f0073393000 r-xp 00000000 fe:01 28312107                   /usr/lib/x86_64-linux-gnu/jni/libatk-wrapper.so.1.2.22
7f0073393000-7f0073593000 ---p 00019000 fe:01 28312107                   /usr/lib/x86_64-linux-gnu/jni/libatk-wrapper.so.1.2.22
7f0073593000-7f0073594000 rw-p 00019000 fe:01 28312107                   /usr/lib/x86_64-linux-gnu/jni/libatk-wrapper.so.1.2.22
7f0073594000-7f0073597000 ---p 00000000 00:00 0 
7f0073597000-7f0073795000 rw-p 00000000 00:00 0                          [stack:23268]
7f0073795000-7f007379a000 r-xp 00000000 fe:01 25173314                   /usr/lib/x86_64-linux-gnu/libXfixes.so.3.1.0
7f007379a000-7f0073999000 ---p 00005000 fe:01 25173314                   /usr/lib/x86_64-linux-gnu/libXfixes.so.3.1.0
7f0073999000-7f007399a000 r--p 00004000 fe:01 25173314                   /usr/lib/x86_64-linux-gnu/libXfixes.so.3.1.0
7f007399a000-7f007399b000 rw-p 00005000 fe:01 25173314                   /usr/lib/x86_64-linux-gnu/libXfixes.so.3.1.0
7f007399b000-7f00739a5000 r-xp 00000000 fe:01 25173316                   /usr/lib/x86_64-linux-gnu/libXcursor.so.1.0.2
7f00739a5000-7f0073ba4000 ---p 0000a000 fe:01 25173316                   /usr/lib/x86_64-linux-gnu/libXcursor.so.1.0.2
7f0073ba4000-7f0073ba5000 r--p 00009000 fe:01 25173316                   /usr/lib/x86_64-linux-gnu/libXcursor.so.1.0.2
7f0073ba5000-7f0073ba6000 rw-p 0000a000 fe:01 25173316                   /usr/lib/x86_64-linux-gnu/libXcursor.so.1.0.2
7f0073ba6000-7f0073ba9000 ---p 00000000 00:00 0 
7f0073ba9000-7f0073da7000 rw-p 00000000 00:00 0                          [stack:23267]
7f0073da7000-7f0073dff000 r-xp 00000000 fe:01 25172882                   /usr/lib/x86_64-linux-gnu/libjpeg.so.62.1.0
7f0073dff000-7f0073ffe000 ---p 00058000 fe:01 25172882                   /usr/lib/x86_64-linux-gnu/libjpeg.so.62.1.0
7f0073ffe000-7f0073fff000 r--p 00057000 fe:01 25172882                   /usr/lib/x86_64-linux-gnu/libjpeg.so.62.1.0
7f0073fff000-7f0074000000 rw-p 00058000 fe:01 25172882                   /usr/lib/x86_64-linux-gnu/libjpeg.so.62.1.0
7f0074000000-7f0074057000 rw-p 00000000 00:00 0 
7f0074057000-7f0078000000 ---p 00000000 00:00 0 
7f007800a000-7f0078012000 r-xp 00000000 fe:01 25191538                   /usr/lib/x86_64-linux-gnu/libgif.so.4.1.6
7f0078012000-7f0078211000 ---p 00008000 fe:01 25191538                   /usr/lib/x86_64-linux-gnu/libgif.so.4.1.6
7f0078211000-7f0078212000 r--p 00007000 fe:01 25191538                   /usr/lib/x86_64-linux-gnu/libgif.so.4.1.6
7f0078212000-7f0078213000 rw-p 00008000 fe:01 25191538                   /usr/lib/x86_64-linux-gnu/libgif.so.4.1.6
7f0078213000-7f007821d000 r-xp 00000000 fe:01 28051290                   /usr/lib/jvm/java-7-openjdk-amd64/jre/lib/amd64/libsplashscreen.so
7f007821d000-7f007841c000 ---p 0000a000 fe:01 28051290                   /usr/lib/jvm/java-7-openjdk-amd64/jre/lib/amd64/libsplashscreen.so
7f007841c000-7f007841d000 r--p 00009000 fe:01 28051290                   /usr/lib/jvm/java-7-openjdk-amd64/jre/lib/amd64/libsplashscreen.so
7f007841d000-7f007841e000 rw-p 0000a000 fe:01 28051290                   /usr/lib/jvm/java-7-openjdk-amd64/jre/lib/amd64/libsplashscreen.so
7f007841e000-7f0078421000 rw-p 00000000 00:00 0 
7f0078421000-7f0078424000 ---p 00000000 00:00 0 
7f0078424000-7f0078622000 rw-p 00000000 00:00 0                          [stack:23266]
7f0078622000-7f0078625000 ---p 00000000 00:00 0 
7f0078625000-7f0078823000 rw-p 00000000 00:00 0                          [stack:23265]
7f0078823000-7f0078826000 ---p 00000000 00:00 0 
7f0078826000-7f0078a24000 rw-p 00000000 00:00 0                          [stack:23264]
7f0078a24000-7f0078a28000 r-xp 00000000 fe:01 26738716                   /lib/x86_64-linux-gnu/libattr.so.1.1.0
7f0078a28000-7f0078c27000 ---p 00004000 fe:01 26738716                   /lib/x86_64-linux-gnu/libattr.so.1.1.0
7f0078c27000-7f0078c28000 r--p 00003000 fe:01 26738716                   /lib/x86_64-linux-gnu/libattr.so.1.1.0
7f0078c28000-7f0078c29000 rw-p 00004000 fe:01 26738716                   /lib/x86_64-linux-gnu/libattr.so.1.1.0
7f0078c29000-7f0078c3a000 r-xp 00000000 fe:01 26739147                   /lib/x86_64-linux-gnu/libgpg-error.so.0.16.0
7f0078c3a000-7f0078e3a000 ---p 00011000 fe:01 26739147                   /lib/x86_64-linux-gnu/libgpg-error.so.0.16.0
7f0078e3a000-7f0078e3b000 r--p 00011000 fe:01 26739147                   /lib/x86_64-linux-gnu/libgpg-error.so.0.16.0
7f0078e3b000-7f0078e3c000 rw-p 00012000 fe:01 26739147                   /lib/x86_64-linux-gnu/libgpg-error.so.0.16.0
7f0078e3c000-7f0078e40000 r-xp 00000000 fe:01 26742022                   /lib/x86_64-linux-gnu/libcap.so.2.24
7f0078e40000-7f0079040000 ---p 00004000 fe:01 26742022                   /lib/x86_64-linux-gnu/libcap.so.2.24
7f0079040000-7f0079041000 r--p 00004000 fe:01 26742022                   /lib/x86_64-linux-gnu/libcap.so.2.24
7f0079041000-7f0079042000 rw-p 00005000 fe:01 26742022                   /lib/x86_64-linux-gnu/libcap.so.2.24
7f0079042000-7f007911a000 r-xp 00000000 fe:01 26738759                   /lib/x86_64-linux-gnu/libgcrypt.so.20.0.3
7f007911a000-7f007931a000 ---p 000d8000 fe:01 26738759                   /lib/x86_64-linux-gnu/libgcrypt.so.20.0.3
7f007931a000-7f007931b000 r--p 000d8000 fe:01 26738759                   /lib/x86_64-linux-gnu/libgcrypt.so.20.0.3
7f007931b000-7f0079324000 rw-p 000d9000 fe:01 26738759                   /lib/x86_64-linux-gnu/libgcrypt.so.20.0.3
7f0079324000-7f0079346000 r-xp 00000000 fe:01 26738771                   /lib/x86_64-linux-gnu/liblzma.so.5.0.0
7f0079346000-7f0079545000 ---p 00022000 fe:01 26738771                   /lib/x86_64-linux-gnu/liblzma.so.5.0.0
7f0079545000-7f0079546000 r--p 00021000 fe:01 26738771                   /lib/x86_64-linux-gnu/liblzma.so.5.0.0
7f0079546000-7f0079547000 rw-p 00022000 fe:01 26738771                   /lib/x86_64-linux-gnu/liblzma.so.5.0.0
7f0079547000-7f0079595000 r-xp 00000000 fe:01 26738887                   /lib/x86_64-linux-gnu/libdbus-1.so.3.14.3
7f0079595000-7f0079794000 ---p 0004e000 fe:01 26738887                   /lib/x86_64-linux-gnu/libdbus-1.so.3.14.3
7f0079794000-7f0079796000 r--p 0004d000 fe:01 26738887                   /lib/x86_64-linux-gnu/libdbus-1.so.3.14.3
7f0079796000-7f0079797000 rw-p 0004f000 fe:01 26738887                   /lib/x86_64-linux-gnu/libdbus-1.so.3.14.3
7f0079797000-7f0079818000 r-xp 00000000 fe:01 25170652                   /usr/lib/x86_64-linux-gnu/libgmp.so.10.2.0
7f0079818000-7f0079a18000 ---p 00081000 fe:01 25170652                   /usr/lib/x86_64-linux-gnu/libgmp.so.10.2.0
7f0079a18000-7f0079a19000 r--p 00081000 fe:01 25170652                   /usr/lib/x86_64-linux-gnu/libgmp.so.10.2.0
7f0079a19000-7f0079a1a000 rw-p 00082000 fe:01 25170652                   /usr/lib/x86_64-linux-gnu/libgmp.so.10.2.0
7f0079a1a000-7f0079a4c000 r-xp 00000000 fe:01 25170187                   /usr/lib/x86_64-linux-gnu/libhogweed.so.4.1
7f0079a4c000-7f0079c4c000 ---p 00032000 fe:01 25170187                   /usr/lib/x86_64-linux-gnu/libhogweed.so.4.1
7f0079c4c000-7f0079c4d000 r--p 00032000 fe:01 25170187                   /usr/lib/x86_64-linux-gnu/libhogweed.so.4.1
7f0079c4d000-7f0079c4e000 rw-p 00033000 fe:01 25170187                   /usr/lib/x86_64-linux-gnu/libhogweed.so.4.1
7f0079c4e000-7f0079c83000 r-xp 00000000 fe:01 25170679                   /usr/lib/x86_64-linux-gnu/libnettle.so.6.1
7f0079c83000-7f0079e82000 ---p 00035000 fe:01 25170679                   /usr/lib/x86_64-linux-gnu/libnettle.so.6.1
7f0079e82000-7f0079e84000 r--p 00034000 fe:01 25170679                   /usr/lib/x86_64-linux-gnu/libnettle.so.6.1
7f0079e84000-7f0079e85000 rw-p 00036000 fe:01 25170679                   /usr/lib/x86_64-linux-gnu/libnettle.so.6.1
7f0079e85000-7f0079e96000 r-xp 00000000 fe:01 25170492                   /usr/lib/x86_64-linux-gnu/libtasn1.so.6.4.2
7f0079e96000-7f007a096000 ---p 00011000 fe:01 25170492                   /usr/lib/x86_64-linux-gnu/libtasn1.so.6.4.2
7f007a096000-7f007a097000 r--p 00011000 fe:01 25170492                   /usr/lib/x86_64-linux-gnu/libtasn1.so.6.4.2
7f007a097000-7f007a098000 rw-p 00012000 fe:01 25170492                   /usr/lib/x86_64-linux-gnu/libtasn1.so.6.4.2
7f007a098000-7f007a0f2000 r-xp 00000000 fe:01 25167434                   /usr/lib/x86_64-linux-gnu/libp11-kit.so.0.1.0
7f007a0f2000-7f007a2f2000 ---p 0005a000 fe:01 25167434                   /usr/lib/x86_64-linux-gnu/libp11-kit.so.0.1.0
7f007a2f2000-7f007a2fc000 r--p 0005a000 fe:01 25167434                   /usr/lib/x86_64-linux-gnu/libp11-kit.so.0.1.0
7f007a2fc000-7f007a2fe000 rw-p 00064000 fe:01 25167434                   /usr/lib/x86_64-linux-gnu/libp11-kit.so.0.1.0
7f007a2fe000-7f007a301000 r-xp 00000000 fe:01 26738875                   /lib/x86_64-linux-gnu/libkeyutils.so.1.5
7f007a301000-7f007a500000 ---p 00003000 fe:01 26738875                   /lib/x86_64-linux-gnu/libkeyutils.so.1.5
7f007a500000-7f007a501000 r--p 00002000 fe:01 26738875                   /lib/x86_64-linux-gnu/libkeyutils.so.1.5
7f007a501000-7f007a502000 rw-p 00003000 fe:01 26738875                   /lib/x86_64-linux-gnu/libkeyutils.so.1.5
7f007a502000-7f007a50d000 r-xp 00000000 fe:01 25172762                   /usr/lib/x86_64-linux-gnu/libkrb5support.so.0.1
7f007a50d000-7f007a70c000 ---p 0000b000 fe:01 25172762                   /usr/lib/x86_64-linux-gnu/libkrb5support.so.0.1
7f007a70c000-7f007a70d000 r--p 0000a000 fe:01 25172762                   /usr/lib/x86_64-linux-gnu/libkrb5support.so.0.1
7f007a70d000-7f007a70e000 rw-p 0000b000 fe:01 25172762                   /usr/lib/x86_64-linux-gnu/libkrb5support.so.0.1
7f007a70e000-7f007a711000 r-xp 00000000 fe:01 26738778                   /lib/x86_64-linux-gnu/libcom_err.so.2.1
7f007a711000-7f007a910000 ---p 00003000 fe:01 26738778                   /lib/x86_64-linux-gnu/libcom_err.so.2.1
7f007a910000-7f007a911000 r--p 00002000 fe:01 26738778                   /lib/x86_64-linux-gnu/libcom_err.so.2.1
7f007a911000-7f007a912000 rw-p 00003000 fe:01 26738778                   /lib/x86_64-linux-gnu/libcom_err.so.2.1
7f007a912000-7f007a940000 r-xp 00000000 fe:01 25172764                   /usr/lib/x86_64-linux-gnu/libk5crypto.so.3.1
7f007a940000-7f007ab3f000 ---p 0002e000 fe:01 25172764                   /usr/lib/x86_64-linux-gnu/libk5crypto.so.3.1
7f007ab3f000-7f007ab42000 r--p 0002d000 fe:01 25172764                   /usr/lib/x86_64-linux-gnu/libk5crypto.so.3.1
7f007ab42000-7f007ab43000 rw-p 00030000 fe:01 25172764                   /usr/lib/x86_64-linux-gnu/libk5crypto.so.3.1
7f007ab43000-7f007ab44000 rw-p 00000000 00:00 0 
7f007ab44000-7f007ac0b000 r-xp 00000000 fe:01 25172766                   /usr/lib/x86_64-linux-gnu/libkrb5.so.3.3
7f007ac0b000-7f007ae0b000 ---p 000c7000 fe:01 25172766                   /usr/lib/x86_64-linux-gnu/libkrb5.so.3.3
7f007ae0b000-7f007ae19000 r--p 000c7000 fe:01 25172766                   /usr/lib/x86_64-linux-gnu/libkrb5.so.3.3
7f007ae19000-7f007ae1c000 rw-p 000d5000 fe:01 25172766                   /usr/lib/x86_64-linux-gnu/libkrb5.so.3.3
7f007ae1c000-7f007ae21000 r-xp 00000000 fe:01 25172895                   /usr/lib/x86_64-linux-gnu/libXdmcp.so.6.0.0
7f007ae21000-7f007b020000 ---p 00005000 fe:01 25172895                   /usr/lib/x86_64-linux-gnu/libXdmcp.so.6.0.0
7f007b020000-7f007b021000 r--p 00004000 fe:01 25172895                   /usr/lib/x86_64-linux-gnu/libXdmcp.so.6.0.0
7f007b021000-7f007b022000 rw-p 00005000 fe:01 25172895                   /usr/lib/x86_64-linux-gnu/libXdmcp.so.6.0.0
7f007b022000-7f007b025000 r-xp 00000000 fe:01 25172893                   /usr/lib/x86_64-linux-gnu/libXau.so.6.0.0
7f007b025000-7f007b224000 ---p 00003000 fe:01 25172893                   /usr/lib/x86_64-linux-gnu/libXau.so.6.0.0
7f007b224000-7f007b225000 r--p 00002000 fe:01 25172893                   /usr/lib/x86_64-linux-gnu/libXau.so.6.0.0
7f007b225000-7f007b226000 rw-p 00003000 fe:01 25172893                   /usr/lib/x86_64-linux-gnu/libXau.so.6.0.0
7f007b226000-7f007b24c000 r-xp 00000000 fe:01 26738882                   /lib/x86_64-linux-gnu/libpng12.so.0.50.0
7f007b24c000-7f007b44b000 ---p 00026000 fe:01 26738882                   /lib/x86_64-linux-gnu/libpng12.so.0.50.0
7f007b44b000-7f007b44c000 r--p 00025000 fe:01 26738882                   /lib/x86_64-linux-gnu/libpng12.so.0.50.0
7f007b44c000-7f007b44d000 rw-p 00026000 fe:01 26738882                   /lib/x86_64-linux-gnu/libpng12.so.0.50.0
7f007b44d000-7f007b473000 r-xp 00000000 fe:01 26738692                   /lib/x86_64-linux-gnu/libexpat.so.1.6.0
7f007b473000-7f007b672000 ---p 00026000 fe:01 26738692                   /lib/x86_64-linux-gnu/libexpat.so.1.6.0
7f007b672000-7f007b675000 r--p 00025000 fe:01 26738692                   /lib/x86_64-linux-gnu/libexpat.so.1.6.0
7f007b675000-7f007b676000 rw-p 00028000 fe:01 26738692                   /lib/x86_64-linux-gnu/libexpat.so.1.6.0
7f007b676000-7f007b686000 r-xp 00000000 fe:01 25172760                   /usr/lib/x86_64-linux-gnu/libavahi-client.so.3.2.9
7f007b686000-7f007b885000 ---p 00010000 fe:01 25172760                   /usr/lib/x86_64-linux-gnu/libavahi-client.so.3.2.9
7f007b885000-7f007b886000 r--p 0000f000 fe:01 25172760                   /usr/lib/x86_64-linux-gnu/libavahi-client.so.3.2.9
7f007b886000-7f007b887000 rw-p 00010000 fe:01 25172760                   /usr/lib/x86_64-linux-gnu/libavahi-client.so.3.2.9
7f007b887000-7f007b893000 r-xp 00000000 fe:01 25172757                   /usr/lib/x86_64-linux-gnu/libavahi-common.so.3.5.3
7f007b893000-7f007ba92000 ---p 0000c000 fe:01 25172757                   /usr/lib/x86_64-linux-gnu/libavahi-common.so.3.5.3
7f007ba92000-7f007ba93000 r--p 0000b000 fe:01 25172757                   /usr/lib/x86_64-linux-gnu/libavahi-common.so.3.5.3
7f007ba93000-7f007ba94000 rw-p 0000c000 fe:01 25172757                   /usr/lib/x86_64-linux-gnu/libavahi-common.so.3.5.3
7f007ba94000-7f007bbaa000 r-xp 00000000 fe:01 25170938                   /usr/lib/x86_64-linux-gnu/libgnutls-deb0.so.28.41.9
7f007bbaa000-7f007bdaa000 ---p 00116000 fe:01 25170938                   /usr/lib/x86_64-linux-gnu/libgnutls-deb0.so.28.41.9
7f007bdaa000-7f007bdb3000 r--p 00116000 fe:01 25170938                   /usr/lib/x86_64-linux-gnu/libgnutls-deb0.so.28.41.9
7f007bdb3000-7f007bdb5000 rw-p 0011f000 fe:01 25170938                   /usr/lib/x86_64-linux-gnu/libgnutls-deb0.so.28.41.9
7f007bdb5000-7f007bdb6000 rw-p 00000000 00:00 0 
7f007bdb6000-7f007bdfd000 r-xp 00000000 fe:01 25172769                   /usr/lib/x86_64-linux-gnu/libgssapi_krb5.so.2.2
7f007bdfd000-7f007bffc000 ---p 00047000 fe:01 25172769                   /usr/lib/x86_64-linux-gnu/libgssapi_krb5.so.2.2
7f007bffc000-7f007bffe000 r--p 00046000 fe:01 25172769                   /usr/lib/x86_64-linux-gnu/libgssapi_krb5.so.2.2
7f007bffe000-7f007c000000 rw-p 00048000 fe:01 25172769                   /usr/lib/x86_64-linux-gnu/libgssapi_krb5.so.2.2
7f007c000000-7f007c021000 rw-p 00000000 00:00 0 
7f007c021000-7f0080000000 ---p 00000000 00:00 0 
7f0080000000-7f0080021000 rw-p 00000000 00:00 0 
7f0080021000-7f0084000000 ---p 00000000 00:00 0 
7f0084000000-7f0084249000 rw-p 00000000 00:00 0 
7f0084249000-7f0088000000 ---p 00000000 00:00 0 
7f0088000000-7f0088021000 rw-p 00000000 00:00 0 
7f0088021000-7f008c000000 ---p 00000000 00:00 0 
7f008c000000-7f008d9f0000 rw-p 00000000 00:00 0 
7f008d9f0000-7f0090000000 ---p 00000000 00:00 0 
7f0090000000-7f0091822000 rw-p 00000000 00:00 0 
7f0091822000-7f0094000000 ---p 00000000 00:00 0 
7f0094000000-7f0094021000 rw-p 00000000 00:00 0 
7f0094021000-7f0098000000 ---p 00000000 00:00 0 
7f0098010000-7f0098013000 ---p 00000000 00:00 0 
7f0098013000-7f0098049000 rw-p 00000000 00:00 0                          [stack:23270]
7f0098049000-7f009807e000 r--s 00000000 fe:01 19137238                   /var/cache/nscd/hosts
7f009807e000-7f00980fc000 r-xp 00000000 fe:01 26738703                   /lib/x86_64-linux-gnu/libsystemd.so.0.10.2
7f00980fc000-7f00980fd000 ---p 0007e000 fe:01 26738703                   /lib/x86_64-linux-gnu/libsystemd.so.0.10.2
7f00980fd000-7f0098100000 r--p 0007e000 fe:01 26738703                   /lib/x86_64-linux-gnu/libsystemd.so.0.10.2
7f0098100000-7f0098101000 rw-p 00081000 fe:01 26738703                   /lib/x86_64-linux-gnu/libsystemd.so.0.10.2
7f0098101000-7f0098122000 r-xp 00000000 fe:01 25172897                   /usr/lib/x86_64-linux-gnu/libxcb.so.1.1.0
7f0098122000-7f0098321000 ---p 00021000 fe:01 25172897                   /usr/lib/x86_64-linux-gnu/libxcb.so.1.1.0
7f0098321000-7f0098322000 r--p 00020000 fe:01 25172897                   /usr/lib/x86_64-linux-gnu/libxcb.so.1.1.0
7f0098322000-7f0098323000 rw-p 00021000 fe:01 25172897                   /usr/lib/x86_64-linux-gnu/libxcb.so.1.1.0
7f0098323000-7f00983c7000 r-xp 00000000 fe:01 25172988                   /usr/lib/x86_64-linux-gnu/libfreetype.so.6.11.1
7f00983c7000-7f00985c6000 ---p 000a4000 fe:01 25172988                   /usr/lib/x86_64-linux-gnu/libfreetype.so.6.11.1
7f00985c6000-7f00985cd000 r--p 000a3000 fe:01 25172988                   /usr/lib/x86_64-linux-gnu/libfreetype.so.6.11.1
7f00985cd000-7f00985ce000 rw-p 000aa000 fe:01 25172988                   /usr/lib/x86_64-linux-gnu/libfreetype.so.6.11.1
7f00985ce000-7f0098609000 r-xp 00000000 fe:01 25172991                   /usr/lib/x86_64-linux-gnu/libfontconfig.so.1.8.0
7f0098609000-7f0098808000 ---p 0003b000 fe:01 25172991                   /usr/lib/x86_64-linux-gnu/libfontconfig.so.1.8.0
7f0098808000-7f009880a000 r--p 0003a000 fe:01 25172991                   /usr/lib/x86_64-linux-gnu/libfontconfig.so.1.8.0
7f009880a000-7f009880b000 rw-p 0003c000 fe:01 25172991                   /usr/lib/x86_64-linux-gnu/libfontconfig.so.1.8.0
7f009880b000-7f0098883000 r-xp 00000000 fe:01 25172771                   /usr/lib/x86_64-linux-gnu/libcups.so.2
7f0098883000-7f0098a83000 ---p 00078000 fe:01 25172771                   /usr/lib/x86_64-linux-gnu/libcups.so.2
7f0098a83000-7f0098a8b000 r--p 00078000 fe:01 25172771                   /usr/lib/x86_64-linux-gnu/libcups.so.2
7f0098a8b000-7f0098a8c000 rw-p 00080000 fe:01 25172771                   /usr/lib/x86_64-linux-gnu/libcups.so.2
7f0098a8c000-7f0098a9b000 r-xp 00000000 fe:01 25173320                   /usr/lib/x86_64-linux-gnu/libXi.so.6.1.0
7f0098a9b000-7f0098c9a000 ---p 0000f000 fe:01 25173320                   /usr/lib/x86_64-linux-gnu/libXi.so.6.1.0
7f0098c9a000-7f0098c9b000 r--p 0000e000 fe:01 25173320                   /usr/lib/x86_64-linux-gnu/libXi.so.6.1.0
7f0098c9b000-7f0098c9c000 rw-p 0000f000 fe:01 25173320                   /usr/lib/x86_64-linux-gnu/libXi.so.6.1.0
7f0098c9c000-7f0098ca1000 r-xp 00000000 fe:01 25174154                   /usr/lib/x86_64-linux-gnu/libXtst.so.6.1.0
7f0098ca1000-7f0098ea0000 ---p 00005000 fe:01 25174154                   /usr/lib/x86_64-linux-gnu/libXtst.so.6.1.0
7f0098ea0000-7f0098ea1000 r--p 00004000 fe:01 25174154                   /usr/lib/x86_64-linux-gnu/libXtst.so.6.1.0
7f0098ea1000-7f0098ea2000 rw-p 00005000 fe:01 25174154                   /usr/lib/x86_64-linux-gnu/libXtst.so.6.1.0
7f0098ea2000-7f0098eab000 r-xp 00000000 fe:01 25173002                   /usr/lib/x86_64-linux-gnu/libXrender.so.1.3.0
7f0098eab000-7f00990aa000 ---p 00009000 fe:01 25173002                   /usr/lib/x86_64-linux-gnu/libXrender.so.1.3.0
7f00990aa000-7f00990ab000 r--p 00008000 fe:01 25173002                   /usr/lib/x86_64-linux-gnu/libXrender.so.1.3.0
7f00990ab000-7f00990ac000 rw-p 00009000 fe:01 25173002                   /usr/lib/x86_64-linux-gnu/libXrender.so.1.3.0
7f00990ac000-7f00991e8000 r-xp 00000000 fe:01 25172901                   /usr/lib/x86_64-linux-gnu/libX11.so.6.3.0
7f00991e8000-7f00993e7000 ---p 0013c000 fe:01 25172901                   /usr/lib/x86_64-linux-gnu/libX11.so.6.3.0
7f00993e7000-7f00993e9000 r--p 0013b000 fe:01 25172901                   /usr/lib/x86_64-linux-gnu/libX11.so.6.3.0
7f00993e9000-7f00993ee000 rw-p 0013d000 fe:01 25172901                   /usr/lib/x86_64-linux-gnu/libX11.so.6.3.0
7f00993ee000-7f00993ef000 rw-p 00000000 00:00 0 
7f00993ef000-7f0099400000 r-xp 00000000 fe:01 25173000                   /usr/lib/x86_64-linux-gnu/libXext.so.6.4.0
7f0099400000-7f00995ff000 ---p 00011000 fe:01 25173000                   /usr/lib/x86_64-linux-gnu/libXext.so.6.4.0
7f00995ff000-7f0099600000 r--p 00010000 fe:01 25173000                   /usr/lib/x86_64-linux-gnu/libXext.so.6.4.0
7f0099600000-7f0099601000 rw-p 00011000 fe:01 25173000                   /usr/lib/x86_64-linux-gnu/libXext.so.6.4.0
7f0099601000-7f009964a000 r-xp 00000000 fe:01 28312115                   /usr/lib/jvm/java-7-openjdk-amd64/jre/lib/amd64/xawt/libmawt.so
7f009964a000-7f0099849000 ---p 00049000 fe:01 28312115                   /usr/lib/jvm/java-7-openjdk-amd64/jre/lib/amd64/xawt/libmawt.so
7f0099849000-7f009984a000 r--p 00048000 fe:01 28312115                   /usr/lib/jvm/java-7-openjdk-amd64/jre/lib/amd64/xawt/libmawt.so
7f009984a000-7f009984d000 rw-p 00049000 fe:01 28312115                   /usr/lib/jvm/java-7-openjdk-amd64/jre/lib/amd64/xawt/libmawt.so
7f009984d000-7f009984e000 rw-p 00000000 00:00 0 
7f009984e000-7f00998ed000 r-xp 00000000 fe:01 28051256                   /usr/lib/jvm/java-7-openjdk-amd64/jre/lib/amd64/libawt.so
7f00998ed000-7f0099aec000 ---p 0009f000 fe:01 28051256                   /usr/lib/jvm/java-7-openjdk-amd64/jre/lib/amd64/libawt.so
7f0099aec000-7f0099aed000 r--p 0009e000 fe:01 28051256                   /usr/lib/jvm/java-7-openjdk-amd64/jre/lib/amd64/libawt.so
7f0099aed000-7f0099af8000 rw-p 0009f000 fe:01 28051256                   /usr/lib/jvm/java-7-openjdk-amd64/jre/lib/amd64/libawt.so
7f0099af8000-7f0099b1d000 rw-p 00000000 00:00 0 
7f0099b1d000-7f0099b20000 ---p 00000000 00:00 0 
7f0099b20000-7f0099d1e000 rw-p 00000000 00:00 0                          [stack:23263]
7f0099d1e000-7f0099d21000 ---p 00000000 00:00 0 
7f0099d21000-7f009a220000 rw-p 00000000 00:00 0                          [stack:23262]
7f009a220000-7f009a28c000 r-xp 00000000 fe:01 26738933                   /lib/x86_64-linux-gnu/libpcre.so.3.13.1
7f009a28c000-7f009a48c000 ---p 0006c000 fe:01 26738933                   /lib/x86_64-linux-gnu/libpcre.so.3.13.1
7f009a48c000-7f009a48d000 r--p 0006c000 fe:01 26738933                   /lib/x86_64-linux-gnu/libpcre.so.3.13.1
7f009a48d000-7f009a48e000 rw-p 0006d000 fe:01 26738933                   /lib/x86_64-linux-gnu/libpcre.so.3.13.1
7f009a48e000-7f009a495000 r-xp 00000000 fe:01 25170536                   /usr/lib/x86_64-linux-gnu/libffi.so.6.0.4
7f009a495000-7f009a695000 ---p 00007000 fe:01 25170536                   /usr/lib/x86_64-linux-gnu/libffi.so.6.0.4
7f009a695000-7f009a696000 r--p 00007000 fe:01 25170536                   /usr/lib/x86_64-linux-gnu/libffi.so.6.0.4
7f009a696000-7f009a697000 rw-p 00008000 fe:01 25170536                   /usr/lib/x86_64-linux-gnu/libffi.so.6.0.4
7f009a697000-7f009a6ab000 r-xp 00000000 fe:01 26742029                   /lib/x86_64-linux-gnu/libresolv-2.19.so
7f009a6ab000-7f009a8aa000 ---p 00014000 fe:01 26742029                   /lib/x86_64-linux-gnu/libresolv-2.19.so
7f009a8aa000-7f009a8ab000 r--p 00013000 fe:01 26742029                   /lib/x86_64-linux-gnu/libresolv-2.19.so
7f009a8ab000-7f009a8ac000 rw-p 00014000 fe:01 26742029                   /lib/x86_64-linux-gnu/libresolv-2.19.so
7f009a8ac000-7f009a8ae000 rw-p 00000000 00:00 0 
7f009a8ae000-7f009a8cf000 r-xp 00000000 fe:01 26738732                   /lib/x86_64-linux-gnu/libselinux.so.1
7f009a8cf000-7f009aacf000 ---p 00021000 fe:01 26738732                   /lib/x86_64-linux-gnu/libselinux.so.1
7f009aacf000-7f009aad0000 r--p 00021000 fe:01 26738732                   /lib/x86_64-linux-gnu/libselinux.so.1
7f009aad0000-7f009aad1000 rw-p 00022000 fe:01 26738732                   /lib/x86_64-linux-gnu/libselinux.so.1
7f009aad1000-7f009aad3000 rw-p 00000000 00:00 0 
7f009aad3000-7f009aad6000 r-xp 00000000 fe:01 25172873                   /usr/lib/x86_64-linux-gnu/libgmodule-2.0.so.0.4400.1
7f009aad6000-7f009acd5000 ---p 00003000 fe:01 25172873                   /usr/lib/x86_64-linux-gnu/libgmodule-2.0.so.0.4400.1
7f009acd5000-7f009acd6000 r--p 00002000 fe:01 25172873                   /usr/lib/x86_64-linux-gnu/libgmodule-2.0.so.0.4400.1
7f009acd6000-7f009acd7000 rw-p 00003000 fe:01 25172873                   /usr/lib/x86_64-linux-gnu/libgmodule-2.0.so.0.4400.1
7f009acd7000-7f009ade4000 r-xp 00000000 fe:01 26738880                   /lib/x86_64-linux-gnu/libglib-2.0.so.0.4400.1
7f009ade4000-7f009afe3000 ---p 0010d000 fe:01 26738880                   /lib/x86_64-linux-gnu/libglib-2.0.so.0.4400.1
7f009afe3000-7f009afe4000 r--p 0010c000 fe:01 26738880                   /lib/x86_64-linux-gnu/libglib-2.0.so.0.4400.1
7f009afe4000-7f009afe5000 rw-p 0010d000 fe:01 26738880                   /lib/x86_64-linux-gnu/libglib-2.0.so.0.4400.1
7f009afe5000-7f009afe6000 rw-p 00000000 00:00 0 
7f009afe6000-7f009b036000 r-xp 00000000 fe:01 25172874                   /usr/lib/x86_64-linux-gnu/libgobject-2.0.so.0.4400.1
7f009b036000-7f009b236000 ---p 00050000 fe:01 25172874                   /usr/lib/x86_64-linux-gnu/libgobject-2.0.so.0.4400.1
7f009b236000-7f009b237000 r--p 00050000 fe:01 25172874                   /usr/lib/x86_64-linux-gnu/libgobject-2.0.so.0.4400.1
7f009b237000-7f009b238000 rw-p 00051000 fe:01 25172874                   /usr/lib/x86_64-linux-gnu/libgobject-2.0.so.0.4400.1
7f009b238000-7f009b3b0000 r-xp 00000000 fe:01 25172876                   /usr/lib/x86_64-linux-gnu/libgio-2.0.so.0.4400.1
7f009b3b0000-7f009b5af000 ---p 00178000 fe:01 25172876                   /usr/lib/x86_64-linux-gnu/libgio-2.0.so.0.4400.1
7f009b5af000-7f009b5b3000 r--p 00177000 fe:01 25172876                   /usr/lib/x86_64-linux-gnu/libgio-2.0.so.0.4400.1
7f009b5b3000-7f009b5b5000 rw-p 0017b000 fe:01 25172876                   /usr/lib/x86_64-linux-gnu/libgio-2.0.so.0.4400.1
7f009b5b5000-7f009b5b7000 rw-p 00000000 00:00 0 
7f009b5d1000-7f009b5e8000 r-xp 00000000 fe:01 28051279                   /usr/lib/jvm/java-7-openjdk-amd64/jre/lib/amd64/libnet.so
7f009b5e8000-7f009b7e8000 ---p 00017000 fe:01 28051279                   /usr/lib/jvm/java-7-openjdk-amd64/jre/lib/amd64/libnet.so
7f009b7e8000-7f009b7e9000 r--p 00017000 fe:01 28051279                   /usr/lib/jvm/java-7-openjdk-amd64/jre/lib/amd64/libnet.so
7f009b7e9000-7f009b7ea000 rw-p 00018000 fe:01 28051279                   /usr/lib/jvm/java-7-openjdk-amd64/jre/lib/amd64/libnet.so
7f009b7ea000-7f009b7fb000 r-xp 00000000 fe:01 28051280                   /usr/lib/jvm/java-7-openjdk-amd64/jre/lib/amd64/libnio.so
7f009b7fb000-7f009b9fa000 ---p 00011000 fe:01 28051280                   /usr/lib/jvm/java-7-openjdk-amd64/jre/lib/amd64/libnio.so
7f009b9fa000-7f009b9fb000 r--p 00010000 fe:01 28051280                   /usr/lib/jvm/java-7-openjdk-amd64/jre/lib/amd64/libnio.so
7f009b9fb000-7f009b9fc000 rw-p 00011000 fe:01 28051280                   /usr/lib/jvm/java-7-openjdk-amd64/jre/lib/amd64/libnio.so
7f009b9fc000-7f009b9fd000 ---p 00000000 00:00 0 
7f009b9fd000-7f009bafd000 rw-p 00000000 00:00 0                          [stack:23261]
7f009bafd000-7f009bb00000 ---p 00000000 00:00 0 
7f009bb00000-7f009bcfe000 rw-p 00000000 00:00 0                          [stack:23260]
7f009bcfe000-7f009bd01000 ---p 00000000 00:00 0 
7f009bd01000-7f009bdff000 rw-p 00000000 00:00 0                          [stack:23259]
7f009bdff000-7f009be02000 ---p 00000000 00:00 0 
7f009be02000-7f009c000000 rw-p 00000000 00:00 0                          [stack:23257]
7f009c000000-7f009c021000 rw-p 00000000 00:00 0 
7f009c021000-7f00a0000000 ---p 00000000 00:00 0 
7f00a0000000-7f00a0021000 rw-p 00000000 00:00 0 
7f00a0021000-7f00a4000000 ---p 00000000 00:00 0 
7f00a4000000-7f00a41c6000 rw-p 00000000 00:00 0 
7f00a41c6000-7f00a8000000 ---p 00000000 00:00 0 
7f00a8000000-7f00a8033000 rw-p 00000000 00:00 0 
7f00a8033000-7f00ac000000 ---p 00000000 00:00 0 
7f00ac000000-7f00ac02b000 rw-p 00000000 00:00 0 
7f00ac02b000-7f00b0000000 ---p 00000000 00:00 0 
7f00b000b000-7f00b000e000 ---p 00000000 00:00 0 
7f00b000e000-7f00b010c000 rw-p 00000000 00:00 0                          [stack:23258]
7f00b010c000-7f00b0295000 r--p 00000000 fe:01 25170396                   /usr/lib/locale/locale-archive
7f00b0295000-7f00b0298000 ---p 00000000 00:00 0 
7f00b0298000-7f00b0496000 rw-p 00000000 00:00 0                          [stack:23256]
7f00b0496000-7f00b0499000 ---p 00000000 00:00 0 
7f00b0499000-7f00b0697000 rw-p 00000000 00:00 0                          [stack:23255]
7f00b0697000-7f00b0698000 ---p 00000000 00:00 0 
7f00b0698000-7f00b112c000 rw-p 00000000 00:00 0                          [stack:23254]
7f00b112c000-7f00b12de000 r--s 01d2b000 fe:01 27400145                   /usr/lib/jvm/java-7-openjdk-amd64/jre/lib/rt.jar
7f00b12de000-7f00b3aaa000 rw-p 00000000 00:00 0 
7f00b3aaa000-7f00b3aab000 ---p 00000000 00:00 0 
7f00b3aab000-7f00b3bab000 rw-p 00000000 00:00 0                          [stack:23253]
7f00b3bab000-7f00b3bac000 ---p 00000000 00:00 0 
7f00b3bac000-7f00b3cb7000 rw-p 00000000 00:00 0                          [stack:23252]
7f00b3cb7000-7f00b3db4000 rw-p 00000000 00:00 0 
7f00b3db4000-7f00b3dc4000 rw-p 00000000 00:00 0 
7f00b3dc4000-7f00b3e74000 rw-p 00000000 00:00 0 
7f00b3e74000-7f00b3e7f000 rw-p 00000000 00:00 0 
7f00b3e7f000-7f00b3f7b000 rw-p 00000000 00:00 0 
7f00b3f7b000-7f00b3ff6000 rw-p 00000000 00:00 0 
7f00b3ff6000-7f00b3fff000 rw-p 00000000 00:00 0 
7f00b3fff000-7f00b4000000 rw-p 00000000 00:00 0 
7f00b4000000-7f00b4229000 rw-p 00000000 00:00 0 
7f00b4229000-7f00b8000000 ---p 00000000 00:00 0 
7f00b8018000-7f00b8061000 rw-p 00000000 00:00 0 
7f00b8061000-7f00b8361000 rwxp 00000000 00:00 0 
7f00b8361000-7f00bb061000 rw-p 00000000 00:00 0 
7f00bb061000-7f00bb069000 r-xp 00000000 fe:01 28051285                   /usr/lib/jvm/java-7-openjdk-amd64/jre/lib/amd64/libzip.so
7f00bb069000-7f00bb268000 ---p 00008000 fe:01 28051285                   /usr/lib/jvm/java-7-openjdk-amd64/jre/lib/amd64/libzip.so
7f00bb268000-7f00bb269000 r--p 00007000 fe:01 28051285                   /usr/lib/jvm/java-7-openjdk-amd64/jre/lib/amd64/libzip.so
7f00bb269000-7f00bb26a000 rw-p 00008000 fe:01 28051285                   /usr/lib/jvm/java-7-openjdk-amd64/jre/lib/amd64/libzip.so
7f00bb26a000-7f00bb296000 r-xp 00000000 fe:01 28051267                   /usr/lib/jvm/java-7-openjdk-amd64/jre/lib/amd64/libjava.so
7f00bb296000-7f00bb495000 ---p 0002c000 fe:01 28051267                   /usr/lib/jvm/java-7-openjdk-amd64/jre/lib/amd64/libjava.so
7f00bb495000-7f00bb496000 r--p 0002b000 fe:01 28051267                   /usr/lib/jvm/java-7-openjdk-amd64/jre/lib/amd64/libjava.so
7f00bb496000-7f00bb498000 rw-p 0002c000 fe:01 28051267                   /usr/lib/jvm/java-7-openjdk-amd64/jre/lib/amd64/libjava.so
7f00bb498000-7f00bb4a7000 r-xp 00000000 fe:01 28051284                   /usr/lib/jvm/java-7-openjdk-amd64/jre/lib/amd64/libverify.so
7f00bb4a7000-7f00bb6a6000 ---p 0000f000 fe:01 28051284                   /usr/lib/jvm/java-7-openjdk-amd64/jre/lib/amd64/libverify.so
7f00bb6a6000-7f00bb6a8000 r--p 0000e000 fe:01 28051284                   /usr/lib/jvm/java-7-openjdk-amd64/jre/lib/amd64/libverify.so
7f00bb6a8000-7f00bb6a9000 rw-p 00010000 fe:01 28051284                   /usr/lib/jvm/java-7-openjdk-amd64/jre/lib/amd64/libverify.so
7f00bb6a9000-7f00bb6b0000 r-xp 00000000 fe:01 26742026                   /lib/x86_64-linux-gnu/librt-2.19.so
7f00bb6b0000-7f00bb8af000 ---p 00007000 fe:01 26742026                   /lib/x86_64-linux-gnu/librt-2.19.so
7f00bb8af000-7f00bb8b0000 r--p 00006000 fe:01 26742026                   /lib/x86_64-linux-gnu/librt-2.19.so
7f00bb8b0000-7f00bb8b1000 rw-p 00007000 fe:01 26742026                   /lib/x86_64-linux-gnu/librt-2.19.so
7f00bb8b1000-7f00bb8b4000 ---p 00000000 00:00 0 
7f00bb8b4000-7f00bbab2000 rw-p 00000000 00:00 0                          [stack:23251]
7f00bbab2000-7f00bbac8000 r-xp 00000000 fe:01 26738781                   /lib/x86_64-linux-gnu/libgcc_s.so.1
7f00bbac8000-7f00bbcc7000 ---p 00016000 fe:01 26738781                   /lib/x86_64-linux-gnu/libgcc_s.so.1
7f00bbcc7000-7f00bbcc8000 rw-p 00015000 fe:01 26738781                   /lib/x86_64-linux-gnu/libgcc_s.so.1
7f00bbcc8000-7f00bbdc8000 r-xp 00000000 fe:01 26742037                   /lib/x86_64-linux-gnu/libm-2.19.so
7f00bbdc8000-7f00bbfc7000 ---p 00100000 fe:01 26742037                   /lib/x86_64-linux-gnu/libm-2.19.so
7f00bbfc7000-7f00bbfc8000 r--p 000ff000 fe:01 26742037                   /lib/x86_64-linux-gnu/libm-2.19.so
7f00bbfc8000-7f00bbfc9000 rw-p 00100000 fe:01 26742037                   /lib/x86_64-linux-gnu/libm-2.19.so
7f00bbfc9000-7f00bc134000 r-xp 00000000 fe:01 25165829                   /usr/lib/x86_64-linux-gnu/libstdc++.so.6.0.21
7f00bc134000-7f00bc334000 ---p 0016b000 fe:01 25165829                   /usr/lib/x86_64-linux-gnu/libstdc++.so.6.0.21
7f00bc334000-7f00bc33e000 r--p 0016b000 fe:01 25165829                   /usr/lib/x86_64-linux-gnu/libstdc++.so.6.0.21
7f00bc33e000-7f00bc340000 rw-p 00175000 fe:01 25165829                   /usr/lib/x86_64-linux-gnu/libstdc++.so.6.0.21
7f00bc340000-7f00bc344000 rw-p 00000000 00:00 0 
7f00bc344000-7f00bce95000 r-xp 00000000 fe:01 28182581                   /usr/lib/jvm/java-7-openjdk-amd64/jre/lib/amd64/server/libjvm.so
7f00bce95000-7f00bd095000 ---p 00b51000 fe:01 28182581                   /usr/lib/jvm/java-7-openjdk-amd64/jre/lib/amd64/server/libjvm.so
7f00bd095000-7f00bd126000 r--p 00b51000 fe:01 28182581                   /usr/lib/jvm/java-7-openjdk-amd64/jre/lib/amd64/server/libjvm.so
7f00bd126000-7f00bd149000 rw-p 00be2000 fe:01 28182581                   /usr/lib/jvm/java-7-openjdk-amd64/jre/lib/amd64/server/libjvm.so
7f00bd149000-7f00bd174000 rw-p 00000000 00:00 0 
7f00bd174000-7f00bd18e000 r-xp 00000000 fe:01 26738790                   /lib/x86_64-linux-gnu/libz.so.1.2.8
7f00bd18e000-7f00bd38d000 ---p 0001a000 fe:01 26738790                   /lib/x86_64-linux-gnu/libz.so.1.2.8
7f00bd38d000-7f00bd38e000 r--p 00019000 fe:01 26738790                   /lib/x86_64-linux-gnu/libz.so.1.2.8
7f00bd38e000-7f00bd38f000 rw-p 0001a000 fe:01 26738790                   /lib/x86_64-linux-gnu/libz.so.1.2.8
7f00bd38f000-7f00bd52e000 r-xp 00000000 fe:01 26742024                   /lib/x86_64-linux-gnu/libc-2.19.so
7f00bd52e000-7f00bd72e000 ---p 0019f000 fe:01 26742024                   /lib/x86_64-linux-gnu/libc-2.19.so
7f00bd72e000-7f00bd732000 r--p 0019f000 fe:01 26742024                   /lib/x86_64-linux-gnu/libc-2.19.so
7f00bd732000-7f00bd734000 rw-p 001a3000 fe:01 26742024                   /lib/x86_64-linux-gnu/libc-2.19.so
7f00bd734000-7f00bd738000 rw-p 00000000 00:00 0 
7f00bd738000-7f00bd73b000 r-xp 00000000 fe:01 26742043                   /lib/x86_64-linux-gnu/libdl-2.19.so
7f00bd73b000-7f00bd93a000 ---p 00003000 fe:01 26742043                   /lib/x86_64-linux-gnu/libdl-2.19.so
7f00bd93a000-7f00bd93b000 r--p 00002000 fe:01 26742043                   /lib/x86_64-linux-gnu/libdl-2.19.so
7f00bd93b000-7f00bd93c000 rw-p 00003000 fe:01 26742043                   /lib/x86_64-linux-gnu/libdl-2.19.so
7f00bd93c000-7f00bd949000 r-xp 00000000 fe:01 28311809                   /usr/lib/jvm/java-7-openjdk-amd64/jre/lib/amd64/jli/libjli.so
7f00bd949000-7f00bdb48000 ---p 0000d000 fe:01 28311809                   /usr/lib/jvm/java-7-openjdk-amd64/jre/lib/amd64/jli/libjli.so
7f00bdb48000-7f00bdb49000 r--p 0000c000 fe:01 28311809                   /usr/lib/jvm/java-7-openjdk-amd64/jre/lib/amd64/jli/libjli.so
7f00bdb49000-7f00bdb4a000 rw-p 0000d000 fe:01 28311809                   /usr/lib/jvm/java-7-openjdk-amd64/jre/lib/amd64/jli/libjli.so
7f00bdb4a000-7f00bdb62000 r-xp 00000000 fe:01 26742028                   /lib/x86_64-linux-gnu/libpthread-2.19.so
7f00bdb62000-7f00bdd61000 ---p 00018000 fe:01 26742028                   /lib/x86_64-linux-gnu/libpthread-2.19.so
7f00bdd61000-7f00bdd62000 r--p 00017000 fe:01 26742028                   /lib/x86_64-linux-gnu/libpthread-2.19.so
7f00bdd62000-7f00bdd63000 rw-p 00018000 fe:01 26742028                   /lib/x86_64-linux-gnu/libpthread-2.19.so
7f00bdd63000-7f00bdd67000 rw-p 00000000 00:00 0 
7f00bdd67000-7f00bdd87000 r-xp 00000000 fe:01 26742033                   /lib/x86_64-linux-gnu/ld-2.19.so
7f00bdd9a000-7f00bddc1000 rw-p 00000000 00:00 0 
7f00bddc1000-7f00bde71000 rw-p 00000000 00:00 0 
7f00bde71000-7f00bde7d000 rw-p 00000000 00:00 0 
7f00bde7d000-7f00bdf31000 rw-p 00000000 00:00 0 
7f00bdf31000-7f00bdf66000 r--s 00000000 fe:01 19137138                   /var/cache/nscd/passwd
7f00bdf66000-7f00bdf6b000 rw-p 00000000 00:00 0 
7f00bdf75000-7f00bdf76000 rw-p 00000000 00:00 0 
7f00bdf76000-7f00bdf7b000 r--s 0004d000 fe:01 27400139                   /usr/lib/jvm/java-7-openjdk-amd64/jre/lib/jsse.jar
7f00bdf7b000-7f00bdf83000 rw-s 00000000 fe:01 29360273                   /tmp/hsperfdata_NotSimon/23250
7f00bdf83000-7f00bdf84000 rw-p 00000000 00:00 0 
7f00bdf84000-7f00bdf85000 ---p 00000000 00:00 0 
7f00bdf85000-7f00bdf87000 rw-p 00000000 00:00 0 
7f00bdf87000-7f00bdf88000 r--p 00020000 fe:01 26742033                   /lib/x86_64-linux-gnu/ld-2.19.so
7f00bdf88000-7f00bdf89000 rw-p 00021000 fe:01 26742033                   /lib/x86_64-linux-gnu/ld-2.19.so
7f00bdf89000-7f00bdf8a000 rw-p 00000000 00:00 0 
7ffd817d2000-7ffd817f4000 rw-p 00000000 00:00 0                          [stack]
7ffd817f7000-7ffd817f9000 r-xp 00000000 00:00 0                          [vdso]
7ffd817f9000-7ffd817fb000 r--p 00000000 00:00 0                          [vvar]
ffffffffff600000-ffffffffff601000 r-xp 00000000 00:00 0                  [vsyscall]
7f00bdf85000-7f00bdf87000 rw-p 00000000 00:00 0 
7f00bdf87000-7f00bdf88000 r--p 00020000 fe:01 26742033                   /lib/x86_64-linux-gnu/ld-2.19.so
7f00bdf88000-7f00bdf89000 rw-p 00021000 fe:01 26742033                   /lib/x86_64-linux-gnu/ld-2.19.so
7f00bdf89000-7f00bdf8a000 rw-p 00000000 00:00 0 
7ffd817d2000-7ffd817f4000 rw-p 00000000 00:00 0                          [stack]
7ffd817f7000-7ffd817f9000 r-xp 00000000 00:00 0                          [vdso]
7ffd817f9000-7ffd817fb000 r--p 00000000 00:00 0                          [vvar]
ffffffffff600000-ffffffffff601000 r-xp 00000000 00:00 0                  [vsyscall]

VM Arguments:
jvm_args: -Djdk.home=/usr/lib/jvm/java-7-openjdk-amd64 -Dnetbeans.default_userdir_root=/home/NotSimon/.netbeans -Dnetbeans.running.environment=gnome -Dnetbeans.dirs=/usr/share/netbeans/8.0.2/nb:/usr/share/netbeans/8.0.2/ergonomics:/usr/share/netbeans/8.0.2/ide:/usr/share/netbeans/8.0.2/extide:/usr/share/netbeans/8.0.2/java:/usr/share/netbeans/8.0.2/apisupport:/usr/share/netbeans/8.0.2/webcommon:/usr/share/netbeans/8.0.2/websvccommon:/usr/share/netbeans/8.0.2/enterprise:/usr/share/netbeans/8.0.2/mobility:/usr/share/netbeans/8.0.2/profiler:/usr/share/netbeans/8.0.2/python:/usr/share/netbeans/8.0.2/php:/usr/share/netbeans/8.0.2/identity:/usr/share/netbeans/8.0.2/harness:/usr/share/netbeans/8.0.2/cnd:/usr/share/netbeans/8.0.2/dlight:/usr/share/netbeans/8.0.2/groovy:/usr/share/netbeans/8.0.2/extra:/usr/share/netbeans/8.0.2/javacard:/usr/share/netbeans/8.0.2/javafx: -Dnetbeans.home=/usr/share/netbeans/8.0.2/platform -Dnetbeans.importclass=org.netbeans.upgrade.AutoUpgrade -Dnetbeans.accept_license_class=org.netbeans.license.AcceptLicense -Xmx789m -Xss2m -Xms32m -XX:PermSize=32m -Dapple.laf.useScreenMenuBar=true -Dapple.awt.graphics.UseQuartz=true -Dsun.java2d.noddraw=true -Dsun.java2d.dpiaware=true -Dsun.zip.disableMemoryMapping=true -Dsun.java2d.pmoffscreen=false -XX:MaxPermSize=384m -XX:+HeapDumpOnOutOfMemoryError -XX:HeapDumpPath=/home/NotSimon/.netbeans/8.0.2/var/log/heapdump.hprof 
java_command: org.netbeans.Main --cachedir /home/NotSimon/.cache/netbeans/8.0.2 --userdir /home/NotSimon/.netbeans/8.0.2 --branding nb
Launcher Type: SUN_STANDARD

Environment Variables:
PATH=/usr/local/bin:/usr/bin:/bin:/usr/games
LD_LIBRARY_PATH=/usr/lib/jvm/java-7-openjdk-amd64/bin/../jre/lib/amd64:/usr/lib/jvm/java-7-openjdk-amd64/bin/../jre/lib/i386:
SHELL=/bin/bash
DISPLAY=:0

Signal Handlers:
SIGSEGV: [libjvm.so+0x995800], sa_mask[0]=0x7ffbfeff, sa_flags=0x10000004
SIGBUS: [libjvm.so+0x995800], sa_mask[0]=0x7ffbfeff, sa_flags=0x10000004
SIGFPE: [libjvm.so+0x7fca50], sa_mask[0]=0x7ffbfeff, sa_flags=0x10000004
SIGPIPE: SIG_IGN, sa_mask[0]=0x00001000, sa_flags=0x10000000
SIGXFSZ: [libjvm.so+0x7fca50], sa_mask[0]=0x7ffbfeff, sa_flags=0x10000004
SIGILL: [libjvm.so+0x7fca50], sa_mask[0]=0x7ffbfeff, sa_flags=0x10000004
SIGUSR1: SIG_DFL, sa_mask[0]=0x00000000, sa_flags=0x00000000
SIGUSR2: [libjvm.so+0x7fc8d0], sa_mask[0]=0x00000000, sa_flags=0x10000004
SIGHUP: [libjvm.so+0x7fca60], sa_mask[0]=0x7ffbfeff, sa_flags=0x10000004
SIGINT: SIG_IGN, sa_mask[0]=0x00000000, sa_flags=0x00000000
SIGTERM: [libjvm.so+0x7fca60], sa_mask[0]=0x7ffbfeff, sa_flags=0x10000004
SIGQUIT: [libjvm.so+0x7fca60], sa_mask[0]=0x7ffbfeff, sa_flags=0x10000004
SIGTRAP: SIG_DFL, sa_mask[0]=0x00000000, sa_flags=0x00000000


---------------  S Y S T E M  ---------------

OS:stretch/sid

uname:Linux 3.16.0-4-amd64 #1 SMP Debian 3.16.7-ckt9-3 (2015-04-23) x86_64
libc:glibc 2.19 NPTL 2.19 
rlimit: STACK 8192k, CORE 0k, NPROC 15721, NOFILE 65536, AS infinity
load average:0.71 0.25 0.26

/proc/meminfo:
MemTotal:        4043688 kB
MemFree:          129760 kB
MemAvailable:    2037288 kB
Buffers:          101384 kB
Cached:          2035572 kB
SwapCached:         2848 kB
Active:          2225532 kB
Inactive:        1377188 kB
Active(anon):    1223948 kB
Inactive(anon):   381708 kB
Active(file):    1001584 kB
Inactive(file):   995480 kB
Unevictable:          32 kB
Mlocked:              32 kB
SwapTotal:       8355836 kB
SwapFree:        8311764 kB
Dirty:              4056 kB
Writeback:             0 kB
AnonPages:       1463920 kB
Mapped:           325116 kB
Shmem:            139936 kB
Slab:             192304 kB
SReclaimable:     158812 kB
SUnreclaim:        33492 kB
KernelStack:        7024 kB
PageTables:        28008 kB
NFS_Unstable:          0 kB
Bounce:                0 kB
WritebackTmp:          0 kB
CommitLimit:    10377680 kB
Committed_AS:    4162844 kB
VmallocTotal:   34359738367 kB
VmallocUsed:      122268 kB
VmallocChunk:   34359612148 kB
HardwareCorrupted:     0 kB
AnonHugePages:         0 kB
HugePages_Total:       0
HugePages_Free:        0
HugePages_Rsvd:        0
HugePages_Surp:        0
Hugepagesize:       2048 kB
DirectMap4k:      599764 kB
DirectMap2M:     3577856 kB


CPU:total 2 (2 cores per cpu, 1 threads per core) family 6 model 26 stepping 5, cmov, cx8, fxsr, mmx, sse, sse2, sse3, ssse3, sse4.1, sse4.2, popcnt, tsc, tscinvbit, tscinv

/proc/cpuinfo:
processor	: 0
vendor_id	: GenuineIntel
cpu family	: 6
model		: 26
model name	: Intel(R) Xeon(R) CPU           W3505  @ 2.53GHz
stepping	: 5
microcode	: 0xf
cpu MHz		: 2527.000
cache size	: 4096 KB
physical id	: 0
siblings	: 2
core id		: 0
cpu cores	: 2
apicid		: 0
initial apicid	: 0
fpu		: yes
fpu_exception	: yes
cpuid level	: 11
wp		: yes
flags		: fpu vme de pse tsc msr pae mce cx8 apic sep mtrr pge mca cmov pat pse36 clflush dts acpi mmx fxsr sse sse2 ss ht tm pbe syscall nx rdtscp lm constant_tsc arch_perfmon pebs bts rep_good nopl xtopology nonstop_tsc aperfmperf pni dtes64 monitor ds_cpl vmx est tm2 ssse3 cx16 xtpr pdcm dca sse4_1 sse4_2 popcnt lahf_lm dtherm tpr_shadow vnmi flexpriority ept vpid
bogomips	: 5067.03
clflush size	: 64
cache_alignment	: 64
address sizes	: 36 bits physical, 48 bits virtual
power management:

processor	: 1
vendor_id	: GenuineIntel
cpu family	: 6
model		: 26
model name	: Intel(R) Xeon(R) CPU           W3505  @ 2.53GHz
stepping	: 5
microcode	: 0xf
cpu MHz		: 2527.000
cache size	: 4096 KB
physical id	: 0
siblings	: 2
core id		: 2
cpu cores	: 2
apicid		: 4
initial apicid	: 4
fpu		: yes
fpu_exception	: yes
cpuid level	: 11
wp		: yes
flags		: fpu vme de pse tsc msr pae mce cx8 apic sep mtrr pge mca cmov pat pse36 clflush dts acpi mmx fxsr sse sse2 ss ht tm pbe syscall nx rdtscp lm constant_tsc arch_perfmon pebs bts rep_good nopl xtopology nonstop_tsc aperfmperf pni dtes64 monitor ds_cpl vmx est tm2 ssse3 cx16 xtpr pdcm dca sse4_1 sse4_2 popcnt lahf_lm dtherm tpr_shadow vnmi flexpriority ept vpid
bogomips	: 5067.03
clflush size	: 64
cache_alignment	: 64
address sizes	: 36 bits physical, 48 bits virtual
power management:



Memory: 4k page, physical 4043688k(129760k free), swap 8355836k(8311764k free)

vm_info: OpenJDK 64-Bit Server VM (24.85-b03) for linux-amd64 JRE (1.7.0_85-b01), built on Sep  5 2015 23:29:12 by "buildd" with gcc 5.2.1 20150903

time: Wed Sep 16 07:09:44 2015
elapsed time: 11 seconds

