#
# A fatal error has been detected by the Java Runtime Environment:
#
#  SIGSEGV (0xb) at pc=0x00007ff2969ce823, pid=3857, tid=140678582298368
#
# JRE version: OpenJDK Runtime Environment (7.0_85-b01) (build 1.7.0_85-b01)
# Java VM: OpenJDK 64-Bit Server VM (24.85-b03 mixed mode linux-amd64 compressed oops)
# Derivative: IcedTea 2.6.1
# Distribution: Debian GNU/Linux buildd-unstable (sid), package 7u85-2.6.1-3
# Problematic frame:
# V  [libjvm.so+0x2f2823]  BiasedLocking::revoke_and_rebias(Handle, bool, Thread*)+0x33
#
# Failed to write core dump. Core dumps have been disabled. To enable core dumping, try "ulimit -c unlimited" before starting Java again
#
# If you would like to submit a bug report, please include
# instructions on how to reproduce the bug and visit:
#   http://icedtea.classpath.org/bugzilla
#

---------------  T H R E A D  ---------------

Current thread (0x00007ff26c24e000):  JavaThread "Thread-1" [_thread_in_vm, id=3881, stack(0x00007ff2486ce000,0x00007ff248ecf000)]

siginfo:si_signo=SIGSEGV: si_errno=0, si_code=1 (SEGV_MAPERR), si_addr=0x0000000000000001

Registers:
RAX=0x00007ff2974c22c8, RBX=0x0000000000000000, RCX=0x00007ff2681068d0, RDX=0x00007ff26c24e000
RSP=0x00007ff248ecdc80, RBP=0x00007ff248ecdd30, RSI=0x0000000000000000, RDI=0x00007ff2681068d0
R8 =0x0000000000000000, R9 =0xffffffff00000000, R10=0x0000000000000001, R11=0x0000000000000246
R12=0x00007ff2681068d0, R13=0x00007ff26c24e000, R14=0x000000007fffffff, R15=0x00007ff255088cb0
RIP=0x00007ff2969ce823, EFLAGS=0x0000000000010246, CSGSFS=0x0000000000000033, ERR=0x0000000000000004
  TRAPNO=0x000000000000000e

Top of Stack: (sp=0x00007ff248ecdc80)
0x00007ff248ecdc80:   00007ff27ce4c2b8 00007ff290165f00
0x00007ff248ecdc90:   00007ff2681068d0 1c8d4c97eab9b500
0x00007ff248ecdca0:   00007ff26c24e1d8 0000000000000001
0x00007ff248ecdcb0:   000000000000000b 00007ff2440a6eb0
0x00007ff248ecdcc0:   00007ff26004c570 1c8d4c97eab9b500
0x00007ff248ecdcd0:   00007ff248ecde00 00007ff2440f6c10
0x00007ff248ecdce0:   00007ff248ecde30 1c8d4c97eab9b500
0x00007ff248ecdcf0:   0000000000000000 1c8d4c97eab9b500
0x00007ff248ecdd00:   00007ff248ecde30 00007ff26c24e000
0x00007ff248ecdd10:   00007ff2681068d0 0000000000000000
0x00007ff248ecdd20:   000000007fffffff 00007ff255088cb0
0x00007ff248ecdd30:   00007ff248ecdd50 00007ff296fe3aba
0x00007ff248ecdd40:   00007ff26c24e000 00007ff26c24e1d8
0x00007ff248ecdd50:   00007ff248ecddb0 00007ff296cf4353
0x00007ff248ecdd60:   00007ff26c24e000 0000000000000000
0x00007ff248ecdd70:   00007ff248ecddb0 00007ff255b776ca
0x00007ff248ecdd80:   0000000000000000 1c8d4c97eab9b500
0x00007ff248ecdd90:   0000000000000000 00007ff248ecde24
0x00007ff248ecdda0:   00007ff248ecde28 0000000000000000
0x00007ff248ecddb0:   00007ff248ecddd0 00007ff255b73901
0x00007ff248ecddc0:   0000000000000001 00007ff26c24e1d8
0x00007ff248ecddd0:   00007ff260102030 00007ff255088cce
0x00007ff248ecdde0:   00007ff244107430 00007ff244107430
0x00007ff248ecddf0:   00007ff248ecde30 00007ff27ce8e3fd
0x00007ff248ecde00:   0000000000000001 000000007ce8ea2a
0x00007ff248ecde10:   00007ff248ecde24 00007ff248ecdeb0
0x00007ff248ecde20:   ffffffff00000000 00007ff260111c00
0x00007ff248ecde30:   00007ff244107430 00007ff200000001
0x00007ff248ecde40:   00007ff2440fdce0 00007ff260111c00
0x00007ff248ecde50:   00007ff298320060 1c8d4c97eab9b500
0x00007ff248ecde60:   0000000000000000 00007ff244107430
0x00007ff248ecde70:   0000000000000001 00007ff26c0b1780 

Instructions: (pc=0x00007ff2969ce823)
0x00007ff2969ce803:   48 81 ec 88 00 00 00 48 89 bd 60 ff ff ff 4c 8b
0x00007ff2969ce813:   17 64 48 8b 1c 25 28 00 00 00 48 89 5d c8 31 db
0x00007ff2969ce823:   49 8b 1a 49 89 d9 41 83 e1 07 49 83 f9 05 74 3d
0x00007ff2969ce833:   48 8b 09 b8 01 00 00 00 48 8b 11 83 e2 07 48 83 

Register to memory mapping:

RAX=0x00007ff2974c22c8: <offset 0xde62c8> in /usr/lib/jvm/java-7-openjdk-amd64/jre/lib/amd64/server/libjvm.so at 0x00007ff2966dc000
RBX=0x0000000000000000 is an unknown value
RCX=0x00007ff2681068d0 is an unknown value
RDX=0x00007ff26c24e000 is a thread
RSP=0x00007ff248ecdc80 is pointing into the stack for thread: 0x00007ff26c24e000
RBP=0x00007ff248ecdd30 is pointing into the stack for thread: 0x00007ff26c24e000
RSI=0x0000000000000000 is an unknown value
RDI=0x00007ff2681068d0 is an unknown value
R8 =0x0000000000000000 is an unknown value
R9 =0xffffffff00000000 is an unknown value
R10=0x0000000000000001 is an unknown value
R11=0x0000000000000246 is an unknown value
R12=0x00007ff2681068d0 is an unknown value
R13=0x00007ff26c24e000 is a thread
R14=0x000000007fffffff is an unknown value
R15=0x00007ff255088cb0: <offset 0x57cb0> in /usr/lib/x86_64-linux-gnu/libgdk-x11-2.0.so.0 at 0x00007ff255031000


Stack: [0x00007ff2486ce000,0x00007ff248ecf000],  sp=0x00007ff248ecdc80,  free space=8191k
Native frames: (J=compiled Java code, j=interpreted, Vv=VM code, C=native code)
V  [libjvm.so+0x2f2823]  BiasedLocking::revoke_and_rebias(Handle, bool, Thread*)+0x33
V  [libjvm.so+0x907aba]  ObjectSynchronizer::jni_enter(Handle, Thread*)+0x5a
V  [libjvm.so+0x618353]  jni_MonitorEnter+0xc3
C  [libatk-wrapper.so+0x4901]  jni_threads_lock+0x32


---------------  P R O C E S S  ---------------

Java Threads: ( => current thread )
  0x00007ff2903f1800 JavaThread "File Watcher" daemon [_thread_in_native, id=3890, stack(0x00007ff242fe5000,0x00007ff2431e6000)]
  0x00007ff24505f000 JavaThread "Folder recognizer" daemon [_thread_blocked, id=3889, stack(0x00007ff2433fa000,0x00007ff2435fb000)]
  0x00007ff2442fc000 JavaThread "On Start/Stop" daemon [_thread_blocked, id=3888, stack(0x00007ff2435fb000,0x00007ff2437fc000)]
  0x00007ff245534800 JavaThread "Inactive RequestProcessor thread [Was:On Start/Stop/org.netbeans.modules.i18n.form.I18nFormCrossModule]" daemon [_thread_blocked, id=3887, stack(0x00007ff2437fc000,0x00007ff2439fd000)]
  0x0000000001b4c800 JavaThread "Inactive RequestProcessor thread [Was:On Start/Stop/org.netbeans.core.execution.Install]" daemon [_thread_blocked, id=3886, stack(0x00007ff2439fd000,0x00007ff243bfe000)]
  0x00007ff245701000 JavaThread "Bundle File Closer" daemon [_thread_blocked, id=3885, stack(0x00007ff243bfe000,0x00007ff243dff000)]
  0x00007ff2452cc000 JavaThread "Framework Event Dispatcher" daemon [_thread_blocked, id=3884, stack(0x00007ff243dff000,0x00007ff244000000)]
  0x00007ff24527e000 JavaThread "State Saver" [_thread_blocked, id=3883, stack(0x00007ff248077000,0x00007ff248278000)]
  0x00007ff244dc4800 JavaThread "Framework Active Thread" [_thread_blocked, id=3882, stack(0x00007ff248278000,0x00007ff248479000)]
=>0x00007ff26c24e000 JavaThread "Thread-1" [_thread_in_vm, id=3881, stack(0x00007ff2486ce000,0x00007ff248ecf000)]
  0x00007ff2440be000 JavaThread "AWT-EventQueue-1" [_thread_blocked, id=3880, stack(0x00007ff24953f000,0x00007ff249740000)]
  0x00007ff2440b8000 JavaThread "AWT-EventQueue-0" [_thread_blocked, id=3879, stack(0x00007ff249740000,0x00007ff249941000)]
  0x00007ff2440b6800 JavaThread "AWT-Shutdown" [_thread_blocked, id=3878, stack(0x00007ff249941000,0x00007ff249b42000)]
  0x00007ff244094800 JavaThread "process reaper" daemon [_thread_blocked, id=3877, stack(0x00007ff28c135000,0x00007ff28c16e000)]
  0x00007ff24408d000 JavaThread "AWT-XAWT" daemon [_thread_in_native, id=3875, stack(0x00007ff255d89000,0x00007ff255f8a000)]
  0x00007ff24406f000 JavaThread "Java2D Disposer" daemon [_thread_blocked, id=3874, stack(0x00007ff25639b000,0x00007ff25659c000)]
  0x00007ff244029000 JavaThread "RequestProcessor queue manager" daemon [_thread_blocked, id=3873, stack(0x00007ff25659c000,0x00007ff25679d000)]
  0x00007ff29021c000 JavaThread "main" [_thread_blocked, id=3872, stack(0x00007ff25679d000,0x00007ff25699e000)]
  0x00007ff290215800 JavaThread "Netigso Events" daemon [_thread_blocked, id=3871, stack(0x00007ff25699e000,0x00007ff256b9f000)]
  0x00007ff2901df000 JavaThread "CLI Requests Server" daemon [_thread_in_native, id=3870, stack(0x00007ff25fbfe000,0x00007ff25fdff000)]
  0x00007ff2901bc800 JavaThread "Active Reference Queue Daemon" daemon [_thread_blocked, id=3869, stack(0x00007ff25fdff000,0x00007ff260000000)]
  0x00007ff2900a9800 JavaThread "Service Thread" daemon [_thread_blocked, id=3867, stack(0x00007ff28c26f000,0x00007ff28c470000)]
  0x00007ff2900a7000 JavaThread "C2 CompilerThread1" daemon [_thread_blocked, id=3866, stack(0x00007ff28c470000,0x00007ff28c571000)]
  0x00007ff2900a4800 JavaThread "C2 CompilerThread0" daemon [_thread_blocked, id=3865, stack(0x00007ff28c571000,0x00007ff28c672000)]
  0x00007ff2900a2000 JavaThread "Signal Dispatcher" daemon [_thread_blocked, id=3864, stack(0x00007ff28c672000,0x00007ff28c873000)]
  0x00007ff290077000 JavaThread "Finalizer" daemon [_thread_blocked, id=3863, stack(0x00007ff28c9fc000,0x00007ff28cbfd000)]
  0x00007ff290075000 JavaThread "Reference Handler" daemon [_thread_blocked, id=3862, stack(0x00007ff28cbfd000,0x00007ff28cdfe000)]
  0x00007ff290009800 JavaThread "main" [_thread_blocked, id=3858, stack(0x00007ff295c49000,0x00007ff295e4a000)]

Other Threads:
  0x00007ff290070800 VMThread [stack: 0x00007ff28cdfe000,0x00007ff28ceff000] [id=3861]
  0x00007ff2900b4800 WatcherThread [stack: 0x00007ff28c16e000,0x00007ff28c26f000] [id=3868]

VM state:synchronizing (normal execution)

VM Mutex/Monitor currently owned by a thread:  ([mutex/lock_event])
[0x00007ff290007f00] Threads_lock - owner thread: 0x00007ff290070800

Heap
 PSYoungGen      total 51712K, used 20624K [0x00000000ef880000, 0x00000000f3280000, 0x0000000100000000)
  eden space 45056K, 45% used [0x00000000ef880000,0x00000000f0c8c180,0x00000000f2480000)
  from space 6656K, 1% used [0x00000000f2c00000,0x00000000f2c18000,0x00000000f3280000)
  to   space 7168K, 0% used [0x00000000f2480000,0x00000000f2480000,0x00000000f2b80000)
 ParOldGen       total 37376K, used 23772K [0x00000000cea00000, 0x00000000d0e80000, 0x00000000ef880000)
  object space 37376K, 63% used [0x00000000cea00000,0x00000000d0137060,0x00000000d0e80000)
 PSPermGen       total 40448K, used 22037K [0x00000000b6a00000, 0x00000000b9180000, 0x00000000cea00000)
  object space 40448K, 54% used [0x00000000b6a00000,0x00000000b7f856b0,0x00000000b9180000)

Card table byte_map: [0x00007ff2951ad000,0x00007ff2953f9000] byte_map_base: 0x00007ff294bf8000

Polling page: 0x00007ff29831c000

Code Cache  [0x00007ff28d000000, 0x00007ff28d300000, 0x00007ff290000000)
 total_blobs=1215 nmethods=717 adapters=451 free_code_cache=46167Kb largest_free_block=47189184

Compilation events (10 events):
Event: 19.885 Thread 0x00007ff2900a4800  817  s          org.netbeans.ProxyClassLoader::getResourcesImpl (314 bytes)
Event: 19.886 Thread 0x00007ff2900a7000  818             org.openide.filesystems.MultiFileObject::update (315 bytes)
Event: 19.939 Thread 0x00007ff2900a4800 nmethod 817 0x00007ff28d2396d0 code [0x00007ff28d239b20, 0x00007ff28d23b978]
Event: 19.939 Thread 0x00007ff2900a4800  819   !         org.openide.filesystems.AbstractFolder::find (79 bytes)
Event: 19.945 Thread 0x00007ff2900a7000 nmethod 818 0x00007ff28d225950 code [0x00007ff28d225e40, 0x00007ff28d227a20]
Event: 19.946 Thread 0x00007ff2900a7000  820             java.lang.String::equals (81 bytes)
Event: 19.948 Thread 0x00007ff2900a7000 nmethod 820 0x00007ff28d0ac050 code [0x00007ff28d0ac1a0, 0x00007ff28d0ac3b8]
Event: 19.949 Thread 0x00007ff2900a7000  821             org.openide.filesystems.MultiFileObject::list (272 bytes)
Event: 19.982 Thread 0x00007ff2900a7000 nmethod 821 0x00007ff28d236990 code [0x00007ff28d236ca0, 0x00007ff28d237fe0]
Event: 19.982 Thread 0x00007ff2900a7000  822   !         sun.nio.fs.UnixUriUtils::toUri (184 bytes)

GC Heap History (10 events):
Event: 16.869 GC heap before
{Heap before GC invocations=25 (full 1):
 PSYoungGen      total 35840K, used 4576K [0x00000000ef880000, 0x00000000f2a80000, 0x0000000100000000)
  eden space 31232K, 0% used [0x00000000ef880000,0x00000000ef880000,0x00000000f1700000)
  from space 4608K, 99% used [0x00000000f1f00000,0x00000000f2378020,0x00000000f2380000)
  to   space 8192K, 0% used [0x00000000f1700000,0x00000000f1700000,0x00000000f1f00000)
 ParOldGen       total 24576K, used 24338K [0x00000000cea00000, 0x00000000d0200000, 0x00000000ef880000)
  object space 24576K, 99% used [0x00000000cea00000,0x00000000d01c48a0,0x00000000d0200000)
 PSPermGen       total 32768K, used 19981K [0x00000000b6a00000, 0x00000000b8a00000, 0x00000000cea00000)
  object space 32768K, 60% used [0x00000000b6a00000,0x00000000b7d834f0,0x00000000b8a00000)
Event: 17.042 GC heap after
Heap after GC invocations=25 (full 1):
 PSYoungGen      total 35840K, used 0K [0x00000000ef880000, 0x00000000f2a80000, 0x0000000100000000)
  eden space 31232K, 0% used [0x00000000ef880000,0x00000000ef880000,0x00000000f1700000)
  from space 4608K, 0% used [0x00000000f1f00000,0x00000000f1f00000,0x00000000f2380000)
  to   space 8192K, 0% used [0x00000000f1700000,0x00000000f1700000,0x00000000f1f00000)
 ParOldGen       total 37376K, used 20462K [0x00000000cea00000, 0x00000000d0e80000, 0x00000000ef880000)
  object space 37376K, 54% used [0x00000000cea00000,0x00000000cfdfba88,0x00000000d0e80000)
 PSPermGen       total 40448K, used 19974K [0x00000000b6a00000, 0x00000000b9180000, 0x00000000cea00000)
  object space 40448K, 49% used [0x00000000b6a00000,0x00000000b7d81b20,0x00000000b9180000)
}
Event: 17.113 GC heap before
{Heap before GC invocations=26 (full 1):
 PSYoungGen      total 35840K, used 31232K [0x00000000ef880000, 0x00000000f2a80000, 0x0000000100000000)
  eden space 31232K, 100% used [0x00000000ef880000,0x00000000f1700000,0x00000000f1700000)
  from space 4608K, 0% used [0x00000000f1f00000,0x00000000f1f00000,0x00000000f2380000)
  to   space 8192K, 0% used [0x00000000f1700000,0x00000000f1700000,0x00000000f1f00000)
 ParOldGen       total 37376K, used 20462K [0x00000000cea00000, 0x00000000d0e80000, 0x00000000ef880000)
  object space 37376K, 54% used [0x00000000cea00000,0x00000000cfdfba88,0x00000000d0e80000)
 PSPermGen       total 40448K, used 19978K [0x00000000b6a00000, 0x00000000b9180000, 0x00000000cea00000)
  object space 40448K, 49% used [0x00000000b6a00000,0x00000000b7d82ac0,0x00000000b9180000)
Event: 17.114 GC heap after
Heap after GC invocations=26 (full 1):
 PSYoungGen      total 39424K, used 96K [0x00000000ef880000, 0x00000000f2d80000, 0x0000000100000000)
  eden space 31232K, 0% used [0x00000000ef880000,0x00000000ef880000,0x00000000f1700000)
  from space 8192K, 1% used [0x00000000f1700000,0x00000000f1718000,0x00000000f1f00000)
  to   space 8192K, 0% used [0x00000000f2580000,0x00000000f2580000,0x00000000f2d80000)
 ParOldGen       total 37376K, used 20462K [0x00000000cea00000, 0x00000000d0e80000, 0x00000000ef880000)
  object space 37376K, 54% used [0x00000000cea00000,0x00000000cfdfba88,0x00000000d0e80000)
 PSPermGen       total 40448K, used 19978K [0x00000000b6a00000, 0x00000000b9180000, 0x00000000cea00000)
  object space 40448K, 49% used [0x00000000b6a00000,0x00000000b7d82ac0,0x00000000b9180000)
}
Event: 17.318 GC heap before
{Heap before GC invocations=27 (full 1):
 PSYoungGen      total 39424K, used 31328K [0x00000000ef880000, 0x00000000f2d80000, 0x0000000100000000)
  eden space 31232K, 100% used [0x00000000ef880000,0x00000000f1700000,0x00000000f1700000)
  from space 8192K, 1% used [0x00000000f1700000,0x00000000f1718000,0x00000000f1f00000)
  to   space 8192K, 0% used [0x00000000f2580000,0x00000000f2580000,0x00000000f2d80000)
 ParOldGen       total 37376K, used 20462K [0x00000000cea00000, 0x00000000d0e80000, 0x00000000ef880000)
  object space 37376K, 54% used [0x00000000cea00000,0x00000000cfdfba88,0x00000000d0e80000)
 PSPermGen       total 40448K, used 19999K [0x00000000b6a00000, 0x00000000b9180000, 0x00000000cea00000)
  object space 40448K, 49% used [0x00000000b6a00000,0x00000000b7d87c20,0x00000000b9180000)
Event: 17.321 GC heap after
Heap after GC invocations=27 (full 1):
 PSYoungGen      total 45056K, used 1782K [0x00000000ef880000, 0x00000000f2c80000, 0x0000000100000000)
  eden space 37888K, 0% used [0x00000000ef880000,0x00000000ef880000,0x00000000f1d80000)
  from space 7168K, 24% used [0x00000000f2580000,0x00000000f273d8f8,0x00000000f2c80000)
  to   space 7680K, 0% used [0x00000000f1d80000,0x00000000f1d80000,0x00000000f2500000)
 ParOldGen       total 37376K, used 20534K [0x00000000cea00000, 0x00000000d0e80000, 0x00000000ef880000)
  object space 37376K, 54% used [0x00000000cea00000,0x00000000cfe0da88,0x00000000d0e80000)
 PSPermGen       total 40448K, used 19999K [0x00000000b6a00000, 0x00000000b9180000, 0x00000000cea00000)
  object space 40448K, 49% used [0x00000000b6a00000,0x00000000b7d87c20,0x00000000b9180000)
}
Event: 18.499 GC heap before
{Heap before GC invocations=28 (full 1):
 PSYoungGen      total 45056K, used 39670K [0x00000000ef880000, 0x00000000f2c80000, 0x0000000100000000)
  eden space 37888K, 100% used [0x00000000ef880000,0x00000000f1d80000,0x00000000f1d80000)
  from space 7168K, 24% used [0x00000000f2580000,0x00000000f273d8f8,0x00000000f2c80000)
  to   space 7680K, 0% used [0x00000000f1d80000,0x00000000f1d80000,0x00000000f2500000)
 ParOldGen       total 37376K, used 20534K [0x00000000cea00000, 0x00000000d0e80000, 0x00000000ef880000)
  object space 37376K, 54% used [0x00000000cea00000,0x00000000cfe0da88,0x00000000d0e80000)
 PSPermGen       total 40448K, used 20116K [0x00000000b6a00000, 0x00000000b9180000, 0x00000000cea00000)
  object space 40448K, 49% used [0x00000000b6a00000,0x00000000b7da5008,0x00000000b9180000)
Event: 18.508 GC heap after
Heap after GC invocations=28 (full 1):
 PSYoungGen      total 45568K, used 1651K [0x00000000ef880000, 0x00000000f3300000, 0x0000000100000000)
  eden space 37888K, 0% used [0x00000000ef880000,0x00000000ef880000,0x00000000f1d80000)
  from space 7680K, 21% used [0x00000000f1d80000,0x00000000f1f1ccc0,0x00000000f2500000)
  to   space 7168K, 0% used [0x00000000f2c00000,0x00000000f2c00000,0x00000000f3300000)
 ParOldGen       total 37376K, used 22252K [0x00000000cea00000, 0x00000000d0e80000, 0x00000000ef880000)
  object space 37376K, 59% used [0x00000000cea00000,0x00000000cffbb380,0x00000000d0e80000)
 PSPermGen       total 40448K, used 20116K [0x00000000b6a00000, 0x00000000b9180000, 0x00000000cea00000)
  object space 40448K, 49% used [0x00000000b6a00000,0x00000000b7da5008,0x00000000b9180000)
}
Event: 19.326 GC heap before
{Heap before GC invocations=29 (full 1):
 PSYoungGen      total 45568K, used 39539K [0x00000000ef880000, 0x00000000f3300000, 0x0000000100000000)
  eden space 37888K, 100% used [0x00000000ef880000,0x00000000f1d80000,0x00000000f1d80000)
  from space 7680K, 21% used [0x00000000f1d80000,0x00000000f1f1ccc0,0x00000000f2500000)
  to   space 7168K, 0% used [0x00000000f2c00000,0x00000000f2c00000,0x00000000f3300000)
 ParOldGen       total 37376K, used 22252K [0x00000000cea00000, 0x00000000d0e80000, 0x00000000ef880000)
  object space 37376K, 59% used [0x00000000cea00000,0x00000000cffbb380,0x00000000d0e80000)
 PSPermGen       total 40448K, used 20122K [0x00000000b6a00000, 0x00000000b9180000, 0x00000000cea00000)
  object space 40448K, 49% used [0x00000000b6a00000,0x00000000b7da6aa0,0x00000000b9180000)
Event: 19.330 GC heap after
Heap after GC invocations=29 (full 1):
 PSYoungGen      total 51712K, used 96K [0x00000000ef880000, 0x00000000f3280000, 0x0000000100000000)
  eden space 45056K, 0% used [0x00000000ef880000,0x00000000ef880000,0x00000000f2480000)
  from space 6656K, 1% used [0x00000000f2c00000,0x00000000f2c18000,0x00000000f3280000)
  to   space 7168K, 0% used [0x00000000f2480000,0x00000000f2480000,0x00000000f2b80000)
 ParOldGen       total 37376K, used 23772K [0x00000000cea00000, 0x00000000d0e80000, 0x00000000ef880000)
  object space 37376K, 63% used [0x00000000cea00000,0x00000000d0137060,0x00000000d0e80000)
 PSPermGen       total 40448K, used 20122K [0x00000000b6a00000, 0x00000000b9180000, 0x00000000cea00000)
  object space 40448K, 49% used [0x00000000b6a00000,0x00000000b7da6aa0,0x00000000b9180000)
}

Deoptimization events (10 events):
Event: 19.790 Thread 0x00007ff2442fc000 Uncommon trap: reason=class_check action=maybe_recompile pc=0x00007ff28d26acd0 method=org.openide.filesystems.MultiFileSystem.writableLayer(Ljava/lang/String;)Lorg/openide/filesystems/FileSystem; @ 36
Event: 19.790 Thread 0x00007ff2442fc000 Uncommon trap: reason=class_check action=maybe_recompile pc=0x00007ff28d1dafe0 method=org.openide.filesystems.XMLMapAttr.readAttribute(Lorg/openide/filesystems/FileObject;Lorg/openide/filesystems/AbstractFileSystem$Attr;Ljava/lang/String;Ljava/lang/String
Event: 19.790 Thread 0x00007ff2442fc000 Uncommon trap: reason=unstable_if action=reinterpret pc=0x00007ff28d1d7b48 method=org.openide.filesystems.DefaultAttributes.getCache()Ljava/util/Map; @ 4
Event: 19.790 Thread 0x00007ff2442fc000 Uncommon trap: reason=class_check action=maybe_recompile pc=0x00007ff28d1dafe0 method=org.openide.filesystems.XMLMapAttr.readAttribute(Lorg/openide/filesystems/FileObject;Lorg/openide/filesystems/AbstractFileSystem$Attr;Ljava/lang/String;Ljava/lang/String
Event: 19.913 Thread 0x00007ff24505f000 Uncommon trap: reason=class_check action=maybe_recompile pc=0x00007ff28d210130 method=org.openide.util.Enumerations$QEn.nextElement()Ljava/lang/Object; @ 58
Event: 19.913 Thread 0x00007ff24505f000 Uncommon trap: reason=class_check action=maybe_recompile pc=0x00007ff28d295a24 method=org.openide.filesystems.XMLMapAttr.readAttribute(Lorg/openide/filesystems/FileObject;Lorg/openide/filesystems/AbstractFileSystem$Attr;Ljava/lang/String;Ljava/lang/String
Event: 19.913 Thread 0x00007ff24505f000 Uncommon trap: reason=class_check action=maybe_recompile pc=0x00007ff28d210130 method=org.openide.util.Enumerations$QEn.nextElement()Ljava/lang/Object; @ 58
Event: 19.914 Thread 0x00007ff24505f000 Uncommon trap: reason=class_check action=maybe_recompile pc=0x00007ff28d210130 method=org.openide.util.Enumerations$QEn.nextElement()Ljava/lang/Object; @ 58
Event: 19.914 Thread 0x00007ff24505f000 Uncommon trap: reason=class_check action=maybe_recompile pc=0x00007ff28d210130 method=org.openide.util.Enumerations$QEn.nextElement()Ljava/lang/Object; @ 58
Event: 19.952 Thread 0x00007ff24505f000 Uncommon trap: reason=bimorphic action=maybe_recompile pc=0x00007ff28d0c5bb0 method=java.util.regex.Matcher.match(II)Z @ 86

Internal exceptions (10 events):
Event: 19.803 Thread 0x00007ff245534800 Threw 0x00000000f060df68 at /build/openjdk-7-1Vhfz6/openjdk-7-7u85-2.6.1/build/openjdk/hotspot/src/share/vm/prims/jvm.cpp:1322
Event: 19.803 Thread 0x00007ff245534800 Threw 0x00000000f060edd0 at /build/openjdk-7-1Vhfz6/openjdk-7-7u85-2.6.1/build/openjdk/hotspot/src/share/vm/prims/jvm.cpp:1322
Event: 19.815 Thread 0x00007ff245534800 Threw 0x00000000f0613680 at /build/openjdk-7-1Vhfz6/openjdk-7-7u85-2.6.1/build/openjdk/hotspot/src/share/vm/prims/jvm.cpp:1322
Event: 19.815 Thread 0x00007ff245534800 Threw 0x00000000f06143a8 at /build/openjdk-7-1Vhfz6/openjdk-7-7u85-2.6.1/build/openjdk/hotspot/src/share/vm/prims/jvm.cpp:1322
Event: 19.832 Thread 0x00007ff24505f000 Threw 0x00000000f083e608 at /build/openjdk-7-1Vhfz6/openjdk-7-7u85-2.6.1/build/openjdk/hotspot/src/share/vm/prims/jvm.cpp:1322
Event: 19.832 Thread 0x00007ff24505f000 Threw 0x00000000f083f518 at /build/openjdk-7-1Vhfz6/openjdk-7-7u85-2.6.1/build/openjdk/hotspot/src/share/vm/prims/jvm.cpp:1322
Event: 19.900 Thread 0x00007ff29021c000 Threw 0x00000000f094a140 at /build/openjdk-7-1Vhfz6/openjdk-7-7u85-2.6.1/build/openjdk/hotspot/src/share/vm/prims/jvm.cpp:1322
Event: 19.900 Thread 0x00007ff29021c000 Threw 0x00000000f094af28 at /build/openjdk-7-1Vhfz6/openjdk-7-7u85-2.6.1/build/openjdk/hotspot/src/share/vm/prims/jvm.cpp:1322
Event: 19.953 Thread 0x00007ff24505f000 Threw 0x00000000f0c19d50 at /build/openjdk-7-1Vhfz6/openjdk-7-7u85-2.6.1/build/openjdk/hotspot/src/share/vm/prims/jvm.cpp:1322
Event: 19.953 Thread 0x00007ff24505f000 Threw 0x00000000f0c1ac60 at /build/openjdk-7-1Vhfz6/openjdk-7-7u85-2.6.1/build/openjdk/hotspot/src/share/vm/prims/jvm.cpp:1322

Events (10 events):
Event: 19.914 Thread 0x00007ff24505f000 DEOPT UNPACKING pc=0x00007ff28d039045 sp=0x00007ff2435f9610 mode 2
Event: 19.914 Thread 0x00007ff24505f000 Uncommon trap: trap_request=0xffffffde fr.pc=0x00007ff28d210130
Event: 19.914 Thread 0x00007ff24505f000 DEOPT PACKING pc=0x00007ff28d210130 sp=0x00007ff2435f9650
Event: 19.914 Thread 0x00007ff24505f000 DEOPT UNPACKING pc=0x00007ff28d039045 sp=0x00007ff2435f9610 mode 2
Event: 19.948 Thread 0x00007ff2900a7000 flushing nmethod 0x00007ff28d180f90
Event: 19.952 Thread 0x00007ff24505f000 Uncommon trap: trap_request=0xffffffc6 fr.pc=0x00007ff28d0c5bb0
Event: 19.952 Thread 0x00007ff24505f000 DEOPT PACKING pc=0x00007ff28d0c5bb0 sp=0x00007ff2435f8f10
Event: 19.952 Thread 0x00007ff24505f000 DEOPT UNPACKING pc=0x00007ff28d039045 sp=0x00007ff2435f8ed8 mode 2
Event: 19.953 loading class 0x00007ff2901ccbd0
Event: 19.953 loading class 0x00007ff2901ccbd0 done


Dynamic libraries:
00400000-00401000 r-xp 00000000 fe:01 27270572                           /usr/lib/jvm/java-7-openjdk-amd64/jre/bin/java
00600000-00601000 r--p 00000000 fe:01 27270572                           /usr/lib/jvm/java-7-openjdk-amd64/jre/bin/java
00601000-00602000 rw-p 00001000 fe:01 27270572                           /usr/lib/jvm/java-7-openjdk-amd64/jre/bin/java
01b31000-01b79000 rw-p 00000000 00:00 0                                  [heap]
b6a00000-b9180000 rw-p 00000000 00:00 0 
b9180000-cea00000 rw-p 00000000 00:00 0 
cea00000-d0e80000 rw-p 00000000 00:00 0 
d0e80000-ef880000 rw-p 00000000 00:00 0 
ef880000-f3280000 rw-p 00000000 00:00 0 
f3280000-f3300000 ---p 00000000 00:00 0 
f3300000-100000000 rw-p 00000000 00:00 0 
7ff24237f000-7ff242382000 r-xp 00000000 fe:01 25431237                   /usr/lib/x86_64-linux-gnu/gtk-2.0/2.10.0/engines/libadwaita.so
7ff242382000-7ff242581000 ---p 00003000 fe:01 25431237                   /usr/lib/x86_64-linux-gnu/gtk-2.0/2.10.0/engines/libadwaita.so
7ff242581000-7ff242582000 r--p 00002000 fe:01 25431237                   /usr/lib/x86_64-linux-gnu/gtk-2.0/2.10.0/engines/libadwaita.so
7ff242582000-7ff242583000 rw-p 00003000 fe:01 25431237                   /usr/lib/x86_64-linux-gnu/gtk-2.0/2.10.0/engines/libadwaita.so
7ff242583000-7ff24258d000 r-xp 00000000 fe:01 25431912                   /usr/lib/x86_64-linux-gnu/gtk-2.0/2.10.0/engines/libpixmap.so
7ff24258d000-7ff24278c000 ---p 0000a000 fe:01 25431912                   /usr/lib/x86_64-linux-gnu/gtk-2.0/2.10.0/engines/libpixmap.so
7ff24278c000-7ff24278e000 r--p 00009000 fe:01 25431912                   /usr/lib/x86_64-linux-gnu/gtk-2.0/2.10.0/engines/libpixmap.so
7ff24278e000-7ff24278f000 rw-p 0000b000 fe:01 25431912                   /usr/lib/x86_64-linux-gnu/gtk-2.0/2.10.0/engines/libpixmap.so
7ff24278f000-7ff242bcb000 r-xp 00000000 fe:01 25173387                   /usr/lib/x86_64-linux-gnu/libgtk-x11-2.0.so.0.2400.28
7ff242bcb000-7ff242dcb000 ---p 0043c000 fe:01 25173387                   /usr/lib/x86_64-linux-gnu/libgtk-x11-2.0.so.0.2400.28
7ff242dcb000-7ff242dd2000 r--p 0043c000 fe:01 25173387                   /usr/lib/x86_64-linux-gnu/libgtk-x11-2.0.so.0.2400.28
7ff242dd2000-7ff242dd6000 rw-p 00443000 fe:01 25173387                   /usr/lib/x86_64-linux-gnu/libgtk-x11-2.0.so.0.2400.28
7ff242dd6000-7ff242dd9000 rw-p 00000000 00:00 0 
7ff242dd9000-7ff242de4000 r-xp 00000000 fe:01 28051288                   /usr/lib/jvm/java-7-openjdk-amd64/jre/lib/amd64/libjavagtk.so
7ff242de4000-7ff242fe3000 ---p 0000b000 fe:01 28051288                   /usr/lib/jvm/java-7-openjdk-amd64/jre/lib/amd64/libjavagtk.so
7ff242fe3000-7ff242fe4000 r--p 0000a000 fe:01 28051288                   /usr/lib/jvm/java-7-openjdk-amd64/jre/lib/amd64/libjavagtk.so
7ff242fe4000-7ff242fe5000 rw-p 0000b000 fe:01 28051288                   /usr/lib/jvm/java-7-openjdk-amd64/jre/lib/amd64/libjavagtk.so
7ff242fe5000-7ff242fe8000 ---p 00000000 00:00 0 
7ff242fe8000-7ff2431e6000 rw-p 00000000 00:00 0                          [stack:3890]
7ff2431e6000-7ff2431f9000 r-xp 00000000 fe:01 28319713                   /usr/lib/x86_64-linux-gnu/jni/libjnidispatch.so
7ff2431f9000-7ff2433f8000 ---p 00013000 fe:01 28319713                   /usr/lib/x86_64-linux-gnu/jni/libjnidispatch.so
7ff2433f8000-7ff2433f9000 r--p 00012000 fe:01 28319713                   /usr/lib/x86_64-linux-gnu/jni/libjnidispatch.so
7ff2433f9000-7ff2433fa000 rw-p 00013000 fe:01 28319713                   /usr/lib/x86_64-linux-gnu/jni/libjnidispatch.so
7ff2433fa000-7ff2433fd000 ---p 00000000 00:00 0 
7ff2433fd000-7ff2435fb000 rw-p 00000000 00:00 0                          [stack:3889]
7ff2435fb000-7ff2435fe000 ---p 00000000 00:00 0 
7ff2435fe000-7ff2437fc000 rw-p 00000000 00:00 0                          [stack:3888]
7ff2437fc000-7ff2437ff000 ---p 00000000 00:00 0 
7ff2437ff000-7ff2439fd000 rw-p 00000000 00:00 0                          [stack:3887]
7ff2439fd000-7ff243a00000 ---p 00000000 00:00 0 
7ff243a00000-7ff243bfe000 rw-p 00000000 00:00 0                          [stack:3886]
7ff243bfe000-7ff243c01000 ---p 00000000 00:00 0 
7ff243c01000-7ff243dff000 rw-p 00000000 00:00 0                          [stack:3885]
7ff243dff000-7ff243e02000 ---p 00000000 00:00 0 
7ff243e02000-7ff244000000 rw-p 00000000 00:00 0                          [stack:3884]
7ff244000000-7ff2457db000 rw-p 00000000 00:00 0 
7ff2457db000-7ff248000000 ---p 00000000 00:00 0 
7ff248077000-7ff24807a000 ---p 00000000 00:00 0 
7ff24807a000-7ff248278000 rw-p 00000000 00:00 0                          [stack:3883]
7ff248278000-7ff24827b000 ---p 00000000 00:00 0 
7ff24827b000-7ff248479000 rw-p 00000000 00:00 0                          [stack:3882]
7ff248479000-7ff2484cb000 r-xp 00000000 fe:01 28051258                   /usr/lib/jvm/java-7-openjdk-amd64/jre/lib/amd64/libfontmanager.so
7ff2484cb000-7ff2486cb000 ---p 00052000 fe:01 28051258                   /usr/lib/jvm/java-7-openjdk-amd64/jre/lib/amd64/libfontmanager.so
7ff2486cb000-7ff2486cd000 r--p 00052000 fe:01 28051258                   /usr/lib/jvm/java-7-openjdk-amd64/jre/lib/amd64/libfontmanager.so
7ff2486cd000-7ff2486ce000 rw-p 00054000 fe:01 28051258                   /usr/lib/jvm/java-7-openjdk-amd64/jre/lib/amd64/libfontmanager.so
7ff2486ce000-7ff2486d1000 ---p 00000000 00:00 0 
7ff2486d1000-7ff248ecf000 rw-p 00000000 00:00 0                          [stack:3881]
7ff248ecf000-7ff248ed7000 r-xp 00000000 fe:01 25191538                   /usr/lib/x86_64-linux-gnu/libgif.so.4.1.6
7ff248ed7000-7ff2490d6000 ---p 00008000 fe:01 25191538                   /usr/lib/x86_64-linux-gnu/libgif.so.4.1.6
7ff2490d6000-7ff2490d7000 r--p 00007000 fe:01 25191538                   /usr/lib/x86_64-linux-gnu/libgif.so.4.1.6
7ff2490d7000-7ff2490d8000 rw-p 00008000 fe:01 25191538                   /usr/lib/x86_64-linux-gnu/libgif.so.4.1.6
7ff2490d8000-7ff249130000 r-xp 00000000 fe:01 25172882                   /usr/lib/x86_64-linux-gnu/libjpeg.so.62.1.0
7ff249130000-7ff24932f000 ---p 00058000 fe:01 25172882                   /usr/lib/x86_64-linux-gnu/libjpeg.so.62.1.0
7ff24932f000-7ff249330000 r--p 00057000 fe:01 25172882                   /usr/lib/x86_64-linux-gnu/libjpeg.so.62.1.0
7ff249330000-7ff249331000 rw-p 00058000 fe:01 25172882                   /usr/lib/x86_64-linux-gnu/libjpeg.so.62.1.0
7ff249331000-7ff24933b000 r-xp 00000000 fe:01 28051290                   /usr/lib/jvm/java-7-openjdk-amd64/jre/lib/amd64/libsplashscreen.so
7ff24933b000-7ff24953a000 ---p 0000a000 fe:01 28051290                   /usr/lib/jvm/java-7-openjdk-amd64/jre/lib/amd64/libsplashscreen.so
7ff24953a000-7ff24953b000 r--p 00009000 fe:01 28051290                   /usr/lib/jvm/java-7-openjdk-amd64/jre/lib/amd64/libsplashscreen.so
7ff24953b000-7ff24953c000 rw-p 0000a000 fe:01 28051290                   /usr/lib/jvm/java-7-openjdk-amd64/jre/lib/amd64/libsplashscreen.so
7ff24953c000-7ff24953f000 rw-p 00000000 00:00 0 
7ff24953f000-7ff249542000 ---p 00000000 00:00 0 
7ff249542000-7ff249740000 rw-p 00000000 00:00 0                          [stack:3880]
7ff249740000-7ff249743000 ---p 00000000 00:00 0 
7ff249743000-7ff249941000 rw-p 00000000 00:00 0                          [stack:3879]
7ff249941000-7ff249944000 ---p 00000000 00:00 0 
7ff249944000-7ff249b42000 rw-p 00000000 00:00 0                          [stack:3878]
7ff249b42000-7ff249b5c000 r-xp 00000000 fe:01 25173032                   /usr/lib/x86_64-linux-gnu/libgraphite2.so.3.0.1
7ff249b5c000-7ff249d5b000 ---p 0001a000 fe:01 25173032                   /usr/lib/x86_64-linux-gnu/libgraphite2.so.3.0.1
7ff249d5b000-7ff249d5d000 r--p 00019000 fe:01 25173032                   /usr/lib/x86_64-linux-gnu/libgraphite2.so.3.0.1
7ff249d5d000-7ff249d5e000 rw-p 0001b000 fe:01 25173032                   /usr/lib/x86_64-linux-gnu/libgraphite2.so.3.0.1
7ff249d5e000-7ff249d64000 r-xp 00000000 fe:01 25173026                   /usr/lib/x86_64-linux-gnu/libdatrie.so.1.3.2
7ff249d64000-7ff249f64000 ---p 00006000 fe:01 25173026                   /usr/lib/x86_64-linux-gnu/libdatrie.so.1.3.2
7ff249f64000-7ff249f65000 r--p 00006000 fe:01 25173026                   /usr/lib/x86_64-linux-gnu/libdatrie.so.1.3.2
7ff249f65000-7ff249f66000 rw-p 00007000 fe:01 25173026                   /usr/lib/x86_64-linux-gnu/libdatrie.so.1.3.2
7ff249f66000-7ff249fc3000 r-xp 00000000 fe:01 25173036                   /usr/lib/x86_64-linux-gnu/libharfbuzz.so.0.10000.1
7ff249fc3000-7ff24a1c3000 ---p 0005d000 fe:01 25173036                   /usr/lib/x86_64-linux-gnu/libharfbuzz.so.0.10000.1
7ff24a1c3000-7ff24a1c4000 r--p 0005d000 fe:01 25173036                   /usr/lib/x86_64-linux-gnu/libharfbuzz.so.0.10000.1
7ff24a1c4000-7ff24a1c5000 rw-p 0005e000 fe:01 25173036                   /usr/lib/x86_64-linux-gnu/libharfbuzz.so.0.10000.1
7ff24a1c5000-7ff24a1ce000 r-xp 00000000 fe:01 25172996                   /usr/lib/x86_64-linux-gnu/libxcb-render.so.0.0.0
7ff24a1ce000-7ff24a3cd000 ---p 00009000 fe:01 25172996                   /usr/lib/x86_64-linux-gnu/libxcb-render.so.0.0.0
7ff24a3cd000-7ff24a3ce000 r--p 00008000 fe:01 25172996                   /usr/lib/x86_64-linux-gnu/libxcb-render.so.0.0.0
7ff24a3ce000-7ff24a3cf000 rw-p 00009000 fe:01 25172996                   /usr/lib/x86_64-linux-gnu/libxcb-render.so.0.0.0
7ff24a3cf000-7ff24a3d1000 r-xp 00000000 fe:01 25172998                   /usr/lib/x86_64-linux-gnu/libxcb-shm.so.0.0.0
7ff24a3d1000-7ff24a5d1000 ---p 00002000 fe:01 25172998                   /usr/lib/x86_64-linux-gnu/libxcb-shm.so.0.0.0
7ff24a5d1000-7ff24a5d2000 r--p 00002000 fe:01 25172998                   /usr/lib/x86_64-linux-gnu/libxcb-shm.so.0.0.0
7ff24a5d2000-7ff24a5d3000 rw-p 00003000 fe:01 25172998                   /usr/lib/x86_64-linux-gnu/libxcb-shm.so.0.0.0
7ff24a5d3000-7ff24a678000 r-xp 00000000 fe:01 25172994                   /usr/lib/x86_64-linux-gnu/libpixman-1.so.0.32.6
7ff24a678000-7ff24a877000 ---p 000a5000 fe:01 25172994                   /usr/lib/x86_64-linux-gnu/libpixman-1.so.0.32.6
7ff24a877000-7ff24a87f000 r--p 000a4000 fe:01 25172994                   /usr/lib/x86_64-linux-gnu/libpixman-1.so.0.32.6
7ff24a87f000-7ff24a880000 rw-p 000ac000 fe:01 25172994                   /usr/lib/x86_64-linux-gnu/libpixman-1.so.0.32.6
7ff24a880000-7ff24a888000 r-xp 00000000 fe:01 25173028                   /usr/lib/x86_64-linux-gnu/libthai.so.0.2.2
7ff24a888000-7ff24aa87000 ---p 00008000 fe:01 25173028                   /usr/lib/x86_64-linux-gnu/libthai.so.0.2.2
7ff24aa87000-7ff24aa88000 r--p 00007000 fe:01 25173028                   /usr/lib/x86_64-linux-gnu/libthai.so.0.2.2
7ff24aa88000-7ff24aa89000 rw-p 00008000 fe:01 25173028                   /usr/lib/x86_64-linux-gnu/libthai.so.0.2.2
7ff24aa89000-7ff24aa9d000 r-xp 00000000 fe:01 25173038                   /usr/lib/x86_64-linux-gnu/libpangoft2-1.0.so.0.3600.8
7ff24aa9d000-7ff24ac9d000 ---p 00014000 fe:01 25173038                   /usr/lib/x86_64-linux-gnu/libpangoft2-1.0.so.0.3600.8
7ff24ac9d000-7ff24ac9e000 r--p 00014000 fe:01 25173038                   /usr/lib/x86_64-linux-gnu/libpangoft2-1.0.so.0.3600.8
7ff24ac9e000-7ff24ac9f000 rw-p 00015000 fe:01 25173038                   /usr/lib/x86_64-linux-gnu/libpangoft2-1.0.so.0.3600.8
7ff24ac9f000-7ff24ad85000 r-xp 00000000 fe:01 25176258                   /usr/lib/x86_64-linux-gnu/libepoxy.so.0.0.0
7ff24ad85000-7ff24af85000 ---p 000e6000 fe:01 25176258                   /usr/lib/x86_64-linux-gnu/libepoxy.so.0.0.0
7ff24af85000-7ff24af8c000 r--p 000e6000 fe:01 25176258                   /usr/lib/x86_64-linux-gnu/libepoxy.so.0.0.0
7ff24af8c000-7ff24af93000 rw-p 000ed000 fe:01 25176258                   /usr/lib/x86_64-linux-gnu/libepoxy.so.0.0.0
7ff24af93000-7ff24af9f000 r-xp 00000000 fe:01 25173456                   /usr/lib/x86_64-linux-gnu/libwayland-client.so.0.3.0
7ff24af9f000-7ff24b19e000 ---p 0000c000 fe:01 25173456                   /usr/lib/x86_64-linux-gnu/libwayland-client.so.0.3.0
7ff24b19e000-7ff24b1a1000 r--p 0000b000 fe:01 25173456                   /usr/lib/x86_64-linux-gnu/libwayland-client.so.0.3.0
7ff24b1a1000-7ff24b1a2000 rw-p 0000e000 fe:01 25173456                   /usr/lib/x86_64-linux-gnu/libwayland-client.so.0.3.0
7ff24b1a2000-7ff24b1a3000 r-xp 00000000 fe:01 25173477                   /usr/lib/x86_64-linux-gnu/libwayland-egl.so.1.0.0
7ff24b1a3000-7ff24b3a2000 ---p 00001000 fe:01 25173477                   /usr/lib/x86_64-linux-gnu/libwayland-egl.so.1.0.0
7ff24b3a2000-7ff24b3a3000 r--p 00000000 fe:01 25173477                   /usr/lib/x86_64-linux-gnu/libwayland-egl.so.1.0.0
7ff24b3a3000-7ff24b3a4000 rw-p 00001000 fe:01 25173477                   /usr/lib/x86_64-linux-gnu/libwayland-egl.so.1.0.0
7ff24b3a4000-7ff24b3a8000 r-xp 00000000 fe:01 25173458                   /usr/lib/x86_64-linux-gnu/libwayland-cursor.so.0.0.0
7ff24b3a8000-7ff24b5a7000 ---p 00004000 fe:01 25173458                   /usr/lib/x86_64-linux-gnu/libwayland-cursor.so.0.0.0
7ff24b5a7000-7ff24b5a8000 r--p 00003000 fe:01 25173458                   /usr/lib/x86_64-linux-gnu/libwayland-cursor.so.0.0.0
7ff24b5a8000-7ff24b5ac000 rw-p 00004000 fe:01 25173458                   /usr/lib/x86_64-linux-gnu/libwayland-cursor.so.0.0.0
7ff24b5ac000-7ff24b5e9000 r-xp 00000000 fe:01 25173479                   /usr/lib/x86_64-linux-gnu/libxkbcommon.so.0.0.0
7ff24b5e9000-7ff24b7e9000 ---p 0003d000 fe:01 25173479                   /usr/lib/x86_64-linux-gnu/libxkbcommon.so.0.0.0
7ff24b7e9000-7ff24b7eb000 r--p 0003d000 fe:01 25173479                   /usr/lib/x86_64-linux-gnu/libxkbcommon.so.0.0.0
7ff24b7eb000-7ff24b7ec000 rw-p 0003f000 fe:01 25173479                   /usr/lib/x86_64-linux-gnu/libxkbcommon.so.0.0.0
7ff24b7ec000-7ff24b7ee000 r-xp 00000000 fe:01 25173318                   /usr/lib/x86_64-linux-gnu/libXdamage.so.1.1.0
7ff24b7ee000-7ff24b9ed000 ---p 00002000 fe:01 25173318                   /usr/lib/x86_64-linux-gnu/libXdamage.so.1.1.0
7ff24b9ed000-7ff24b9ee000 r--p 00001000 fe:01 25173318                   /usr/lib/x86_64-linux-gnu/libXdamage.so.1.1.0
7ff24b9ee000-7ff24b9ef000 rw-p 00002000 fe:01 25173318                   /usr/lib/x86_64-linux-gnu/libXdamage.so.1.1.0
7ff24b9ef000-7ff24b9f1000 r-xp 00000000 fe:01 25173312                   /usr/lib/x86_64-linux-gnu/libXcomposite.so.1.0.0
7ff24b9f1000-7ff24bbf0000 ---p 00002000 fe:01 25173312                   /usr/lib/x86_64-linux-gnu/libXcomposite.so.1.0.0
7ff24bbf0000-7ff24bbf1000 r--p 00001000 fe:01 25173312                   /usr/lib/x86_64-linux-gnu/libXcomposite.so.1.0.0
7ff24bbf1000-7ff24bbf2000 rw-p 00002000 fe:01 25173312                   /usr/lib/x86_64-linux-gnu/libXcomposite.so.1.0.0
7ff24bbf2000-7ff24bbfc000 r-xp 00000000 fe:01 25173324                   /usr/lib/x86_64-linux-gnu/libXrandr.so.2.2.0
7ff24bbfc000-7ff24bdfb000 ---p 0000a000 fe:01 25173324                   /usr/lib/x86_64-linux-gnu/libXrandr.so.2.2.0
7ff24bdfb000-7ff24bdfc000 r--p 00009000 fe:01 25173324                   /usr/lib/x86_64-linux-gnu/libXrandr.so.2.2.0
7ff24bdfc000-7ff24bdfd000 rw-p 0000a000 fe:01 25173324                   /usr/lib/x86_64-linux-gnu/libXrandr.so.2.2.0
7ff24bdfd000-7ff24bdff000 r-xp 00000000 fe:01 25173322                   /usr/lib/x86_64-linux-gnu/libXinerama.so.1.0.0
7ff24bdff000-7ff24bffe000 ---p 00002000 fe:01 25173322                   /usr/lib/x86_64-linux-gnu/libXinerama.so.1.0.0
7ff24bffe000-7ff24bfff000 r--p 00001000 fe:01 25173322                   /usr/lib/x86_64-linux-gnu/libXinerama.so.1.0.0
7ff24bfff000-7ff24c000000 rw-p 00002000 fe:01 25173322                   /usr/lib/x86_64-linux-gnu/libXinerama.so.1.0.0
7ff24c000000-7ff24c022000 rw-p 00000000 00:00 0 
7ff24c022000-7ff250000000 ---p 00000000 00:00 0 
7ff250000000-7ff250021000 rw-p 00000000 00:00 0 
7ff250021000-7ff254000000 ---p 00000000 00:00 0 
7ff2541cd000-7ff2542dd000 r-xp 00000000 fe:01 25173004                   /usr/lib/x86_64-linux-gnu/libcairo.so.2.11400.2
7ff2542dd000-7ff2544dd000 ---p 00110000 fe:01 25173004                   /usr/lib/x86_64-linux-gnu/libcairo.so.2.11400.2
7ff2544dd000-7ff2544e0000 r--p 00110000 fe:01 25173004                   /usr/lib/x86_64-linux-gnu/libcairo.so.2.11400.2
7ff2544e0000-7ff2544e1000 rw-p 00113000 fe:01 25173004                   /usr/lib/x86_64-linux-gnu/libcairo.so.2.11400.2
7ff2544e1000-7ff2544e3000 rw-p 00000000 00:00 0 
7ff2544e3000-7ff2544e9000 r-xp 00000000 fe:01 25173451                   /usr/lib/x86_64-linux-gnu/libcairo-gobject.so.2.11400.2
7ff2544e9000-7ff2546e9000 ---p 00006000 fe:01 25173451                   /usr/lib/x86_64-linux-gnu/libcairo-gobject.so.2.11400.2
7ff2546e9000-7ff2546eb000 r--p 00006000 fe:01 25173451                   /usr/lib/x86_64-linux-gnu/libcairo-gobject.so.2.11400.2
7ff2546eb000-7ff2546ec000 rw-p 00008000 fe:01 25173451                   /usr/lib/x86_64-linux-gnu/libcairo-gobject.so.2.11400.2
7ff2546ec000-7ff25470d000 r-xp 00000000 fe:01 25172982                   /usr/lib/x86_64-linux-gnu/libgdk_pixbuf-2.0.so.0.3100.5
7ff25470d000-7ff25490c000 ---p 00021000 fe:01 25172982                   /usr/lib/x86_64-linux-gnu/libgdk_pixbuf-2.0.so.0.3100.5
7ff25490c000-7ff25490d000 r--p 00020000 fe:01 25172982                   /usr/lib/x86_64-linux-gnu/libgdk_pixbuf-2.0.so.0.3100.5
7ff25490d000-7ff25490e000 rw-p 00021000 fe:01 25172982                   /usr/lib/x86_64-linux-gnu/libgdk_pixbuf-2.0.so.0.3100.5
7ff25490e000-7ff254959000 r-xp 00000000 fe:01 25173030                   /usr/lib/x86_64-linux-gnu/libpango-1.0.so.0.3600.8
7ff254959000-7ff254b59000 ---p 0004b000 fe:01 25173030                   /usr/lib/x86_64-linux-gnu/libpango-1.0.so.0.3600.8
7ff254b59000-7ff254b5b000 r--p 0004b000 fe:01 25173030                   /usr/lib/x86_64-linux-gnu/libpango-1.0.so.0.3600.8
7ff254b5b000-7ff254b5c000 rw-p 0004d000 fe:01 25173030                   /usr/lib/x86_64-linux-gnu/libpango-1.0.so.0.3600.8
7ff254b5c000-7ff254b68000 r-xp 00000000 fe:01 25173040                   /usr/lib/x86_64-linux-gnu/libpangocairo-1.0.so.0.3600.8
7ff254b68000-7ff254d67000 ---p 0000c000 fe:01 25173040                   /usr/lib/x86_64-linux-gnu/libpangocairo-1.0.so.0.3600.8
7ff254d67000-7ff254d68000 r--p 0000b000 fe:01 25173040                   /usr/lib/x86_64-linux-gnu/libpangocairo-1.0.so.0.3600.8
7ff254d68000-7ff254d69000 rw-p 0000c000 fe:01 25173040                   /usr/lib/x86_64-linux-gnu/libpangocairo-1.0.so.0.3600.8
7ff254d69000-7ff254e2a000 r-xp 00000000 fe:01 25173824                   /usr/lib/x86_64-linux-gnu/libgdk-3.so.0.1600.6
7ff254e2a000-7ff255029000 ---p 000c1000 fe:01 25173824                   /usr/lib/x86_64-linux-gnu/libgdk-3.so.0.1600.6
7ff255029000-7ff25502e000 r--p 000c0000 fe:01 25173824                   /usr/lib/x86_64-linux-gnu/libgdk-3.so.0.1600.6
7ff25502e000-7ff255030000 rw-p 000c5000 fe:01 25173824                   /usr/lib/x86_64-linux-gnu/libgdk-3.so.0.1600.6
7ff255030000-7ff255031000 rw-p 00000000 00:00 0 
7ff255031000-7ff2550e1000 r-xp 00000000 fe:01 25173386                   /usr/lib/x86_64-linux-gnu/libgdk-x11-2.0.so.0.2400.28
7ff2550e1000-7ff2552e1000 ---p 000b0000 fe:01 25173386                   /usr/lib/x86_64-linux-gnu/libgdk-x11-2.0.so.0.2400.28
7ff2552e1000-7ff2552e5000 r--p 000b0000 fe:01 25173386                   /usr/lib/x86_64-linux-gnu/libgdk-x11-2.0.so.0.2400.28
7ff2552e5000-7ff2552e7000 rw-p 000b4000 fe:01 25173386                   /usr/lib/x86_64-linux-gnu/libgdk-x11-2.0.so.0.2400.28
7ff2552e7000-7ff2552e8000 r-xp 00000000 fe:01 25172875                   /usr/lib/x86_64-linux-gnu/libgthread-2.0.so.0.4400.1
7ff2552e8000-7ff2554e7000 ---p 00001000 fe:01 25172875                   /usr/lib/x86_64-linux-gnu/libgthread-2.0.so.0.4400.1
7ff2554e7000-7ff2554e8000 r--p 00000000 fe:01 25172875                   /usr/lib/x86_64-linux-gnu/libgthread-2.0.so.0.4400.1
7ff2554e8000-7ff2554e9000 rw-p 00001000 fe:01 25172875                   /usr/lib/x86_64-linux-gnu/libgthread-2.0.so.0.4400.1
7ff2554e9000-7ff255516000 r-xp 00000000 fe:01 25173447                   /usr/lib/x86_64-linux-gnu/libatspi.so.0.0.1
7ff255516000-7ff255715000 ---p 0002d000 fe:01 25173447                   /usr/lib/x86_64-linux-gnu/libatspi.so.0.0.1
7ff255715000-7ff255719000 r--p 0002c000 fe:01 25173447                   /usr/lib/x86_64-linux-gnu/libatspi.so.0.0.1
7ff255719000-7ff25571a000 rw-p 00030000 fe:01 25173447                   /usr/lib/x86_64-linux-gnu/libatspi.so.0.0.1
7ff25571a000-7ff255746000 r-xp 00000000 fe:01 25173449                   /usr/lib/x86_64-linux-gnu/libatk-bridge-2.0.so.0.0.0
7ff255746000-7ff255946000 ---p 0002c000 fe:01 25173449                   /usr/lib/x86_64-linux-gnu/libatk-bridge-2.0.so.0.0.0
7ff255946000-7ff255947000 r--p 0002c000 fe:01 25173449                   /usr/lib/x86_64-linux-gnu/libatk-bridge-2.0.so.0.0.0
7ff255947000-7ff255949000 rw-p 0002d000 fe:01 25173449                   /usr/lib/x86_64-linux-gnu/libatk-bridge-2.0.so.0.0.0
7ff255949000-7ff25596c000 r-xp 00000000 fe:01 25173154                   /usr/lib/x86_64-linux-gnu/libatk-1.0.so.0.21609.1
7ff25596c000-7ff255b6b000 ---p 00023000 fe:01 25173154                   /usr/lib/x86_64-linux-gnu/libatk-1.0.so.0.21609.1
7ff255b6b000-7ff255b6e000 r--p 00022000 fe:01 25173154                   /usr/lib/x86_64-linux-gnu/libatk-1.0.so.0.21609.1
7ff255b6e000-7ff255b6f000 rw-p 00025000 fe:01 25173154                   /usr/lib/x86_64-linux-gnu/libatk-1.0.so.0.21609.1
7ff255b6f000-7ff255b88000 r-xp 00000000 fe:01 28312107                   /usr/lib/x86_64-linux-gnu/jni/libatk-wrapper.so.1.2.22
7ff255b88000-7ff255d88000 ---p 00019000 fe:01 28312107                   /usr/lib/x86_64-linux-gnu/jni/libatk-wrapper.so.1.2.22
7ff255d88000-7ff255d89000 rw-p 00019000 fe:01 28312107                   /usr/lib/x86_64-linux-gnu/jni/libatk-wrapper.so.1.2.22
7ff255d89000-7ff255d8c000 ---p 00000000 00:00 0 
7ff255d8c000-7ff255f8a000 rw-p 00000000 00:00 0                          [stack:3875]
7ff255f8a000-7ff255f8f000 r-xp 00000000 fe:01 25173314                   /usr/lib/x86_64-linux-gnu/libXfixes.so.3.1.0
7ff255f8f000-7ff25618e000 ---p 00005000 fe:01 25173314                   /usr/lib/x86_64-linux-gnu/libXfixes.so.3.1.0
7ff25618e000-7ff25618f000 r--p 00004000 fe:01 25173314                   /usr/lib/x86_64-linux-gnu/libXfixes.so.3.1.0
7ff25618f000-7ff256190000 rw-p 00005000 fe:01 25173314                   /usr/lib/x86_64-linux-gnu/libXfixes.so.3.1.0
7ff256190000-7ff25619a000 r-xp 00000000 fe:01 25173316                   /usr/lib/x86_64-linux-gnu/libXcursor.so.1.0.2
7ff25619a000-7ff256399000 ---p 0000a000 fe:01 25173316                   /usr/lib/x86_64-linux-gnu/libXcursor.so.1.0.2
7ff256399000-7ff25639a000 r--p 00009000 fe:01 25173316                   /usr/lib/x86_64-linux-gnu/libXcursor.so.1.0.2
7ff25639a000-7ff25639b000 rw-p 0000a000 fe:01 25173316                   /usr/lib/x86_64-linux-gnu/libXcursor.so.1.0.2
7ff25639b000-7ff25639e000 ---p 00000000 00:00 0 
7ff25639e000-7ff25659c000 rw-p 00000000 00:00 0                          [stack:3874]
7ff25659c000-7ff25659f000 ---p 00000000 00:00 0 
7ff25659f000-7ff25679d000 rw-p 00000000 00:00 0                          [stack:3873]
7ff25679d000-7ff2567a0000 ---p 00000000 00:00 0 
7ff2567a0000-7ff25699e000 rw-p 00000000 00:00 0                          [stack:3872]
7ff25699e000-7ff2569a1000 ---p 00000000 00:00 0 
7ff2569a1000-7ff256b9f000 rw-p 00000000 00:00 0                          [stack:3871]
7ff256b9f000-7ff256ba3000 r-xp 00000000 fe:01 26738716                   /lib/x86_64-linux-gnu/libattr.so.1.1.0
7ff256ba3000-7ff256da2000 ---p 00004000 fe:01 26738716                   /lib/x86_64-linux-gnu/libattr.so.1.1.0
7ff256da2000-7ff256da3000 r--p 00003000 fe:01 26738716                   /lib/x86_64-linux-gnu/libattr.so.1.1.0
7ff256da3000-7ff256da4000 rw-p 00004000 fe:01 26738716                   /lib/x86_64-linux-gnu/libattr.so.1.1.0
7ff256da4000-7ff256db5000 r-xp 00000000 fe:01 26739147                   /lib/x86_64-linux-gnu/libgpg-error.so.0.16.0
7ff256db5000-7ff256fb5000 ---p 00011000 fe:01 26739147                   /lib/x86_64-linux-gnu/libgpg-error.so.0.16.0
7ff256fb5000-7ff256fb6000 r--p 00011000 fe:01 26739147                   /lib/x86_64-linux-gnu/libgpg-error.so.0.16.0
7ff256fb6000-7ff256fb7000 rw-p 00012000 fe:01 26739147                   /lib/x86_64-linux-gnu/libgpg-error.so.0.16.0
7ff256fb7000-7ff256fbb000 r-xp 00000000 fe:01 26742022                   /lib/x86_64-linux-gnu/libcap.so.2.24
7ff256fbb000-7ff2571bb000 ---p 00004000 fe:01 26742022                   /lib/x86_64-linux-gnu/libcap.so.2.24
7ff2571bb000-7ff2571bc000 r--p 00004000 fe:01 26742022                   /lib/x86_64-linux-gnu/libcap.so.2.24
7ff2571bc000-7ff2571bd000 rw-p 00005000 fe:01 26742022                   /lib/x86_64-linux-gnu/libcap.so.2.24
7ff2571bd000-7ff257295000 r-xp 00000000 fe:01 26738759                   /lib/x86_64-linux-gnu/libgcrypt.so.20.0.3
7ff257295000-7ff257495000 ---p 000d8000 fe:01 26738759                   /lib/x86_64-linux-gnu/libgcrypt.so.20.0.3
7ff257495000-7ff257496000 r--p 000d8000 fe:01 26738759                   /lib/x86_64-linux-gnu/libgcrypt.so.20.0.3
7ff257496000-7ff25749f000 rw-p 000d9000 fe:01 26738759                   /lib/x86_64-linux-gnu/libgcrypt.so.20.0.3
7ff25749f000-7ff2574c1000 r-xp 00000000 fe:01 26738771                   /lib/x86_64-linux-gnu/liblzma.so.5.0.0
7ff2574c1000-7ff2576c0000 ---p 00022000 fe:01 26738771                   /lib/x86_64-linux-gnu/liblzma.so.5.0.0
7ff2576c0000-7ff2576c1000 r--p 00021000 fe:01 26738771                   /lib/x86_64-linux-gnu/liblzma.so.5.0.0
7ff2576c1000-7ff2576c2000 rw-p 00022000 fe:01 26738771                   /lib/x86_64-linux-gnu/liblzma.so.5.0.0
7ff2576c2000-7ff257710000 r-xp 00000000 fe:01 26738887                   /lib/x86_64-linux-gnu/libdbus-1.so.3.14.3
7ff257710000-7ff25790f000 ---p 0004e000 fe:01 26738887                   /lib/x86_64-linux-gnu/libdbus-1.so.3.14.3
7ff25790f000-7ff257911000 r--p 0004d000 fe:01 26738887                   /lib/x86_64-linux-gnu/libdbus-1.so.3.14.3
7ff257911000-7ff257912000 rw-p 0004f000 fe:01 26738887                   /lib/x86_64-linux-gnu/libdbus-1.so.3.14.3
7ff257912000-7ff257993000 r-xp 00000000 fe:01 25170652                   /usr/lib/x86_64-linux-gnu/libgmp.so.10.2.0
7ff257993000-7ff257b93000 ---p 00081000 fe:01 25170652                   /usr/lib/x86_64-linux-gnu/libgmp.so.10.2.0
7ff257b93000-7ff257b94000 r--p 00081000 fe:01 25170652                   /usr/lib/x86_64-linux-gnu/libgmp.so.10.2.0
7ff257b94000-7ff257b95000 rw-p 00082000 fe:01 25170652                   /usr/lib/x86_64-linux-gnu/libgmp.so.10.2.0
7ff257b95000-7ff257bc7000 r-xp 00000000 fe:01 25170187                   /usr/lib/x86_64-linux-gnu/libhogweed.so.4.1
7ff257bc7000-7ff257dc7000 ---p 00032000 fe:01 25170187                   /usr/lib/x86_64-linux-gnu/libhogweed.so.4.1
7ff257dc7000-7ff257dc8000 r--p 00032000 fe:01 25170187                   /usr/lib/x86_64-linux-gnu/libhogweed.so.4.1
7ff257dc8000-7ff257dc9000 rw-p 00033000 fe:01 25170187                   /usr/lib/x86_64-linux-gnu/libhogweed.so.4.1
7ff257dc9000-7ff257dfe000 r-xp 00000000 fe:01 25170679                   /usr/lib/x86_64-linux-gnu/libnettle.so.6.1
7ff257dfe000-7ff257ffd000 ---p 00035000 fe:01 25170679                   /usr/lib/x86_64-linux-gnu/libnettle.so.6.1
7ff257ffd000-7ff257fff000 r--p 00034000 fe:01 25170679                   /usr/lib/x86_64-linux-gnu/libnettle.so.6.1
7ff257fff000-7ff258000000 rw-p 00036000 fe:01 25170679                   /usr/lib/x86_64-linux-gnu/libnettle.so.6.1
7ff258000000-7ff258021000 rw-p 00000000 00:00 0 
7ff258021000-7ff25c000000 ---p 00000000 00:00 0 
7ff25c067000-7ff25c078000 r-xp 00000000 fe:01 25170492                   /usr/lib/x86_64-linux-gnu/libtasn1.so.6.4.2
7ff25c078000-7ff25c278000 ---p 00011000 fe:01 25170492                   /usr/lib/x86_64-linux-gnu/libtasn1.so.6.4.2
7ff25c278000-7ff25c279000 r--p 00011000 fe:01 25170492                   /usr/lib/x86_64-linux-gnu/libtasn1.so.6.4.2
7ff25c279000-7ff25c27a000 rw-p 00012000 fe:01 25170492                   /usr/lib/x86_64-linux-gnu/libtasn1.so.6.4.2
7ff25c27a000-7ff25c2d4000 r-xp 00000000 fe:01 25167434                   /usr/lib/x86_64-linux-gnu/libp11-kit.so.0.1.0
7ff25c2d4000-7ff25c4d4000 ---p 0005a000 fe:01 25167434                   /usr/lib/x86_64-linux-gnu/libp11-kit.so.0.1.0
7ff25c4d4000-7ff25c4de000 r--p 0005a000 fe:01 25167434                   /usr/lib/x86_64-linux-gnu/libp11-kit.so.0.1.0
7ff25c4de000-7ff25c4e0000 rw-p 00064000 fe:01 25167434                   /usr/lib/x86_64-linux-gnu/libp11-kit.so.0.1.0
7ff25c4e0000-7ff25c4e3000 r-xp 00000000 fe:01 26738875                   /lib/x86_64-linux-gnu/libkeyutils.so.1.5
7ff25c4e3000-7ff25c6e2000 ---p 00003000 fe:01 26738875                   /lib/x86_64-linux-gnu/libkeyutils.so.1.5
7ff25c6e2000-7ff25c6e3000 r--p 00002000 fe:01 26738875                   /lib/x86_64-linux-gnu/libkeyutils.so.1.5
7ff25c6e3000-7ff25c6e4000 rw-p 00003000 fe:01 26738875                   /lib/x86_64-linux-gnu/libkeyutils.so.1.5
7ff25c6e4000-7ff25c6ef000 r-xp 00000000 fe:01 25172762                   /usr/lib/x86_64-linux-gnu/libkrb5support.so.0.1
7ff25c6ef000-7ff25c8ee000 ---p 0000b000 fe:01 25172762                   /usr/lib/x86_64-linux-gnu/libkrb5support.so.0.1
7ff25c8ee000-7ff25c8ef000 r--p 0000a000 fe:01 25172762                   /usr/lib/x86_64-linux-gnu/libkrb5support.so.0.1
7ff25c8ef000-7ff25c8f0000 rw-p 0000b000 fe:01 25172762                   /usr/lib/x86_64-linux-gnu/libkrb5support.so.0.1
7ff25c8f0000-7ff25c8f3000 r-xp 00000000 fe:01 26738778                   /lib/x86_64-linux-gnu/libcom_err.so.2.1
7ff25c8f3000-7ff25caf2000 ---p 00003000 fe:01 26738778                   /lib/x86_64-linux-gnu/libcom_err.so.2.1
7ff25caf2000-7ff25caf3000 r--p 00002000 fe:01 26738778                   /lib/x86_64-linux-gnu/libcom_err.so.2.1
7ff25caf3000-7ff25caf4000 rw-p 00003000 fe:01 26738778                   /lib/x86_64-linux-gnu/libcom_err.so.2.1
7ff25caf4000-7ff25cb22000 r-xp 00000000 fe:01 25172764                   /usr/lib/x86_64-linux-gnu/libk5crypto.so.3.1
7ff25cb22000-7ff25cd21000 ---p 0002e000 fe:01 25172764                   /usr/lib/x86_64-linux-gnu/libk5crypto.so.3.1
7ff25cd21000-7ff25cd24000 r--p 0002d000 fe:01 25172764                   /usr/lib/x86_64-linux-gnu/libk5crypto.so.3.1
7ff25cd24000-7ff25cd25000 rw-p 00030000 fe:01 25172764                   /usr/lib/x86_64-linux-gnu/libk5crypto.so.3.1
7ff25cd25000-7ff25cd26000 rw-p 00000000 00:00 0 
7ff25cd26000-7ff25cded000 r-xp 00000000 fe:01 25172766                   /usr/lib/x86_64-linux-gnu/libkrb5.so.3.3
7ff25cded000-7ff25cfed000 ---p 000c7000 fe:01 25172766                   /usr/lib/x86_64-linux-gnu/libkrb5.so.3.3
7ff25cfed000-7ff25cffb000 r--p 000c7000 fe:01 25172766                   /usr/lib/x86_64-linux-gnu/libkrb5.so.3.3
7ff25cffb000-7ff25cffe000 rw-p 000d5000 fe:01 25172766                   /usr/lib/x86_64-linux-gnu/libkrb5.so.3.3
7ff25cffe000-7ff25d003000 r-xp 00000000 fe:01 25172895                   /usr/lib/x86_64-linux-gnu/libXdmcp.so.6.0.0
7ff25d003000-7ff25d202000 ---p 00005000 fe:01 25172895                   /usr/lib/x86_64-linux-gnu/libXdmcp.so.6.0.0
7ff25d202000-7ff25d203000 r--p 00004000 fe:01 25172895                   /usr/lib/x86_64-linux-gnu/libXdmcp.so.6.0.0
7ff25d203000-7ff25d204000 rw-p 00005000 fe:01 25172895                   /usr/lib/x86_64-linux-gnu/libXdmcp.so.6.0.0
7ff25d204000-7ff25d207000 r-xp 00000000 fe:01 25172893                   /usr/lib/x86_64-linux-gnu/libXau.so.6.0.0
7ff25d207000-7ff25d406000 ---p 00003000 fe:01 25172893                   /usr/lib/x86_64-linux-gnu/libXau.so.6.0.0
7ff25d406000-7ff25d407000 r--p 00002000 fe:01 25172893                   /usr/lib/x86_64-linux-gnu/libXau.so.6.0.0
7ff25d407000-7ff25d408000 rw-p 00003000 fe:01 25172893                   /usr/lib/x86_64-linux-gnu/libXau.so.6.0.0
7ff25d408000-7ff25d42e000 r-xp 00000000 fe:01 26738882                   /lib/x86_64-linux-gnu/libpng12.so.0.50.0
7ff25d42e000-7ff25d62d000 ---p 00026000 fe:01 26738882                   /lib/x86_64-linux-gnu/libpng12.so.0.50.0
7ff25d62d000-7ff25d62e000 r--p 00025000 fe:01 26738882                   /lib/x86_64-linux-gnu/libpng12.so.0.50.0
7ff25d62e000-7ff25d62f000 rw-p 00026000 fe:01 26738882                   /lib/x86_64-linux-gnu/libpng12.so.0.50.0
7ff25d62f000-7ff25d655000 r-xp 00000000 fe:01 26738692                   /lib/x86_64-linux-gnu/libexpat.so.1.6.0
7ff25d655000-7ff25d854000 ---p 00026000 fe:01 26738692                   /lib/x86_64-linux-gnu/libexpat.so.1.6.0
7ff25d854000-7ff25d857000 r--p 00025000 fe:01 26738692                   /lib/x86_64-linux-gnu/libexpat.so.1.6.0
7ff25d857000-7ff25d858000 rw-p 00028000 fe:01 26738692                   /lib/x86_64-linux-gnu/libexpat.so.1.6.0
7ff25d858000-7ff25d868000 r-xp 00000000 fe:01 25172760                   /usr/lib/x86_64-linux-gnu/libavahi-client.so.3.2.9
7ff25d868000-7ff25da67000 ---p 00010000 fe:01 25172760                   /usr/lib/x86_64-linux-gnu/libavahi-client.so.3.2.9
7ff25da67000-7ff25da68000 r--p 0000f000 fe:01 25172760                   /usr/lib/x86_64-linux-gnu/libavahi-client.so.3.2.9
7ff25da68000-7ff25da69000 rw-p 00010000 fe:01 25172760                   /usr/lib/x86_64-linux-gnu/libavahi-client.so.3.2.9
7ff25da69000-7ff25da75000 r-xp 00000000 fe:01 25172757                   /usr/lib/x86_64-linux-gnu/libavahi-common.so.3.5.3
7ff25da75000-7ff25dc74000 ---p 0000c000 fe:01 25172757                   /usr/lib/x86_64-linux-gnu/libavahi-common.so.3.5.3
7ff25dc74000-7ff25dc75000 r--p 0000b000 fe:01 25172757                   /usr/lib/x86_64-linux-gnu/libavahi-common.so.3.5.3
7ff25dc75000-7ff25dc76000 rw-p 0000c000 fe:01 25172757                   /usr/lib/x86_64-linux-gnu/libavahi-common.so.3.5.3
7ff25dc76000-7ff25dd8c000 r-xp 00000000 fe:01 25170938                   /usr/lib/x86_64-linux-gnu/libgnutls-deb0.so.28.41.9
7ff25dd8c000-7ff25df8c000 ---p 00116000 fe:01 25170938                   /usr/lib/x86_64-linux-gnu/libgnutls-deb0.so.28.41.9
7ff25df8c000-7ff25df95000 r--p 00116000 fe:01 25170938                   /usr/lib/x86_64-linux-gnu/libgnutls-deb0.so.28.41.9
7ff25df95000-7ff25df97000 rw-p 0011f000 fe:01 25170938                   /usr/lib/x86_64-linux-gnu/libgnutls-deb0.so.28.41.9
7ff25df97000-7ff25df98000 rw-p 00000000 00:00 0 
7ff25df98000-7ff25dfdf000 r-xp 00000000 fe:01 25172769                   /usr/lib/x86_64-linux-gnu/libgssapi_krb5.so.2.2
7ff25dfdf000-7ff25e1de000 ---p 00047000 fe:01 25172769                   /usr/lib/x86_64-linux-gnu/libgssapi_krb5.so.2.2
7ff25e1de000-7ff25e1e0000 r--p 00046000 fe:01 25172769                   /usr/lib/x86_64-linux-gnu/libgssapi_krb5.so.2.2
7ff25e1e0000-7ff25e1e2000 rw-p 00048000 fe:01 25172769                   /usr/lib/x86_64-linux-gnu/libgssapi_krb5.so.2.2
7ff25e1e2000-7ff25e203000 r-xp 00000000 fe:01 25172897                   /usr/lib/x86_64-linux-gnu/libxcb.so.1.1.0
7ff25e203000-7ff25e402000 ---p 00021000 fe:01 25172897                   /usr/lib/x86_64-linux-gnu/libxcb.so.1.1.0
7ff25e402000-7ff25e403000 r--p 00020000 fe:01 25172897                   /usr/lib/x86_64-linux-gnu/libxcb.so.1.1.0
7ff25e403000-7ff25e404000 rw-p 00021000 fe:01 25172897                   /usr/lib/x86_64-linux-gnu/libxcb.so.1.1.0
7ff25e404000-7ff25e4a8000 r-xp 00000000 fe:01 25172988                   /usr/lib/x86_64-linux-gnu/libfreetype.so.6.11.1
7ff25e4a8000-7ff25e6a7000 ---p 000a4000 fe:01 25172988                   /usr/lib/x86_64-linux-gnu/libfreetype.so.6.11.1
7ff25e6a7000-7ff25e6ae000 r--p 000a3000 fe:01 25172988                   /usr/lib/x86_64-linux-gnu/libfreetype.so.6.11.1
7ff25e6ae000-7ff25e6af000 rw-p 000aa000 fe:01 25172988                   /usr/lib/x86_64-linux-gnu/libfreetype.so.6.11.1
7ff25e6af000-7ff25e6ea000 r-xp 00000000 fe:01 25172991                   /usr/lib/x86_64-linux-gnu/libfontconfig.so.1.8.0
7ff25e6ea000-7ff25e8e9000 ---p 0003b000 fe:01 25172991                   /usr/lib/x86_64-linux-gnu/libfontconfig.so.1.8.0
7ff25e8e9000-7ff25e8eb000 r--p 0003a000 fe:01 25172991                   /usr/lib/x86_64-linux-gnu/libfontconfig.so.1.8.0
7ff25e8eb000-7ff25e8ec000 rw-p 0003c000 fe:01 25172991                   /usr/lib/x86_64-linux-gnu/libfontconfig.so.1.8.0
7ff25e8ec000-7ff25e964000 r-xp 00000000 fe:01 25172771                   /usr/lib/x86_64-linux-gnu/libcups.so.2
7ff25e964000-7ff25eb64000 ---p 00078000 fe:01 25172771                   /usr/lib/x86_64-linux-gnu/libcups.so.2
7ff25eb64000-7ff25eb6c000 r--p 00078000 fe:01 25172771                   /usr/lib/x86_64-linux-gnu/libcups.so.2
7ff25eb6c000-7ff25eb6d000 rw-p 00080000 fe:01 25172771                   /usr/lib/x86_64-linux-gnu/libcups.so.2
7ff25eb6d000-7ff25eb7c000 r-xp 00000000 fe:01 25173320                   /usr/lib/x86_64-linux-gnu/libXi.so.6.1.0
7ff25eb7c000-7ff25ed7b000 ---p 0000f000 fe:01 25173320                   /usr/lib/x86_64-linux-gnu/libXi.so.6.1.0
7ff25ed7b000-7ff25ed7c000 r--p 0000e000 fe:01 25173320                   /usr/lib/x86_64-linux-gnu/libXi.so.6.1.0
7ff25ed7c000-7ff25ed7d000 rw-p 0000f000 fe:01 25173320                   /usr/lib/x86_64-linux-gnu/libXi.so.6.1.0
7ff25ed7d000-7ff25ed82000 r-xp 00000000 fe:01 25174154                   /usr/lib/x86_64-linux-gnu/libXtst.so.6.1.0
7ff25ed82000-7ff25ef81000 ---p 00005000 fe:01 25174154                   /usr/lib/x86_64-linux-gnu/libXtst.so.6.1.0
7ff25ef81000-7ff25ef82000 r--p 00004000 fe:01 25174154                   /usr/lib/x86_64-linux-gnu/libXtst.so.6.1.0
7ff25ef82000-7ff25ef83000 rw-p 00005000 fe:01 25174154                   /usr/lib/x86_64-linux-gnu/libXtst.so.6.1.0
7ff25ef83000-7ff25ef8c000 r-xp 00000000 fe:01 25173002                   /usr/lib/x86_64-linux-gnu/libXrender.so.1.3.0
7ff25ef8c000-7ff25f18b000 ---p 00009000 fe:01 25173002                   /usr/lib/x86_64-linux-gnu/libXrender.so.1.3.0
7ff25f18b000-7ff25f18c000 r--p 00008000 fe:01 25173002                   /usr/lib/x86_64-linux-gnu/libXrender.so.1.3.0
7ff25f18c000-7ff25f18d000 rw-p 00009000 fe:01 25173002                   /usr/lib/x86_64-linux-gnu/libXrender.so.1.3.0
7ff25f18d000-7ff25f2c9000 r-xp 00000000 fe:01 25172901                   /usr/lib/x86_64-linux-gnu/libX11.so.6.3.0
7ff25f2c9000-7ff25f4c8000 ---p 0013c000 fe:01 25172901                   /usr/lib/x86_64-linux-gnu/libX11.so.6.3.0
7ff25f4c8000-7ff25f4ca000 r--p 0013b000 fe:01 25172901                   /usr/lib/x86_64-linux-gnu/libX11.so.6.3.0
7ff25f4ca000-7ff25f4cf000 rw-p 0013d000 fe:01 25172901                   /usr/lib/x86_64-linux-gnu/libX11.so.6.3.0
7ff25f4cf000-7ff25f4d0000 rw-p 00000000 00:00 0 
7ff25f4d0000-7ff25f4e1000 r-xp 00000000 fe:01 25173000                   /usr/lib/x86_64-linux-gnu/libXext.so.6.4.0
7ff25f4e1000-7ff25f6e0000 ---p 00011000 fe:01 25173000                   /usr/lib/x86_64-linux-gnu/libXext.so.6.4.0
7ff25f6e0000-7ff25f6e1000 r--p 00010000 fe:01 25173000                   /usr/lib/x86_64-linux-gnu/libXext.so.6.4.0
7ff25f6e1000-7ff25f6e2000 rw-p 00011000 fe:01 25173000                   /usr/lib/x86_64-linux-gnu/libXext.so.6.4.0
7ff25f6e2000-7ff25f72b000 r-xp 00000000 fe:01 28312115                   /usr/lib/jvm/java-7-openjdk-amd64/jre/lib/amd64/xawt/libmawt.so
7ff25f72b000-7ff25f92a000 ---p 00049000 fe:01 28312115                   /usr/lib/jvm/java-7-openjdk-amd64/jre/lib/amd64/xawt/libmawt.so
7ff25f92a000-7ff25f92b000 r--p 00048000 fe:01 28312115                   /usr/lib/jvm/java-7-openjdk-amd64/jre/lib/amd64/xawt/libmawt.so
7ff25f92b000-7ff25f92e000 rw-p 00049000 fe:01 28312115                   /usr/lib/jvm/java-7-openjdk-amd64/jre/lib/amd64/xawt/libmawt.so
7ff25f92e000-7ff25f92f000 rw-p 00000000 00:00 0 
7ff25f92f000-7ff25f9ce000 r-xp 00000000 fe:01 28051256                   /usr/lib/jvm/java-7-openjdk-amd64/jre/lib/amd64/libawt.so
7ff25f9ce000-7ff25fbcd000 ---p 0009f000 fe:01 28051256                   /usr/lib/jvm/java-7-openjdk-amd64/jre/lib/amd64/libawt.so
7ff25fbcd000-7ff25fbce000 r--p 0009e000 fe:01 28051256                   /usr/lib/jvm/java-7-openjdk-amd64/jre/lib/amd64/libawt.so
7ff25fbce000-7ff25fbd9000 rw-p 0009f000 fe:01 28051256                   /usr/lib/jvm/java-7-openjdk-amd64/jre/lib/amd64/libawt.so
7ff25fbd9000-7ff25fbfe000 rw-p 00000000 00:00 0 
7ff25fbfe000-7ff25fc01000 ---p 00000000 00:00 0 
7ff25fc01000-7ff25fdff000 rw-p 00000000 00:00 0                          [stack:3870]
7ff25fdff000-7ff25fe02000 ---p 00000000 00:00 0 
7ff25fe02000-7ff260000000 rw-p 00000000 00:00 0                          [stack:3869]
7ff260000000-7ff260247000 rw-p 00000000 00:00 0 
7ff260247000-7ff264000000 ---p 00000000 00:00 0 
7ff264000000-7ff264021000 rw-p 00000000 00:00 0 
7ff264021000-7ff268000000 ---p 00000000 00:00 0 
7ff268000000-7ff269a2a000 rw-p 00000000 00:00 0 
7ff269a2a000-7ff26c000000 ---p 00000000 00:00 0 
7ff26c000000-7ff26dc21000 rw-p 00000000 00:00 0 
7ff26dc21000-7ff270000000 ---p 00000000 00:00 0 
7ff270000000-7ff270021000 rw-p 00000000 00:00 0 
7ff270021000-7ff274000000 ---p 00000000 00:00 0 
7ff274000000-7ff274021000 rw-p 00000000 00:00 0 
7ff274021000-7ff278000000 ---p 00000000 00:00 0 
7ff278000000-7ff278021000 rw-p 00000000 00:00 0 
7ff278021000-7ff27c000000 ---p 00000000 00:00 0 
7ff27c08d000-7ff27c38e000 rw-p 00000000 00:00 0 
7ff27c38e000-7ff27c3fa000 r-xp 00000000 fe:01 26738933                   /lib/x86_64-linux-gnu/libpcre.so.3.13.1
7ff27c3fa000-7ff27c5fa000 ---p 0006c000 fe:01 26738933                   /lib/x86_64-linux-gnu/libpcre.so.3.13.1
7ff27c5fa000-7ff27c5fb000 r--p 0006c000 fe:01 26738933                   /lib/x86_64-linux-gnu/libpcre.so.3.13.1
7ff27c5fb000-7ff27c5fc000 rw-p 0006d000 fe:01 26738933                   /lib/x86_64-linux-gnu/libpcre.so.3.13.1
7ff27c5fc000-7ff27c603000 r-xp 00000000 fe:01 25170536                   /usr/lib/x86_64-linux-gnu/libffi.so.6.0.4
7ff27c603000-7ff27c803000 ---p 00007000 fe:01 25170536                   /usr/lib/x86_64-linux-gnu/libffi.so.6.0.4
7ff27c803000-7ff27c804000 r--p 00007000 fe:01 25170536                   /usr/lib/x86_64-linux-gnu/libffi.so.6.0.4
7ff27c804000-7ff27c805000 rw-p 00008000 fe:01 25170536                   /usr/lib/x86_64-linux-gnu/libffi.so.6.0.4
7ff27c805000-7ff27c819000 r-xp 00000000 fe:01 26742029                   /lib/x86_64-linux-gnu/libresolv-2.19.so
7ff27c819000-7ff27ca18000 ---p 00014000 fe:01 26742029                   /lib/x86_64-linux-gnu/libresolv-2.19.so
7ff27ca18000-7ff27ca19000 r--p 00013000 fe:01 26742029                   /lib/x86_64-linux-gnu/libresolv-2.19.so
7ff27ca19000-7ff27ca1a000 rw-p 00014000 fe:01 26742029                   /lib/x86_64-linux-gnu/libresolv-2.19.so
7ff27ca1a000-7ff27ca1c000 rw-p 00000000 00:00 0 
7ff27ca1c000-7ff27ca3d000 r-xp 00000000 fe:01 26738732                   /lib/x86_64-linux-gnu/libselinux.so.1
7ff27ca3d000-7ff27cc3d000 ---p 00021000 fe:01 26738732                   /lib/x86_64-linux-gnu/libselinux.so.1
7ff27cc3d000-7ff27cc3e000 r--p 00021000 fe:01 26738732                   /lib/x86_64-linux-gnu/libselinux.so.1
7ff27cc3e000-7ff27cc3f000 rw-p 00022000 fe:01 26738732                   /lib/x86_64-linux-gnu/libselinux.so.1
7ff27cc3f000-7ff27cc41000 rw-p 00000000 00:00 0 
7ff27cc41000-7ff27cc44000 r-xp 00000000 fe:01 25172873                   /usr/lib/x86_64-linux-gnu/libgmodule-2.0.so.0.4400.1
7ff27cc44000-7ff27ce43000 ---p 00003000 fe:01 25172873                   /usr/lib/x86_64-linux-gnu/libgmodule-2.0.so.0.4400.1
7ff27ce43000-7ff27ce44000 r--p 00002000 fe:01 25172873                   /usr/lib/x86_64-linux-gnu/libgmodule-2.0.so.0.4400.1
7ff27ce44000-7ff27ce45000 rw-p 00003000 fe:01 25172873                   /usr/lib/x86_64-linux-gnu/libgmodule-2.0.so.0.4400.1
7ff27ce45000-7ff27cf52000 r-xp 00000000 fe:01 26738880                   /lib/x86_64-linux-gnu/libglib-2.0.so.0.4400.1
7ff27cf52000-7ff27d151000 ---p 0010d000 fe:01 26738880                   /lib/x86_64-linux-gnu/libglib-2.0.so.0.4400.1
7ff27d151000-7ff27d152000 r--p 0010c000 fe:01 26738880                   /lib/x86_64-linux-gnu/libglib-2.0.so.0.4400.1
7ff27d152000-7ff27d153000 rw-p 0010d000 fe:01 26738880                   /lib/x86_64-linux-gnu/libglib-2.0.so.0.4400.1
7ff27d153000-7ff27d154000 rw-p 00000000 00:00 0 
7ff27d154000-7ff27d1a4000 r-xp 00000000 fe:01 25172874                   /usr/lib/x86_64-linux-gnu/libgobject-2.0.so.0.4400.1
7ff27d1a4000-7ff27d3a4000 ---p 00050000 fe:01 25172874                   /usr/lib/x86_64-linux-gnu/libgobject-2.0.so.0.4400.1
7ff27d3a4000-7ff27d3a5000 r--p 00050000 fe:01 25172874                   /usr/lib/x86_64-linux-gnu/libgobject-2.0.so.0.4400.1
7ff27d3a5000-7ff27d3a6000 rw-p 00051000 fe:01 25172874                   /usr/lib/x86_64-linux-gnu/libgobject-2.0.so.0.4400.1
7ff27d3a6000-7ff27d51e000 r-xp 00000000 fe:01 25172876                   /usr/lib/x86_64-linux-gnu/libgio-2.0.so.0.4400.1
7ff27d51e000-7ff27d71d000 ---p 00178000 fe:01 25172876                   /usr/lib/x86_64-linux-gnu/libgio-2.0.so.0.4400.1
7ff27d71d000-7ff27d721000 r--p 00177000 fe:01 25172876                   /usr/lib/x86_64-linux-gnu/libgio-2.0.so.0.4400.1
7ff27d721000-7ff27d723000 rw-p 0017b000 fe:01 25172876                   /usr/lib/x86_64-linux-gnu/libgio-2.0.so.0.4400.1
7ff27d723000-7ff27d725000 rw-p 00000000 00:00 0 
7ff27d725000-7ff27d73c000 r-xp 00000000 fe:01 28051279                   /usr/lib/jvm/java-7-openjdk-amd64/jre/lib/amd64/libnet.so
7ff27d73c000-7ff27d93c000 ---p 00017000 fe:01 28051279                   /usr/lib/jvm/java-7-openjdk-amd64/jre/lib/amd64/libnet.so
7ff27d93c000-7ff27d93d000 r--p 00017000 fe:01 28051279                   /usr/lib/jvm/java-7-openjdk-amd64/jre/lib/amd64/libnet.so
7ff27d93d000-7ff27d93e000 rw-p 00018000 fe:01 28051279                   /usr/lib/jvm/java-7-openjdk-amd64/jre/lib/amd64/libnet.so
7ff27d93e000-7ff27d94f000 r-xp 00000000 fe:01 28051280                   /usr/lib/jvm/java-7-openjdk-amd64/jre/lib/amd64/libnio.so
7ff27d94f000-7ff27db4e000 ---p 00011000 fe:01 28051280                   /usr/lib/jvm/java-7-openjdk-amd64/jre/lib/amd64/libnio.so
7ff27db4e000-7ff27db4f000 r--p 00010000 fe:01 28051280                   /usr/lib/jvm/java-7-openjdk-amd64/jre/lib/amd64/libnio.so
7ff27db4f000-7ff27db50000 rw-p 00011000 fe:01 28051280                   /usr/lib/jvm/java-7-openjdk-amd64/jre/lib/amd64/libnio.so
7ff27db50000-7ff280000000 rw-p 00000000 00:00 0 
7ff280000000-7ff280053000 rw-p 00000000 00:00 0 
7ff280053000-7ff284000000 ---p 00000000 00:00 0 
7ff284000000-7ff284021000 rw-p 00000000 00:00 0 
7ff284021000-7ff288000000 ---p 00000000 00:00 0 
7ff288000000-7ff288033000 rw-p 00000000 00:00 0 
7ff288033000-7ff28c000000 ---p 00000000 00:00 0 
7ff28c135000-7ff28c138000 ---p 00000000 00:00 0 
7ff28c138000-7ff28c16e000 rw-p 00000000 00:00 0                          [stack:3877]
7ff28c16e000-7ff28c16f000 ---p 00000000 00:00 0 
7ff28c16f000-7ff28c26f000 rw-p 00000000 00:00 0                          [stack:3868]
7ff28c26f000-7ff28c272000 ---p 00000000 00:00 0 
7ff28c272000-7ff28c470000 rw-p 00000000 00:00 0                          [stack:3867]
7ff28c470000-7ff28c473000 ---p 00000000 00:00 0 
7ff28c473000-7ff28c571000 rw-p 00000000 00:00 0                          [stack:3866]
7ff28c571000-7ff28c574000 ---p 00000000 00:00 0 
7ff28c574000-7ff28c672000 rw-p 00000000 00:00 0                          [stack:3865]
7ff28c672000-7ff28c675000 ---p 00000000 00:00 0 
7ff28c675000-7ff28c873000 rw-p 00000000 00:00 0                          [stack:3864]
7ff28c873000-7ff28c9fc000 r--p 00000000 fe:01 25170396                   /usr/lib/locale/locale-archive
7ff28c9fc000-7ff28c9ff000 ---p 00000000 00:00 0 
7ff28c9ff000-7ff28cbfd000 rw-p 00000000 00:00 0                          [stack:3863]
7ff28cbfd000-7ff28cc00000 ---p 00000000 00:00 0 
7ff28cc00000-7ff28cdfe000 rw-p 00000000 00:00 0                          [stack:3862]
7ff28cdfe000-7ff28cdff000 ---p 00000000 00:00 0 
7ff28cdff000-7ff28d000000 rw-p 00000000 00:00 0                          [stack:3861]
7ff28d000000-7ff28d300000 rwxp 00000000 00:00 0 
7ff28d300000-7ff2903f8000 rw-p 00000000 00:00 0 
7ff2903f8000-7ff294000000 ---p 00000000 00:00 0 
7ff294027000-7ff29405c000 r--s 00000000 fe:01 19137238                   /var/cache/nscd/hosts
7ff29405c000-7ff2940da000 r-xp 00000000 fe:01 26738703                   /lib/x86_64-linux-gnu/libsystemd.so.0.10.2
7ff2940da000-7ff2940db000 ---p 0007e000 fe:01 26738703                   /lib/x86_64-linux-gnu/libsystemd.so.0.10.2
7ff2940db000-7ff2940de000 r--p 0007e000 fe:01 26738703                   /lib/x86_64-linux-gnu/libsystemd.so.0.10.2
7ff2940de000-7ff2940df000 rw-p 00081000 fe:01 26738703                   /lib/x86_64-linux-gnu/libsystemd.so.0.10.2
7ff2940f9000-7ff2949ad000 rw-p 00000000 00:00 0 
7ff2949ad000-7ff294b5f000 r--s 01d2b000 fe:01 27400145                   /usr/lib/jvm/java-7-openjdk-amd64/jre/lib/rt.jar
7ff294b5f000-7ff294ea3000 rw-p 00000000 00:00 0 
7ff294ea3000-7ff294ea4000 ---p 00000000 00:00 0 
7ff294ea4000-7ff294fa4000 rw-p 00000000 00:00 0                          [stack:3860]
7ff294fa4000-7ff294fa5000 ---p 00000000 00:00 0 
7ff294fa5000-7ff2950b8000 rw-p 00000000 00:00 0                          [stack:3859]
7ff2950b8000-7ff2951ad000 rw-p 00000000 00:00 0 
7ff2951ad000-7ff2951c1000 rw-p 00000000 00:00 0 
7ff2951c1000-7ff29526d000 rw-p 00000000 00:00 0 
7ff29526d000-7ff295280000 rw-p 00000000 00:00 0 
7ff295280000-7ff295374000 rw-p 00000000 00:00 0 
7ff295374000-7ff295392000 rw-p 00000000 00:00 0 
7ff295392000-7ff2953f8000 rw-p 00000000 00:00 0 
7ff2953f8000-7ff2953f9000 rw-p 00000000 00:00 0 
7ff2953f9000-7ff295401000 r-xp 00000000 fe:01 28051285                   /usr/lib/jvm/java-7-openjdk-amd64/jre/lib/amd64/libzip.so
7ff295401000-7ff295600000 ---p 00008000 fe:01 28051285                   /usr/lib/jvm/java-7-openjdk-amd64/jre/lib/amd64/libzip.so
7ff295600000-7ff295601000 r--p 00007000 fe:01 28051285                   /usr/lib/jvm/java-7-openjdk-amd64/jre/lib/amd64/libzip.so
7ff295601000-7ff295602000 rw-p 00008000 fe:01 28051285                   /usr/lib/jvm/java-7-openjdk-amd64/jre/lib/amd64/libzip.so
7ff295602000-7ff29562e000 r-xp 00000000 fe:01 28051267                   /usr/lib/jvm/java-7-openjdk-amd64/jre/lib/amd64/libjava.so
7ff29562e000-7ff29582d000 ---p 0002c000 fe:01 28051267                   /usr/lib/jvm/java-7-openjdk-amd64/jre/lib/amd64/libjava.so
7ff29582d000-7ff29582e000 r--p 0002b000 fe:01 28051267                   /usr/lib/jvm/java-7-openjdk-amd64/jre/lib/amd64/libjava.so
7ff29582e000-7ff295830000 rw-p 0002c000 fe:01 28051267                   /usr/lib/jvm/java-7-openjdk-amd64/jre/lib/amd64/libjava.so
7ff295830000-7ff29583f000 r-xp 00000000 fe:01 28051284                   /usr/lib/jvm/java-7-openjdk-amd64/jre/lib/amd64/libverify.so
7ff29583f000-7ff295a3e000 ---p 0000f000 fe:01 28051284                   /usr/lib/jvm/java-7-openjdk-amd64/jre/lib/amd64/libverify.so
7ff295a3e000-7ff295a40000 r--p 0000e000 fe:01 28051284                   /usr/lib/jvm/java-7-openjdk-amd64/jre/lib/amd64/libverify.so
7ff295a40000-7ff295a41000 rw-p 00010000 fe:01 28051284                   /usr/lib/jvm/java-7-openjdk-amd64/jre/lib/amd64/libverify.so
7ff295a41000-7ff295a48000 r-xp 00000000 fe:01 26742026                   /lib/x86_64-linux-gnu/librt-2.19.so
7ff295a48000-7ff295c47000 ---p 00007000 fe:01 26742026                   /lib/x86_64-linux-gnu/librt-2.19.so
7ff295c47000-7ff295c48000 r--p 00006000 fe:01 26742026                   /lib/x86_64-linux-gnu/librt-2.19.so
7ff295c48000-7ff295c49000 rw-p 00007000 fe:01 26742026                   /lib/x86_64-linux-gnu/librt-2.19.so
7ff295c49000-7ff295c4c000 ---p 00000000 00:00 0 
7ff295c4c000-7ff295e4a000 rw-p 00000000 00:00 0                          [stack:3858]
7ff295e4a000-7ff295e60000 r-xp 00000000 fe:01 26738781                   /lib/x86_64-linux-gnu/libgcc_s.so.1
7ff295e60000-7ff29605f000 ---p 00016000 fe:01 26738781                   /lib/x86_64-linux-gnu/libgcc_s.so.1
7ff29605f000-7ff296060000 rw-p 00015000 fe:01 26738781                   /lib/x86_64-linux-gnu/libgcc_s.so.1
7ff296060000-7ff296160000 r-xp 00000000 fe:01 26742037                   /lib/x86_64-linux-gnu/libm-2.19.so
7ff296160000-7ff29635f000 ---p 00100000 fe:01 26742037                   /lib/x86_64-linux-gnu/libm-2.19.so
7ff29635f000-7ff296360000 r--p 000ff000 fe:01 26742037                   /lib/x86_64-linux-gnu/libm-2.19.so
7ff296360000-7ff296361000 rw-p 00100000 fe:01 26742037                   /lib/x86_64-linux-gnu/libm-2.19.so
7ff296361000-7ff2964cc000 r-xp 00000000 fe:01 25165829                   /usr/lib/x86_64-linux-gnu/libstdc++.so.6.0.21
7ff2964cc000-7ff2966cc000 ---p 0016b000 fe:01 25165829                   /usr/lib/x86_64-linux-gnu/libstdc++.so.6.0.21
7ff2966cc000-7ff2966d6000 r--p 0016b000 fe:01 25165829                   /usr/lib/x86_64-linux-gnu/libstdc++.so.6.0.21
7ff2966d6000-7ff2966d8000 rw-p 00175000 fe:01 25165829                   /usr/lib/x86_64-linux-gnu/libstdc++.so.6.0.21
7ff2966d8000-7ff2966dc000 rw-p 00000000 00:00 0 
7ff2966dc000-7ff29722d000 r-xp 00000000 fe:01 28182581                   /usr/lib/jvm/java-7-openjdk-amd64/jre/lib/amd64/server/libjvm.so
7ff29722d000-7ff29742d000 ---p 00b51000 fe:01 28182581                   /usr/lib/jvm/java-7-openjdk-amd64/jre/lib/amd64/server/libjvm.so
7ff29742d000-7ff2974be000 r--p 00b51000 fe:01 28182581                   /usr/lib/jvm/java-7-openjdk-amd64/jre/lib/amd64/server/libjvm.so
7ff2974be000-7ff2974e1000 rw-p 00be2000 fe:01 28182581                   /usr/lib/jvm/java-7-openjdk-amd64/jre/lib/amd64/server/libjvm.so
7ff2974e1000-7ff29750c000 rw-p 00000000 00:00 0 
7ff29750c000-7ff297526000 r-xp 00000000 fe:01 26738790                   /lib/x86_64-linux-gnu/libz.so.1.2.8
7ff297526000-7ff297725000 ---p 0001a000 fe:01 26738790                   /lib/x86_64-linux-gnu/libz.so.1.2.8
7ff297725000-7ff297726000 r--p 00019000 fe:01 26738790                   /lib/x86_64-linux-gnu/libz.so.1.2.8
7ff297726000-7ff297727000 rw-p 0001a000 fe:01 26738790                   /lib/x86_64-linux-gnu/libz.so.1.2.8
7ff297727000-7ff2978c6000 r-xp 00000000 fe:01 26742024                   /lib/x86_64-linux-gnu/libc-2.19.so
7ff2978c6000-7ff297ac6000 ---p 0019f000 fe:01 26742024                   /lib/x86_64-linux-gnu/libc-2.19.so
7ff297ac6000-7ff297aca000 r--p 0019f000 fe:01 26742024                   /lib/x86_64-linux-gnu/libc-2.19.so
7ff297aca000-7ff297acc000 rw-p 001a3000 fe:01 26742024                   /lib/x86_64-linux-gnu/libc-2.19.so
7ff297acc000-7ff297ad0000 rw-p 00000000 00:00 0 
7ff297ad0000-7ff297ad3000 r-xp 00000000 fe:01 26742043                   /lib/x86_64-linux-gnu/libdl-2.19.so
7ff297ad3000-7ff297cd2000 ---p 00003000 fe:01 26742043                   /lib/x86_64-linux-gnu/libdl-2.19.so
7ff297cd2000-7ff297cd3000 r--p 00002000 fe:01 26742043                   /lib/x86_64-linux-gnu/libdl-2.19.so
7ff297cd3000-7ff297cd4000 rw-p 00003000 fe:01 26742043                   /lib/x86_64-linux-gnu/libdl-2.19.so
7ff297cd4000-7ff297ce1000 r-xp 00000000 fe:01 28311809                   /usr/lib/jvm/java-7-openjdk-amd64/jre/lib/amd64/jli/libjli.so
7ff297ce1000-7ff297ee0000 ---p 0000d000 fe:01 28311809                   /usr/lib/jvm/java-7-openjdk-amd64/jre/lib/amd64/jli/libjli.so
7ff297ee0000-7ff297ee1000 r--p 0000c000 fe:01 28311809                   /usr/lib/jvm/java-7-openjdk-amd64/jre/lib/amd64/jli/libjli.so
7ff297ee1000-7ff297ee2000 rw-p 0000d000 fe:01 28311809                   /usr/lib/jvm/java-7-openjdk-amd64/jre/lib/amd64/jli/libjli.so
7ff297ee2000-7ff297efa000 r-xp 00000000 fe:01 26742028                   /lib/x86_64-linux-gnu/libpthread-2.19.so
7ff297efa000-7ff2980f9000 ---p 00018000 fe:01 26742028                   /lib/x86_64-linux-gnu/libpthread-2.19.so
7ff2980f9000-7ff2980fa000 r--p 00017000 fe:01 26742028                   /lib/x86_64-linux-gnu/libpthread-2.19.so
7ff2980fa000-7ff2980fb000 rw-p 00018000 fe:01 26742028                   /lib/x86_64-linux-gnu/libpthread-2.19.so
7ff2980fb000-7ff2980ff000 rw-p 00000000 00:00 0 
7ff2980ff000-7ff29811f000 r-xp 00000000 fe:01 26742033                   /lib/x86_64-linux-gnu/ld-2.19.so
7ff298132000-7ff29815d000 rw-p 00000000 00:00 0 
7ff29815d000-7ff298209000 rw-p 00000000 00:00 0 
7ff298209000-7ff298215000 rw-p 00000000 00:00 0 
7ff298215000-7ff2982c9000 rw-p 00000000 00:00 0 
7ff2982c9000-7ff2982fe000 r--s 00000000 fe:01 19137138                   /var/cache/nscd/passwd
7ff2982fe000-7ff298303000 rw-p 00000000 00:00 0 
7ff29830d000-7ff29830e000 rw-p 00000000 00:00 0 
7ff29830e000-7ff298313000 r--s 0004d000 fe:01 27400139                   /usr/lib/jvm/java-7-openjdk-amd64/jre/lib/jsse.jar
7ff298313000-7ff29831b000 rw-s 00000000 fe:01 29360169                   /tmp/hsperfdata_NotSimon/3857
7ff29831b000-7ff29831c000 rw-p 00000000 00:00 0 
7ff29831c000-7ff29831d000 ---p 00000000 00:00 0 
7ff29831d000-7ff29831f000 rw-p 00000000 00:00 0 
7ff29831f000-7ff298320000 r--p 00020000 fe:01 26742033                   /lib/x86_64-linux-gnu/ld-2.19.so
7ff298320000-7ff298321000 rw-p 00021000 fe:01 26742033                   /lib/x86_64-linux-gnu/ld-2.19.so
7ff298321000-7ff298322000 rw-p 00000000 00:00 0 
7fffb4364000-7fffb4386000 rw-p 00000000 00:00 0                          [stack]
7fffb43c9000-7fffb43cb000 r-xp 00000000 00:00 0                          [vdso]
7fffb43cb000-7fffb43cd000 r--p 00000000 00:00 0                          [vvar]
ffffffffff600000-ffffffffff601000 r-xp 00000000 00:00 0                  [vsyscall]

VM Arguments:
jvm_args: -Djdk.home=/usr/lib/jvm/java-7-openjdk-amd64 -Dnetbeans.default_userdir_root=/home/NotSimon/.netbeans -Dnetbeans.running.environment=gnome -Dnetbeans.dirs=/usr/share/netbeans/8.0.2/nb:/usr/share/netbeans/8.0.2/ergonomics:/usr/share/netbeans/8.0.2/ide:/usr/share/netbeans/8.0.2/extide:/usr/share/netbeans/8.0.2/java:/usr/share/netbeans/8.0.2/apisupport:/usr/share/netbeans/8.0.2/webcommon:/usr/share/netbeans/8.0.2/websvccommon:/usr/share/netbeans/8.0.2/enterprise:/usr/share/netbeans/8.0.2/mobility:/usr/share/netbeans/8.0.2/profiler:/usr/share/netbeans/8.0.2/python:/usr/share/netbeans/8.0.2/php:/usr/share/netbeans/8.0.2/identity:/usr/share/netbeans/8.0.2/harness:/usr/share/netbeans/8.0.2/cnd:/usr/share/netbeans/8.0.2/dlight:/usr/share/netbeans/8.0.2/groovy:/usr/share/netbeans/8.0.2/extra:/usr/share/netbeans/8.0.2/javacard:/usr/share/netbeans/8.0.2/javafx: -Dnetbeans.home=/usr/share/netbeans/8.0.2/platform -Dnetbeans.importclass=org.netbeans.upgrade.AutoUpgrade -Dnetbeans.accept_license_class=org.netbeans.license.AcceptLicense -Xmx789m -Xss2m -Xms32m -XX:PermSize=32m -Dapple.laf.useScreenMenuBar=true -Dapple.awt.graphics.UseQuartz=true -Dsun.java2d.noddraw=true -Dsun.java2d.dpiaware=true -Dsun.zip.disableMemoryMapping=true -Dsun.java2d.pmoffscreen=false -XX:MaxPermSize=384m -XX:+HeapDumpOnOutOfMemoryError -XX:HeapDumpPath=/home/NotSimon/.netbeans/8.0.2/var/log/heapdump.hprof 
java_command: org.netbeans.Main --cachedir /home/NotSimon/.cache/netbeans/8.0.2 --userdir /home/NotSimon/.netbeans/8.0.2 --branding nb
Launcher Type: SUN_STANDARD

Environment Variables:
PATH=/usr/local/bin:/usr/bin:/bin:/usr/games
LD_LIBRARY_PATH=/usr/lib/jvm/java-7-openjdk-amd64/bin/../jre/lib/amd64:/usr/lib/jvm/java-7-openjdk-amd64/bin/../jre/lib/i386:
SHELL=/bin/bash
DISPLAY=:0

Signal Handlers:
SIGSEGV: [libjvm.so+0x995800], sa_mask[0]=0x7ffbfeff, sa_flags=0x10000004
SIGBUS: [libjvm.so+0x995800], sa_mask[0]=0x7ffbfeff, sa_flags=0x10000004
SIGFPE: [libjvm.so+0x7fca50], sa_mask[0]=0x7ffbfeff, sa_flags=0x10000004
SIGPIPE: SIG_IGN, sa_mask[0]=0x00001000, sa_flags=0x10000000
SIGXFSZ: [libjvm.so+0x7fca50], sa_mask[0]=0x7ffbfeff, sa_flags=0x10000004
SIGILL: [libjvm.so+0x7fca50], sa_mask[0]=0x7ffbfeff, sa_flags=0x10000004
SIGUSR1: SIG_DFL, sa_mask[0]=0x00000000, sa_flags=0x00000000
SIGUSR2: [libjvm.so+0x7fc8d0], sa_mask[0]=0x00000000, sa_flags=0x10000004
SIGHUP: [libjvm.so+0x7fca60], sa_mask[0]=0x7ffbfeff, sa_flags=0x10000004
SIGINT: SIG_IGN, sa_mask[0]=0x00000000, sa_flags=0x00000000
SIGTERM: [libjvm.so+0x7fca60], sa_mask[0]=0x7ffbfeff, sa_flags=0x10000004
SIGQUIT: [libjvm.so+0x7fca60], sa_mask[0]=0x7ffbfeff, sa_flags=0x10000004
SIGTRAP: SIG_DFL, sa_mask[0]=0x00000000, sa_flags=0x00000000


---------------  S Y S T E M  ---------------

OS:stretch/sid

uname:Linux 3.16.0-4-amd64 #1 SMP Debian 3.16.7-ckt11-1+deb8u3 (2015-08-04) x86_64
libc:glibc 2.19 NPTL 2.19 
rlimit: STACK 8192k, CORE 0k, NPROC 15717, NOFILE 65536, AS infinity
load average:1.01 0.30 0.14

/proc/meminfo:
MemTotal:        4043688 kB
MemFree:         2279272 kB
MemAvailable:    3114860 kB
Buffers:           56056 kB
Cached:           975192 kB
SwapCached:            0 kB
Active:          1073592 kB
Inactive:         551488 kB
Active(anon):     615560 kB
Inactive(anon):    24028 kB
Active(file):     458032 kB
Inactive(file):   527460 kB
Unevictable:          32 kB
Mlocked:              32 kB
SwapTotal:       8355836 kB
SwapFree:        8355836 kB
Dirty:              2392 kB
Writeback:             0 kB
AnonPages:        593956 kB
Mapped:           183908 kB
Shmem:             45676 kB
Slab:              61608 kB
SReclaimable:      38076 kB
SUnreclaim:        23532 kB
KernelStack:        4240 kB
PageTables:        15384 kB
NFS_Unstable:          0 kB
Bounce:                0 kB
WritebackTmp:          0 kB
CommitLimit:    10377680 kB
Committed_AS:    1832788 kB
VmallocTotal:   34359738367 kB
VmallocUsed:      116164 kB
VmallocChunk:   34359618556 kB
HardwareCorrupted:     0 kB
AnonHugePages:         0 kB
HugePages_Total:       0
HugePages_Free:        0
HugePages_Rsvd:        0
HugePages_Surp:        0
Hugepagesize:       2048 kB
DirectMap4k:      206548 kB
DirectMap2M:     3971072 kB


CPU:total 2 (2 cores per cpu, 1 threads per core) family 6 model 26 stepping 5, cmov, cx8, fxsr, mmx, sse, sse2, sse3, ssse3, sse4.1, sse4.2, popcnt, tsc, tscinvbit, tscinv

/proc/cpuinfo:
processor	: 0
vendor_id	: GenuineIntel
cpu family	: 6
model		: 26
model name	: Intel(R) Xeon(R) CPU           W3505  @ 2.53GHz
stepping	: 5
microcode	: 0xf
cpu MHz		: 2527.000
cache size	: 4096 KB
physical id	: 0
siblings	: 2
core id		: 0
cpu cores	: 2
apicid		: 0
initial apicid	: 0
fpu		: yes
fpu_exception	: yes
cpuid level	: 11
wp		: yes
flags		: fpu vme de pse tsc msr pae mce cx8 apic sep mtrr pge mca cmov pat pse36 clflush dts acpi mmx fxsr sse sse2 ss ht tm pbe syscall nx rdtscp lm constant_tsc arch_perfmon pebs bts rep_good nopl xtopology nonstop_tsc aperfmperf pni dtes64 monitor ds_cpl vmx est tm2 ssse3 cx16 xtpr pdcm dca sse4_1 sse4_2 popcnt lahf_lm dtherm tpr_shadow vnmi flexpriority ept vpid
bogomips	: 5066.97
clflush size	: 64
cache_alignment	: 64
address sizes	: 36 bits physical, 48 bits virtual
power management:

processor	: 1
vendor_id	: GenuineIntel
cpu family	: 6
model		: 26
model name	: Intel(R) Xeon(R) CPU           W3505  @ 2.53GHz
stepping	: 5
microcode	: 0xf
cpu MHz		: 1596.000
cache size	: 4096 KB
physical id	: 0
siblings	: 2
core id		: 2
cpu cores	: 2
apicid		: 4
initial apicid	: 4
fpu		: yes
fpu_exception	: yes
cpuid level	: 11
wp		: yes
flags		: fpu vme de pse tsc msr pae mce cx8 apic sep mtrr pge mca cmov pat pse36 clflush dts acpi mmx fxsr sse sse2 ss ht tm pbe syscall nx rdtscp lm constant_tsc arch_perfmon pebs bts rep_good nopl xtopology nonstop_tsc aperfmperf pni dtes64 monitor ds_cpl vmx est tm2 ssse3 cx16 xtpr pdcm dca sse4_1 sse4_2 popcnt lahf_lm dtherm tpr_shadow vnmi flexpriority ept vpid
bogomips	: 5066.97
clflush size	: 64
cache_alignment	: 64
address sizes	: 36 bits physical, 48 bits virtual
power management:



Memory: 4k page, physical 4043688k(2279272k free), swap 8355836k(8355836k free)

vm_info: OpenJDK 64-Bit Server VM (24.85-b03) for linux-amd64 JRE (1.7.0_85-b01), built on Sep  5 2015 23:29:12 by "buildd" with gcc 5.2.1 20150903

time: Thu Sep 17 07:08:09 2015
elapsed time: 20 seconds

