#
# A fatal error has been detected by the Java Runtime Environment:
#
#  SIGSEGV (0xb) at pc=0x00007fb619b5f823, pid=9137, tid=140418802816768
#
# JRE version: OpenJDK Runtime Environment (7.0_85-b01) (build 1.7.0_85-b01)
# Java VM: OpenJDK 64-Bit Server VM (24.85-b03 mixed mode linux-amd64 compressed oops)
# Derivative: IcedTea 2.6.1
# Distribution: Debian GNU/Linux buildd-unstable (sid), package 7u85-2.6.1-3
# Problematic frame:
# V  [libjvm.so+0x2f2823]  BiasedLocking::revoke_and_rebias(Handle, bool, Thread*)+0x33
#
# Failed to write core dump. Core dumps have been disabled. To enable core dumping, try "ulimit -c unlimited" before starting Java again
#
# If you would like to submit a bug report, please include
# instructions on how to reproduce the bug and visit:
#   http://icedtea.classpath.org/bugzilla
#

---------------  T H R E A D  ---------------

Current thread (0x00007fb5f00af000):  JavaThread "Thread-1" [_thread_in_vm, id=9161, stack(0x00007fb5cc5c9000,0x00007fb5ccdca000)]

siginfo:si_signo=SIGSEGV: si_errno=0, si_code=1 (SEGV_MAPERR), si_addr=0x0000000000000001

Registers:
RAX=0x00007fb61a6532c8, RBX=0x0000000000000000, RCX=0x00007fb5ec0d52e0, RDX=0x00007fb5f00af000
RSP=0x00007fb5ccdc8c80, RBP=0x00007fb5ccdc8d30, RSI=0x0000000000000000, RDI=0x00007fb5ec0d52e0
R8 =0x0000000000000000, R9 =0xffffffff00000000, R10=0x0000000000000001, R11=0x0000000000000246
R12=0x00007fb5ec0d52e0, R13=0x00007fb5f00af000, R14=0x000000007fffffff, R15=0x00007fb5d8e4dcb0
RIP=0x00007fb619b5f823, EFLAGS=0x0000000000010246, CSGSFS=0x0000000000000033, ERR=0x0000000000000004
  TRAPNO=0x000000000000000e

Top of Stack: (sp=0x00007fb5ccdc8c80)
0x00007fb5ccdc8c80:   00007fb6001bc2b8 00007fb614164850
0x00007fb5ccdc8c90:   00007fb5ec0d52e0 0ed925747375d000
0x00007fb5ccdc8ca0:   00007fb5f00af1d8 0000000000000001
0x00007fb5ccdc8cb0:   000000000000000b 00007fb5c80a81b0
0x00007fb5ccdc8cc0:   00007fb5e4010790 0ed925747375d000
0x00007fb5ccdc8cd0:   00007fb5ccdc8e00 00007fb5c80f91a0
0x00007fb5ccdc8ce0:   00007fb5ccdc8e30 0ed925747375d000
0x00007fb5ccdc8cf0:   0000000000000000 0ed925747375d000
0x00007fb5ccdc8d00:   00007fb5ccdc8e30 00007fb5f00af000
0x00007fb5ccdc8d10:   00007fb5ec0d52e0 0000000000000000
0x00007fb5ccdc8d20:   000000007fffffff 00007fb5d8e4dcb0
0x00007fb5ccdc8d30:   00007fb5ccdc8d50 00007fb61a174aba
0x00007fb5ccdc8d40:   00007fb5f00af000 00007fb5f00af1d8
0x00007fb5ccdc8d50:   00007fb5ccdc8db0 00007fb619e85353
0x00007fb5ccdc8d60:   00007fb5f00af000 0000000000000000
0x00007fb5ccdc8d70:   00007fb5ccdc8db0 00007fb5d993c6ca
0x00007fb5ccdc8d80:   0000000000000000 0ed925747375d000
0x00007fb5ccdc8d90:   0000000000000000 00007fb5ccdc8e24
0x00007fb5ccdc8da0:   00007fb5ccdc8e28 0000000000000000
0x00007fb5ccdc8db0:   00007fb5ccdc8dd0 00007fb5d9938901
0x00007fb5ccdc8dc0:   0000000000000001 00007fb5f00af1d8
0x00007fb5ccdc8dd0:   00007fb5e4123030 00007fb5d8e4dcce
0x00007fb5ccdc8de0:   00007fb5c80fa280 00007fb5c80fa280
0x00007fb5ccdc8df0:   00007fb5ccdc8e30 00007fb6001fe3fd
0x00007fb5ccdc8e00:   0000000000000001 00000000001fea2a
0x00007fb5ccdc8e10:   00007fb5ccdc8e24 00007fb5ccdc8eb0
0x00007fb5ccdc8e20:   ffffffff00000000 00007fb5e4132550
0x00007fb5ccdc8e30:   00007fb5c80fa280 00007fb500000001
0x00007fb5ccdc8e40:   00007fb5c81012e0 00007fb5e4132550
0x00007fb5ccdc8e50:   00007fb61b4b1060 0ed925747375d000
0x00007fb5ccdc8e60:   0000000000000000 00007fb5c80fa280
0x00007fb5ccdc8e70:   0000000000000001 00007fb5f00561e0 

Instructions: (pc=0x00007fb619b5f823)
0x00007fb619b5f803:   48 81 ec 88 00 00 00 48 89 bd 60 ff ff ff 4c 8b
0x00007fb619b5f813:   17 64 48 8b 1c 25 28 00 00 00 48 89 5d c8 31 db
0x00007fb619b5f823:   49 8b 1a 49 89 d9 41 83 e1 07 49 83 f9 05 74 3d
0x00007fb619b5f833:   48 8b 09 b8 01 00 00 00 48 8b 11 83 e2 07 48 83 

Register to memory mapping:

RAX=0x00007fb61a6532c8: <offset 0xde62c8> in /usr/lib/jvm/java-7-openjdk-amd64/jre/lib/amd64/server/libjvm.so at 0x00007fb61986d000
RBX=0x0000000000000000 is an unknown value
RCX=0x00007fb5ec0d52e0 is an unknown value
RDX=0x00007fb5f00af000 is a thread
RSP=0x00007fb5ccdc8c80 is pointing into the stack for thread: 0x00007fb5f00af000
RBP=0x00007fb5ccdc8d30 is pointing into the stack for thread: 0x00007fb5f00af000
RSI=0x0000000000000000 is an unknown value
RDI=0x00007fb5ec0d52e0 is an unknown value
R8 =0x0000000000000000 is an unknown value
R9 =0xffffffff00000000 is an unknown value
R10=0x0000000000000001 is an unknown value
R11=0x0000000000000246 is an unknown value
R12=0x00007fb5ec0d52e0 is an unknown value
R13=0x00007fb5f00af000 is a thread
R14=0x000000007fffffff is an unknown value
R15=0x00007fb5d8e4dcb0: <offset 0x57cb0> in /usr/lib/x86_64-linux-gnu/libgdk-x11-2.0.so.0 at 0x00007fb5d8df6000


Stack: [0x00007fb5cc5c9000,0x00007fb5ccdca000],  sp=0x00007fb5ccdc8c80,  free space=8191k
Native frames: (J=compiled Java code, j=interpreted, Vv=VM code, C=native code)
V  [libjvm.so+0x2f2823]  BiasedLocking::revoke_and_rebias(Handle, bool, Thread*)+0x33
V  [libjvm.so+0x907aba]  ObjectSynchronizer::jni_enter(Handle, Thread*)+0x5a
V  [libjvm.so+0x618353]  jni_MonitorEnter+0xc3
C  [libatk-wrapper.so+0x4901]  jni_threads_lock+0x32


---------------  P R O C E S S  ---------------

Java Threads: ( => current thread )
  0x00007fb6143ef800 JavaThread "File Watcher" daemon [_thread_in_native, id=9178, stack(0x00007fb5c6de4000,0x00007fb5c6fe5000)]
  0x00007fb5c8fda800 JavaThread "Inactive RequestProcessor thread [Was:On Start/Stop/org.netbeans.modules.masterfs.Installer]" daemon [_thread_blocked, id=9177, stack(0x00007fb5c71f9000,0x00007fb5c73fa000)]
  0x00007fb5c8fda000 JavaThread "On Start/Stop" daemon [_thread_blocked, id=9176, stack(0x00007fb5c73fa000,0x00007fb5c75fb000)]
  0x00007fb5c858a800 JavaThread "Inactive RequestProcessor thread [Was:On Start/Stop/org.netbeans.core.execution.Install]" daemon [_thread_blocked, id=9175, stack(0x00007fb5c75fb000,0x00007fb5c77fc000)]
  0x0000000001b38000 JavaThread "Folder recognizer" daemon [_thread_blocked, id=9174, stack(0x00007fb5c77fc000,0x00007fb5c79fd000)]
  0x00007fb5c9705000 JavaThread "Bundle File Closer" daemon [_thread_blocked, id=9169, stack(0x00007fb5c79fd000,0x00007fb5c7bfe000)]
  0x00007fb5c92e2800 JavaThread "Framework Event Dispatcher" daemon [_thread_blocked, id=9168, stack(0x00007fb5c7bfe000,0x00007fb5c7dff000)]
  0x00007fb5c9135800 JavaThread "State Saver" [_thread_blocked, id=9167, stack(0x00007fb5c7dff000,0x00007fb5c8000000)]
  0x00007fb5c8ddb000 JavaThread "Framework Active Thread" [_thread_blocked, id=9166, stack(0x00007fb5cc173000,0x00007fb5cc374000)]
=>0x00007fb5f00af000 JavaThread "Thread-1" [_thread_in_vm, id=9161, stack(0x00007fb5cc5c9000,0x00007fb5ccdca000)]
  0x00007fb5c80c1800 JavaThread "AWT-EventQueue-1" [_thread_in_vm, id=9160, stack(0x00007fb5cd43a000,0x00007fb5cd63b000)]
  0x00007fb5c80b9800 JavaThread "AWT-EventQueue-0" [_thread_blocked, id=9159, stack(0x00007fb5cd63b000,0x00007fb5cd83c000)]
  0x00007fb5c80b8000 JavaThread "AWT-Shutdown" [_thread_blocked, id=9158, stack(0x00007fb5cd83c000,0x00007fb5cda3d000)]
  0x00007fb5c8096800 JavaThread "process reaper" daemon [_thread_blocked, id=9157, stack(0x00007fb61000e000,0x00007fb610047000)]
  0x00007fb5c808f000 JavaThread "AWT-XAWT" daemon [_thread_in_native, id=9155, stack(0x00007fb5d9b4e000,0x00007fb5d9d4f000)]
  0x00007fb5c8071000 JavaThread "Java2D Disposer" daemon [_thread_blocked, id=9154, stack(0x00007fb5da160000,0x00007fb5da361000)]
  0x00007fb5c8026800 JavaThread "RequestProcessor queue manager" daemon [_thread_blocked, id=9153, stack(0x00007fb5da361000,0x00007fb5da562000)]
  0x00007fb61421a000 JavaThread "main" [_thread_in_Java, id=9152, stack(0x00007fb5da562000,0x00007fb5da763000)]
  0x00007fb614213000 JavaThread "Netigso Events" daemon [_thread_blocked, id=9151, stack(0x00007fb5da763000,0x00007fb5da964000)]
  0x00007fb6141df000 JavaThread "CLI Requests Server" daemon [_thread_in_native, id=9150, stack(0x00007fb5e2e46000,0x00007fb5e3047000)]
  0x00007fb6141bc800 JavaThread "Active Reference Queue Daemon" daemon [_thread_blocked, id=9149, stack(0x00007fb5e3047000,0x00007fb5e3248000)]
  0x00007fb6140a9800 JavaThread "Service Thread" daemon [_thread_blocked, id=9147, stack(0x00007fb600fc1000,0x00007fb6011c2000)]
  0x00007fb6140a7000 JavaThread "C2 CompilerThread1" daemon [_thread_blocked, id=9146, stack(0x00007fb6011c2000,0x00007fb6012c3000)]
  0x00007fb6140a4800 JavaThread "C2 CompilerThread0" daemon [_thread_in_native, id=9145, stack(0x00007fb6012c3000,0x00007fb6013c4000)]
  0x00007fb6140a2000 JavaThread "Signal Dispatcher" daemon [_thread_blocked, id=9144, stack(0x00007fb6013c4000,0x00007fb6015c5000)]
  0x00007fb614077000 JavaThread "Finalizer" daemon [_thread_blocked, id=9143, stack(0x00007fb60174e000,0x00007fb60194f000)]
  0x00007fb614075000 JavaThread "Reference Handler" daemon [_thread_blocked, id=9142, stack(0x00007fb60194f000,0x00007fb601b50000)]
  0x00007fb614009800 JavaThread "main" [_thread_blocked, id=9138, stack(0x00007fb618dda000,0x00007fb618fdb000)]

Other Threads:
  0x00007fb614070800 VMThread [stack: 0x00007fb61007c000,0x00007fb61017d000] [id=9141]
  0x00007fb6140b4800 WatcherThread [stack: 0x00007fb600ec0000,0x00007fb600fc1000] [id=9148]

VM state:not at safepoint (normal execution)

VM Mutex/Monitor currently owned by a thread: None

Heap
 PSYoungGen      total 56320K, used 3699K [0x00000000ef880000, 0x00000000f3580000, 0x0000000100000000)
  eden space 51200K, 5% used [0x00000000ef880000,0x00000000efb31220,0x00000000f2a80000)
  from space 5120K, 18% used [0x00000000f3080000,0x00000000f316bd50,0x00000000f3580000)
  to   space 5632K, 0% used [0x00000000f2a80000,0x00000000f2a80000,0x00000000f3000000)
 ParOldGen       total 38400K, used 29633K [0x00000000cea00000, 0x00000000d0f80000, 0x00000000ef880000)
  object space 38400K, 77% used [0x00000000cea00000,0x00000000d06f0698,0x00000000d0f80000)
 PSPermGen       total 40448K, used 22968K [0x00000000b6a00000, 0x00000000b9180000, 0x00000000cea00000)
  object space 40448K, 56% used [0x00000000b6a00000,0x00000000b806e308,0x00000000b9180000)

Card table byte_map: [0x00007fb61833e000,0x00007fb61858a000] byte_map_base: 0x00007fb617d89000

Polling page: 0x00007fb61b4ad000

Code Cache  [0x00007fb611000000, 0x00007fb611310000, 0x00007fb614000000)
 total_blobs=1228 nmethods=714 adapters=467 free_code_cache=46170Kb largest_free_block=47183680

Compilation events (10 events):
Event: 19.909 Thread 0x00007fb6140a4800 nmethod 795% 0x00007fb6111dff90 code [0x00007fb6111e00e0, 0x00007fb6111e0358]
Event: 19.912 Thread 0x00007fb6140a4800  796             java.lang.String::equals (81 bytes)
Event: 19.915 Thread 0x00007fb6140a4800 nmethod 796 0x00007fb6111dfb10 code [0x00007fb6111dfc60, 0x00007fb6111dfe78]
Event: 19.944 Thread 0x00007fb6140a7000 

Event: 19.944 Thread 0x00007fb6140a7000  797             java.util.IdentityHashMap$IdentityHashMapIterator::hasNext (50 bytes)
Event: 19.946 Thread 0x00007fb6140a4800  798   !         org.openide.filesystems.AbstractFolder::find (79 bytes)
Event: 19.946 Thread 0x00007fb6140a7000 nmethod 797 0x00007fb6111df750 code [0x00007fb6111df8a0, 0x00007fb6111dfa38]
Event: 19.968 Thread 0x00007fb6140a7000  799             java.util.AbstractCollection::addAll (42 bytes)
Event: 19.971 Thread 0x00007fb6140a7000 nmethod 799 0x00007fb6112e5e10 code [0x00007fb6112e5fc0, 0x00007fb6112e6278]
Event: 19.991 Thread 0x00007fb6140a7000  800  s          org.netbeans.ProxyClassLoader::getResourcesImpl (314 bytes)

GC Heap History (10 events):
Event: 17.523 GC heap before
{Heap before GC invocations=25 (full 1):
 PSYoungGen      total 29696K, used 27929K [0x00000000ef880000, 0x00000000f2a00000, 0x0000000100000000)
  eden space 26624K, 100% used [0x00000000ef880000,0x00000000f1280000,0x00000000f1280000)
  from space 3072K, 42% used [0x00000000f1280000,0x00000000f13c67a0,0x00000000f1580000)
  to   space 6656K, 0% used [0x00000000f2380000,0x00000000f2380000,0x00000000f2a00000)
 ParOldGen       total 38400K, used 21849K [0x00000000cea00000, 0x00000000d0f80000, 0x00000000ef880000)
  object space 38400K, 56% used [0x00000000cea00000,0x00000000cff56420,0x00000000d0f80000)
 PSPermGen       total 40448K, used 20110K [0x00000000b6a00000, 0x00000000b9180000, 0x00000000cea00000)
  object space 40448K, 49% used [0x00000000b6a00000,0x00000000b7da3818,0x00000000b9180000)
Event: 17.540 GC heap after
Heap after GC invocations=25 (full 1):
 PSYoungGen      total 38400K, used 3616K [0x00000000ef880000, 0x00000000f2780000, 0x0000000100000000)
  eden space 34304K, 0% used [0x00000000ef880000,0x00000000ef880000,0x00000000f1a00000)
  from space 4096K, 88% used [0x00000000f2380000,0x00000000f2708020,0x00000000f2780000)
  to   space 6656K, 0% used [0x00000000f1a80000,0x00000000f1a80000,0x00000000f2100000)
 ParOldGen       total 38400K, used 22848K [0x00000000cea00000, 0x00000000d0f80000, 0x00000000ef880000)
  object space 38400K, 59% used [0x00000000cea00000,0x00000000d00500b0,0x00000000d0f80000)
 PSPermGen       total 40448K, used 20110K [0x00000000b6a00000, 0x00000000b9180000, 0x00000000cea00000)
  object space 40448K, 49% used [0x00000000b6a00000,0x00000000b7da3818,0x00000000b9180000)
}
Event: 17.747 GC heap before
{Heap before GC invocations=26 (full 1):
 PSYoungGen      total 38400K, used 37292K [0x00000000ef880000, 0x00000000f2780000, 0x0000000100000000)
  eden space 34304K, 98% used [0x00000000ef880000,0x00000000f19630b0,0x00000000f1a00000)
  from space 4096K, 88% used [0x00000000f2380000,0x00000000f2708020,0x00000000f2780000)
  to   space 6656K, 0% used [0x00000000f1a80000,0x00000000f1a80000,0x00000000f2100000)
 ParOldGen       total 38400K, used 22848K [0x00000000cea00000, 0x00000000d0f80000, 0x00000000ef880000)
  object space 38400K, 59% used [0x00000000cea00000,0x00000000d00500b0,0x00000000d0f80000)
 PSPermGen       total 40448K, used 20124K [0x00000000b6a00000, 0x00000000b9180000, 0x00000000cea00000)
  object space 40448K, 49% used [0x00000000b6a00000,0x00000000b7da7120,0x00000000b9180000)
Event: 17.755 GC heap after
Heap after GC invocations=26 (full 1):
 PSYoungGen      total 41472K, used 2267K [0x00000000ef880000, 0x00000000f2e00000, 0x0000000100000000)
  eden space 34816K, 0% used [0x00000000ef880000,0x00000000ef880000,0x00000000f1a80000)
  from space 6656K, 34% used [0x00000000f1a80000,0x00000000f1cb6ca0,0x00000000f2100000)
  to   space 6144K, 0% used [0x00000000f2800000,0x00000000f2800000,0x00000000f2e00000)
 ParOldGen       total 38400K, used 26408K [0x00000000cea00000, 0x00000000d0f80000, 0x00000000ef880000)
  object space 38400K, 68% used [0x00000000cea00000,0x00000000d03ca0d0,0x00000000d0f80000)
 PSPermGen       total 40448K, used 20124K [0x00000000b6a00000, 0x00000000b9180000, 0x00000000cea00000)
  object space 40448K, 49% used [0x00000000b6a00000,0x00000000b7da7120,0x00000000b9180000)
}
Event: 17.832 GC heap before
{Heap before GC invocations=27 (full 1):
 PSYoungGen      total 41472K, used 37083K [0x00000000ef880000, 0x00000000f2e00000, 0x0000000100000000)
  eden space 34816K, 100% used [0x00000000ef880000,0x00000000f1a80000,0x00000000f1a80000)
  from space 6656K, 34% used [0x00000000f1a80000,0x00000000f1cb6ca0,0x00000000f2100000)
  to   space 6144K, 0% used [0x00000000f2800000,0x00000000f2800000,0x00000000f2e00000)
 ParOldGen       total 38400K, used 26408K [0x00000000cea00000, 0x00000000d0f80000, 0x00000000ef880000)
  object space 38400K, 68% used [0x00000000cea00000,0x00000000d03ca0d0,0x00000000d0f80000)
 PSPermGen       total 40448K, used 20132K [0x00000000b6a00000, 0x00000000b9180000, 0x00000000cea00000)
  object space 40448K, 49% used [0x00000000b6a00000,0x00000000b7da91d8,0x00000000b9180000)
Event: 17.835 GC heap after
Heap after GC invocations=27 (full 1):
 PSYoungGen      total 48640K, used 1174K [0x00000000ef880000, 0x00000000f2e80000, 0x0000000100000000)
  eden space 42496K, 0% used [0x00000000ef880000,0x00000000ef880000,0x00000000f2200000)
  from space 6144K, 19% used [0x00000000f2800000,0x00000000f29258e8,0x00000000f2e00000)
  to   space 6144K, 0% used [0x00000000f2200000,0x00000000f2200000,0x00000000f2800000)
 ParOldGen       total 38400K, used 27024K [0x00000000cea00000, 0x00000000d0f80000, 0x00000000ef880000)
  object space 38400K, 70% used [0x00000000cea00000,0x00000000d04640e0,0x00000000d0f80000)
 PSPermGen       total 40448K, used 20132K [0x00000000b6a00000, 0x00000000b9180000, 0x00000000cea00000)
  object space 40448K, 49% used [0x00000000b6a00000,0x00000000b7da91d8,0x00000000b9180000)
}
Event: 19.382 GC heap before
{Heap before GC invocations=28 (full 1):
 PSYoungGen      total 48640K, used 43670K [0x00000000ef880000, 0x00000000f2e80000, 0x0000000100000000)
  eden space 42496K, 100% used [0x00000000ef880000,0x00000000f2200000,0x00000000f2200000)
  from space 6144K, 19% used [0x00000000f2800000,0x00000000f29258e8,0x00000000f2e00000)
  to   space 6144K, 0% used [0x00000000f2200000,0x00000000f2200000,0x00000000f2800000)
 ParOldGen       total 38400K, used 27024K [0x00000000cea00000, 0x00000000d0f80000, 0x00000000ef880000)
  object space 38400K, 70% used [0x00000000cea00000,0x00000000d04640e0,0x00000000d0f80000)
 PSPermGen       total 40448K, used 20252K [0x00000000b6a00000, 0x00000000b9180000, 0x00000000cea00000)
  object space 40448K, 50% used [0x00000000b6a00000,0x00000000b7dc70e8,0x00000000b9180000)
Event: 19.388 GC heap after
Heap after GC invocations=28 (full 1):
 PSYoungGen      total 48640K, used 1651K [0x00000000ef880000, 0x00000000f3600000, 0x0000000100000000)
  eden space 42496K, 0% used [0x00000000ef880000,0x00000000ef880000,0x00000000f2200000)
  from space 6144K, 26% used [0x00000000f2200000,0x00000000f239ccc0,0x00000000f2800000)
  to   space 5632K, 0% used [0x00000000f3080000,0x00000000f3080000,0x00000000f3600000)
 ParOldGen       total 38400K, used 28166K [0x00000000cea00000, 0x00000000d0f80000, 0x00000000ef880000)
  object space 38400K, 73% used [0x00000000cea00000,0x00000000d05819c8,0x00000000d0f80000)
 PSPermGen       total 40448K, used 20252K [0x00000000b6a00000, 0x00000000b9180000, 0x00000000cea00000)
  object space 40448K, 50% used [0x00000000b6a00000,0x00000000b7dc70e8,0x00000000b9180000)
}
Event: 20.050 GC heap before
{Heap before GC invocations=29 (full 1):
 PSYoungGen      total 48640K, used 44147K [0x00000000ef880000, 0x00000000f3600000, 0x0000000100000000)
  eden space 42496K, 100% used [0x00000000ef880000,0x00000000f2200000,0x00000000f2200000)
  from space 6144K, 26% used [0x00000000f2200000,0x00000000f239ccc0,0x00000000f2800000)
  to   space 5632K, 0% used [0x00000000f3080000,0x00000000f3080000,0x00000000f3600000)
 ParOldGen       total 38400K, used 28166K [0x00000000cea00000, 0x00000000d0f80000, 0x00000000ef880000)
  object space 38400K, 73% used [0x00000000cea00000,0x00000000d05819c8,0x00000000d0f80000)
 PSPermGen       total 40448K, used 22466K [0x00000000b6a00000, 0x00000000b9180000, 0x00000000cea00000)
  object space 40448K, 55% used [0x00000000b6a00000,0x00000000b7ff0b08,0x00000000b9180000)
Event: 20.056 GC heap after
Heap after GC invocations=29 (full 1):
 PSYoungGen      total 56320K, used 943K [0x00000000ef880000, 0x00000000f3580000, 0x0000000100000000)
  eden space 51200K, 0% used [0x00000000ef880000,0x00000000ef880000,0x00000000f2a80000)
  from space 5120K, 18% used [0x00000000f3080000,0x00000000f316bd50,0x00000000f3580000)
  to   space 5632K, 0% used [0x00000000f2a80000,0x00000000f2a80000,0x00000000f3000000)
 ParOldGen       total 38400K, used 29633K [0x00000000cea00000, 0x00000000d0f80000, 0x00000000ef880000)
  object space 38400K, 77% used [0x00000000cea00000,0x00000000d06f0698,0x00000000d0f80000)
 PSPermGen       total 40448K, used 22466K [0x00000000b6a00000, 0x00000000b9180000, 0x00000000cea00000)
  object space 40448K, 55% used [0x00000000b6a00000,0x00000000b7ff0b08,0x00000000b9180000)
}

Deoptimization events (10 events):
Event: 19.721 Thread 0x00007fb5c8fda800 Uncommon trap: reason=class_check action=maybe_recompile pc=0x00007fb611067e1c method=java.lang.String.equals(Ljava/lang/Object;)Z @ 8
Event: 19.721 Thread 0x00007fb5c8fda800 Uncommon trap: reason=class_check action=maybe_recompile pc=0x00007fb611067e1c method=java.lang.String.equals(Ljava/lang/Object;)Z @ 8
Event: 19.721 Thread 0x00007fb5c8fda800 Uncommon trap: reason=class_check action=maybe_recompile pc=0x00007fb611067e1c method=java.lang.String.equals(Ljava/lang/Object;)Z @ 8
Event: 19.849 Thread 0x00007fb5c8fda000 Uncommon trap: reason=null_check action=make_not_entrant pc=0x00007fb6112a68e0 method=org.openide.filesystems.FileSystem.getEventControl()Lorg/openide/filesystems/EventControl; @ 6
Event: 19.882 Thread 0x00007fb61421a000 Uncommon trap: reason=class_check action=maybe_recompile pc=0x00007fb611067e1c method=java.lang.String.equals(Ljava/lang/Object;)Z @ 8
Event: 19.945 Thread 0x00007fb5c8fda000 Uncommon trap: reason=class_check action=maybe_recompile pc=0x00007fb6112aacd0 method=org.openide.filesystems.MultiFileSystem.writableLayer(Ljava/lang/String;)Lorg/openide/filesystems/FileSystem; @ 36
Event: 20.033 Thread 0x0000000001b38000 Uncommon trap: reason=class_check action=maybe_recompile pc=0x00007fb6111a76f0 method=org.openide.util.Enumerations$QEn.nextElement()Ljava/lang/Object; @ 58
Event: 20.033 Thread 0x0000000001b38000 Uncommon trap: reason=class_check action=maybe_recompile pc=0x00007fb6111a76f0 method=org.openide.util.Enumerations$QEn.nextElement()Ljava/lang/Object; @ 58
Event: 20.034 Thread 0x0000000001b38000 Uncommon trap: reason=class_check action=maybe_recompile pc=0x00007fb6111a76f0 method=org.openide.util.Enumerations$QEn.nextElement()Ljava/lang/Object; @ 58
Event: 20.035 Thread 0x0000000001b38000 Uncommon trap: reason=class_check action=maybe_recompile pc=0x00007fb6111a76f0 method=org.openide.util.Enumerations$QEn.nextElement()Ljava/lang/Object; @ 58

Internal exceptions (10 events):
Event: 19.906 Thread 0x0000000001b38000 Threw 0x00000000f2042508 at /build/openjdk-7-1Vhfz6/openjdk-7-7u85-2.6.1/build/openjdk/hotspot/src/share/vm/prims/jvm.cpp:1322
Event: 19.906 Thread 0x0000000001b38000 Threw 0x00000000f2043230 at /build/openjdk-7-1Vhfz6/openjdk-7-7u85-2.6.1/build/openjdk/hotspot/src/share/vm/prims/jvm.cpp:1322
Event: 19.976 Thread 0x00007fb61421a000 Threw 0x00000000f1f26e68 at /build/openjdk-7-1Vhfz6/openjdk-7-7u85-2.6.1/build/openjdk/hotspot/src/share/vm/prims/jvm.cpp:1322
Event: 19.976 Thread 0x00007fb61421a000 Threw 0x00000000f1f27c50 at /build/openjdk-7-1Vhfz6/openjdk-7-7u85-2.6.1/build/openjdk/hotspot/src/share/vm/prims/jvm.cpp:1322
Event: 19.998 Thread 0x00007fb61421a000 Threw 0x00000000f1f44f50 at /build/openjdk-7-1Vhfz6/openjdk-7-7u85-2.6.1/build/openjdk/hotspot/src/share/vm/prims/jvm.cpp:1322
Event: 19.998 Thread 0x00007fb61421a000 Threw 0x00000000f1f45f20 at /build/openjdk-7-1Vhfz6/openjdk-7-7u85-2.6.1/build/openjdk/hotspot/src/share/vm/prims/jvm.cpp:1322
Event: 20.027 Thread 0x00007fb61421a000 Threw 0x00000000f1f59990 at /build/openjdk-7-1Vhfz6/openjdk-7-7u85-2.6.1/build/openjdk/hotspot/src/share/vm/prims/jvm.cpp:1322
Event: 20.027 Thread 0x00007fb61421a000 Threw 0x00000000f1f5a818 at /build/openjdk-7-1Vhfz6/openjdk-7-7u85-2.6.1/build/openjdk/hotspot/src/share/vm/prims/jvm.cpp:1322
Event: 20.030 Thread 0x00007fb61421a000 Threw 0x00000000f1f5e8e0 at /build/openjdk-7-1Vhfz6/openjdk-7-7u85-2.6.1/build/openjdk/hotspot/src/share/vm/prims/jvm.cpp:1322
Event: 20.030 Thread 0x00007fb61421a000 Threw 0x00000000f1f5f6c8 at /build/openjdk-7-1Vhfz6/openjdk-7-7u85-2.6.1/build/openjdk/hotspot/src/share/vm/prims/jvm.cpp:1322

Events (10 events):
Event: 20.042 loading class 0x00007fb5f0115130
Event: 20.042 loading class 0x00007fb5f0115130 done
Event: 20.050 Executing VM operation: ParallelGCFailedAllocation
Event: 20.056 Executing VM operation: ParallelGCFailedAllocation done
Event: 20.057 Executing VM operation: RevokeBias
Event: 20.061 Executing VM operation: RevokeBias done
Event: 20.064 Executing VM operation: RevokeBias
Event: 20.064 Executing VM operation: RevokeBias done
Event: 20.064 Executing VM operation: RevokeBias
Event: 20.065 Executing VM operation: RevokeBias done


Dynamic libraries:
00400000-00401000 r-xp 00000000 fe:01 27270572                           /usr/lib/jvm/java-7-openjdk-amd64/jre/bin/java
00600000-00601000 r--p 00000000 fe:01 27270572                           /usr/lib/jvm/java-7-openjdk-amd64/jre/bin/java
00601000-00602000 rw-p 00001000 fe:01 27270572                           /usr/lib/jvm/java-7-openjdk-amd64/jre/bin/java
01b22000-01b64000 rw-p 00000000 00:00 0                                  [heap]
b6a00000-b9180000 rw-p 00000000 00:00 0 
b9180000-cea00000 rw-p 00000000 00:00 0 
cea00000-d0f80000 rw-p 00000000 00:00 0 
d0f80000-ef880000 rw-p 00000000 00:00 0 
ef880000-f3580000 rw-p 00000000 00:00 0 
f3580000-f3600000 ---p 00000000 00:00 0 
f3600000-100000000 rw-p 00000000 00:00 0 
7fb5c617e000-7fb5c6181000 r-xp 00000000 fe:01 25431237                   /usr/lib/x86_64-linux-gnu/gtk-2.0/2.10.0/engines/libadwaita.so
7fb5c6181000-7fb5c6380000 ---p 00003000 fe:01 25431237                   /usr/lib/x86_64-linux-gnu/gtk-2.0/2.10.0/engines/libadwaita.so
7fb5c6380000-7fb5c6381000 r--p 00002000 fe:01 25431237                   /usr/lib/x86_64-linux-gnu/gtk-2.0/2.10.0/engines/libadwaita.so
7fb5c6381000-7fb5c6382000 rw-p 00003000 fe:01 25431237                   /usr/lib/x86_64-linux-gnu/gtk-2.0/2.10.0/engines/libadwaita.so
7fb5c6382000-7fb5c638c000 r-xp 00000000 fe:01 25431912                   /usr/lib/x86_64-linux-gnu/gtk-2.0/2.10.0/engines/libpixmap.so
7fb5c638c000-7fb5c658b000 ---p 0000a000 fe:01 25431912                   /usr/lib/x86_64-linux-gnu/gtk-2.0/2.10.0/engines/libpixmap.so
7fb5c658b000-7fb5c658d000 r--p 00009000 fe:01 25431912                   /usr/lib/x86_64-linux-gnu/gtk-2.0/2.10.0/engines/libpixmap.so
7fb5c658d000-7fb5c658e000 rw-p 0000b000 fe:01 25431912                   /usr/lib/x86_64-linux-gnu/gtk-2.0/2.10.0/engines/libpixmap.so
7fb5c658e000-7fb5c69ca000 r-xp 00000000 fe:01 25173387                   /usr/lib/x86_64-linux-gnu/libgtk-x11-2.0.so.0.2400.28
7fb5c69ca000-7fb5c6bca000 ---p 0043c000 fe:01 25173387                   /usr/lib/x86_64-linux-gnu/libgtk-x11-2.0.so.0.2400.28
7fb5c6bca000-7fb5c6bd1000 r--p 0043c000 fe:01 25173387                   /usr/lib/x86_64-linux-gnu/libgtk-x11-2.0.so.0.2400.28
7fb5c6bd1000-7fb5c6bd5000 rw-p 00443000 fe:01 25173387                   /usr/lib/x86_64-linux-gnu/libgtk-x11-2.0.so.0.2400.28
7fb5c6bd5000-7fb5c6bd8000 rw-p 00000000 00:00 0 
7fb5c6bd8000-7fb5c6be3000 r-xp 00000000 fe:01 28051288                   /usr/lib/jvm/java-7-openjdk-amd64/jre/lib/amd64/libjavagtk.so
7fb5c6be3000-7fb5c6de2000 ---p 0000b000 fe:01 28051288                   /usr/lib/jvm/java-7-openjdk-amd64/jre/lib/amd64/libjavagtk.so
7fb5c6de2000-7fb5c6de3000 r--p 0000a000 fe:01 28051288                   /usr/lib/jvm/java-7-openjdk-amd64/jre/lib/amd64/libjavagtk.so
7fb5c6de3000-7fb5c6de4000 rw-p 0000b000 fe:01 28051288                   /usr/lib/jvm/java-7-openjdk-amd64/jre/lib/amd64/libjavagtk.so
7fb5c6de4000-7fb5c6de7000 ---p 00000000 00:00 0 
7fb5c6de7000-7fb5c6fe5000 rw-p 00000000 00:00 0                          [stack:9178]
7fb5c6fe5000-7fb5c6ff8000 r-xp 00000000 fe:01 28319713                   /usr/lib/x86_64-linux-gnu/jni/libjnidispatch.so
7fb5c6ff8000-7fb5c71f7000 ---p 00013000 fe:01 28319713                   /usr/lib/x86_64-linux-gnu/jni/libjnidispatch.so
7fb5c71f7000-7fb5c71f8000 r--p 00012000 fe:01 28319713                   /usr/lib/x86_64-linux-gnu/jni/libjnidispatch.so
7fb5c71f8000-7fb5c71f9000 rw-p 00013000 fe:01 28319713                   /usr/lib/x86_64-linux-gnu/jni/libjnidispatch.so
7fb5c71f9000-7fb5c71fc000 ---p 00000000 00:00 0 
7fb5c71fc000-7fb5c73fa000 rw-p 00000000 00:00 0                          [stack:9177]
7fb5c73fa000-7fb5c73fd000 ---p 00000000 00:00 0 
7fb5c73fd000-7fb5c75fb000 rw-p 00000000 00:00 0                          [stack:9176]
7fb5c75fb000-7fb5c75fe000 ---p 00000000 00:00 0 
7fb5c75fe000-7fb5c77fc000 rw-p 00000000 00:00 0                          [stack:9175]
7fb5c77fc000-7fb5c77ff000 ---p 00000000 00:00 0 
7fb5c77ff000-7fb5c79fd000 rw-p 00000000 00:00 0                          [stack:9174]
7fb5c79fd000-7fb5c7a00000 ---p 00000000 00:00 0 
7fb5c7a00000-7fb5c7bfe000 rw-p 00000000 00:00 0                          [stack:9169]
7fb5c7bfe000-7fb5c7c01000 ---p 00000000 00:00 0 
7fb5c7c01000-7fb5c7dff000 rw-p 00000000 00:00 0                          [stack:9168]
7fb5c7dff000-7fb5c7e02000 ---p 00000000 00:00 0 
7fb5c7e02000-7fb5c8000000 rw-p 00000000 00:00 0                          [stack:9167]
7fb5c8000000-7fb5c9811000 rw-p 00000000 00:00 0 
7fb5c9811000-7fb5cc000000 ---p 00000000 00:00 0 
7fb5cc173000-7fb5cc176000 ---p 00000000 00:00 0 
7fb5cc176000-7fb5cc374000 rw-p 00000000 00:00 0                          [stack:9166]
7fb5cc374000-7fb5cc3c6000 r-xp 00000000 fe:01 28051258                   /usr/lib/jvm/java-7-openjdk-amd64/jre/lib/amd64/libfontmanager.so
7fb5cc3c6000-7fb5cc5c6000 ---p 00052000 fe:01 28051258                   /usr/lib/jvm/java-7-openjdk-amd64/jre/lib/amd64/libfontmanager.so
7fb5cc5c6000-7fb5cc5c8000 r--p 00052000 fe:01 28051258                   /usr/lib/jvm/java-7-openjdk-amd64/jre/lib/amd64/libfontmanager.so
7fb5cc5c8000-7fb5cc5c9000 rw-p 00054000 fe:01 28051258                   /usr/lib/jvm/java-7-openjdk-amd64/jre/lib/amd64/libfontmanager.so
7fb5cc5c9000-7fb5cc5cc000 ---p 00000000 00:00 0 
7fb5cc5cc000-7fb5ccdca000 rw-p 00000000 00:00 0                          [stack:9161]
7fb5ccdca000-7fb5ccdd2000 r-xp 00000000 fe:01 25191538                   /usr/lib/x86_64-linux-gnu/libgif.so.4.1.6
7fb5ccdd2000-7fb5ccfd1000 ---p 00008000 fe:01 25191538                   /usr/lib/x86_64-linux-gnu/libgif.so.4.1.6
7fb5ccfd1000-7fb5ccfd2000 r--p 00007000 fe:01 25191538                   /usr/lib/x86_64-linux-gnu/libgif.so.4.1.6
7fb5ccfd2000-7fb5ccfd3000 rw-p 00008000 fe:01 25191538                   /usr/lib/x86_64-linux-gnu/libgif.so.4.1.6
7fb5ccfd3000-7fb5cd02b000 r-xp 00000000 fe:01 25172882                   /usr/lib/x86_64-linux-gnu/libjpeg.so.62.1.0
7fb5cd02b000-7fb5cd22a000 ---p 00058000 fe:01 25172882                   /usr/lib/x86_64-linux-gnu/libjpeg.so.62.1.0
7fb5cd22a000-7fb5cd22b000 r--p 00057000 fe:01 25172882                   /usr/lib/x86_64-linux-gnu/libjpeg.so.62.1.0
7fb5cd22b000-7fb5cd22c000 rw-p 00058000 fe:01 25172882                   /usr/lib/x86_64-linux-gnu/libjpeg.so.62.1.0
7fb5cd22c000-7fb5cd236000 r-xp 00000000 fe:01 28051290                   /usr/lib/jvm/java-7-openjdk-amd64/jre/lib/amd64/libsplashscreen.so
7fb5cd236000-7fb5cd435000 ---p 0000a000 fe:01 28051290                   /usr/lib/jvm/java-7-openjdk-amd64/jre/lib/amd64/libsplashscreen.so
7fb5cd435000-7fb5cd436000 r--p 00009000 fe:01 28051290                   /usr/lib/jvm/java-7-openjdk-amd64/jre/lib/amd64/libsplashscreen.so
7fb5cd436000-7fb5cd437000 rw-p 0000a000 fe:01 28051290                   /usr/lib/jvm/java-7-openjdk-amd64/jre/lib/amd64/libsplashscreen.so
7fb5cd437000-7fb5cd43a000 rw-p 00000000 00:00 0 
7fb5cd43a000-7fb5cd43d000 ---p 00000000 00:00 0 
7fb5cd43d000-7fb5cd63b000 rw-p 00000000 00:00 0                          [stack:9160]
7fb5cd63b000-7fb5cd63e000 ---p 00000000 00:00 0 
7fb5cd63e000-7fb5cd83c000 rw-p 00000000 00:00 0                          [stack:9159]
7fb5cd83c000-7fb5cd83f000 ---p 00000000 00:00 0 
7fb5cd83f000-7fb5cda3d000 rw-p 00000000 00:00 0                          [stack:9158]
7fb5cda3d000-7fb5cda57000 r-xp 00000000 fe:01 25173032                   /usr/lib/x86_64-linux-gnu/libgraphite2.so.3.0.1
7fb5cda57000-7fb5cdc56000 ---p 0001a000 fe:01 25173032                   /usr/lib/x86_64-linux-gnu/libgraphite2.so.3.0.1
7fb5cdc56000-7fb5cdc58000 r--p 00019000 fe:01 25173032                   /usr/lib/x86_64-linux-gnu/libgraphite2.so.3.0.1
7fb5cdc58000-7fb5cdc59000 rw-p 0001b000 fe:01 25173032                   /usr/lib/x86_64-linux-gnu/libgraphite2.so.3.0.1
7fb5cdc59000-7fb5cdc5f000 r-xp 00000000 fe:01 25173026                   /usr/lib/x86_64-linux-gnu/libdatrie.so.1.3.2
7fb5cdc5f000-7fb5cde5f000 ---p 00006000 fe:01 25173026                   /usr/lib/x86_64-linux-gnu/libdatrie.so.1.3.2
7fb5cde5f000-7fb5cde60000 r--p 00006000 fe:01 25173026                   /usr/lib/x86_64-linux-gnu/libdatrie.so.1.3.2
7fb5cde60000-7fb5cde61000 rw-p 00007000 fe:01 25173026                   /usr/lib/x86_64-linux-gnu/libdatrie.so.1.3.2
7fb5cde61000-7fb5cdebe000 r-xp 00000000 fe:01 25173036                   /usr/lib/x86_64-linux-gnu/libharfbuzz.so.0.10000.1
7fb5cdebe000-7fb5ce0be000 ---p 0005d000 fe:01 25173036                   /usr/lib/x86_64-linux-gnu/libharfbuzz.so.0.10000.1
7fb5ce0be000-7fb5ce0bf000 r--p 0005d000 fe:01 25173036                   /usr/lib/x86_64-linux-gnu/libharfbuzz.so.0.10000.1
7fb5ce0bf000-7fb5ce0c0000 rw-p 0005e000 fe:01 25173036                   /usr/lib/x86_64-linux-gnu/libharfbuzz.so.0.10000.1
7fb5ce0c0000-7fb5ce0c9000 r-xp 00000000 fe:01 25172996                   /usr/lib/x86_64-linux-gnu/libxcb-render.so.0.0.0
7fb5ce0c9000-7fb5ce2c8000 ---p 00009000 fe:01 25172996                   /usr/lib/x86_64-linux-gnu/libxcb-render.so.0.0.0
7fb5ce2c8000-7fb5ce2c9000 r--p 00008000 fe:01 25172996                   /usr/lib/x86_64-linux-gnu/libxcb-render.so.0.0.0
7fb5ce2c9000-7fb5ce2ca000 rw-p 00009000 fe:01 25172996                   /usr/lib/x86_64-linux-gnu/libxcb-render.so.0.0.0
7fb5ce2ca000-7fb5ce2cc000 r-xp 00000000 fe:01 25172998                   /usr/lib/x86_64-linux-gnu/libxcb-shm.so.0.0.0
7fb5ce2cc000-7fb5ce4cc000 ---p 00002000 fe:01 25172998                   /usr/lib/x86_64-linux-gnu/libxcb-shm.so.0.0.0
7fb5ce4cc000-7fb5ce4cd000 r--p 00002000 fe:01 25172998                   /usr/lib/x86_64-linux-gnu/libxcb-shm.so.0.0.0
7fb5ce4cd000-7fb5ce4ce000 rw-p 00003000 fe:01 25172998                   /usr/lib/x86_64-linux-gnu/libxcb-shm.so.0.0.0
7fb5ce4ce000-7fb5ce573000 r-xp 00000000 fe:01 25172994                   /usr/lib/x86_64-linux-gnu/libpixman-1.so.0.32.6
7fb5ce573000-7fb5ce772000 ---p 000a5000 fe:01 25172994                   /usr/lib/x86_64-linux-gnu/libpixman-1.so.0.32.6
7fb5ce772000-7fb5ce77a000 r--p 000a4000 fe:01 25172994                   /usr/lib/x86_64-linux-gnu/libpixman-1.so.0.32.6
7fb5ce77a000-7fb5ce77b000 rw-p 000ac000 fe:01 25172994                   /usr/lib/x86_64-linux-gnu/libpixman-1.so.0.32.6
7fb5ce77b000-7fb5ce783000 r-xp 00000000 fe:01 25173028                   /usr/lib/x86_64-linux-gnu/libthai.so.0.2.2
7fb5ce783000-7fb5ce982000 ---p 00008000 fe:01 25173028                   /usr/lib/x86_64-linux-gnu/libthai.so.0.2.2
7fb5ce982000-7fb5ce983000 r--p 00007000 fe:01 25173028                   /usr/lib/x86_64-linux-gnu/libthai.so.0.2.2
7fb5ce983000-7fb5ce984000 rw-p 00008000 fe:01 25173028                   /usr/lib/x86_64-linux-gnu/libthai.so.0.2.2
7fb5ce984000-7fb5ce998000 r-xp 00000000 fe:01 25173038                   /usr/lib/x86_64-linux-gnu/libpangoft2-1.0.so.0.3600.8
7fb5ce998000-7fb5ceb98000 ---p 00014000 fe:01 25173038                   /usr/lib/x86_64-linux-gnu/libpangoft2-1.0.so.0.3600.8
7fb5ceb98000-7fb5ceb99000 r--p 00014000 fe:01 25173038                   /usr/lib/x86_64-linux-gnu/libpangoft2-1.0.so.0.3600.8
7fb5ceb99000-7fb5ceb9a000 rw-p 00015000 fe:01 25173038                   /usr/lib/x86_64-linux-gnu/libpangoft2-1.0.so.0.3600.8
7fb5ceb9a000-7fb5cec73000 r-xp 00000000 fe:01 25173454                   /usr/lib/x86_64-linux-gnu/libepoxy.so.0.0.0
7fb5cec73000-7fb5cee72000 ---p 000d9000 fe:01 25173454                   /usr/lib/x86_64-linux-gnu/libepoxy.so.0.0.0
7fb5cee72000-7fb5cee79000 r--p 000d8000 fe:01 25173454                   /usr/lib/x86_64-linux-gnu/libepoxy.so.0.0.0
7fb5cee79000-7fb5cee80000 rw-p 000df000 fe:01 25173454                   /usr/lib/x86_64-linux-gnu/libepoxy.so.0.0.0
7fb5cee80000-7fb5cee8c000 r-xp 00000000 fe:01 25173456                   /usr/lib/x86_64-linux-gnu/libwayland-client.so.0.3.0
7fb5cee8c000-7fb5cf08b000 ---p 0000c000 fe:01 25173456                   /usr/lib/x86_64-linux-gnu/libwayland-client.so.0.3.0
7fb5cf08b000-7fb5cf08e000 r--p 0000b000 fe:01 25173456                   /usr/lib/x86_64-linux-gnu/libwayland-client.so.0.3.0
7fb5cf08e000-7fb5cf08f000 rw-p 0000e000 fe:01 25173456                   /usr/lib/x86_64-linux-gnu/libwayland-client.so.0.3.0
7fb5cf08f000-7fb5cf090000 r-xp 00000000 fe:01 25173477                   /usr/lib/x86_64-linux-gnu/libwayland-egl.so.1.0.0
7fb5cf090000-7fb5cf28f000 ---p 00001000 fe:01 25173477                   /usr/lib/x86_64-linux-gnu/libwayland-egl.so.1.0.0
7fb5cf28f000-7fb5cf290000 r--p 00000000 fe:01 25173477                   /usr/lib/x86_64-linux-gnu/libwayland-egl.so.1.0.0
7fb5cf290000-7fb5cf291000 rw-p 00001000 fe:01 25173477                   /usr/lib/x86_64-linux-gnu/libwayland-egl.so.1.0.0
7fb5cf291000-7fb5cf295000 r-xp 00000000 fe:01 25173458                   /usr/lib/x86_64-linux-gnu/libwayland-cursor.so.0.0.0
7fb5cf295000-7fb5cf494000 ---p 00004000 fe:01 25173458                   /usr/lib/x86_64-linux-gnu/libwayland-cursor.so.0.0.0
7fb5cf494000-7fb5cf495000 r--p 00003000 fe:01 25173458                   /usr/lib/x86_64-linux-gnu/libwayland-cursor.so.0.0.0
7fb5cf495000-7fb5cf499000 rw-p 00004000 fe:01 25173458                   /usr/lib/x86_64-linux-gnu/libwayland-cursor.so.0.0.0
7fb5cf499000-7fb5cf4d6000 r-xp 00000000 fe:01 25173479                   /usr/lib/x86_64-linux-gnu/libxkbcommon.so.0.0.0
7fb5cf4d6000-7fb5cf6d6000 ---p 0003d000 fe:01 25173479                   /usr/lib/x86_64-linux-gnu/libxkbcommon.so.0.0.0
7fb5cf6d6000-7fb5cf6d8000 r--p 0003d000 fe:01 25173479                   /usr/lib/x86_64-linux-gnu/libxkbcommon.so.0.0.0
7fb5cf6d8000-7fb5cf6d9000 rw-p 0003f000 fe:01 25173479                   /usr/lib/x86_64-linux-gnu/libxkbcommon.so.0.0.0
7fb5cf6d9000-7fb5cf6db000 r-xp 00000000 fe:01 25173318                   /usr/lib/x86_64-linux-gnu/libXdamage.so.1.1.0
7fb5cf6db000-7fb5cf8da000 ---p 00002000 fe:01 25173318                   /usr/lib/x86_64-linux-gnu/libXdamage.so.1.1.0
7fb5cf8da000-7fb5cf8db000 r--p 00001000 fe:01 25173318                   /usr/lib/x86_64-linux-gnu/libXdamage.so.1.1.0
7fb5cf8db000-7fb5cf8dc000 rw-p 00002000 fe:01 25173318                   /usr/lib/x86_64-linux-gnu/libXdamage.so.1.1.0
7fb5cf8dc000-7fb5cf8de000 r-xp 00000000 fe:01 25173312                   /usr/lib/x86_64-linux-gnu/libXcomposite.so.1.0.0
7fb5cf8de000-7fb5cfadd000 ---p 00002000 fe:01 25173312                   /usr/lib/x86_64-linux-gnu/libXcomposite.so.1.0.0
7fb5cfadd000-7fb5cfade000 r--p 00001000 fe:01 25173312                   /usr/lib/x86_64-linux-gnu/libXcomposite.so.1.0.0
7fb5cfade000-7fb5cfadf000 rw-p 00002000 fe:01 25173312                   /usr/lib/x86_64-linux-gnu/libXcomposite.so.1.0.0
7fb5cfadf000-7fb5cfae9000 r-xp 00000000 fe:01 25173324                   /usr/lib/x86_64-linux-gnu/libXrandr.so.2.2.0
7fb5cfae9000-7fb5cfce8000 ---p 0000a000 fe:01 25173324                   /usr/lib/x86_64-linux-gnu/libXrandr.so.2.2.0
7fb5cfce8000-7fb5cfce9000 r--p 00009000 fe:01 25173324                   /usr/lib/x86_64-linux-gnu/libXrandr.so.2.2.0
7fb5cfce9000-7fb5cfcea000 rw-p 0000a000 fe:01 25173324                   /usr/lib/x86_64-linux-gnu/libXrandr.so.2.2.0
7fb5cfcea000-7fb5cfdfa000 r-xp 00000000 fe:01 25173004                   /usr/lib/x86_64-linux-gnu/libcairo.so.2.11400.2
7fb5cfdfa000-7fb5cfffa000 ---p 00110000 fe:01 25173004                   /usr/lib/x86_64-linux-gnu/libcairo.so.2.11400.2
7fb5cfffa000-7fb5cfffd000 r--p 00110000 fe:01 25173004                   /usr/lib/x86_64-linux-gnu/libcairo.so.2.11400.2
7fb5cfffd000-7fb5cfffe000 rw-p 00113000 fe:01 25173004                   /usr/lib/x86_64-linux-gnu/libcairo.so.2.11400.2
7fb5cfffe000-7fb5d0000000 rw-p 00000000 00:00 0 
7fb5d0000000-7fb5d003f000 rw-p 00000000 00:00 0 
7fb5d003f000-7fb5d4000000 ---p 00000000 00:00 0 
7fb5d4000000-7fb5d4021000 rw-p 00000000 00:00 0 
7fb5d4021000-7fb5d8000000 ---p 00000000 00:00 0 
7fb5d80a5000-7fb5d80a7000 r-xp 00000000 fe:01 25173322                   /usr/lib/x86_64-linux-gnu/libXinerama.so.1.0.0
7fb5d80a7000-7fb5d82a6000 ---p 00002000 fe:01 25173322                   /usr/lib/x86_64-linux-gnu/libXinerama.so.1.0.0
7fb5d82a6000-7fb5d82a7000 r--p 00001000 fe:01 25173322                   /usr/lib/x86_64-linux-gnu/libXinerama.so.1.0.0
7fb5d82a7000-7fb5d82a8000 rw-p 00002000 fe:01 25173322                   /usr/lib/x86_64-linux-gnu/libXinerama.so.1.0.0
7fb5d82a8000-7fb5d82ae000 r-xp 00000000 fe:01 25173451                   /usr/lib/x86_64-linux-gnu/libcairo-gobject.so.2.11400.2
7fb5d82ae000-7fb5d84ae000 ---p 00006000 fe:01 25173451                   /usr/lib/x86_64-linux-gnu/libcairo-gobject.so.2.11400.2
7fb5d84ae000-7fb5d84b0000 r--p 00006000 fe:01 25173451                   /usr/lib/x86_64-linux-gnu/libcairo-gobject.so.2.11400.2
7fb5d84b0000-7fb5d84b1000 rw-p 00008000 fe:01 25173451                   /usr/lib/x86_64-linux-gnu/libcairo-gobject.so.2.11400.2
7fb5d84b1000-7fb5d84d2000 r-xp 00000000 fe:01 25172982                   /usr/lib/x86_64-linux-gnu/libgdk_pixbuf-2.0.so.0.3100.5
7fb5d84d2000-7fb5d86d1000 ---p 00021000 fe:01 25172982                   /usr/lib/x86_64-linux-gnu/libgdk_pixbuf-2.0.so.0.3100.5
7fb5d86d1000-7fb5d86d2000 r--p 00020000 fe:01 25172982                   /usr/lib/x86_64-linux-gnu/libgdk_pixbuf-2.0.so.0.3100.5
7fb5d86d2000-7fb5d86d3000 rw-p 00021000 fe:01 25172982                   /usr/lib/x86_64-linux-gnu/libgdk_pixbuf-2.0.so.0.3100.5
7fb5d86d3000-7fb5d871e000 r-xp 00000000 fe:01 25173030                   /usr/lib/x86_64-linux-gnu/libpango-1.0.so.0.3600.8
7fb5d871e000-7fb5d891e000 ---p 0004b000 fe:01 25173030                   /usr/lib/x86_64-linux-gnu/libpango-1.0.so.0.3600.8
7fb5d891e000-7fb5d8920000 r--p 0004b000 fe:01 25173030                   /usr/lib/x86_64-linux-gnu/libpango-1.0.so.0.3600.8
7fb5d8920000-7fb5d8921000 rw-p 0004d000 fe:01 25173030                   /usr/lib/x86_64-linux-gnu/libpango-1.0.so.0.3600.8
7fb5d8921000-7fb5d892d000 r-xp 00000000 fe:01 25173040                   /usr/lib/x86_64-linux-gnu/libpangocairo-1.0.so.0.3600.8
7fb5d892d000-7fb5d8b2c000 ---p 0000c000 fe:01 25173040                   /usr/lib/x86_64-linux-gnu/libpangocairo-1.0.so.0.3600.8
7fb5d8b2c000-7fb5d8b2d000 r--p 0000b000 fe:01 25173040                   /usr/lib/x86_64-linux-gnu/libpangocairo-1.0.so.0.3600.8
7fb5d8b2d000-7fb5d8b2e000 rw-p 0000c000 fe:01 25173040                   /usr/lib/x86_64-linux-gnu/libpangocairo-1.0.so.0.3600.8
7fb5d8b2e000-7fb5d8bef000 r-xp 00000000 fe:01 25173824                   /usr/lib/x86_64-linux-gnu/libgdk-3.so.0.1600.6
7fb5d8bef000-7fb5d8dee000 ---p 000c1000 fe:01 25173824                   /usr/lib/x86_64-linux-gnu/libgdk-3.so.0.1600.6
7fb5d8dee000-7fb5d8df3000 r--p 000c0000 fe:01 25173824                   /usr/lib/x86_64-linux-gnu/libgdk-3.so.0.1600.6
7fb5d8df3000-7fb5d8df5000 rw-p 000c5000 fe:01 25173824                   /usr/lib/x86_64-linux-gnu/libgdk-3.so.0.1600.6
7fb5d8df5000-7fb5d8df6000 rw-p 00000000 00:00 0 
7fb5d8df6000-7fb5d8ea6000 r-xp 00000000 fe:01 25173386                   /usr/lib/x86_64-linux-gnu/libgdk-x11-2.0.so.0.2400.28
7fb5d8ea6000-7fb5d90a6000 ---p 000b0000 fe:01 25173386                   /usr/lib/x86_64-linux-gnu/libgdk-x11-2.0.so.0.2400.28
7fb5d90a6000-7fb5d90aa000 r--p 000b0000 fe:01 25173386                   /usr/lib/x86_64-linux-gnu/libgdk-x11-2.0.so.0.2400.28
7fb5d90aa000-7fb5d90ac000 rw-p 000b4000 fe:01 25173386                   /usr/lib/x86_64-linux-gnu/libgdk-x11-2.0.so.0.2400.28
7fb5d90ac000-7fb5d90ad000 r-xp 00000000 fe:01 25172875                   /usr/lib/x86_64-linux-gnu/libgthread-2.0.so.0.4400.1
7fb5d90ad000-7fb5d92ac000 ---p 00001000 fe:01 25172875                   /usr/lib/x86_64-linux-gnu/libgthread-2.0.so.0.4400.1
7fb5d92ac000-7fb5d92ad000 r--p 00000000 fe:01 25172875                   /usr/lib/x86_64-linux-gnu/libgthread-2.0.so.0.4400.1
7fb5d92ad000-7fb5d92ae000 rw-p 00001000 fe:01 25172875                   /usr/lib/x86_64-linux-gnu/libgthread-2.0.so.0.4400.1
7fb5d92ae000-7fb5d92db000 r-xp 00000000 fe:01 25173447                   /usr/lib/x86_64-linux-gnu/libatspi.so.0.0.1
7fb5d92db000-7fb5d94da000 ---p 0002d000 fe:01 25173447                   /usr/lib/x86_64-linux-gnu/libatspi.so.0.0.1
7fb5d94da000-7fb5d94de000 r--p 0002c000 fe:01 25173447                   /usr/lib/x86_64-linux-gnu/libatspi.so.0.0.1
7fb5d94de000-7fb5d94df000 rw-p 00030000 fe:01 25173447                   /usr/lib/x86_64-linux-gnu/libatspi.so.0.0.1
7fb5d94df000-7fb5d950b000 r-xp 00000000 fe:01 25173449                   /usr/lib/x86_64-linux-gnu/libatk-bridge-2.0.so.0.0.0
7fb5d950b000-7fb5d970b000 ---p 0002c000 fe:01 25173449                   /usr/lib/x86_64-linux-gnu/libatk-bridge-2.0.so.0.0.0
7fb5d970b000-7fb5d970c000 r--p 0002c000 fe:01 25173449                   /usr/lib/x86_64-linux-gnu/libatk-bridge-2.0.so.0.0.0
7fb5d970c000-7fb5d970e000 rw-p 0002d000 fe:01 25173449                   /usr/lib/x86_64-linux-gnu/libatk-bridge-2.0.so.0.0.0
7fb5d970e000-7fb5d9731000 r-xp 00000000 fe:01 25173154                   /usr/lib/x86_64-linux-gnu/libatk-1.0.so.0.21609.1
7fb5d9731000-7fb5d9930000 ---p 00023000 fe:01 25173154                   /usr/lib/x86_64-linux-gnu/libatk-1.0.so.0.21609.1
7fb5d9930000-7fb5d9933000 r--p 00022000 fe:01 25173154                   /usr/lib/x86_64-linux-gnu/libatk-1.0.so.0.21609.1
7fb5d9933000-7fb5d9934000 rw-p 00025000 fe:01 25173154                   /usr/lib/x86_64-linux-gnu/libatk-1.0.so.0.21609.1
7fb5d9934000-7fb5d994d000 r-xp 00000000 fe:01 28312107                   /usr/lib/x86_64-linux-gnu/jni/libatk-wrapper.so.1.2.22
7fb5d994d000-7fb5d9b4d000 ---p 00019000 fe:01 28312107                   /usr/lib/x86_64-linux-gnu/jni/libatk-wrapper.so.1.2.22
7fb5d9b4d000-7fb5d9b4e000 rw-p 00019000 fe:01 28312107                   /usr/lib/x86_64-linux-gnu/jni/libatk-wrapper.so.1.2.22
7fb5d9b4e000-7fb5d9b51000 ---p 00000000 00:00 0 
7fb5d9b51000-7fb5d9d4f000 rw-p 00000000 00:00 0                          [stack:9155]
7fb5d9d4f000-7fb5d9d54000 r-xp 00000000 fe:01 25173314                   /usr/lib/x86_64-linux-gnu/libXfixes.so.3.1.0
7fb5d9d54000-7fb5d9f53000 ---p 00005000 fe:01 25173314                   /usr/lib/x86_64-linux-gnu/libXfixes.so.3.1.0
7fb5d9f53000-7fb5d9f54000 r--p 00004000 fe:01 25173314                   /usr/lib/x86_64-linux-gnu/libXfixes.so.3.1.0
7fb5d9f54000-7fb5d9f55000 rw-p 00005000 fe:01 25173314                   /usr/lib/x86_64-linux-gnu/libXfixes.so.3.1.0
7fb5d9f55000-7fb5d9f5f000 r-xp 00000000 fe:01 25173316                   /usr/lib/x86_64-linux-gnu/libXcursor.so.1.0.2
7fb5d9f5f000-7fb5da15e000 ---p 0000a000 fe:01 25173316                   /usr/lib/x86_64-linux-gnu/libXcursor.so.1.0.2
7fb5da15e000-7fb5da15f000 r--p 00009000 fe:01 25173316                   /usr/lib/x86_64-linux-gnu/libXcursor.so.1.0.2
7fb5da15f000-7fb5da160000 rw-p 0000a000 fe:01 25173316                   /usr/lib/x86_64-linux-gnu/libXcursor.so.1.0.2
7fb5da160000-7fb5da163000 ---p 00000000 00:00 0 
7fb5da163000-7fb5da361000 rw-p 00000000 00:00 0                          [stack:9154]
7fb5da361000-7fb5da364000 ---p 00000000 00:00 0 
7fb5da364000-7fb5da562000 rw-p 00000000 00:00 0                          [stack:9153]
7fb5da562000-7fb5da565000 ---p 00000000 00:00 0 
7fb5da565000-7fb5da763000 rw-p 00000000 00:00 0                          [stack:9152]
7fb5da763000-7fb5da766000 ---p 00000000 00:00 0 
7fb5da766000-7fb5da964000 rw-p 00000000 00:00 0                          [stack:9151]
7fb5da964000-7fb5da9ab000 r-xp 00000000 fe:01 26738873                   /lib/x86_64-linux-gnu/libdbus-1.so.3.8.13
7fb5da9ab000-7fb5dabab000 ---p 00047000 fe:01 26738873                   /lib/x86_64-linux-gnu/libdbus-1.so.3.8.13
7fb5dabab000-7fb5dabac000 r--p 00047000 fe:01 26738873                   /lib/x86_64-linux-gnu/libdbus-1.so.3.8.13
7fb5dabac000-7fb5dabad000 rw-p 00048000 fe:01 26738873                   /lib/x86_64-linux-gnu/libdbus-1.so.3.8.13
7fb5dabad000-7fb5dac2e000 r-xp 00000000 fe:01 25170652                   /usr/lib/x86_64-linux-gnu/libgmp.so.10.2.0
7fb5dac2e000-7fb5dae2e000 ---p 00081000 fe:01 25170652                   /usr/lib/x86_64-linux-gnu/libgmp.so.10.2.0
7fb5dae2e000-7fb5dae2f000 r--p 00081000 fe:01 25170652                   /usr/lib/x86_64-linux-gnu/libgmp.so.10.2.0
7fb5dae2f000-7fb5dae30000 rw-p 00082000 fe:01 25170652                   /usr/lib/x86_64-linux-gnu/libgmp.so.10.2.0
7fb5dae30000-7fb5dae62000 r-xp 00000000 fe:01 25170187                   /usr/lib/x86_64-linux-gnu/libhogweed.so.4.1
7fb5dae62000-7fb5db062000 ---p 00032000 fe:01 25170187                   /usr/lib/x86_64-linux-gnu/libhogweed.so.4.1
7fb5db062000-7fb5db063000 r--p 00032000 fe:01 25170187                   /usr/lib/x86_64-linux-gnu/libhogweed.so.4.1
7fb5db063000-7fb5db064000 rw-p 00033000 fe:01 25170187                   /usr/lib/x86_64-linux-gnu/libhogweed.so.4.1
7fb5db064000-7fb5db099000 r-xp 00000000 fe:01 25170679                   /usr/lib/x86_64-linux-gnu/libnettle.so.6.1
7fb5db099000-7fb5db298000 ---p 00035000 fe:01 25170679                   /usr/lib/x86_64-linux-gnu/libnettle.so.6.1
7fb5db298000-7fb5db29a000 r--p 00034000 fe:01 25170679                   /usr/lib/x86_64-linux-gnu/libnettle.so.6.1
7fb5db29a000-7fb5db29b000 rw-p 00036000 fe:01 25170679                   /usr/lib/x86_64-linux-gnu/libnettle.so.6.1
7fb5db29b000-7fb5db2ac000 r-xp 00000000 fe:01 25170492                   /usr/lib/x86_64-linux-gnu/libtasn1.so.6.4.2
7fb5db2ac000-7fb5db4ac000 ---p 00011000 fe:01 25170492                   /usr/lib/x86_64-linux-gnu/libtasn1.so.6.4.2
7fb5db4ac000-7fb5db4ad000 r--p 00011000 fe:01 25170492                   /usr/lib/x86_64-linux-gnu/libtasn1.so.6.4.2
7fb5db4ad000-7fb5db4ae000 rw-p 00012000 fe:01 25170492                   /usr/lib/x86_64-linux-gnu/libtasn1.so.6.4.2
7fb5db4ae000-7fb5db508000 r-xp 00000000 fe:01 25167434                   /usr/lib/x86_64-linux-gnu/libp11-kit.so.0.1.0
7fb5db508000-7fb5db708000 ---p 0005a000 fe:01 25167434                   /usr/lib/x86_64-linux-gnu/libp11-kit.so.0.1.0
7fb5db708000-7fb5db712000 r--p 0005a000 fe:01 25167434                   /usr/lib/x86_64-linux-gnu/libp11-kit.so.0.1.0
7fb5db712000-7fb5db714000 rw-p 00064000 fe:01 25167434                   /usr/lib/x86_64-linux-gnu/libp11-kit.so.0.1.0
7fb5db714000-7fb5db717000 r-xp 00000000 fe:01 26738875                   /lib/x86_64-linux-gnu/libkeyutils.so.1.5
7fb5db717000-7fb5db916000 ---p 00003000 fe:01 26738875                   /lib/x86_64-linux-gnu/libkeyutils.so.1.5
7fb5db916000-7fb5db917000 r--p 00002000 fe:01 26738875                   /lib/x86_64-linux-gnu/libkeyutils.so.1.5
7fb5db917000-7fb5db918000 rw-p 00003000 fe:01 26738875                   /lib/x86_64-linux-gnu/libkeyutils.so.1.5
7fb5db918000-7fb5db923000 r-xp 00000000 fe:01 25172762                   /usr/lib/x86_64-linux-gnu/libkrb5support.so.0.1
7fb5db923000-7fb5dbb22000 ---p 0000b000 fe:01 25172762                   /usr/lib/x86_64-linux-gnu/libkrb5support.so.0.1
7fb5dbb22000-7fb5dbb23000 r--p 0000a000 fe:01 25172762                   /usr/lib/x86_64-linux-gnu/libkrb5support.so.0.1
7fb5dbb23000-7fb5dbb24000 rw-p 0000b000 fe:01 25172762                   /usr/lib/x86_64-linux-gnu/libkrb5support.so.0.1
7fb5dbb24000-7fb5dbb27000 r-xp 00000000 fe:01 26738778                   /lib/x86_64-linux-gnu/libcom_err.so.2.1
7fb5dbb27000-7fb5dbd26000 ---p 00003000 fe:01 26738778                   /lib/x86_64-linux-gnu/libcom_err.so.2.1
7fb5dbd26000-7fb5dbd27000 r--p 00002000 fe:01 26738778                   /lib/x86_64-linux-gnu/libcom_err.so.2.1
7fb5dbd27000-7fb5dbd28000 rw-p 00003000 fe:01 26738778                   /lib/x86_64-linux-gnu/libcom_err.so.2.1
7fb5dbd28000-7fb5dbdef000 r-xp 00000000 fe:01 25172766                   /usr/lib/x86_64-linux-gnu/libkrb5.so.3.3
7fb5dbdef000-7fb5dbfef000 ---p 000c7000 fe:01 25172766                   /usr/lib/x86_64-linux-gnu/libkrb5.so.3.3
7fb5dbfef000-7fb5dbffd000 r--p 000c7000 fe:01 25172766                   /usr/lib/x86_64-linux-gnu/libkrb5.so.3.3
7fb5dbffd000-7fb5dc000000 rw-p 000d5000 fe:01 25172766                   /usr/lib/x86_64-linux-gnu/libkrb5.so.3.3
7fb5dc000000-7fb5dc021000 rw-p 00000000 00:00 0 
7fb5dc021000-7fb5e0000000 ---p 00000000 00:00 0 
7fb5e0014000-7fb5e0042000 r-xp 00000000 fe:01 25172764                   /usr/lib/x86_64-linux-gnu/libk5crypto.so.3.1
7fb5e0042000-7fb5e0241000 ---p 0002e000 fe:01 25172764                   /usr/lib/x86_64-linux-gnu/libk5crypto.so.3.1
7fb5e0241000-7fb5e0244000 r--p 0002d000 fe:01 25172764                   /usr/lib/x86_64-linux-gnu/libk5crypto.so.3.1
7fb5e0244000-7fb5e0245000 rw-p 00030000 fe:01 25172764                   /usr/lib/x86_64-linux-gnu/libk5crypto.so.3.1
7fb5e0245000-7fb5e0246000 rw-p 00000000 00:00 0 
7fb5e0246000-7fb5e024b000 r-xp 00000000 fe:01 25172895                   /usr/lib/x86_64-linux-gnu/libXdmcp.so.6.0.0
7fb5e024b000-7fb5e044a000 ---p 00005000 fe:01 25172895                   /usr/lib/x86_64-linux-gnu/libXdmcp.so.6.0.0
7fb5e044a000-7fb5e044b000 r--p 00004000 fe:01 25172895                   /usr/lib/x86_64-linux-gnu/libXdmcp.so.6.0.0
7fb5e044b000-7fb5e044c000 rw-p 00005000 fe:01 25172895                   /usr/lib/x86_64-linux-gnu/libXdmcp.so.6.0.0
7fb5e044c000-7fb5e044f000 r-xp 00000000 fe:01 25172893                   /usr/lib/x86_64-linux-gnu/libXau.so.6.0.0
7fb5e044f000-7fb5e064e000 ---p 00003000 fe:01 25172893                   /usr/lib/x86_64-linux-gnu/libXau.so.6.0.0
7fb5e064e000-7fb5e064f000 r--p 00002000 fe:01 25172893                   /usr/lib/x86_64-linux-gnu/libXau.so.6.0.0
7fb5e064f000-7fb5e0650000 rw-p 00003000 fe:01 25172893                   /usr/lib/x86_64-linux-gnu/libXau.so.6.0.0
7fb5e0650000-7fb5e0676000 r-xp 00000000 fe:01 26738882                   /lib/x86_64-linux-gnu/libpng12.so.0.50.0
7fb5e0676000-7fb5e0875000 ---p 00026000 fe:01 26738882                   /lib/x86_64-linux-gnu/libpng12.so.0.50.0
7fb5e0875000-7fb5e0876000 r--p 00025000 fe:01 26738882                   /lib/x86_64-linux-gnu/libpng12.so.0.50.0
7fb5e0876000-7fb5e0877000 rw-p 00026000 fe:01 26738882                   /lib/x86_64-linux-gnu/libpng12.so.0.50.0
7fb5e0877000-7fb5e089d000 r-xp 00000000 fe:01 26738692                   /lib/x86_64-linux-gnu/libexpat.so.1.6.0
7fb5e089d000-7fb5e0a9c000 ---p 00026000 fe:01 26738692                   /lib/x86_64-linux-gnu/libexpat.so.1.6.0
7fb5e0a9c000-7fb5e0a9f000 r--p 00025000 fe:01 26738692                   /lib/x86_64-linux-gnu/libexpat.so.1.6.0
7fb5e0a9f000-7fb5e0aa0000 rw-p 00028000 fe:01 26738692                   /lib/x86_64-linux-gnu/libexpat.so.1.6.0
7fb5e0aa0000-7fb5e0ab0000 r-xp 00000000 fe:01 25172760                   /usr/lib/x86_64-linux-gnu/libavahi-client.so.3.2.9
7fb5e0ab0000-7fb5e0caf000 ---p 00010000 fe:01 25172760                   /usr/lib/x86_64-linux-gnu/libavahi-client.so.3.2.9
7fb5e0caf000-7fb5e0cb0000 r--p 0000f000 fe:01 25172760                   /usr/lib/x86_64-linux-gnu/libavahi-client.so.3.2.9
7fb5e0cb0000-7fb5e0cb1000 rw-p 00010000 fe:01 25172760                   /usr/lib/x86_64-linux-gnu/libavahi-client.so.3.2.9
7fb5e0cb1000-7fb5e0cbd000 r-xp 00000000 fe:01 25172757                   /usr/lib/x86_64-linux-gnu/libavahi-common.so.3.5.3
7fb5e0cbd000-7fb5e0ebc000 ---p 0000c000 fe:01 25172757                   /usr/lib/x86_64-linux-gnu/libavahi-common.so.3.5.3
7fb5e0ebc000-7fb5e0ebd000 r--p 0000b000 fe:01 25172757                   /usr/lib/x86_64-linux-gnu/libavahi-common.so.3.5.3
7fb5e0ebd000-7fb5e0ebe000 rw-p 0000c000 fe:01 25172757                   /usr/lib/x86_64-linux-gnu/libavahi-common.so.3.5.3
7fb5e0ebe000-7fb5e0fd4000 r-xp 00000000 fe:01 25170938                   /usr/lib/x86_64-linux-gnu/libgnutls-deb0.so.28.41.9
7fb5e0fd4000-7fb5e11d4000 ---p 00116000 fe:01 25170938                   /usr/lib/x86_64-linux-gnu/libgnutls-deb0.so.28.41.9
7fb5e11d4000-7fb5e11dd000 r--p 00116000 fe:01 25170938                   /usr/lib/x86_64-linux-gnu/libgnutls-deb0.so.28.41.9
7fb5e11dd000-7fb5e11df000 rw-p 0011f000 fe:01 25170938                   /usr/lib/x86_64-linux-gnu/libgnutls-deb0.so.28.41.9
7fb5e11df000-7fb5e11e0000 rw-p 00000000 00:00 0 
7fb5e11e0000-7fb5e1227000 r-xp 00000000 fe:01 25172769                   /usr/lib/x86_64-linux-gnu/libgssapi_krb5.so.2.2
7fb5e1227000-7fb5e1426000 ---p 00047000 fe:01 25172769                   /usr/lib/x86_64-linux-gnu/libgssapi_krb5.so.2.2
7fb5e1426000-7fb5e1428000 r--p 00046000 fe:01 25172769                   /usr/lib/x86_64-linux-gnu/libgssapi_krb5.so.2.2
7fb5e1428000-7fb5e142a000 rw-p 00048000 fe:01 25172769                   /usr/lib/x86_64-linux-gnu/libgssapi_krb5.so.2.2
7fb5e142a000-7fb5e144b000 r-xp 00000000 fe:01 25172897                   /usr/lib/x86_64-linux-gnu/libxcb.so.1.1.0
7fb5e144b000-7fb5e164a000 ---p 00021000 fe:01 25172897                   /usr/lib/x86_64-linux-gnu/libxcb.so.1.1.0
7fb5e164a000-7fb5e164b000 r--p 00020000 fe:01 25172897                   /usr/lib/x86_64-linux-gnu/libxcb.so.1.1.0
7fb5e164b000-7fb5e164c000 rw-p 00021000 fe:01 25172897                   /usr/lib/x86_64-linux-gnu/libxcb.so.1.1.0
7fb5e164c000-7fb5e16f0000 r-xp 00000000 fe:01 25172988                   /usr/lib/x86_64-linux-gnu/libfreetype.so.6.11.1
7fb5e16f0000-7fb5e18ef000 ---p 000a4000 fe:01 25172988                   /usr/lib/x86_64-linux-gnu/libfreetype.so.6.11.1
7fb5e18ef000-7fb5e18f6000 r--p 000a3000 fe:01 25172988                   /usr/lib/x86_64-linux-gnu/libfreetype.so.6.11.1
7fb5e18f6000-7fb5e18f7000 rw-p 000aa000 fe:01 25172988                   /usr/lib/x86_64-linux-gnu/libfreetype.so.6.11.1
7fb5e18f7000-7fb5e1932000 r-xp 00000000 fe:01 25172991                   /usr/lib/x86_64-linux-gnu/libfontconfig.so.1.8.0
7fb5e1932000-7fb5e1b31000 ---p 0003b000 fe:01 25172991                   /usr/lib/x86_64-linux-gnu/libfontconfig.so.1.8.0
7fb5e1b31000-7fb5e1b33000 r--p 0003a000 fe:01 25172991                   /usr/lib/x86_64-linux-gnu/libfontconfig.so.1.8.0
7fb5e1b33000-7fb5e1b34000 rw-p 0003c000 fe:01 25172991                   /usr/lib/x86_64-linux-gnu/libfontconfig.so.1.8.0
7fb5e1b34000-7fb5e1bac000 r-xp 00000000 fe:01 25172771                   /usr/lib/x86_64-linux-gnu/libcups.so.2
7fb5e1bac000-7fb5e1dac000 ---p 00078000 fe:01 25172771                   /usr/lib/x86_64-linux-gnu/libcups.so.2
7fb5e1dac000-7fb5e1db4000 r--p 00078000 fe:01 25172771                   /usr/lib/x86_64-linux-gnu/libcups.so.2
7fb5e1db4000-7fb5e1db5000 rw-p 00080000 fe:01 25172771                   /usr/lib/x86_64-linux-gnu/libcups.so.2
7fb5e1db5000-7fb5e1dc4000 r-xp 00000000 fe:01 25173320                   /usr/lib/x86_64-linux-gnu/libXi.so.6.1.0
7fb5e1dc4000-7fb5e1fc3000 ---p 0000f000 fe:01 25173320                   /usr/lib/x86_64-linux-gnu/libXi.so.6.1.0
7fb5e1fc3000-7fb5e1fc4000 r--p 0000e000 fe:01 25173320                   /usr/lib/x86_64-linux-gnu/libXi.so.6.1.0
7fb5e1fc4000-7fb5e1fc5000 rw-p 0000f000 fe:01 25173320                   /usr/lib/x86_64-linux-gnu/libXi.so.6.1.0
7fb5e1fc5000-7fb5e1fca000 r-xp 00000000 fe:01 25174154                   /usr/lib/x86_64-linux-gnu/libXtst.so.6.1.0
7fb5e1fca000-7fb5e21c9000 ---p 00005000 fe:01 25174154                   /usr/lib/x86_64-linux-gnu/libXtst.so.6.1.0
7fb5e21c9000-7fb5e21ca000 r--p 00004000 fe:01 25174154                   /usr/lib/x86_64-linux-gnu/libXtst.so.6.1.0
7fb5e21ca000-7fb5e21cb000 rw-p 00005000 fe:01 25174154                   /usr/lib/x86_64-linux-gnu/libXtst.so.6.1.0
7fb5e21cb000-7fb5e21d4000 r-xp 00000000 fe:01 25173002                   /usr/lib/x86_64-linux-gnu/libXrender.so.1.3.0
7fb5e21d4000-7fb5e23d3000 ---p 00009000 fe:01 25173002                   /usr/lib/x86_64-linux-gnu/libXrender.so.1.3.0
7fb5e23d3000-7fb5e23d4000 r--p 00008000 fe:01 25173002                   /usr/lib/x86_64-linux-gnu/libXrender.so.1.3.0
7fb5e23d4000-7fb5e23d5000 rw-p 00009000 fe:01 25173002                   /usr/lib/x86_64-linux-gnu/libXrender.so.1.3.0
7fb5e23d5000-7fb5e2511000 r-xp 00000000 fe:01 25172901                   /usr/lib/x86_64-linux-gnu/libX11.so.6.3.0
7fb5e2511000-7fb5e2710000 ---p 0013c000 fe:01 25172901                   /usr/lib/x86_64-linux-gnu/libX11.so.6.3.0
7fb5e2710000-7fb5e2712000 r--p 0013b000 fe:01 25172901                   /usr/lib/x86_64-linux-gnu/libX11.so.6.3.0
7fb5e2712000-7fb5e2717000 rw-p 0013d000 fe:01 25172901                   /usr/lib/x86_64-linux-gnu/libX11.so.6.3.0
7fb5e2717000-7fb5e2718000 rw-p 00000000 00:00 0 
7fb5e2718000-7fb5e2729000 r-xp 00000000 fe:01 25173000                   /usr/lib/x86_64-linux-gnu/libXext.so.6.4.0
7fb5e2729000-7fb5e2928000 ---p 00011000 fe:01 25173000                   /usr/lib/x86_64-linux-gnu/libXext.so.6.4.0
7fb5e2928000-7fb5e2929000 r--p 00010000 fe:01 25173000                   /usr/lib/x86_64-linux-gnu/libXext.so.6.4.0
7fb5e2929000-7fb5e292a000 rw-p 00011000 fe:01 25173000                   /usr/lib/x86_64-linux-gnu/libXext.so.6.4.0
7fb5e292a000-7fb5e2973000 r-xp 00000000 fe:01 28312115                   /usr/lib/jvm/java-7-openjdk-amd64/jre/lib/amd64/xawt/libmawt.so
7fb5e2973000-7fb5e2b72000 ---p 00049000 fe:01 28312115                   /usr/lib/jvm/java-7-openjdk-amd64/jre/lib/amd64/xawt/libmawt.so
7fb5e2b72000-7fb5e2b73000 r--p 00048000 fe:01 28312115                   /usr/lib/jvm/java-7-openjdk-amd64/jre/lib/amd64/xawt/libmawt.so
7fb5e2b73000-7fb5e2b76000 rw-p 00049000 fe:01 28312115                   /usr/lib/jvm/java-7-openjdk-amd64/jre/lib/amd64/xawt/libmawt.so
7fb5e2b76000-7fb5e2b77000 rw-p 00000000 00:00 0 
7fb5e2b77000-7fb5e2c16000 r-xp 00000000 fe:01 28051256                   /usr/lib/jvm/java-7-openjdk-amd64/jre/lib/amd64/libawt.so
7fb5e2c16000-7fb5e2e15000 ---p 0009f000 fe:01 28051256                   /usr/lib/jvm/java-7-openjdk-amd64/jre/lib/amd64/libawt.so
7fb5e2e15000-7fb5e2e16000 r--p 0009e000 fe:01 28051256                   /usr/lib/jvm/java-7-openjdk-amd64/jre/lib/amd64/libawt.so
7fb5e2e16000-7fb5e2e21000 rw-p 0009f000 fe:01 28051256                   /usr/lib/jvm/java-7-openjdk-amd64/jre/lib/amd64/libawt.so
7fb5e2e21000-7fb5e2e46000 rw-p 00000000 00:00 0 
7fb5e2e46000-7fb5e2e49000 ---p 00000000 00:00 0 
7fb5e2e49000-7fb5e3047000 rw-p 00000000 00:00 0                          [stack:9150]
7fb5e3047000-7fb5e304a000 ---p 00000000 00:00 0 
7fb5e304a000-7fb5e3549000 rw-p 00000000 00:00 0                          [stack:9149]
7fb5e3549000-7fb5e35b5000 r-xp 00000000 fe:01 26738933                   /lib/x86_64-linux-gnu/libpcre.so.3.13.1
7fb5e35b5000-7fb5e37b5000 ---p 0006c000 fe:01 26738933                   /lib/x86_64-linux-gnu/libpcre.so.3.13.1
7fb5e37b5000-7fb5e37b6000 r--p 0006c000 fe:01 26738933                   /lib/x86_64-linux-gnu/libpcre.so.3.13.1
7fb5e37b6000-7fb5e37b7000 rw-p 0006d000 fe:01 26738933                   /lib/x86_64-linux-gnu/libpcre.so.3.13.1
7fb5e37b7000-7fb5e37be000 r-xp 00000000 fe:01 25170536                   /usr/lib/x86_64-linux-gnu/libffi.so.6.0.4
7fb5e37be000-7fb5e39be000 ---p 00007000 fe:01 25170536                   /usr/lib/x86_64-linux-gnu/libffi.so.6.0.4
7fb5e39be000-7fb5e39bf000 r--p 00007000 fe:01 25170536                   /usr/lib/x86_64-linux-gnu/libffi.so.6.0.4
7fb5e39bf000-7fb5e39c0000 rw-p 00008000 fe:01 25170536                   /usr/lib/x86_64-linux-gnu/libffi.so.6.0.4
7fb5e39c0000-7fb5e39d4000 r-xp 00000000 fe:01 26742029                   /lib/x86_64-linux-gnu/libresolv-2.19.so
7fb5e39d4000-7fb5e3bd3000 ---p 00014000 fe:01 26742029                   /lib/x86_64-linux-gnu/libresolv-2.19.so
7fb5e3bd3000-7fb5e3bd4000 r--p 00013000 fe:01 26742029                   /lib/x86_64-linux-gnu/libresolv-2.19.so
7fb5e3bd4000-7fb5e3bd5000 rw-p 00014000 fe:01 26742029                   /lib/x86_64-linux-gnu/libresolv-2.19.so
7fb5e3bd5000-7fb5e3bd7000 rw-p 00000000 00:00 0 
7fb5e3bd7000-7fb5e3bf8000 r-xp 00000000 fe:01 26738732                   /lib/x86_64-linux-gnu/libselinux.so.1
7fb5e3bf8000-7fb5e3df8000 ---p 00021000 fe:01 26738732                   /lib/x86_64-linux-gnu/libselinux.so.1
7fb5e3df8000-7fb5e3df9000 r--p 00021000 fe:01 26738732                   /lib/x86_64-linux-gnu/libselinux.so.1
7fb5e3df9000-7fb5e3dfa000 rw-p 00022000 fe:01 26738732                   /lib/x86_64-linux-gnu/libselinux.so.1
7fb5e3dfa000-7fb5e3dfc000 rw-p 00000000 00:00 0 
7fb5e3dfc000-7fb5e3dff000 r-xp 00000000 fe:01 25172873                   /usr/lib/x86_64-linux-gnu/libgmodule-2.0.so.0.4400.1
7fb5e3dff000-7fb5e3ffe000 ---p 00003000 fe:01 25172873                   /usr/lib/x86_64-linux-gnu/libgmodule-2.0.so.0.4400.1
7fb5e3ffe000-7fb5e3fff000 r--p 00002000 fe:01 25172873                   /usr/lib/x86_64-linux-gnu/libgmodule-2.0.so.0.4400.1
7fb5e3fff000-7fb5e4000000 rw-p 00003000 fe:01 25172873                   /usr/lib/x86_64-linux-gnu/libgmodule-2.0.so.0.4400.1
7fb5e4000000-7fb5e4280000 rw-p 00000000 00:00 0 
7fb5e4280000-7fb5e8000000 ---p 00000000 00:00 0 
7fb5e8000000-7fb5e8021000 rw-p 00000000 00:00 0 
7fb5e8021000-7fb5ec000000 ---p 00000000 00:00 0 
7fb5ec000000-7fb5ed84b000 rw-p 00000000 00:00 0 
7fb5ed84b000-7fb5f0000000 ---p 00000000 00:00 0 
7fb5f0000000-7fb5f1718000 rw-p 00000000 00:00 0 
7fb5f1718000-7fb5f4000000 ---p 00000000 00:00 0 
7fb5f4000000-7fb5f4021000 rw-p 00000000 00:00 0 
7fb5f4021000-7fb5f8000000 ---p 00000000 00:00 0 
7fb5f8000000-7fb5f8021000 rw-p 00000000 00:00 0 
7fb5f8021000-7fb5fc000000 ---p 00000000 00:00 0 
7fb5fc000000-7fb5fc021000 rw-p 00000000 00:00 0 
7fb5fc021000-7fb600000000 ---p 00000000 00:00 0 
7fb6001b5000-7fb6002c2000 r-xp 00000000 fe:01 26738880                   /lib/x86_64-linux-gnu/libglib-2.0.so.0.4400.1
7fb6002c2000-7fb6004c1000 ---p 0010d000 fe:01 26738880                   /lib/x86_64-linux-gnu/libglib-2.0.so.0.4400.1
7fb6004c1000-7fb6004c2000 r--p 0010c000 fe:01 26738880                   /lib/x86_64-linux-gnu/libglib-2.0.so.0.4400.1
7fb6004c2000-7fb6004c3000 rw-p 0010d000 fe:01 26738880                   /lib/x86_64-linux-gnu/libglib-2.0.so.0.4400.1
7fb6004c3000-7fb6004c4000 rw-p 00000000 00:00 0 
7fb6004c4000-7fb600514000 r-xp 00000000 fe:01 25172874                   /usr/lib/x86_64-linux-gnu/libgobject-2.0.so.0.4400.1
7fb600514000-7fb600714000 ---p 00050000 fe:01 25172874                   /usr/lib/x86_64-linux-gnu/libgobject-2.0.so.0.4400.1
7fb600714000-7fb600715000 r--p 00050000 fe:01 25172874                   /usr/lib/x86_64-linux-gnu/libgobject-2.0.so.0.4400.1
7fb600715000-7fb600716000 rw-p 00051000 fe:01 25172874                   /usr/lib/x86_64-linux-gnu/libgobject-2.0.so.0.4400.1
7fb600716000-7fb60088e000 r-xp 00000000 fe:01 25172876                   /usr/lib/x86_64-linux-gnu/libgio-2.0.so.0.4400.1
7fb60088e000-7fb600a8d000 ---p 00178000 fe:01 25172876                   /usr/lib/x86_64-linux-gnu/libgio-2.0.so.0.4400.1
7fb600a8d000-7fb600a91000 r--p 00177000 fe:01 25172876                   /usr/lib/x86_64-linux-gnu/libgio-2.0.so.0.4400.1
7fb600a91000-7fb600a93000 rw-p 0017b000 fe:01 25172876                   /usr/lib/x86_64-linux-gnu/libgio-2.0.so.0.4400.1
7fb600a93000-7fb600a95000 rw-p 00000000 00:00 0 
7fb600a95000-7fb600aac000 r-xp 00000000 fe:01 28051279                   /usr/lib/jvm/java-7-openjdk-amd64/jre/lib/amd64/libnet.so
7fb600aac000-7fb600cac000 ---p 00017000 fe:01 28051279                   /usr/lib/jvm/java-7-openjdk-amd64/jre/lib/amd64/libnet.so
7fb600cac000-7fb600cad000 r--p 00017000 fe:01 28051279                   /usr/lib/jvm/java-7-openjdk-amd64/jre/lib/amd64/libnet.so
7fb600cad000-7fb600cae000 rw-p 00018000 fe:01 28051279                   /usr/lib/jvm/java-7-openjdk-amd64/jre/lib/amd64/libnet.so
7fb600cae000-7fb600cbf000 r-xp 00000000 fe:01 28051280                   /usr/lib/jvm/java-7-openjdk-amd64/jre/lib/amd64/libnio.so
7fb600cbf000-7fb600ebe000 ---p 00011000 fe:01 28051280                   /usr/lib/jvm/java-7-openjdk-amd64/jre/lib/amd64/libnio.so
7fb600ebe000-7fb600ebf000 r--p 00010000 fe:01 28051280                   /usr/lib/jvm/java-7-openjdk-amd64/jre/lib/amd64/libnio.so
7fb600ebf000-7fb600ec0000 rw-p 00011000 fe:01 28051280                   /usr/lib/jvm/java-7-openjdk-amd64/jre/lib/amd64/libnio.so
7fb600ec0000-7fb600ec1000 ---p 00000000 00:00 0 
7fb600ec1000-7fb600fc1000 rw-p 00000000 00:00 0                          [stack:9148]
7fb600fc1000-7fb600fc4000 ---p 00000000 00:00 0 
7fb600fc4000-7fb6011c2000 rw-p 00000000 00:00 0                          [stack:9147]
7fb6011c2000-7fb6011c5000 ---p 00000000 00:00 0 
7fb6011c5000-7fb6012c3000 rw-p 00000000 00:00 0                          [stack:9146]
7fb6012c3000-7fb6012c6000 ---p 00000000 00:00 0 
7fb6012c6000-7fb6013c4000 rw-p 00000000 00:00 0                          [stack:9145]
7fb6013c4000-7fb6013c7000 ---p 00000000 00:00 0 
7fb6013c7000-7fb6015c5000 rw-p 00000000 00:00 0                          [stack:9144]
7fb6015c5000-7fb60174e000 r--p 00000000 fe:01 25170396                   /usr/lib/locale/locale-archive
7fb60174e000-7fb601751000 ---p 00000000 00:00 0 
7fb601751000-7fb60194f000 rw-p 00000000 00:00 0                          [stack:9143]
7fb60194f000-7fb601952000 ---p 00000000 00:00 0 
7fb601952000-7fb604000000 rw-p 00000000 00:00 0                          [stack:9142]
7fb604000000-7fb604047000 rw-p 00000000 00:00 0 
7fb604047000-7fb608000000 ---p 00000000 00:00 0 
7fb608000000-7fb608042000 rw-p 00000000 00:00 0 
7fb608042000-7fb60c000000 ---p 00000000 00:00 0 
7fb60c000000-7fb60c03d000 rw-p 00000000 00:00 0 
7fb60c03d000-7fb610000000 ---p 00000000 00:00 0 
7fb610003000-7fb61000e000 r--s 00000000 fe:01 19137055                   /var/cache/fontconfig/945677eb7aeaf62f1d50efc3fb3ec7d8-le64.cache-4
7fb61000e000-7fb610011000 ---p 00000000 00:00 0 
7fb610011000-7fb610047000 rw-p 00000000 00:00 0                          [stack:9157]
7fb610047000-7fb61007c000 r--s 00000000 fe:01 19137238                   /var/cache/nscd/hosts
7fb61007c000-7fb61007d000 ---p 00000000 00:00 0 
7fb61007d000-7fb610b32000 rw-p 00000000 00:00 0                          [stack:9141]
7fb610b32000-7fb610ce4000 r--s 01d2b000 fe:01 27400145                   /usr/lib/jvm/java-7-openjdk-amd64/jre/lib/rt.jar
7fb610ce4000-7fb611000000 rw-p 00000000 00:00 0 
7fb611000000-7fb611310000 rwxp 00000000 00:00 0 
7fb611310000-7fb6143f6000 rw-p 00000000 00:00 0 
7fb6143f6000-7fb618000000 ---p 00000000 00:00 0 
7fb618002000-7fb61800c000 r--s 00000000 fe:01 19137067                   /var/cache/fontconfig/3f7329c5293ffd510edef78f73874cfd-le64.cache-4
7fb61800c000-7fb618034000 rw-p 00000000 00:00 0 
7fb618034000-7fb618035000 ---p 00000000 00:00 0 
7fb618035000-7fb618135000 rw-p 00000000 00:00 0                          [stack:9140]
7fb618135000-7fb618136000 ---p 00000000 00:00 0 
7fb618136000-7fb618249000 rw-p 00000000 00:00 0                          [stack:9139]
7fb618249000-7fb61833e000 rw-p 00000000 00:00 0 
7fb61833e000-7fb618352000 rw-p 00000000 00:00 0 
7fb618352000-7fb6183fe000 rw-p 00000000 00:00 0 
7fb6183fe000-7fb618411000 rw-p 00000000 00:00 0 
7fb618411000-7fb618505000 rw-p 00000000 00:00 0 
7fb618505000-7fb618524000 rw-p 00000000 00:00 0 
7fb618524000-7fb618589000 rw-p 00000000 00:00 0 
7fb618589000-7fb61858a000 rw-p 00000000 00:00 0 
7fb61858a000-7fb618592000 r-xp 00000000 fe:01 28051285                   /usr/lib/jvm/java-7-openjdk-amd64/jre/lib/amd64/libzip.so
7fb618592000-7fb618791000 ---p 00008000 fe:01 28051285                   /usr/lib/jvm/java-7-openjdk-amd64/jre/lib/amd64/libzip.so
7fb618791000-7fb618792000 r--p 00007000 fe:01 28051285                   /usr/lib/jvm/java-7-openjdk-amd64/jre/lib/amd64/libzip.so
7fb618792000-7fb618793000 rw-p 00008000 fe:01 28051285                   /usr/lib/jvm/java-7-openjdk-amd64/jre/lib/amd64/libzip.so
7fb618793000-7fb6187bf000 r-xp 00000000 fe:01 28051267                   /usr/lib/jvm/java-7-openjdk-amd64/jre/lib/amd64/libjava.so
7fb6187bf000-7fb6189be000 ---p 0002c000 fe:01 28051267                   /usr/lib/jvm/java-7-openjdk-amd64/jre/lib/amd64/libjava.so
7fb6189be000-7fb6189bf000 r--p 0002b000 fe:01 28051267                   /usr/lib/jvm/java-7-openjdk-amd64/jre/lib/amd64/libjava.so
7fb6189bf000-7fb6189c1000 rw-p 0002c000 fe:01 28051267                   /usr/lib/jvm/java-7-openjdk-amd64/jre/lib/amd64/libjava.so
7fb6189c1000-7fb6189d0000 r-xp 00000000 fe:01 28051284                   /usr/lib/jvm/java-7-openjdk-amd64/jre/lib/amd64/libverify.so
7fb6189d0000-7fb618bcf000 ---p 0000f000 fe:01 28051284                   /usr/lib/jvm/java-7-openjdk-amd64/jre/lib/amd64/libverify.so
7fb618bcf000-7fb618bd1000 r--p 0000e000 fe:01 28051284                   /usr/lib/jvm/java-7-openjdk-amd64/jre/lib/amd64/libverify.so
7fb618bd1000-7fb618bd2000 rw-p 00010000 fe:01 28051284                   /usr/lib/jvm/java-7-openjdk-amd64/jre/lib/amd64/libverify.so
7fb618bd2000-7fb618bd9000 r-xp 00000000 fe:01 26742026                   /lib/x86_64-linux-gnu/librt-2.19.so
7fb618bd9000-7fb618dd8000 ---p 00007000 fe:01 26742026                   /lib/x86_64-linux-gnu/librt-2.19.so
7fb618dd8000-7fb618dd9000 r--p 00006000 fe:01 26742026                   /lib/x86_64-linux-gnu/librt-2.19.so
7fb618dd9000-7fb618dda000 rw-p 00007000 fe:01 26742026                   /lib/x86_64-linux-gnu/librt-2.19.so
7fb618dda000-7fb618ddd000 ---p 00000000 00:00 0 
7fb618ddd000-7fb618fdb000 rw-p 00000000 00:00 0                          [stack:9138]
7fb618fdb000-7fb618ff1000 r-xp 00000000 fe:01 26738781                   /lib/x86_64-linux-gnu/libgcc_s.so.1
7fb618ff1000-7fb6191f0000 ---p 00016000 fe:01 26738781                   /lib/x86_64-linux-gnu/libgcc_s.so.1
7fb6191f0000-7fb6191f1000 rw-p 00015000 fe:01 26738781                   /lib/x86_64-linux-gnu/libgcc_s.so.1
7fb6191f1000-7fb6192f1000 r-xp 00000000 fe:01 26742037                   /lib/x86_64-linux-gnu/libm-2.19.so
7fb6192f1000-7fb6194f0000 ---p 00100000 fe:01 26742037                   /lib/x86_64-linux-gnu/libm-2.19.so
7fb6194f0000-7fb6194f1000 r--p 000ff000 fe:01 26742037                   /lib/x86_64-linux-gnu/libm-2.19.so
7fb6194f1000-7fb6194f2000 rw-p 00100000 fe:01 26742037                   /lib/x86_64-linux-gnu/libm-2.19.so
7fb6194f2000-7fb61965d000 r-xp 00000000 fe:01 25165829                   /usr/lib/x86_64-linux-gnu/libstdc++.so.6.0.21
7fb61965d000-7fb61985d000 ---p 0016b000 fe:01 25165829                   /usr/lib/x86_64-linux-gnu/libstdc++.so.6.0.21
7fb61985d000-7fb619867000 r--p 0016b000 fe:01 25165829                   /usr/lib/x86_64-linux-gnu/libstdc++.so.6.0.21
7fb619867000-7fb619869000 rw-p 00175000 fe:01 25165829                   /usr/lib/x86_64-linux-gnu/libstdc++.so.6.0.21
7fb619869000-7fb61986d000 rw-p 00000000 00:00 0 
7fb61986d000-7fb61a3be000 r-xp 00000000 fe:01 28182581                   /usr/lib/jvm/java-7-openjdk-amd64/jre/lib/amd64/server/libjvm.so
7fb61a3be000-7fb61a5be000 ---p 00b51000 fe:01 28182581                   /usr/lib/jvm/java-7-openjdk-amd64/jre/lib/amd64/server/libjvm.so
7fb61a5be000-7fb61a64f000 r--p 00b51000 fe:01 28182581                   /usr/lib/jvm/java-7-openjdk-amd64/jre/lib/amd64/server/libjvm.so
7fb61a64f000-7fb61a672000 rw-p 00be2000 fe:01 28182581                   /usr/lib/jvm/java-7-openjdk-amd64/jre/lib/amd64/server/libjvm.so
7fb61a672000-7fb61a69d000 rw-p 00000000 00:00 0 
7fb61a69d000-7fb61a6b7000 r-xp 00000000 fe:01 26738790                   /lib/x86_64-linux-gnu/libz.so.1.2.8
7fb61a6b7000-7fb61a8b6000 ---p 0001a000 fe:01 26738790                   /lib/x86_64-linux-gnu/libz.so.1.2.8
7fb61a8b6000-7fb61a8b7000 r--p 00019000 fe:01 26738790                   /lib/x86_64-linux-gnu/libz.so.1.2.8
7fb61a8b7000-7fb61a8b8000 rw-p 0001a000 fe:01 26738790                   /lib/x86_64-linux-gnu/libz.so.1.2.8
7fb61a8b8000-7fb61aa57000 r-xp 00000000 fe:01 26742024                   /lib/x86_64-linux-gnu/libc-2.19.so
7fb61aa57000-7fb61ac57000 ---p 0019f000 fe:01 26742024                   /lib/x86_64-linux-gnu/libc-2.19.so
7fb61ac57000-7fb61ac5b000 r--p 0019f000 fe:01 26742024                   /lib/x86_64-linux-gnu/libc-2.19.so
7fb61ac5b000-7fb61ac5d000 rw-p 001a3000 fe:01 26742024                   /lib/x86_64-linux-gnu/libc-2.19.so
7fb61ac5d000-7fb61ac61000 rw-p 00000000 00:00 0 
7fb61ac61000-7fb61ac64000 r-xp 00000000 fe:01 26742043                   /lib/x86_64-linux-gnu/libdl-2.19.so
7fb61ac64000-7fb61ae63000 ---p 00003000 fe:01 26742043                   /lib/x86_64-linux-gnu/libdl-2.19.so
7fb61ae63000-7fb61ae64000 r--p 00002000 fe:01 26742043                   /lib/x86_64-linux-gnu/libdl-2.19.so
7fb61ae64000-7fb61ae65000 rw-p 00003000 fe:01 26742043                   /lib/x86_64-linux-gnu/libdl-2.19.so
7fb61ae65000-7fb61ae72000 r-xp 00000000 fe:01 28311809                   /usr/lib/jvm/java-7-openjdk-amd64/jre/lib/amd64/jli/libjli.so
7fb61ae72000-7fb61b071000 ---p 0000d000 fe:01 28311809                   /usr/lib/jvm/java-7-openjdk-amd64/jre/lib/amd64/jli/libjli.so
7fb61b071000-7fb61b072000 r--p 0000c000 fe:01 28311809                   /usr/lib/jvm/java-7-openjdk-amd64/jre/lib/amd64/jli/libjli.so
7fb61b072000-7fb61b073000 rw-p 0000d000 fe:01 28311809                   /usr/lib/jvm/java-7-openjdk-amd64/jre/lib/amd64/jli/libjli.so
7fb61b073000-7fb61b08b000 r-xp 00000000 fe:01 26742028                   /lib/x86_64-linux-gnu/libpthread-2.19.so
7fb61b08b000-7fb61b28a000 ---p 00018000 fe:01 26742028                   /lib/x86_64-linux-gnu/libpthread-2.19.so
7fb61b28a000-7fb61b28b000 r--p 00017000 fe:01 26742028                   /lib/x86_64-linux-gnu/libpthread-2.19.so
7fb61b28b000-7fb61b28c000 rw-p 00018000 fe:01 26742028                   /lib/x86_64-linux-gnu/libpthread-2.19.so
7fb61b28c000-7fb61b290000 rw-p 00000000 00:00 0 
7fb61b290000-7fb61b2b0000 r-xp 00000000 fe:01 26742033                   /lib/x86_64-linux-gnu/ld-2.19.so
7fb61b2b7000-7fb61b2b8000 rw-p 00000000 00:00 0 
7fb61b2b8000-7fb61b2c3000 r--s 00000000 fe:01 19137054                   /var/cache/fontconfig/d589a48862398ed80a3d6066f4f56f4c-le64.cache-4
7fb61b2c3000-7fb61b2ee000 rw-p 00000000 00:00 0 
7fb61b2ee000-7fb61b39a000 rw-p 00000000 00:00 0 
7fb61b39a000-7fb61b3a7000 rw-p 00000000 00:00 0 
7fb61b3a7000-7fb61b45a000 rw-p 00000000 00:00 0 
7fb61b45a000-7fb61b48f000 r--s 00000000 fe:01 19137138                   /var/cache/nscd/passwd
7fb61b48f000-7fb61b494000 rw-p 00000000 00:00 0 
7fb61b494000-7fb61b495000 r--s 00000000 fe:01 19137069                   /var/cache/fontconfig/4794a0821666d79190d59a36cb4f44b5-le64.cache-4
7fb61b495000-7fb61b49c000 r--s 00000000 fe:01 19137068                   /var/cache/fontconfig/3047814df9a2f067bd2d96a2b9c36e5a-le64.cache-4
7fb61b49c000-7fb61b49f000 r--s 00000000 fe:01 19137057                   /var/cache/fontconfig/e13b20fdb08344e0e664864cc2ede53d-le64.cache-4
7fb61b49f000-7fb61b4a4000 r--s 0004d000 fe:01 27400139                   /usr/lib/jvm/java-7-openjdk-amd64/jre/lib/jsse.jar
7fb61b4a4000-7fb61b4ac000 rw-s 00000000 fe:01 29360205                   /tmp/hsperfdata_NotSimon/9137
7fb61b4ac000-7fb61b4ad000 rw-p 00000000 00:00 0 
7fb61b4ad000-7fb61b4ae000 r--p 00000000 00:00 0 
7fb61b4ae000-7fb61b4b0000 rw-p 00000000 00:00 0 
7fb61b4b0000-7fb61b4b1000 r--p 00020000 fe:01 26742033                   /lib/x86_64-linux-gnu/ld-2.19.so
7fb61b4b1000-7fb61b4b2000 rw-p 00021000 fe:01 26742033                   /lib/x86_64-linux-gnu/ld-2.19.so
7fb61b4b2000-7fb61b4b3000 rw-p 00000000 00:00 0 
7fff16d45000-7fff16d67000 rw-p 00000000 00:00 0                          [stack]
7fff16d92000-7fff16d94000 r-xp 00000000 00:00 0                          [vdso]
7fff16d94000-7fff16d96000 r--p 00000000 00:00 0                          [vvar]
ffffffffff600000-ffffffffff601000 r-xp 00000000 00:00 0                  [vsyscall]

VM Arguments:
jvm_args: -Djdk.home=/usr/lib/jvm/java-7-openjdk-amd64 -Dnetbeans.default_userdir_root=/home/NotSimon/.netbeans -Dnetbeans.running.environment=gnome -Dnetbeans.dirs=/usr/share/netbeans/8.0.2/nb:/usr/share/netbeans/8.0.2/ergonomics:/usr/share/netbeans/8.0.2/ide:/usr/share/netbeans/8.0.2/extide:/usr/share/netbeans/8.0.2/java:/usr/share/netbeans/8.0.2/apisupport:/usr/share/netbeans/8.0.2/webcommon:/usr/share/netbeans/8.0.2/websvccommon:/usr/share/netbeans/8.0.2/enterprise:/usr/share/netbeans/8.0.2/mobility:/usr/share/netbeans/8.0.2/profiler:/usr/share/netbeans/8.0.2/python:/usr/share/netbeans/8.0.2/php:/usr/share/netbeans/8.0.2/identity:/usr/share/netbeans/8.0.2/harness:/usr/share/netbeans/8.0.2/cnd:/usr/share/netbeans/8.0.2/dlight:/usr/share/netbeans/8.0.2/groovy:/usr/share/netbeans/8.0.2/extra:/usr/share/netbeans/8.0.2/javacard:/usr/share/netbeans/8.0.2/javafx: -Dnetbeans.home=/usr/share/netbeans/8.0.2/platform -Dnetbeans.importclass=org.netbeans.upgrade.AutoUpgrade -Dnetbeans.accept_license_class=org.netbeans.license.AcceptLicense -Xmx789m -Xss2m -Xms32m -XX:PermSize=32m -Dapple.laf.useScreenMenuBar=true -Dapple.awt.graphics.UseQuartz=true -Dsun.java2d.noddraw=true -Dsun.java2d.dpiaware=true -Dsun.zip.disableMemoryMapping=true -Dsun.java2d.pmoffscreen=false -XX:MaxPermSize=384m -XX:+HeapDumpOnOutOfMemoryError -XX:HeapDumpPath=/home/NotSimon/.netbeans/8.0.2/var/log/heapdump.hprof 
java_command: org.netbeans.Main --cachedir /home/NotSimon/.cache/netbeans/8.0.2 --userdir /home/NotSimon/.netbeans/8.0.2 --branding nb
Launcher Type: SUN_STANDARD

Environment Variables:
PATH=/usr/local/bin:/usr/bin:/bin:/usr/games
LD_LIBRARY_PATH=/usr/lib/jvm/java-7-openjdk-amd64/bin/../jre/lib/amd64:/usr/lib/jvm/java-7-openjdk-amd64/bin/../jre/lib/i386:
SHELL=/bin/bash
DISPLAY=:0

Signal Handlers:
SIGSEGV: [libjvm.so+0x995800], sa_mask[0]=0x7ffbfeff, sa_flags=0x10000004
SIGBUS: [libjvm.so+0x995800], sa_mask[0]=0x7ffbfeff, sa_flags=0x10000004
SIGFPE: [libjvm.so+0x7fca50], sa_mask[0]=0x7ffbfeff, sa_flags=0x10000004
SIGPIPE: SIG_IGN, sa_mask[0]=0x00001000, sa_flags=0x10000000
SIGXFSZ: [libjvm.so+0x7fca50], sa_mask[0]=0x7ffbfeff, sa_flags=0x10000004
SIGILL: [libjvm.so+0x7fca50], sa_mask[0]=0x7ffbfeff, sa_flags=0x10000004
SIGUSR1: SIG_DFL, sa_mask[0]=0x00000000, sa_flags=0x00000000
SIGUSR2: [libjvm.so+0x7fc8d0], sa_mask[0]=0x00000000, sa_flags=0x10000004
SIGHUP: [libjvm.so+0x7fca60], sa_mask[0]=0x7ffbfeff, sa_flags=0x10000004
SIGINT: SIG_IGN, sa_mask[0]=0x00000000, sa_flags=0x00000000
SIGTERM: [libjvm.so+0x7fca60], sa_mask[0]=0x7ffbfeff, sa_flags=0x10000004
SIGQUIT: [libjvm.so+0x7fca60], sa_mask[0]=0x7ffbfeff, sa_flags=0x10000004
SIGTRAP: SIG_DFL, sa_mask[0]=0x00000000, sa_flags=0x00000000


---------------  S Y S T E M  ---------------

OS:stretch/sid

uname:Linux 3.16.0-4-amd64 #1 SMP Debian 3.16.7-ckt9-3 (2015-04-23) x86_64
libc:glibc 2.19 NPTL 2.19 
rlimit: STACK 8192k, CORE 0k, NPROC 15721, NOFILE 65536, AS infinity
load average:0.46 0.29 0.29

/proc/meminfo:
MemTotal:        4043688 kB
MemFree:          744652 kB
MemAvailable:    2744576 kB
Buffers:           72472 kB
Cached:          2094612 kB
SwapCached:            0 kB
Active:          2259368 kB
Inactive:         838120 kB
Active(anon):     952304 kB
Inactive(anon):    24732 kB
Active(file):    1307064 kB
Inactive(file):   813388 kB
Unevictable:          32 kB
Mlocked:              32 kB
SwapTotal:       8355836 kB
SwapFree:        8355836 kB
Dirty:              1144 kB
Writeback:             0 kB
AnonPages:        930940 kB
Mapped:           206224 kB
Shmem:             46268 kB
Slab:             121980 kB
SReclaimable:      96828 kB
SUnreclaim:        25152 kB
KernelStack:        4864 kB
PageTables:        16704 kB
NFS_Unstable:          0 kB
Bounce:                0 kB
WritebackTmp:          0 kB
CommitLimit:    10377680 kB
Committed_AS:    2240368 kB
VmallocTotal:   34359738367 kB
VmallocUsed:      116196 kB
VmallocChunk:   34359618044 kB
HardwareCorrupted:     0 kB
AnonHugePages:         0 kB
HugePages_Total:       0
HugePages_Free:        0
HugePages_Rsvd:        0
HugePages_Surp:        0
Hugepagesize:       2048 kB
DirectMap4k:      179924 kB
DirectMap2M:     3997696 kB


CPU:total 2 (2 cores per cpu, 1 threads per core) family 6 model 26 stepping 5, cmov, cx8, fxsr, mmx, sse, sse2, sse3, ssse3, sse4.1, sse4.2, popcnt, tsc, tscinvbit, tscinv

/proc/cpuinfo:
processor	: 0
vendor_id	: GenuineIntel
cpu family	: 6
model		: 26
model name	: Intel(R) Xeon(R) CPU           W3505  @ 2.53GHz
stepping	: 5
microcode	: 0xf
cpu MHz		: 2527.000
cache size	: 4096 KB
physical id	: 0
siblings	: 2
core id		: 0
cpu cores	: 2
apicid		: 0
initial apicid	: 0
fpu		: yes
fpu_exception	: yes
cpuid level	: 11
wp		: yes
flags		: fpu vme de pse tsc msr pae mce cx8 apic sep mtrr pge mca cmov pat pse36 clflush dts acpi mmx fxsr sse sse2 ss ht tm pbe syscall nx rdtscp lm constant_tsc arch_perfmon pebs bts rep_good nopl xtopology nonstop_tsc aperfmperf pni dtes64 monitor ds_cpl vmx est tm2 ssse3 cx16 xtpr pdcm dca sse4_1 sse4_2 popcnt lahf_lm dtherm tpr_shadow vnmi flexpriority ept vpid
bogomips	: 5067.03
clflush size	: 64
cache_alignment	: 64
address sizes	: 36 bits physical, 48 bits virtual
power management:

processor	: 1
vendor_id	: GenuineIntel
cpu family	: 6
model		: 26
model name	: Intel(R) Xeon(R) CPU           W3505  @ 2.53GHz
stepping	: 5
microcode	: 0xf
cpu MHz		: 1862.000
cache size	: 4096 KB
physical id	: 0
siblings	: 2
core id		: 2
cpu cores	: 2
apicid		: 4
initial apicid	: 4
fpu		: yes
fpu_exception	: yes
cpuid level	: 11
wp		: yes
flags		: fpu vme de pse tsc msr pae mce cx8 apic sep mtrr pge mca cmov pat pse36 clflush dts acpi mmx fxsr sse sse2 ss ht tm pbe syscall nx rdtscp lm constant_tsc arch_perfmon pebs bts rep_good nopl xtopology nonstop_tsc aperfmperf pni dtes64 monitor ds_cpl vmx est tm2 ssse3 cx16 xtpr pdcm dca sse4_1 sse4_2 popcnt lahf_lm dtherm tpr_shadow vnmi flexpriority ept vpid
bogomips	: 5067.03
clflush size	: 64
cache_alignment	: 64
address sizes	: 36 bits physical, 48 bits virtual
power management:



Memory: 4k page, physical 4043688k(744652k free), swap 8355836k(8355836k free)

vm_info: OpenJDK 64-Bit Server VM (24.85-b03) for linux-amd64 JRE (1.7.0_85-b01), built on Sep  5 2015 23:29:12 by "buildd" with gcc 5.2.1 20150903

time: Mon Sep 14 07:39:22 2015
elapsed time: 20 seconds

