#
# A fatal error has been detected by the Java Runtime Environment:
#
#  SIGSEGV (0xb) at pc=0x00007f0d2332d808, pid=5433, tid=139693901661952
#
# JRE version: OpenJDK Runtime Environment (7.0_85-b01) (build 1.7.0_85-b01)
# Java VM: OpenJDK 64-Bit Server VM (24.85-b03 mixed mode linux-amd64 compressed oops)
# Derivative: IcedTea 2.6.1
# Distribution: Debian GNU/Linux buildd-unstable (sid), package 7u85-2.6.1-3
# Problematic frame:
# C  [libglib-2.0.so.0+0x38808]  g_hash_table_iter_next+0xb8
#
# Failed to write core dump. Core dumps have been disabled. To enable core dumping, try "ulimit -c unlimited" before starting Java again
#
# If you would like to submit a bug report, please include
# instructions on how to reproduce the bug and visit:
#   http://icedtea.classpath.org/bugzilla
# The crash happened outside the Java Virtual Machine in native code.
# See problematic frame for where to report the bug.
#

---------------  T H R E A D  ---------------

Current thread (0x00007f0d28003000):  JavaThread "Thread-1" [_thread_in_native, id=5456, stack(0x00007f0d04e2c000,0x00007f0d0562d000)]

siginfo:si_signo=SIGSEGV: si_errno=0, si_code=1 (SEGV_MAPERR), si_addr=0x0000000000000030

Registers:
RAX=0x0000000000000001, RBX=0x0000000000000008, RCX=0x0000000000000008, RDX=0xb498873bda67db00
RSP=0x00007f0d0562bc20, RBP=0x00007f0d0562bc80, RSI=0x00007f0d285a7148, RDI=0x00007f0d285a7148
R8 =0x0000000000000001, R9 =0x0000000000000008, R10=0x0000000000000002, R11=0x00007f0d285a66a0
R12=0x00007f0d285a7150, R13=0x00007f0d285a7140, R14=0x00007f0d24dc76e0, R15=0x00007f0d2333b610
RIP=0x00007f0d2332d808, EFLAGS=0x0000000000010286, CSGSFS=0x0000000000000033, ERR=0x0000000000000004
  TRAPNO=0x000000000000000e

Top of Stack: (sp=0x00007f0d0562bc20)
0x00007f0d0562bc20:   00007f0d285a7148 00007f0d0d964dff
0x00007f0d0562bc30:   00007f0d285a7101 00007f0d285a7140
0x00007f0d0562bc40:   00007f0d2333b610 b498873bda67db00
0x00007f0d0562bc50:   00007f0d285a7148 00007f0d285a7148
0x00007f0d0562bc60:   00007f0d280031d8 00007f0d285a7140
0x00007f0d0562bc70:   00007f0d24ad9c88 00007f0d285a7140
0x00007f0d0562bc80:   0000000000000001 00007f0d2361929a
0x00007f0d0562bc90:   0000000000000000 0000000000000000
0x00007f0d0562bca0:   00007f0d0562be00 00007f0d00109d40
0x00007f0d0562bcb0:   00007f0d000b98b0 00007f0d0d95f5e8
0x00007f0d0562bcc0:   0000000000000000 00007f0d24159450
0x00007f0d0562bcd0:   00007f0d000b98b0 00007f0d000f97c0
0x00007f0d0562bce0:   00007f0d0562be30 b498873bda67db00
0x00007f0d0562bcf0:   0000000000000000 00007f0d000f97c0
0x00007f0d0562bd00:   00007f0d0562be30 00007f0d0562be28
0x00007f0d0562bd10:   0000000000000000 000000007fffffff
0x00007f0d0562bd20:   00007f0d0d2e30a0 00007f0d00109d40
0x00007f0d0562bd30:   0000000000000001 00007f0d00109d00
0x00007f0d0562bd40:   0000000000000000 00007f0d2335c02a
0x00007f0d0562bd50:   0000000000000000 0000000000000008
0x00007f0d0562bd60:   0000000000000010 0000000000000020
0x00007f0d0562bd70:   00007f0d285dc840 00007f0d285df810
0x00007f0d0562bd80:   00000000ffffffff 00007f0d00109d40
0x00007f0d0562bd90:   0000000000000001 00007f0d254c2d80
0x00007f0d0562bda0:   0000000000000000 00007f0d241593e0
0x00007f0d0562bdb0:   0000000000000000 00007f0d2333bd82
0x00007f0d0562bdc0:   00007f0d285a7140 00007f0d285a7140
0x00007f0d0562bdd0:   00007f0d285b4618 00007f0d280031d8
0x00007f0d0562bde0:   00007f0d285b4620 00007f0d24159450
0x00007f0d0562bdf0:   00007f0d000b98b0 0000000000000011
0x00007f0d0562be00:   0000000000000001 00007f0d2333eb4d
0x00007f0d0562be10:   00007f0d0562be30 00007f0d24dc7750 

Instructions: (pc=0x00007f0d2332d808)
0x00007f0d2332d7e8:   01 00 31 c0 5b c3 66 90 48 85 f6 74 0b 49 8b 4b
0x00007f0d2332d7f8:   18 4a 8b 0c c1 48 89 0e 48 85 d2 74 0e 48 8b 0f
0x00007f0d2332d808:   48 8b 49 28 4a 8b 0c c1 48 89 0a 89 47 18 b8 01
0x00007f0d2332d818:   00 00 00 5b c3 0f 1f 00 48 8d 15 57 69 06 00 48 

Register to memory mapping:

RAX=0x0000000000000001 is an unknown value
RBX=0x0000000000000008 is an unknown value
RCX=0x0000000000000008 is an unknown value
RDX=0xb498873bda67db00 is an unknown value
RSP=0x00007f0d0562bc20 is pointing into the stack for thread: 0x00007f0d28003000
RBP=0x00007f0d0562bc80 is pointing into the stack for thread: 0x00007f0d28003000
RSI=0x00007f0d285a7148 is an unknown value
RDI=0x00007f0d285a7148 is an unknown value
R8 =0x0000000000000001 is an unknown value
R9 =0x0000000000000008 is an unknown value
R10=0x0000000000000002 is an unknown value
R11=0x00007f0d285a66a0 is an unknown value
R12=0x00007f0d285a7150 is an unknown value
R13=0x00007f0d285a7140 is an unknown value
R14=0x00007f0d24dc76e0 is an unknown value
R15=0x00007f0d2333b610: <offset 0x46610> in /lib/x86_64-linux-gnu/libglib-2.0.so.0 at 0x00007f0d232f5000


Stack: [0x00007f0d04e2c000,0x00007f0d0562d000],  sp=0x00007f0d0562bc20,  free space=8191k
Native frames: (J=compiled Java code, j=interpreted, Vv=VM code, C=native code)
C  [libglib-2.0.so.0+0x38808]  g_hash_table_iter_next+0xb8


---------------  P R O C E S S  ---------------

Java Threads: ( => current thread )
  0x00007f0d24648800 JavaThread "Image Fetcher 0" daemon [_thread_blocked, id=5487, stack(0x00007f0cfe9da000,0x00007f0cfebdb000)]
  0x00007f0d2542a800 JavaThread "Inactive RequestProcessor thread [Was:org.netbeans.modules.editor.MainMenuAction/org.netbeans.modules.editor.MainMenuAction$3]" daemon [_thread_blocked, id=5485, stack(0x00007f0cfd4cc000,0x00007f0cfd6cd000)]
  0x00007f0d440da800 JavaThread "Inactive RequestProcessor thread [Was:System clipboard synchronizer/org.netbeans.NbClipboard$GetContents]" daemon [_thread_blocked, id=5484, stack(0x00007f0cfd6cd000,0x00007f0cfd8ce000)]
  0x00007f0d440d8000 JavaThread "Inactive RequestProcessor thread [Was:OpenIDE-request-processor-1/org.netbeans.core.startup.preferences.NbPreferences$1]" daemon [_thread_blocked, id=5483, stack(0x00007f0cfd8ce000,0x00007f0cfdacf000)]
  0x00000000013e7000 JavaThread "Inactive RequestProcessor thread [Was:Code Completion/org.netbeans.spi.editor.completion.support.AsyncCompletionTask]" daemon [_thread_blocked, id=5482, stack(0x00007f0cfdacf000,0x00007f0cfdcd0000)]
  0x00007f0d24b38800 JavaThread "Inactive RequestProcessor thread [Was:org.netbeans.modules.editor.errorstripe.AnnotationView/org.netbeans.modules.editor.errorstripe.AnnotationView$RepaintTask]" daemon [_thread_blocked, id=5481, stack(0x00007f0cfdcd0000,0x00007f0cfded1000)]
  0x00007f0d440d6000 JavaThread "Inactive RequestProcessor thread [Was:Folder recognizer/org.openide.loaders.FolderList$ListTask]" daemon [_thread_blocked, id=5480, stack(0x00007f0cfded1000,0x00007f0cfe0d2000)]
  0x00007f0d440d5000 JavaThread "Inactive RequestProcessor thread [Was:Project UI/org.netbeans.modules.project.ui.ProjectsRootNode$BadgingNode]" daemon [_thread_blocked, id=5479, stack(0x00007f0cfe0d2000,0x00007f0cfe2d3000)]
  0x00007f0d440c9800 JavaThread "Inactive RequestProcessor thread [Was:org.netbeans.modules.versioning.core.VcsVisibilityQueryImplementation/org.netbeans.modules.versioning.core.VcsVisibilityQueryImplementation$RefreshTask]" daemon [_thread_blocked, id=5478, stack(0x00007f0cfe2d3000,0x00007f0cfe4d4000)]
  0x00000000013e4000 JavaThread "Inactive RequestProcessor thread [Was:System clipboard synchronizer/org.netbeans.NbClipboard$GetContents]" daemon [_thread_blocked, id=5477, stack(0x00007f0cfe6d5000,0x00007f0cfe8d6000)]
  0x00007f0d3800a800 JavaThread "Inactive RequestProcessor thread [Was:TimedSoftReference/org.openide.util.TimedSoftReference]" daemon [_thread_blocked, id=5476, stack(0x00007f0cfe4d4000,0x00007f0cfe6d5000)]
  0x00007f0d4c009800 JavaThread "DestroyJavaVM" [_thread_blocked, id=5434, stack(0x00007f0d53f53000,0x00007f0d54154000)]
  0x00007f0d005ec000 JavaThread "TimerQueue" daemon [_thread_blocked, id=5472, stack(0x00007f0cfebdb000,0x00007f0cfeddc000)]
  0x00007f0d005cf000 JavaThread "Framework Event Dispatcher" daemon [_thread_blocked, id=5469, stack(0x00007f0cfeddc000,0x00007f0cfefdd000)]
  0x00007f0d005c3000 JavaThread "Deadlock Detector" [_thread_blocked, id=5468, stack(0x00007f0cfefdd000,0x00007f0cff1de000)]
  0x00007f0d00596000 JavaThread "Thread-3" daemon [_thread_blocked, id=5467, stack(0x00007f0cff3e7000,0x00007f0cff5e8000)]
  0x00007f0d4002d800 JavaThread "File Watcher" daemon [_thread_in_native, id=5465, stack(0x00007f0cff5e8000,0x00007f0cff7e9000)]
  0x00007f0d004a5000 JavaThread "Inactive RequestProcessor thread [Was:Folder Instance Processor/org.openide.loaders.FolderInstance$1R]" daemon [_thread_blocked, id=5464, stack(0x00007f0cff9fd000,0x00007f0cffbfe000)]
  0x00007f0d004a3000 JavaThread "Inactive RequestProcessor thread [Was:Code Completion/org.netbeans.spi.editor.completion.support.AsyncCompletionTask]" daemon [_thread_blocked, id=5463, stack(0x00007f0cffbfe000,0x00007f0cffdff000)]
  0x00007f0d00494000 JavaThread "Inactive RequestProcessor thread [Was:Code Completion/org.netbeans.spi.editor.completion.support.AsyncCompletionTask]" daemon [_thread_blocked, id=5462, stack(0x00007f0cffdff000,0x00007f0d00000000)]
  0x00007f0d00488800 JavaThread "Editor Parsing Loop (20150619-debian-8.0.2)" daemon [_thread_blocked, id=5461, stack(0x00007f0d040e5000,0x00007f0d042e6000)]
  0x00007f0d00488000 JavaThread "Inactive RequestProcessor thread [Was:SelectionAwareJavaSourceTaskFactory worker/org.netbeans.api.java.source.support.SelectionAwareJavaSourceTaskFactory$ComponentListener$1]" daemon [_thread_blocked, id=5460, stack(0x00007f0d042e6000,0x00007f0d044e7000)]
  0x00007f0d00499000 JavaThread "State Data Manager" daemon [_thread_blocked, id=5459, stack(0x00007f0d044e7000,0x00007f0d046e8000)]
  0x00007f0d00467000 JavaThread "Framework Active Thread" [_thread_blocked, id=5458, stack(0x00007f0d046e8000,0x00007f0d048e9000)]
=>0x00007f0d28003000 JavaThread "Thread-1" [_thread_in_native, id=5456, stack(0x00007f0d04e2c000,0x00007f0d0562d000)]
  0x00007f0d0010f000 JavaThread "AWT-EventQueue-1" [_thread_in_vm, id=5457, stack(0x00007f0d04c2b000,0x00007f0d04e2c000)]
  0x00007f0d000cf000 JavaThread "AWT-EventQueue-0" [_thread_blocked, id=5455, stack(0x00007f0d0562d000,0x00007f0d0582e000)]
  0x00007f0d000c9000 JavaThread "AWT-Shutdown" [_thread_blocked, id=5454, stack(0x00007f0d0582e000,0x00007f0d05a2f000)]
  0x00007f0d000a1000 JavaThread "process reaper" daemon [_thread_blocked, id=5453, stack(0x00007f0d200f5000,0x00007f0d2012e000)]
  0x00007f0d0009f000 JavaThread "AWT-XAWT" daemon [_thread_in_native, id=5451, stack(0x00007f0d0db73000,0x00007f0d0dd74000)]
  0x00007f0d0007c800 JavaThread "Java2D Disposer" daemon [_thread_blocked, id=5450, stack(0x00007f0d0e185000,0x00007f0d0e386000)]
  0x00007f0d0002a800 JavaThread "RequestProcessor queue manager" daemon [_thread_blocked, id=5449, stack(0x00007f0d0e9f6000,0x00007f0d0ebf7000)]
  0x00007f0d4c21d800 JavaThread "Inactive RequestProcessor thread [Was:System clipboard synchronizer/org.netbeans.NbClipboard$GetContents]" daemon [_thread_blocked, id=5447, stack(0x00007f0d0edf8000,0x00007f0d0eff9000)]
  0x00007f0d4c1e6000 JavaThread "CLI Requests Server" daemon [_thread_in_native, id=5446, stack(0x00007f0d20163000,0x00007f0d20364000)]
  0x00007f0d4c1b4800 JavaThread "Active Reference Queue Daemon" daemon [_thread_blocked, id=5445, stack(0x00007f0d2233c000,0x00007f0d2253d000)]
  0x00007f0d4c0a9800 JavaThread "Service Thread" daemon [_thread_blocked, id=5443, stack(0x00007f0d481ba000,0x00007f0d483bb000)]
  0x00007f0d4c0a7000 JavaThread "C2 CompilerThread1" daemon [_thread_in_native, id=5442, stack(0x00007f0d483bb000,0x00007f0d484bc000)]
  0x00007f0d4c0a4800 JavaThread "C2 CompilerThread0" daemon [_thread_in_native, id=5441, stack(0x00007f0d484bc000,0x00007f0d485bd000)]
  0x00007f0d4c0a2000 JavaThread "Signal Dispatcher" daemon [_thread_blocked, id=5440, stack(0x00007f0d485bd000,0x00007f0d487be000)]
  0x00007f0d4c077000 JavaThread "Finalizer" daemon [_thread_blocked, id=5439, stack(0x00007f0d48947000,0x00007f0d48b48000)]
  0x00007f0d4c075000 JavaThread "Reference Handler" daemon [_thread_blocked, id=5438, stack(0x00007f0d48b48000,0x00007f0d48d49000)]

Other Threads:
  0x00007f0d4c070800 VMThread [stack: 0x00007f0d48d49000,0x00007f0d48e4a000] [id=5437]
  0x00007f0d4c0b4800 WatcherThread [stack: 0x00007f0d480b9000,0x00007f0d481ba000] [id=5444]

VM state:not at safepoint (normal execution)

VM Mutex/Monitor currently owned by a thread: None

Heap
 PSYoungGen      total 245248K, used 137932K [0x00000000ef880000, 0x0000000100000000, 0x0000000100000000)
  eden space 223744K, 61% used [0x00000000ef880000,0x00000000f7f333e0,0x00000000fd300000)
  from space 21504K, 0% used [0x00000000feb00000,0x00000000feb00000,0x0000000100000000)
  to   space 23040K, 0% used [0x00000000fd300000,0x00000000fd300000,0x00000000fe980000)
 ParOldGen       total 99328K, used 60500K [0x00000000cea00000, 0x00000000d4b00000, 0x00000000ef880000)
  object space 99328K, 60% used [0x00000000cea00000,0x00000000d25150a8,0x00000000d4b00000)
 PSPermGen       total 122880K, used 73530K [0x00000000b6a00000, 0x00000000be200000, 0x00000000cea00000)
  object space 122880K, 59% used [0x00000000b6a00000,0x00000000bb1ceb48,0x00000000be200000)

Card table byte_map: [0x00007f0d504b7000,0x00007f0d50703000] byte_map_base: 0x00007f0d4ff02000

Polling page: 0x00007f0d56626000

Code Cache  [0x00007f0d50703000, 0x00007f0d50c63000, 0x00007f0d53703000)
 total_blobs=2290 nmethods=1528 adapters=715 free_code_cache=43790Kb largest_free_block=44743552

Compilation events (10 events):
Event: 31.457 Thread 0x00007f0d4c0a4800 1840             javax.swing.text.html.parser.DTD::getElement (52 bytes)
Event: 31.458 Thread 0x00007f0d4c0a4800 nmethod 1840 0x00007f0d50c47990 code [0x00007f0d50c47ae0, 0x00007f0d50c47bc8]
Event: 31.458 Thread 0x00007f0d4c0a4800 1841             javax.swing.text.html.parser.Parser::getBlockStartPosition (11 bytes)
Event: 31.458 Thread 0x00007f0d4c0a4800 nmethod 1841 0x00007f0d50c36250 code [0x00007f0d50c36380, 0x00007f0d50c363d8]
Event: 31.465 Thread 0x00007f0d4c0a4800 1842             javax.swing.text.html.parser.DTD::elementExists (26 bytes)
Event: 31.466 Thread 0x00007f0d4c0a4800 nmethod 1842 0x00007f0d50c33590 code [0x00007f0d50c33700, 0x00007f0d50c338e8]
Event: 31.466 Thread 0x00007f0d4c0a4800 1843             javax.swing.text.html.parser.Parser::parseTag (1656 bytes)
Event: 31.482 Thread 0x00007f0d4c0a7000 1844   !         org.netbeans.JarClassLoader$JarSource::readClass (20 bytes)
Event: 31.598 Thread 0x00007f0d4c0a4800 nmethod 1843 0x00007f0d50c4ded0 code [0x00007f0d50c4e920, 0x00007f0d50c52aa0]
Event: 31.598 Thread 0x00007f0d4c0a4800 1845             com.sun.tools.javac.util.SharedNameTable::fromUtf (174 bytes)

GC Heap History (10 events):
Event: 17.094 GC heap before
{Heap before GC invocations=13 (full 1):
 PSYoungGen      total 243200K, used 237582K [0x00000000ef880000, 0x0000000100000000, 0x0000000100000000)
  eden space 229376K, 100% used [0x00000000ef880000,0x00000000fd880000,0x00000000fd880000)
  from space 13824K, 59% used [0x00000000fd880000,0x00000000fe083870,0x00000000fe600000)
  to   space 13824K, 0% used [0x00000000ff280000,0x00000000ff280000,0x0000000100000000)
 ParOldGen       total 54784K, used 32039K [0x00000000cea00000, 0x00000000d1f80000, 0x00000000ef880000)
  object space 54784K, 58% used [0x00000000cea00000,0x00000000d0949d60,0x00000000d1f80000)
 PSPermGen       total 93184K, used 59757K [0x00000000b6a00000, 0x00000000bc500000, 0x00000000cea00000)
  object space 93184K, 64% used [0x00000000b6a00000,0x00000000ba45b5f8,0x00000000bc500000)
Event: 17.155 GC heap after
Heap after GC invocations=13 (full 1):
 PSYoungGen      total 242688K, used 13821K [0x00000000ef880000, 0x0000000100000000, 0x0000000100000000)
  eden space 228864K, 0% used [0x00000000ef880000,0x00000000ef880000,0x00000000fd800000)
  from space 13824K, 99% used [0x00000000ff280000,0x00000000fffff4b0,0x0000000100000000)
  to   space 20480K, 0% used [0x00000000fd800000,0x00000000fd800000,0x00000000fec00000)
 ParOldGen       total 54784K, used 44002K [0x00000000cea00000, 0x00000000d1f80000, 0x00000000ef880000)
  object space 54784K, 80% used [0x00000000cea00000,0x00000000d14f88e8,0x00000000d1f80000)
 PSPermGen       total 93184K, used 59757K [0x00000000b6a00000, 0x00000000bc500000, 0x00000000cea00000)
  object space 93184K, 64% used [0x00000000b6a00000,0x00000000ba45b5f8,0x00000000bc500000)
}
Event: 17.155 GC heap before
{Heap before GC invocations=14 (full 2):
 PSYoungGen      total 242688K, used 13821K [0x00000000ef880000, 0x0000000100000000, 0x0000000100000000)
  eden space 228864K, 0% used [0x00000000ef880000,0x00000000ef880000,0x00000000fd800000)
  from space 13824K, 99% used [0x00000000ff280000,0x00000000fffff4b0,0x0000000100000000)
  to   space 20480K, 0% used [0x00000000fd800000,0x00000000fd800000,0x00000000fec00000)
 ParOldGen       total 54784K, used 44002K [0x00000000cea00000, 0x00000000d1f80000, 0x00000000ef880000)
  object space 54784K, 80% used [0x00000000cea00000,0x00000000d14f88e8,0x00000000d1f80000)
 PSPermGen       total 93184K, used 59757K [0x00000000b6a00000, 0x00000000bc500000, 0x00000000cea00000)
  object space 93184K, 64% used [0x00000000b6a00000,0x00000000ba45b5f8,0x00000000bc500000)
Event: 17.459 GC heap after
Heap after GC invocations=14 (full 2):
 PSYoungGen      total 242688K, used 0K [0x00000000ef880000, 0x0000000100000000, 0x0000000100000000)
  eden space 228864K, 0% used [0x00000000ef880000,0x00000000ef880000,0x00000000fd800000)
  from space 13824K, 0% used [0x00000000ff280000,0x00000000ff280000,0x0000000100000000)
  to   space 20480K, 0% used [0x00000000fd800000,0x00000000fd800000,0x00000000fec00000)
 ParOldGen       total 77824K, used 47648K [0x00000000cea00000, 0x00000000d3600000, 0x00000000ef880000)
  object space 77824K, 61% used [0x00000000cea00000,0x00000000d18880f8,0x00000000d3600000)
 PSPermGen       total 114688K, used 59747K [0x00000000b6a00000, 0x00000000bda00000, 0x00000000cea00000)
  object space 114688K, 52% used [0x00000000b6a00000,0x00000000ba458c18,0x00000000bda00000)
}
Event: 21.526 GC heap before
{Heap before GC invocations=15 (full 2):
 PSYoungGen      total 242688K, used 228864K [0x00000000ef880000, 0x0000000100000000, 0x0000000100000000)
  eden space 228864K, 100% used [0x00000000ef880000,0x00000000fd800000,0x00000000fd800000)
  from space 13824K, 0% used [0x00000000ff280000,0x00000000ff280000,0x0000000100000000)
  to   space 20480K, 0% used [0x00000000fd800000,0x00000000fd800000,0x00000000fec00000)
 ParOldGen       total 77824K, used 47648K [0x00000000cea00000, 0x00000000d3600000, 0x00000000ef880000)
  object space 77824K, 61% used [0x00000000cea00000,0x00000000d18880f8,0x00000000d3600000)
 PSPermGen       total 114688K, used 69181K [0x00000000b6a00000, 0x00000000bda00000, 0x00000000cea00000)
  object space 114688K, 60% used [0x00000000b6a00000,0x00000000bad8f6f8,0x00000000bda00000)
Event: 21.553 GC heap after
Heap after GC invocations=15 (full 2):
 PSYoungGen      total 248320K, used 19377K [0x00000000ef880000, 0x0000000100000000, 0x0000000100000000)
  eden space 228864K, 0% used [0x00000000ef880000,0x00000000ef880000,0x00000000fd800000)
  from space 19456K, 99% used [0x00000000fd800000,0x00000000feaec578,0x00000000feb00000)
  to   space 21504K, 0% used [0x00000000feb00000,0x00000000feb00000,0x0000000100000000)
 ParOldGen       total 77824K, used 47648K [0x00000000cea00000, 0x00000000d3600000, 0x00000000ef880000)
  object space 77824K, 61% used [0x00000000cea00000,0x00000000d18880f8,0x00000000d3600000)
 PSPermGen       total 114688K, used 69181K [0x00000000b6a00000, 0x00000000bda00000, 0x00000000cea00000)
  object space 114688K, 60% used [0x00000000b6a00000,0x00000000bad8f6f8,0x00000000bda00000)
}
Event: 22.496 GC heap before
{Heap before GC invocations=16 (full 2):
 PSYoungGen      total 248320K, used 248241K [0x00000000ef880000, 0x0000000100000000, 0x0000000100000000)
  eden space 228864K, 100% used [0x00000000ef880000,0x00000000fd800000,0x00000000fd800000)
  from space 19456K, 99% used [0x00000000fd800000,0x00000000feaec578,0x00000000feb00000)
  to   space 21504K, 0% used [0x00000000feb00000,0x00000000feb00000,0x0000000100000000)
 ParOldGen       total 77824K, used 47648K [0x00000000cea00000, 0x00000000d3600000, 0x00000000ef880000)
  object space 77824K, 61% used [0x00000000cea00000,0x00000000d18880f8,0x00000000d3600000)
 PSPermGen       total 114688K, used 69361K [0x00000000b6a00000, 0x00000000bda00000, 0x00000000cea00000)
  object space 114688K, 60% used [0x00000000b6a00000,0x00000000badbc750,0x00000000bda00000)
Event: 22.534 GC heap after
Heap after GC invocations=16 (full 2):
 PSYoungGen      total 245248K, used 12885K [0x00000000ef880000, 0x0000000100000000, 0x0000000100000000)
  eden space 223744K, 0% used [0x00000000ef880000,0x00000000ef880000,0x00000000fd300000)
  from space 21504K, 59% used [0x00000000feb00000,0x00000000ff795760,0x0000000100000000)
  to   space 23040K, 0% used [0x00000000fd300000,0x00000000fd300000,0x00000000fe980000)
 ParOldGen       total 77824K, used 66017K [0x00000000cea00000, 0x00000000d3600000, 0x00000000ef880000)
  object space 77824K, 84% used [0x00000000cea00000,0x00000000d2a787e8,0x00000000d3600000)
 PSPermGen       total 114688K, used 69361K [0x00000000b6a00000, 0x00000000bda00000, 0x00000000cea00000)
  object space 114688K, 60% used [0x00000000b6a00000,0x00000000badbc750,0x00000000bda00000)
}
Event: 22.534 GC heap before
{Heap before GC invocations=17 (full 3):
 PSYoungGen      total 245248K, used 12885K [0x00000000ef880000, 0x0000000100000000, 0x0000000100000000)
  eden space 223744K, 0% used [0x00000000ef880000,0x00000000ef880000,0x00000000fd300000)
  from space 21504K, 59% used [0x00000000feb00000,0x00000000ff795760,0x0000000100000000)
  to   space 23040K, 0% used [0x00000000fd300000,0x00000000fd300000,0x00000000fe980000)
 ParOldGen       total 77824K, used 66017K [0x00000000cea00000, 0x00000000d3600000, 0x00000000ef880000)
  object space 77824K, 84% used [0x00000000cea00000,0x00000000d2a787e8,0x00000000d3600000)
 PSPermGen       total 114688K, used 69361K [0x00000000b6a00000, 0x00000000bda00000, 0x00000000cea00000)
  object space 114688K, 60% used [0x00000000b6a00000,0x00000000badbc750,0x00000000bda00000)
Event: 23.010 GC heap after
Heap after GC invocations=17 (full 3):
 PSYoungGen      total 245248K, used 0K [0x00000000ef880000, 0x0000000100000000, 0x0000000100000000)
  eden space 223744K, 0% used [0x00000000ef880000,0x00000000ef880000,0x00000000fd300000)
  from space 21504K, 0% used [0x00000000feb00000,0x00000000feb00000,0x0000000100000000)
  to   space 23040K, 0% used [0x00000000fd300000,0x00000000fd300000,0x00000000fe980000)
 ParOldGen       total 99328K, used 60500K [0x00000000cea00000, 0x00000000d4b00000, 0x00000000ef880000)
  object space 99328K, 60% used [0x00000000cea00000,0x00000000d25150a8,0x00000000d4b00000)
 PSPermGen       total 122880K, used 69355K [0x00000000b6a00000, 0x00000000be200000, 0x00000000cea00000)
  object space 122880K, 56% used [0x00000000b6a00000,0x00000000badbad00,0x00000000be200000)
}

Deoptimization events (10 events):
Event: 27.807 Thread 0x00007f0d00488800 Uncommon trap: reason=class_check action=maybe_recompile pc=0x00007f0d50bf5a0c method=com.sun.tools.javac.parser.JavaTokenizer.readToken()Lcom/sun/tools/javac/parser/Tokens$Token; @ 1540
Event: 29.215 Thread 0x00007f0d00488800 Uncommon trap: reason=class_check action=maybe_recompile pc=0x00007f0d50bf5a0c method=com.sun.tools.javac.parser.JavaTokenizer.readToken()Lcom/sun/tools/javac/parser/Tokens$Token; @ 1540
Event: 30.732 Thread 0x00007f0d00488800 Uncommon trap: reason=class_check action=maybe_recompile pc=0x00007f0d50bf5a0c method=com.sun.tools.javac.parser.JavaTokenizer.readToken()Lcom/sun/tools/javac/parser/Tokens$Token; @ 1540
Event: 30.942 Thread 0x00007f0d00488800 Uncommon trap: reason=unstable_if action=reinterpret pc=0x00007f0d50c17070 method=org.netbeans.modules.java.hints.spiimpl.pm.NFABasedBulkSearch.normalizeInput(Lcom/sun/source/tree/Tree;[Z[Lorg/netbeans/modules/java/hints/spiimpl/pm/NFABasedBulkSearch$Inpu
Event: 31.361 Thread 0x00007f0d004a3000 Uncommon trap: reason=unstable_if action=reinterpret pc=0x00007f0d5088c014 method=com.sun.tools.javac.parser.JavacParser$SimpleEndPosTable.storeEnd(Lcom/sun/tools/javac/tree/JCTree;I)V @ 59
Event: 31.361 Thread 0x00007f0d004a3000 Uncommon trap: reason=unstable_if action=reinterpret pc=0x00007f0d5088c9cc method=com.sun.tools.javac.parser.JavacParser$SimpleEndPosTable.storeEnd(Lcom/sun/tools/javac/tree/JCTree;I)V @ 59
Event: 31.378 Thread 0x00007f0d004a3000 Uncommon trap: reason=unstable_if action=reinterpret pc=0x00007f0d509844b8 method=com.sun.tools.javac.parser.JavacParser$SimpleEndPosTable.storeEnd(Lcom/sun/tools/javac/tree/JCTree;I)V @ 59
Event: 31.378 Thread 0x00007f0d004a3000 Uncommon trap: reason=unstable_if action=reinterpret pc=0x00007f0d50c05b58 method=com.sun.tools.javac.parser.JavacParser$SimpleEndPosTable.storeEnd(Lcom/sun/tools/javac/tree/JCTree;I)V @ 59
Event: 31.524 Thread 0x00000000013e7000 Uncommon trap: reason=unstable_if action=reinterpret pc=0x00007f0d50bfb2d0 method=com.sun.tools.javac.util.Context.get(Lcom/sun/tools/javac/util/Context$Key;)Ljava/lang/Object; @ 22
Event: 31.602 Thread 0x00007f0d0010f000 Uncommon trap: reason=unstable_if action=reinterpret pc=0x00007f0d50beb82c method=org.GNOME.Accessibility.AtkWrapper$3.propertyChange(Ljava/beans/PropertyChangeEvent;)V @ 163

Internal exceptions (10 events):
Event: 31.497 Thread 0x00000000013e7000 Threw 0x00000000f7bdec10 at /build/openjdk-7-1Vhfz6/openjdk-7-7u85-2.6.1/build/openjdk/hotspot/src/share/vm/prims/jni.cpp:721
Event: 31.498 Thread 0x00000000013e7000 Threw 0x00000000f7bf2af0 at /build/openjdk-7-1Vhfz6/openjdk-7-7u85-2.6.1/build/openjdk/hotspot/src/share/vm/prims/jni.cpp:721
Event: 31.498 Thread 0x00000000013e7000 Threw 0x00000000f7bf6450 at /build/openjdk-7-1Vhfz6/openjdk-7-7u85-2.6.1/build/openjdk/hotspot/src/share/vm/prims/jni.cpp:721
Event: 31.509 Thread 0x00000000013e7000 Threw 0x00000000f7c21e08 at /build/openjdk-7-1Vhfz6/openjdk-7-7u85-2.6.1/build/openjdk/hotspot/src/share/vm/prims/jni.cpp:721
Event: 31.511 Thread 0x00000000013e7000 Threw 0x00000000f7c46d40 at /build/openjdk-7-1Vhfz6/openjdk-7-7u85-2.6.1/build/openjdk/hotspot/src/share/vm/prims/jni.cpp:721
Event: 31.512 Thread 0x00000000013e7000 Threw 0x00000000f7c5f2b0 at /build/openjdk-7-1Vhfz6/openjdk-7-7u85-2.6.1/build/openjdk/hotspot/src/share/vm/prims/jni.cpp:721
Event: 31.528 Thread 0x00000000013e7000 Threw 0x00000000f7d540f8 at /build/openjdk-7-1Vhfz6/openjdk-7-7u85-2.6.1/build/openjdk/hotspot/src/share/vm/prims/jvm.cpp:1322
Event: 31.528 Thread 0x00000000013e7000 Threw 0x00000000f7d550c8 at /build/openjdk-7-1Vhfz6/openjdk-7-7u85-2.6.1/build/openjdk/hotspot/src/share/vm/prims/jvm.cpp:1322
Event: 31.529 Thread 0x00000000013e7000 Threw 0x00000000f7d63690 at /build/openjdk-7-1Vhfz6/openjdk-7-7u85-2.6.1/build/openjdk/hotspot/src/share/vm/prims/jvm.cpp:1322
Event: 31.529 Thread 0x00000000013e7000 Threw 0x00000000f7d64768 at /build/openjdk-7-1Vhfz6/openjdk-7-7u85-2.6.1/build/openjdk/hotspot/src/share/vm/prims/jvm.cpp:1322

Events (10 events):
Event: 31.557 Executing VM operation: RevokeBias done
Event: 31.602 Thread 0x00007f0d0010f000 Uncommon trap: trap_request=0xffffff75 fr.pc=0x00007f0d50beb82c
Event: 31.602 Thread 0x00007f0d0010f000 DEOPT PACKING pc=0x00007f0d50beb82c sp=0x00007f0d04e29450
Event: 31.602 Thread 0x00007f0d0010f000 DEOPT UNPACKING pc=0x00007f0d5073c045 sp=0x00007f0d04e293e8 mode 2
Event: 31.602 Executing VM operation: RevokeBias
Event: 31.602 Executing VM operation: RevokeBias done
Event: 31.603 Executing VM operation: RevokeBias
Event: 31.603 Executing VM operation: RevokeBias done
Event: 31.603 Executing VM operation: BulkRevokeBias
Event: 31.603 Executing VM operation: BulkRevokeBias done


Dynamic libraries:
00400000-00401000 r-xp 00000000 fe:01 27270572                           /usr/lib/jvm/java-7-openjdk-amd64/jre/bin/java
00600000-00601000 r--p 00000000 fe:01 27270572                           /usr/lib/jvm/java-7-openjdk-amd64/jre/bin/java
00601000-00602000 rw-p 00001000 fe:01 27270572                           /usr/lib/jvm/java-7-openjdk-amd64/jre/bin/java
013c7000-01409000 rw-p 00000000 00:00 0                                  [heap]
b6a00000-be200000 rw-p 00000000 00:00 0 
be200000-cea00000 rw-p 00000000 00:00 0 
cea00000-d4b00000 rw-p 00000000 00:00 0 
d4b00000-ef880000 rw-p 00000000 00:00 0 
ef880000-100000000 rw-p 00000000 00:00 0 
7f0cfd4cc000-7f0cfd4cf000 ---p 00000000 00:00 0 
7f0cfd4cf000-7f0cfd6cd000 rw-p 00000000 00:00 0                          [stack:5485]
7f0cfd6cd000-7f0cfd6d0000 ---p 00000000 00:00 0 
7f0cfd6d0000-7f0cfd8ce000 rw-p 00000000 00:00 0                          [stack:5484]
7f0cfd8ce000-7f0cfd8d1000 ---p 00000000 00:00 0 
7f0cfd8d1000-7f0cfdacf000 rw-p 00000000 00:00 0                          [stack:5483]
7f0cfdacf000-7f0cfdad2000 ---p 00000000 00:00 0 
7f0cfdad2000-7f0cfdcd0000 rw-p 00000000 00:00 0                          [stack:5482]
7f0cfdcd0000-7f0cfdcd3000 ---p 00000000 00:00 0 
7f0cfdcd3000-7f0cfded1000 rw-p 00000000 00:00 0                          [stack:5481]
7f0cfded1000-7f0cfded4000 ---p 00000000 00:00 0 
7f0cfded4000-7f0cfe0d2000 rw-p 00000000 00:00 0                          [stack:5480]
7f0cfe0d2000-7f0cfe0d5000 ---p 00000000 00:00 0 
7f0cfe0d5000-7f0cfe2d3000 rw-p 00000000 00:00 0                          [stack:5479]
7f0cfe2d3000-7f0cfe2d6000 ---p 00000000 00:00 0 
7f0cfe2d6000-7f0cfe4d4000 rw-p 00000000 00:00 0                          [stack:5478]
7f0cfe4d4000-7f0cfe4d7000 ---p 00000000 00:00 0 
7f0cfe4d7000-7f0cfe6d5000 rw-p 00000000 00:00 0                          [stack:5476]
7f0cfe6d5000-7f0cfe6d8000 ---p 00000000 00:00 0 
7f0cfe6d8000-7f0cfe8d6000 rw-p 00000000 00:00 0                          [stack:5477]
7f0cfe9da000-7f0cfe9dd000 ---p 00000000 00:00 0 
7f0cfe9dd000-7f0cfebdb000 rw-p 00000000 00:00 0                          [stack:5487]
7f0cfebdb000-7f0cfebde000 ---p 00000000 00:00 0 
7f0cfebde000-7f0cfeddc000 rw-p 00000000 00:00 0                          [stack:5472]
7f0cfeddc000-7f0cfeddf000 ---p 00000000 00:00 0 
7f0cfeddf000-7f0cfefdd000 rw-p 00000000 00:00 0                          [stack:5469]
7f0cfefdd000-7f0cfefe0000 ---p 00000000 00:00 0 
7f0cfefe0000-7f0cff1de000 rw-p 00000000 00:00 0                          [stack:5468]
7f0cff1de000-7f0cff1e6000 r-xp 00000000 fe:01 28051277                   /usr/lib/jvm/java-7-openjdk-amd64/jre/lib/amd64/libmanagement.so
7f0cff1e6000-7f0cff3e5000 ---p 00008000 fe:01 28051277                   /usr/lib/jvm/java-7-openjdk-amd64/jre/lib/amd64/libmanagement.so
7f0cff3e5000-7f0cff3e6000 r--p 00007000 fe:01 28051277                   /usr/lib/jvm/java-7-openjdk-amd64/jre/lib/amd64/libmanagement.so
7f0cff3e6000-7f0cff3e7000 rw-p 00008000 fe:01 28051277                   /usr/lib/jvm/java-7-openjdk-amd64/jre/lib/amd64/libmanagement.so
7f0cff3e7000-7f0cff3ea000 ---p 00000000 00:00 0 
7f0cff3ea000-7f0cff5e8000 rw-p 00000000 00:00 0                          [stack:5467]
7f0cff5e8000-7f0cff5eb000 ---p 00000000 00:00 0 
7f0cff5eb000-7f0cff7e9000 rw-p 00000000 00:00 0                          [stack:5465]
7f0cff7e9000-7f0cff7fc000 r-xp 00000000 fe:01 28319713                   /usr/lib/x86_64-linux-gnu/jni/libjnidispatch.so
7f0cff7fc000-7f0cff9fb000 ---p 00013000 fe:01 28319713                   /usr/lib/x86_64-linux-gnu/jni/libjnidispatch.so
7f0cff9fb000-7f0cff9fc000 r--p 00012000 fe:01 28319713                   /usr/lib/x86_64-linux-gnu/jni/libjnidispatch.so
7f0cff9fc000-7f0cff9fd000 rw-p 00013000 fe:01 28319713                   /usr/lib/x86_64-linux-gnu/jni/libjnidispatch.so
7f0cff9fd000-7f0cffa00000 ---p 00000000 00:00 0 
7f0cffa00000-7f0cffbfe000 rw-p 00000000 00:00 0                          [stack:5464]
7f0cffbfe000-7f0cffc01000 ---p 00000000 00:00 0 
7f0cffc01000-7f0cffdff000 rw-p 00000000 00:00 0                          [stack:5463]
7f0cffdff000-7f0cffe02000 ---p 00000000 00:00 0 
7f0cffe02000-7f0d00000000 rw-p 00000000 00:00 0                          [stack:5462]
7f0d00000000-7f0d005fd000 rw-p 00000000 00:00 0 
7f0d005fd000-7f0d04000000 ---p 00000000 00:00 0 
7f0d040e5000-7f0d040e8000 ---p 00000000 00:00 0 
7f0d040e8000-7f0d042e6000 rw-p 00000000 00:00 0                          [stack:5461]
7f0d042e6000-7f0d042e9000 ---p 00000000 00:00 0 
7f0d042e9000-7f0d044e7000 rw-p 00000000 00:00 0                          [stack:5460]
7f0d044e7000-7f0d044ea000 ---p 00000000 00:00 0 
7f0d044ea000-7f0d046e8000 rw-p 00000000 00:00 0                          [stack:5459]
7f0d046e8000-7f0d046eb000 ---p 00000000 00:00 0 
7f0d046eb000-7f0d048e9000 rw-p 00000000 00:00 0                          [stack:5458]
7f0d048e9000-7f0d049d6000 r--s 00000000 fe:01 20317592                   /home/NotSimon/.cache/netbeans/8.0.2/all-layers.dat
7f0d049d6000-7f0d04a28000 r-xp 00000000 fe:01 28051258                   /usr/lib/jvm/java-7-openjdk-amd64/jre/lib/amd64/libfontmanager.so
7f0d04a28000-7f0d04c28000 ---p 00052000 fe:01 28051258                   /usr/lib/jvm/java-7-openjdk-amd64/jre/lib/amd64/libfontmanager.so
7f0d04c28000-7f0d04c2a000 r--p 00052000 fe:01 28051258                   /usr/lib/jvm/java-7-openjdk-amd64/jre/lib/amd64/libfontmanager.so
7f0d04c2a000-7f0d04c2b000 rw-p 00054000 fe:01 28051258                   /usr/lib/jvm/java-7-openjdk-amd64/jre/lib/amd64/libfontmanager.so
7f0d04c2b000-7f0d04c2e000 ---p 00000000 00:00 0 
7f0d04c2e000-7f0d04e2c000 rw-p 00000000 00:00 0                          [stack:5457]
7f0d04e2c000-7f0d04e2f000 ---p 00000000 00:00 0 
7f0d04e2f000-7f0d0562d000 rw-p 00000000 00:00 0                          [stack:5456]
7f0d0562d000-7f0d05630000 ---p 00000000 00:00 0 
7f0d05630000-7f0d0582e000 rw-p 00000000 00:00 0                          [stack:5455]
7f0d0582e000-7f0d05831000 ---p 00000000 00:00 0 
7f0d05831000-7f0d05a2f000 rw-p 00000000 00:00 0                          [stack:5454]
7f0d05a2f000-7f0d05a49000 r-xp 00000000 fe:01 25173032                   /usr/lib/x86_64-linux-gnu/libgraphite2.so.3.0.1
7f0d05a49000-7f0d05c48000 ---p 0001a000 fe:01 25173032                   /usr/lib/x86_64-linux-gnu/libgraphite2.so.3.0.1
7f0d05c48000-7f0d05c4a000 r--p 00019000 fe:01 25173032                   /usr/lib/x86_64-linux-gnu/libgraphite2.so.3.0.1
7f0d05c4a000-7f0d05c4b000 rw-p 0001b000 fe:01 25173032                   /usr/lib/x86_64-linux-gnu/libgraphite2.so.3.0.1
7f0d05c4b000-7f0d05c51000 r-xp 00000000 fe:01 25173026                   /usr/lib/x86_64-linux-gnu/libdatrie.so.1.3.2
7f0d05c51000-7f0d05e51000 ---p 00006000 fe:01 25173026                   /usr/lib/x86_64-linux-gnu/libdatrie.so.1.3.2
7f0d05e51000-7f0d05e52000 r--p 00006000 fe:01 25173026                   /usr/lib/x86_64-linux-gnu/libdatrie.so.1.3.2
7f0d05e52000-7f0d05e53000 rw-p 00007000 fe:01 25173026                   /usr/lib/x86_64-linux-gnu/libdatrie.so.1.3.2
7f0d05e53000-7f0d05eb0000 r-xp 00000000 fe:01 25173036                   /usr/lib/x86_64-linux-gnu/libharfbuzz.so.0.10000.1
7f0d05eb0000-7f0d060b0000 ---p 0005d000 fe:01 25173036                   /usr/lib/x86_64-linux-gnu/libharfbuzz.so.0.10000.1
7f0d060b0000-7f0d060b1000 r--p 0005d000 fe:01 25173036                   /usr/lib/x86_64-linux-gnu/libharfbuzz.so.0.10000.1
7f0d060b1000-7f0d060b2000 rw-p 0005e000 fe:01 25173036                   /usr/lib/x86_64-linux-gnu/libharfbuzz.so.0.10000.1
7f0d060b2000-7f0d060bb000 r-xp 00000000 fe:01 25172996                   /usr/lib/x86_64-linux-gnu/libxcb-render.so.0.0.0
7f0d060bb000-7f0d062ba000 ---p 00009000 fe:01 25172996                   /usr/lib/x86_64-linux-gnu/libxcb-render.so.0.0.0
7f0d062ba000-7f0d062bb000 r--p 00008000 fe:01 25172996                   /usr/lib/x86_64-linux-gnu/libxcb-render.so.0.0.0
7f0d062bb000-7f0d062bc000 rw-p 00009000 fe:01 25172996                   /usr/lib/x86_64-linux-gnu/libxcb-render.so.0.0.0
7f0d062bc000-7f0d062be000 r-xp 00000000 fe:01 25172998                   /usr/lib/x86_64-linux-gnu/libxcb-shm.so.0.0.0
7f0d062be000-7f0d064be000 ---p 00002000 fe:01 25172998                   /usr/lib/x86_64-linux-gnu/libxcb-shm.so.0.0.0
7f0d064be000-7f0d064bf000 r--p 00002000 fe:01 25172998                   /usr/lib/x86_64-linux-gnu/libxcb-shm.so.0.0.0
7f0d064bf000-7f0d064c0000 rw-p 00003000 fe:01 25172998                   /usr/lib/x86_64-linux-gnu/libxcb-shm.so.0.0.0
7f0d064c0000-7f0d06565000 r-xp 00000000 fe:01 25172994                   /usr/lib/x86_64-linux-gnu/libpixman-1.so.0.32.6
7f0d06565000-7f0d06764000 ---p 000a5000 fe:01 25172994                   /usr/lib/x86_64-linux-gnu/libpixman-1.so.0.32.6
7f0d06764000-7f0d0676c000 r--p 000a4000 fe:01 25172994                   /usr/lib/x86_64-linux-gnu/libpixman-1.so.0.32.6
7f0d0676c000-7f0d0676d000 rw-p 000ac000 fe:01 25172994                   /usr/lib/x86_64-linux-gnu/libpixman-1.so.0.32.6
7f0d0676d000-7f0d06775000 r-xp 00000000 fe:01 25173028                   /usr/lib/x86_64-linux-gnu/libthai.so.0.2.2
7f0d06775000-7f0d06974000 ---p 00008000 fe:01 25173028                   /usr/lib/x86_64-linux-gnu/libthai.so.0.2.2
7f0d06974000-7f0d06975000 r--p 00007000 fe:01 25173028                   /usr/lib/x86_64-linux-gnu/libthai.so.0.2.2
7f0d06975000-7f0d06976000 rw-p 00008000 fe:01 25173028                   /usr/lib/x86_64-linux-gnu/libthai.so.0.2.2
7f0d06976000-7f0d0698a000 r-xp 00000000 fe:01 25173038                   /usr/lib/x86_64-linux-gnu/libpangoft2-1.0.so.0.3600.8
7f0d0698a000-7f0d06b8a000 ---p 00014000 fe:01 25173038                   /usr/lib/x86_64-linux-gnu/libpangoft2-1.0.so.0.3600.8
7f0d06b8a000-7f0d06b8b000 r--p 00014000 fe:01 25173038                   /usr/lib/x86_64-linux-gnu/libpangoft2-1.0.so.0.3600.8
7f0d06b8b000-7f0d06b8c000 rw-p 00015000 fe:01 25173038                   /usr/lib/x86_64-linux-gnu/libpangoft2-1.0.so.0.3600.8
7f0d06b8c000-7f0d06c72000 r-xp 00000000 fe:01 25176258                   /usr/lib/x86_64-linux-gnu/libepoxy.so.0.0.0
7f0d06c72000-7f0d06e72000 ---p 000e6000 fe:01 25176258                   /usr/lib/x86_64-linux-gnu/libepoxy.so.0.0.0
7f0d06e72000-7f0d06e79000 r--p 000e6000 fe:01 25176258                   /usr/lib/x86_64-linux-gnu/libepoxy.so.0.0.0
7f0d06e79000-7f0d06e80000 rw-p 000ed000 fe:01 25176258                   /usr/lib/x86_64-linux-gnu/libepoxy.so.0.0.0
7f0d06e80000-7f0d06e8c000 r-xp 00000000 fe:01 25173456                   /usr/lib/x86_64-linux-gnu/libwayland-client.so.0.3.0
7f0d06e8c000-7f0d0708b000 ---p 0000c000 fe:01 25173456                   /usr/lib/x86_64-linux-gnu/libwayland-client.so.0.3.0
7f0d0708b000-7f0d0708e000 r--p 0000b000 fe:01 25173456                   /usr/lib/x86_64-linux-gnu/libwayland-client.so.0.3.0
7f0d0708e000-7f0d0708f000 rw-p 0000e000 fe:01 25173456                   /usr/lib/x86_64-linux-gnu/libwayland-client.so.0.3.0
7f0d0708f000-7f0d07090000 r-xp 00000000 fe:01 25173477                   /usr/lib/x86_64-linux-gnu/libwayland-egl.so.1.0.0
7f0d07090000-7f0d0728f000 ---p 00001000 fe:01 25173477                   /usr/lib/x86_64-linux-gnu/libwayland-egl.so.1.0.0
7f0d0728f000-7f0d07290000 r--p 00000000 fe:01 25173477                   /usr/lib/x86_64-linux-gnu/libwayland-egl.so.1.0.0
7f0d07290000-7f0d07291000 rw-p 00001000 fe:01 25173477                   /usr/lib/x86_64-linux-gnu/libwayland-egl.so.1.0.0
7f0d07291000-7f0d07295000 r-xp 00000000 fe:01 25173458                   /usr/lib/x86_64-linux-gnu/libwayland-cursor.so.0.0.0
7f0d07295000-7f0d07494000 ---p 00004000 fe:01 25173458                   /usr/lib/x86_64-linux-gnu/libwayland-cursor.so.0.0.0
7f0d07494000-7f0d07495000 r--p 00003000 fe:01 25173458                   /usr/lib/x86_64-linux-gnu/libwayland-cursor.so.0.0.0
7f0d07495000-7f0d07499000 rw-p 00004000 fe:01 25173458                   /usr/lib/x86_64-linux-gnu/libwayland-cursor.so.0.0.0
7f0d07499000-7f0d074d6000 r-xp 00000000 fe:01 25173479                   /usr/lib/x86_64-linux-gnu/libxkbcommon.so.0.0.0
7f0d074d6000-7f0d076d6000 ---p 0003d000 fe:01 25173479                   /usr/lib/x86_64-linux-gnu/libxkbcommon.so.0.0.0
7f0d076d6000-7f0d076d8000 r--p 0003d000 fe:01 25173479                   /usr/lib/x86_64-linux-gnu/libxkbcommon.so.0.0.0
7f0d076d8000-7f0d076d9000 rw-p 0003f000 fe:01 25173479                   /usr/lib/x86_64-linux-gnu/libxkbcommon.so.0.0.0
7f0d076d9000-7f0d076db000 r-xp 00000000 fe:01 25173318                   /usr/lib/x86_64-linux-gnu/libXdamage.so.1.1.0
7f0d076db000-7f0d078da000 ---p 00002000 fe:01 25173318                   /usr/lib/x86_64-linux-gnu/libXdamage.so.1.1.0
7f0d078da000-7f0d078db000 r--p 00001000 fe:01 25173318                   /usr/lib/x86_64-linux-gnu/libXdamage.so.1.1.0
7f0d078db000-7f0d078dc000 rw-p 00002000 fe:01 25173318                   /usr/lib/x86_64-linux-gnu/libXdamage.so.1.1.0
7f0d078dc000-7f0d078de000 r-xp 00000000 fe:01 25173312                   /usr/lib/x86_64-linux-gnu/libXcomposite.so.1.0.0
7f0d078de000-7f0d07add000 ---p 00002000 fe:01 25173312                   /usr/lib/x86_64-linux-gnu/libXcomposite.so.1.0.0
7f0d07add000-7f0d07ade000 r--p 00001000 fe:01 25173312                   /usr/lib/x86_64-linux-gnu/libXcomposite.so.1.0.0
7f0d07ade000-7f0d07adf000 rw-p 00002000 fe:01 25173312                   /usr/lib/x86_64-linux-gnu/libXcomposite.so.1.0.0
7f0d07adf000-7f0d07ae9000 r-xp 00000000 fe:01 25173324                   /usr/lib/x86_64-linux-gnu/libXrandr.so.2.2.0
7f0d07ae9000-7f0d07ce8000 ---p 0000a000 fe:01 25173324                   /usr/lib/x86_64-linux-gnu/libXrandr.so.2.2.0
7f0d07ce8000-7f0d07ce9000 r--p 00009000 fe:01 25173324                   /usr/lib/x86_64-linux-gnu/libXrandr.so.2.2.0
7f0d07ce9000-7f0d07cea000 rw-p 0000a000 fe:01 25173324                   /usr/lib/x86_64-linux-gnu/libXrandr.so.2.2.0
7f0d07cea000-7f0d07dfa000 r-xp 00000000 fe:01 25173004                   /usr/lib/x86_64-linux-gnu/libcairo.so.2.11400.2
7f0d07dfa000-7f0d07ffa000 ---p 00110000 fe:01 25173004                   /usr/lib/x86_64-linux-gnu/libcairo.so.2.11400.2
7f0d07ffa000-7f0d07ffd000 r--p 00110000 fe:01 25173004                   /usr/lib/x86_64-linux-gnu/libcairo.so.2.11400.2
7f0d07ffd000-7f0d07ffe000 rw-p 00113000 fe:01 25173004                   /usr/lib/x86_64-linux-gnu/libcairo.so.2.11400.2
7f0d07ffe000-7f0d08000000 rw-p 00000000 00:00 0 
7f0d08000000-7f0d0805e000 rw-p 00000000 00:00 0 
7f0d0805e000-7f0d0c000000 ---p 00000000 00:00 0 
7f0d0c03d000-7f0d0c048000 r--s 00000000 fe:01 19137055                   /var/cache/fontconfig/945677eb7aeaf62f1d50efc3fb3ec7d8-le64.cache-4
7f0d0c048000-7f0d0c04f000 r--s 00000000 fe:01 19137068                   /var/cache/fontconfig/3047814df9a2f067bd2d96a2b9c36e5a-le64.cache-4
7f0d0c04f000-7f0d0c059000 r--s 00000000 fe:01 19137067                   /var/cache/fontconfig/3f7329c5293ffd510edef78f73874cfd-le64.cache-4
7f0d0c0ca000-7f0d0c0cc000 r-xp 00000000 fe:01 25173322                   /usr/lib/x86_64-linux-gnu/libXinerama.so.1.0.0
7f0d0c0cc000-7f0d0c2cb000 ---p 00002000 fe:01 25173322                   /usr/lib/x86_64-linux-gnu/libXinerama.so.1.0.0
7f0d0c2cb000-7f0d0c2cc000 r--p 00001000 fe:01 25173322                   /usr/lib/x86_64-linux-gnu/libXinerama.so.1.0.0
7f0d0c2cc000-7f0d0c2cd000 rw-p 00002000 fe:01 25173322                   /usr/lib/x86_64-linux-gnu/libXinerama.so.1.0.0
7f0d0c2cd000-7f0d0c2d3000 r-xp 00000000 fe:01 25173451                   /usr/lib/x86_64-linux-gnu/libcairo-gobject.so.2.11400.2
7f0d0c2d3000-7f0d0c4d3000 ---p 00006000 fe:01 25173451                   /usr/lib/x86_64-linux-gnu/libcairo-gobject.so.2.11400.2
7f0d0c4d3000-7f0d0c4d5000 r--p 00006000 fe:01 25173451                   /usr/lib/x86_64-linux-gnu/libcairo-gobject.so.2.11400.2
7f0d0c4d5000-7f0d0c4d6000 rw-p 00008000 fe:01 25173451                   /usr/lib/x86_64-linux-gnu/libcairo-gobject.so.2.11400.2
7f0d0c4d6000-7f0d0c4f7000 r-xp 00000000 fe:01 25172982                   /usr/lib/x86_64-linux-gnu/libgdk_pixbuf-2.0.so.0.3100.5
7f0d0c4f7000-7f0d0c6f6000 ---p 00021000 fe:01 25172982                   /usr/lib/x86_64-linux-gnu/libgdk_pixbuf-2.0.so.0.3100.5
7f0d0c6f6000-7f0d0c6f7000 r--p 00020000 fe:01 25172982                   /usr/lib/x86_64-linux-gnu/libgdk_pixbuf-2.0.so.0.3100.5
7f0d0c6f7000-7f0d0c6f8000 rw-p 00021000 fe:01 25172982                   /usr/lib/x86_64-linux-gnu/libgdk_pixbuf-2.0.so.0.3100.5
7f0d0c6f8000-7f0d0c743000 r-xp 00000000 fe:01 25173030                   /usr/lib/x86_64-linux-gnu/libpango-1.0.so.0.3600.8
7f0d0c743000-7f0d0c943000 ---p 0004b000 fe:01 25173030                   /usr/lib/x86_64-linux-gnu/libpango-1.0.so.0.3600.8
7f0d0c943000-7f0d0c945000 r--p 0004b000 fe:01 25173030                   /usr/lib/x86_64-linux-gnu/libpango-1.0.so.0.3600.8
7f0d0c945000-7f0d0c946000 rw-p 0004d000 fe:01 25173030                   /usr/lib/x86_64-linux-gnu/libpango-1.0.so.0.3600.8
7f0d0c946000-7f0d0c952000 r-xp 00000000 fe:01 25173040                   /usr/lib/x86_64-linux-gnu/libpangocairo-1.0.so.0.3600.8
7f0d0c952000-7f0d0cb51000 ---p 0000c000 fe:01 25173040                   /usr/lib/x86_64-linux-gnu/libpangocairo-1.0.so.0.3600.8
7f0d0cb51000-7f0d0cb52000 r--p 0000b000 fe:01 25173040                   /usr/lib/x86_64-linux-gnu/libpangocairo-1.0.so.0.3600.8
7f0d0cb52000-7f0d0cb53000 rw-p 0000c000 fe:01 25173040                   /usr/lib/x86_64-linux-gnu/libpangocairo-1.0.so.0.3600.8
7f0d0cb53000-7f0d0cc14000 r-xp 00000000 fe:01 25173824                   /usr/lib/x86_64-linux-gnu/libgdk-3.so.0.1600.6
7f0d0cc14000-7f0d0ce13000 ---p 000c1000 fe:01 25173824                   /usr/lib/x86_64-linux-gnu/libgdk-3.so.0.1600.6
7f0d0ce13000-7f0d0ce18000 r--p 000c0000 fe:01 25173824                   /usr/lib/x86_64-linux-gnu/libgdk-3.so.0.1600.6
7f0d0ce18000-7f0d0ce1a000 rw-p 000c5000 fe:01 25173824                   /usr/lib/x86_64-linux-gnu/libgdk-3.so.0.1600.6
7f0d0ce1a000-7f0d0ce1b000 rw-p 00000000 00:00 0 
7f0d0ce1b000-7f0d0cecb000 r-xp 00000000 fe:01 25173386                   /usr/lib/x86_64-linux-gnu/libgdk-x11-2.0.so.0.2400.28
7f0d0cecb000-7f0d0d0cb000 ---p 000b0000 fe:01 25173386                   /usr/lib/x86_64-linux-gnu/libgdk-x11-2.0.so.0.2400.28
7f0d0d0cb000-7f0d0d0cf000 r--p 000b0000 fe:01 25173386                   /usr/lib/x86_64-linux-gnu/libgdk-x11-2.0.so.0.2400.28
7f0d0d0cf000-7f0d0d0d1000 rw-p 000b4000 fe:01 25173386                   /usr/lib/x86_64-linux-gnu/libgdk-x11-2.0.so.0.2400.28
7f0d0d0d1000-7f0d0d0d2000 r-xp 00000000 fe:01 25172875                   /usr/lib/x86_64-linux-gnu/libgthread-2.0.so.0.4400.1
7f0d0d0d2000-7f0d0d2d1000 ---p 00001000 fe:01 25172875                   /usr/lib/x86_64-linux-gnu/libgthread-2.0.so.0.4400.1
7f0d0d2d1000-7f0d0d2d2000 r--p 00000000 fe:01 25172875                   /usr/lib/x86_64-linux-gnu/libgthread-2.0.so.0.4400.1
7f0d0d2d2000-7f0d0d2d3000 rw-p 00001000 fe:01 25172875                   /usr/lib/x86_64-linux-gnu/libgthread-2.0.so.0.4400.1
7f0d0d2d3000-7f0d0d300000 r-xp 00000000 fe:01 25173447                   /usr/lib/x86_64-linux-gnu/libatspi.so.0.0.1
7f0d0d300000-7f0d0d4ff000 ---p 0002d000 fe:01 25173447                   /usr/lib/x86_64-linux-gnu/libatspi.so.0.0.1
7f0d0d4ff000-7f0d0d503000 r--p 0002c000 fe:01 25173447                   /usr/lib/x86_64-linux-gnu/libatspi.so.0.0.1
7f0d0d503000-7f0d0d504000 rw-p 00030000 fe:01 25173447                   /usr/lib/x86_64-linux-gnu/libatspi.so.0.0.1
7f0d0d504000-7f0d0d530000 r-xp 00000000 fe:01 25173449                   /usr/lib/x86_64-linux-gnu/libatk-bridge-2.0.so.0.0.0
7f0d0d530000-7f0d0d730000 ---p 0002c000 fe:01 25173449                   /usr/lib/x86_64-linux-gnu/libatk-bridge-2.0.so.0.0.0
7f0d0d730000-7f0d0d731000 r--p 0002c000 fe:01 25173449                   /usr/lib/x86_64-linux-gnu/libatk-bridge-2.0.so.0.0.0
7f0d0d731000-7f0d0d733000 rw-p 0002d000 fe:01 25173449                   /usr/lib/x86_64-linux-gnu/libatk-bridge-2.0.so.0.0.0
7f0d0d733000-7f0d0d756000 r-xp 00000000 fe:01 25173154                   /usr/lib/x86_64-linux-gnu/libatk-1.0.so.0.21609.1
7f0d0d756000-7f0d0d955000 ---p 00023000 fe:01 25173154                   /usr/lib/x86_64-linux-gnu/libatk-1.0.so.0.21609.1
7f0d0d955000-7f0d0d958000 r--p 00022000 fe:01 25173154                   /usr/lib/x86_64-linux-gnu/libatk-1.0.so.0.21609.1
7f0d0d958000-7f0d0d959000 rw-p 00025000 fe:01 25173154                   /usr/lib/x86_64-linux-gnu/libatk-1.0.so.0.21609.1
7f0d0d959000-7f0d0d972000 r-xp 00000000 fe:01 28312107                   /usr/lib/x86_64-linux-gnu/jni/libatk-wrapper.so.1.2.22
7f0d0d972000-7f0d0db72000 ---p 00019000 fe:01 28312107                   /usr/lib/x86_64-linux-gnu/jni/libatk-wrapper.so.1.2.22
7f0d0db72000-7f0d0db73000 rw-p 00019000 fe:01 28312107                   /usr/lib/x86_64-linux-gnu/jni/libatk-wrapper.so.1.2.22
7f0d0db73000-7f0d0db76000 ---p 00000000 00:00 0 
7f0d0db76000-7f0d0dd74000 rw-p 00000000 00:00 0                          [stack:5451]
7f0d0dd74000-7f0d0dd79000 r-xp 00000000 fe:01 25173314                   /usr/lib/x86_64-linux-gnu/libXfixes.so.3.1.0
7f0d0dd79000-7f0d0df78000 ---p 00005000 fe:01 25173314                   /usr/lib/x86_64-linux-gnu/libXfixes.so.3.1.0
7f0d0df78000-7f0d0df79000 r--p 00004000 fe:01 25173314                   /usr/lib/x86_64-linux-gnu/libXfixes.so.3.1.0
7f0d0df79000-7f0d0df7a000 rw-p 00005000 fe:01 25173314                   /usr/lib/x86_64-linux-gnu/libXfixes.so.3.1.0
7f0d0df7a000-7f0d0df84000 r-xp 00000000 fe:01 25173316                   /usr/lib/x86_64-linux-gnu/libXcursor.so.1.0.2
7f0d0df84000-7f0d0e183000 ---p 0000a000 fe:01 25173316                   /usr/lib/x86_64-linux-gnu/libXcursor.so.1.0.2
7f0d0e183000-7f0d0e184000 r--p 00009000 fe:01 25173316                   /usr/lib/x86_64-linux-gnu/libXcursor.so.1.0.2
7f0d0e184000-7f0d0e185000 rw-p 0000a000 fe:01 25173316                   /usr/lib/x86_64-linux-gnu/libXcursor.so.1.0.2
7f0d0e185000-7f0d0e188000 ---p 00000000 00:00 0 
7f0d0e188000-7f0d0e386000 rw-p 00000000 00:00 0                          [stack:5450]
7f0d0e386000-7f0d0e38e000 r-xp 00000000 fe:01 25191538                   /usr/lib/x86_64-linux-gnu/libgif.so.4.1.6
7f0d0e38e000-7f0d0e58d000 ---p 00008000 fe:01 25191538                   /usr/lib/x86_64-linux-gnu/libgif.so.4.1.6
7f0d0e58d000-7f0d0e58e000 r--p 00007000 fe:01 25191538                   /usr/lib/x86_64-linux-gnu/libgif.so.4.1.6
7f0d0e58e000-7f0d0e58f000 rw-p 00008000 fe:01 25191538                   /usr/lib/x86_64-linux-gnu/libgif.so.4.1.6
7f0d0e58f000-7f0d0e5e7000 r-xp 00000000 fe:01 25172882                   /usr/lib/x86_64-linux-gnu/libjpeg.so.62.1.0
7f0d0e5e7000-7f0d0e7e6000 ---p 00058000 fe:01 25172882                   /usr/lib/x86_64-linux-gnu/libjpeg.so.62.1.0
7f0d0e7e6000-7f0d0e7e7000 r--p 00057000 fe:01 25172882                   /usr/lib/x86_64-linux-gnu/libjpeg.so.62.1.0
7f0d0e7e7000-7f0d0e7e8000 rw-p 00058000 fe:01 25172882                   /usr/lib/x86_64-linux-gnu/libjpeg.so.62.1.0
7f0d0e7e8000-7f0d0e7f2000 r-xp 00000000 fe:01 28051290                   /usr/lib/jvm/java-7-openjdk-amd64/jre/lib/amd64/libsplashscreen.so
7f0d0e7f2000-7f0d0e9f1000 ---p 0000a000 fe:01 28051290                   /usr/lib/jvm/java-7-openjdk-amd64/jre/lib/amd64/libsplashscreen.so
7f0d0e9f1000-7f0d0e9f2000 r--p 00009000 fe:01 28051290                   /usr/lib/jvm/java-7-openjdk-amd64/jre/lib/amd64/libsplashscreen.so
7f0d0e9f2000-7f0d0e9f3000 rw-p 0000a000 fe:01 28051290                   /usr/lib/jvm/java-7-openjdk-amd64/jre/lib/amd64/libsplashscreen.so
7f0d0e9f3000-7f0d0e9f6000 rw-p 00000000 00:00 0 
7f0d0e9f6000-7f0d0e9f9000 ---p 00000000 00:00 0 
7f0d0e9f9000-7f0d0ebf7000 rw-p 00000000 00:00 0                          [stack:5449]
7f0d0ebf7000-7f0d0ebfa000 ---p 00000000 00:00 0 
7f0d0ebfa000-7f0d0edf8000 rw-p 00000000 00:00 0 
7f0d0edf8000-7f0d0edfb000 ---p 00000000 00:00 0 
7f0d0edfb000-7f0d0eff9000 rw-p 00000000 00:00 0                          [stack:5447]
7f0d0eff9000-7f0d0effd000 r-xp 00000000 fe:01 26738716                   /lib/x86_64-linux-gnu/libattr.so.1.1.0
7f0d0effd000-7f0d0f1fc000 ---p 00004000 fe:01 26738716                   /lib/x86_64-linux-gnu/libattr.so.1.1.0
7f0d0f1fc000-7f0d0f1fd000 r--p 00003000 fe:01 26738716                   /lib/x86_64-linux-gnu/libattr.so.1.1.0
7f0d0f1fd000-7f0d0f1fe000 rw-p 00004000 fe:01 26738716                   /lib/x86_64-linux-gnu/libattr.so.1.1.0
7f0d0f1fe000-7f0d0f20f000 r-xp 00000000 fe:01 26739147                   /lib/x86_64-linux-gnu/libgpg-error.so.0.16.0
7f0d0f20f000-7f0d0f40f000 ---p 00011000 fe:01 26739147                   /lib/x86_64-linux-gnu/libgpg-error.so.0.16.0
7f0d0f40f000-7f0d0f410000 r--p 00011000 fe:01 26739147                   /lib/x86_64-linux-gnu/libgpg-error.so.0.16.0
7f0d0f410000-7f0d0f411000 rw-p 00012000 fe:01 26739147                   /lib/x86_64-linux-gnu/libgpg-error.so.0.16.0
7f0d0f411000-7f0d0f415000 r-xp 00000000 fe:01 26742022                   /lib/x86_64-linux-gnu/libcap.so.2.24
7f0d0f415000-7f0d0f615000 ---p 00004000 fe:01 26742022                   /lib/x86_64-linux-gnu/libcap.so.2.24
7f0d0f615000-7f0d0f616000 r--p 00004000 fe:01 26742022                   /lib/x86_64-linux-gnu/libcap.so.2.24
7f0d0f616000-7f0d0f617000 rw-p 00005000 fe:01 26742022                   /lib/x86_64-linux-gnu/libcap.so.2.24
7f0d0f617000-7f0d0f6ef000 r-xp 00000000 fe:01 26738759                   /lib/x86_64-linux-gnu/libgcrypt.so.20.0.3
7f0d0f6ef000-7f0d0f8ef000 ---p 000d8000 fe:01 26738759                   /lib/x86_64-linux-gnu/libgcrypt.so.20.0.3
7f0d0f8ef000-7f0d0f8f0000 r--p 000d8000 fe:01 26738759                   /lib/x86_64-linux-gnu/libgcrypt.so.20.0.3
7f0d0f8f0000-7f0d0f8f9000 rw-p 000d9000 fe:01 26738759                   /lib/x86_64-linux-gnu/libgcrypt.so.20.0.3
7f0d0f8f9000-7f0d0f947000 r-xp 00000000 fe:01 26738887                   /lib/x86_64-linux-gnu/libdbus-1.so.3.14.3
7f0d0f947000-7f0d0fb46000 ---p 0004e000 fe:01 26738887                   /lib/x86_64-linux-gnu/libdbus-1.so.3.14.3
7f0d0fb46000-7f0d0fb48000 r--p 0004d000 fe:01 26738887                   /lib/x86_64-linux-gnu/libdbus-1.so.3.14.3
7f0d0fb48000-7f0d0fb49000 rw-p 0004f000 fe:01 26738887                   /lib/x86_64-linux-gnu/libdbus-1.so.3.14.3
7f0d0fb49000-7f0d0fbca000 r-xp 00000000 fe:01 25170652                   /usr/lib/x86_64-linux-gnu/libgmp.so.10.2.0
7f0d0fbca000-7f0d0fdca000 ---p 00081000 fe:01 25170652                   /usr/lib/x86_64-linux-gnu/libgmp.so.10.2.0
7f0d0fdca000-7f0d0fdcb000 r--p 00081000 fe:01 25170652                   /usr/lib/x86_64-linux-gnu/libgmp.so.10.2.0
7f0d0fdcb000-7f0d0fdcc000 rw-p 00082000 fe:01 25170652                   /usr/lib/x86_64-linux-gnu/libgmp.so.10.2.0
7f0d0fdcc000-7f0d0fdfe000 r-xp 00000000 fe:01 25170187                   /usr/lib/x86_64-linux-gnu/libhogweed.so.4.1
7f0d0fdfe000-7f0d0fffe000 ---p 00032000 fe:01 25170187                   /usr/lib/x86_64-linux-gnu/libhogweed.so.4.1
7f0d0fffe000-7f0d0ffff000 r--p 00032000 fe:01 25170187                   /usr/lib/x86_64-linux-gnu/libhogweed.so.4.1
7f0d0ffff000-7f0d10000000 rw-p 00033000 fe:01 25170187                   /usr/lib/x86_64-linux-gnu/libhogweed.so.4.1
7f0d10000000-7f0d10021000 rw-p 00000000 00:00 0 
7f0d10021000-7f0d14000000 ---p 00000000 00:00 0 
7f0d14004000-7f0d1400f000 r--s 00000000 fe:01 19137054                   /var/cache/fontconfig/d589a48862398ed80a3d6066f4f56f4c-le64.cache-4
7f0d1400f000-7f0d14031000 r-xp 00000000 fe:01 26738771                   /lib/x86_64-linux-gnu/liblzma.so.5.0.0
7f0d14031000-7f0d14230000 ---p 00022000 fe:01 26738771                   /lib/x86_64-linux-gnu/liblzma.so.5.0.0
7f0d14230000-7f0d14231000 r--p 00021000 fe:01 26738771                   /lib/x86_64-linux-gnu/liblzma.so.5.0.0
7f0d14231000-7f0d14232000 rw-p 00022000 fe:01 26738771                   /lib/x86_64-linux-gnu/liblzma.so.5.0.0
7f0d14232000-7f0d14267000 r-xp 00000000 fe:01 25170679                   /usr/lib/x86_64-linux-gnu/libnettle.so.6.1
7f0d14267000-7f0d14466000 ---p 00035000 fe:01 25170679                   /usr/lib/x86_64-linux-gnu/libnettle.so.6.1
7f0d14466000-7f0d14468000 r--p 00034000 fe:01 25170679                   /usr/lib/x86_64-linux-gnu/libnettle.so.6.1
7f0d14468000-7f0d14469000 rw-p 00036000 fe:01 25170679                   /usr/lib/x86_64-linux-gnu/libnettle.so.6.1
7f0d14469000-7f0d1447a000 r-xp 00000000 fe:01 25170492                   /usr/lib/x86_64-linux-gnu/libtasn1.so.6.4.2
7f0d1447a000-7f0d1467a000 ---p 00011000 fe:01 25170492                   /usr/lib/x86_64-linux-gnu/libtasn1.so.6.4.2
7f0d1467a000-7f0d1467b000 r--p 00011000 fe:01 25170492                   /usr/lib/x86_64-linux-gnu/libtasn1.so.6.4.2
7f0d1467b000-7f0d1467c000 rw-p 00012000 fe:01 25170492                   /usr/lib/x86_64-linux-gnu/libtasn1.so.6.4.2
7f0d1467c000-7f0d146d6000 r-xp 00000000 fe:01 25167434                   /usr/lib/x86_64-linux-gnu/libp11-kit.so.0.1.0
7f0d146d6000-7f0d148d6000 ---p 0005a000 fe:01 25167434                   /usr/lib/x86_64-linux-gnu/libp11-kit.so.0.1.0
7f0d148d6000-7f0d148e0000 r--p 0005a000 fe:01 25167434                   /usr/lib/x86_64-linux-gnu/libp11-kit.so.0.1.0
7f0d148e0000-7f0d148e2000 rw-p 00064000 fe:01 25167434                   /usr/lib/x86_64-linux-gnu/libp11-kit.so.0.1.0
7f0d148e2000-7f0d148e5000 r-xp 00000000 fe:01 26738875                   /lib/x86_64-linux-gnu/libkeyutils.so.1.5
7f0d148e5000-7f0d14ae4000 ---p 00003000 fe:01 26738875                   /lib/x86_64-linux-gnu/libkeyutils.so.1.5
7f0d14ae4000-7f0d14ae5000 r--p 00002000 fe:01 26738875                   /lib/x86_64-linux-gnu/libkeyutils.so.1.5
7f0d14ae5000-7f0d14ae6000 rw-p 00003000 fe:01 26738875                   /lib/x86_64-linux-gnu/libkeyutils.so.1.5
7f0d14ae6000-7f0d14af1000 r-xp 00000000 fe:01 25172762                   /usr/lib/x86_64-linux-gnu/libkrb5support.so.0.1
7f0d14af1000-7f0d14cf0000 ---p 0000b000 fe:01 25172762                   /usr/lib/x86_64-linux-gnu/libkrb5support.so.0.1
7f0d14cf0000-7f0d14cf1000 r--p 0000a000 fe:01 25172762                   /usr/lib/x86_64-linux-gnu/libkrb5support.so.0.1
7f0d14cf1000-7f0d14cf2000 rw-p 0000b000 fe:01 25172762                   /usr/lib/x86_64-linux-gnu/libkrb5support.so.0.1
7f0d14cf2000-7f0d14cf5000 r-xp 00000000 fe:01 26738778                   /lib/x86_64-linux-gnu/libcom_err.so.2.1
7f0d14cf5000-7f0d14ef4000 ---p 00003000 fe:01 26738778                   /lib/x86_64-linux-gnu/libcom_err.so.2.1
7f0d14ef4000-7f0d14ef5000 r--p 00002000 fe:01 26738778                   /lib/x86_64-linux-gnu/libcom_err.so.2.1
7f0d14ef5000-7f0d14ef6000 rw-p 00003000 fe:01 26738778                   /lib/x86_64-linux-gnu/libcom_err.so.2.1
7f0d14ef6000-7f0d14f24000 r-xp 00000000 fe:01 25172764                   /usr/lib/x86_64-linux-gnu/libk5crypto.so.3.1
7f0d14f24000-7f0d15123000 ---p 0002e000 fe:01 25172764                   /usr/lib/x86_64-linux-gnu/libk5crypto.so.3.1
7f0d15123000-7f0d15126000 r--p 0002d000 fe:01 25172764                   /usr/lib/x86_64-linux-gnu/libk5crypto.so.3.1
7f0d15126000-7f0d15127000 rw-p 00030000 fe:01 25172764                   /usr/lib/x86_64-linux-gnu/libk5crypto.so.3.1
7f0d15127000-7f0d15128000 rw-p 00000000 00:00 0 
7f0d15128000-7f0d151ef000 r-xp 00000000 fe:01 25172766                   /usr/lib/x86_64-linux-gnu/libkrb5.so.3.3
7f0d151ef000-7f0d153ef000 ---p 000c7000 fe:01 25172766                   /usr/lib/x86_64-linux-gnu/libkrb5.so.3.3
7f0d153ef000-7f0d153fd000 r--p 000c7000 fe:01 25172766                   /usr/lib/x86_64-linux-gnu/libkrb5.so.3.3
7f0d153fd000-7f0d15400000 rw-p 000d5000 fe:01 25172766                   /usr/lib/x86_64-linux-gnu/libkrb5.so.3.3
7f0d15400000-7f0d15405000 r-xp 00000000 fe:01 25172895                   /usr/lib/x86_64-linux-gnu/libXdmcp.so.6.0.0
7f0d15405000-7f0d15604000 ---p 00005000 fe:01 25172895                   /usr/lib/x86_64-linux-gnu/libXdmcp.so.6.0.0
7f0d15604000-7f0d15605000 r--p 00004000 fe:01 25172895                   /usr/lib/x86_64-linux-gnu/libXdmcp.so.6.0.0
7f0d15605000-7f0d15606000 rw-p 00005000 fe:01 25172895                   /usr/lib/x86_64-linux-gnu/libXdmcp.so.6.0.0
7f0d15606000-7f0d15609000 r-xp 00000000 fe:01 25172893                   /usr/lib/x86_64-linux-gnu/libXau.so.6.0.0
7f0d15609000-7f0d15808000 ---p 00003000 fe:01 25172893                   /usr/lib/x86_64-linux-gnu/libXau.so.6.0.0
7f0d15808000-7f0d15809000 r--p 00002000 fe:01 25172893                   /usr/lib/x86_64-linux-gnu/libXau.so.6.0.0
7f0d15809000-7f0d1580a000 rw-p 00003000 fe:01 25172893                   /usr/lib/x86_64-linux-gnu/libXau.so.6.0.0
7f0d1580a000-7f0d15830000 r-xp 00000000 fe:01 26738882                   /lib/x86_64-linux-gnu/libpng12.so.0.50.0
7f0d15830000-7f0d15a2f000 ---p 00026000 fe:01 26738882                   /lib/x86_64-linux-gnu/libpng12.so.0.50.0
7f0d15a2f000-7f0d15a30000 r--p 00025000 fe:01 26738882                   /lib/x86_64-linux-gnu/libpng12.so.0.50.0
7f0d15a30000-7f0d15a31000 rw-p 00026000 fe:01 26738882                   /lib/x86_64-linux-gnu/libpng12.so.0.50.0
7f0d15a31000-7f0d15a57000 r-xp 00000000 fe:01 26738692                   /lib/x86_64-linux-gnu/libexpat.so.1.6.0
7f0d15a57000-7f0d15c56000 ---p 00026000 fe:01 26738692                   /lib/x86_64-linux-gnu/libexpat.so.1.6.0
7f0d15c56000-7f0d15c59000 r--p 00025000 fe:01 26738692                   /lib/x86_64-linux-gnu/libexpat.so.1.6.0
7f0d15c59000-7f0d15c5a000 rw-p 00028000 fe:01 26738692                   /lib/x86_64-linux-gnu/libexpat.so.1.6.0
7f0d15c5a000-7f0d15c6a000 r-xp 00000000 fe:01 25172760                   /usr/lib/x86_64-linux-gnu/libavahi-client.so.3.2.9
7f0d15c6a000-7f0d15e69000 ---p 00010000 fe:01 25172760                   /usr/lib/x86_64-linux-gnu/libavahi-client.so.3.2.9
7f0d15e69000-7f0d15e6a000 r--p 0000f000 fe:01 25172760                   /usr/lib/x86_64-linux-gnu/libavahi-client.so.3.2.9
7f0d15e6a000-7f0d15e6b000 rw-p 00010000 fe:01 25172760                   /usr/lib/x86_64-linux-gnu/libavahi-client.so.3.2.9
7f0d15e6b000-7f0d15e77000 r-xp 00000000 fe:01 25172757                   /usr/lib/x86_64-linux-gnu/libavahi-common.so.3.5.3
7f0d15e77000-7f0d16076000 ---p 0000c000 fe:01 25172757                   /usr/lib/x86_64-linux-gnu/libavahi-common.so.3.5.3
7f0d16076000-7f0d16077000 r--p 0000b000 fe:01 25172757                   /usr/lib/x86_64-linux-gnu/libavahi-common.so.3.5.3
7f0d16077000-7f0d16078000 rw-p 0000c000 fe:01 25172757                   /usr/lib/x86_64-linux-gnu/libavahi-common.so.3.5.3
7f0d16078000-7f0d1618e000 r-xp 00000000 fe:01 25170938                   /usr/lib/x86_64-linux-gnu/libgnutls-deb0.so.28.41.9
7f0d1618e000-7f0d1638e000 ---p 00116000 fe:01 25170938                   /usr/lib/x86_64-linux-gnu/libgnutls-deb0.so.28.41.9
7f0d1638e000-7f0d16397000 r--p 00116000 fe:01 25170938                   /usr/lib/x86_64-linux-gnu/libgnutls-deb0.so.28.41.9
7f0d16397000-7f0d16399000 rw-p 0011f000 fe:01 25170938                   /usr/lib/x86_64-linux-gnu/libgnutls-deb0.so.28.41.9
7f0d16399000-7f0d1639a000 rw-p 00000000 00:00 0 
7f0d1639a000-7f0d163e1000 r-xp 00000000 fe:01 25172769                   /usr/lib/x86_64-linux-gnu/libgssapi_krb5.so.2.2
7f0d163e1000-7f0d165e0000 ---p 00047000 fe:01 25172769                   /usr/lib/x86_64-linux-gnu/libgssapi_krb5.so.2.2
7f0d165e0000-7f0d165e2000 r--p 00046000 fe:01 25172769                   /usr/lib/x86_64-linux-gnu/libgssapi_krb5.so.2.2
7f0d165e2000-7f0d165e4000 rw-p 00048000 fe:01 25172769                   /usr/lib/x86_64-linux-gnu/libgssapi_krb5.so.2.2
7f0d165e4000-7f0d16605000 r-xp 00000000 fe:01 25172897                   /usr/lib/x86_64-linux-gnu/libxcb.so.1.1.0
7f0d16605000-7f0d16804000 ---p 00021000 fe:01 25172897                   /usr/lib/x86_64-linux-gnu/libxcb.so.1.1.0
7f0d16804000-7f0d16805000 r--p 00020000 fe:01 25172897                   /usr/lib/x86_64-linux-gnu/libxcb.so.1.1.0
7f0d16805000-7f0d16806000 rw-p 00021000 fe:01 25172897                   /usr/lib/x86_64-linux-gnu/libxcb.so.1.1.0
7f0d16806000-7f0d168aa000 r-xp 00000000 fe:01 25172988                   /usr/lib/x86_64-linux-gnu/libfreetype.so.6.11.1
7f0d168aa000-7f0d16aa9000 ---p 000a4000 fe:01 25172988                   /usr/lib/x86_64-linux-gnu/libfreetype.so.6.11.1
7f0d16aa9000-7f0d16ab0000 r--p 000a3000 fe:01 25172988                   /usr/lib/x86_64-linux-gnu/libfreetype.so.6.11.1
7f0d16ab0000-7f0d16ab1000 rw-p 000aa000 fe:01 25172988                   /usr/lib/x86_64-linux-gnu/libfreetype.so.6.11.1
7f0d16ab1000-7f0d16aec000 r-xp 00000000 fe:01 25172991                   /usr/lib/x86_64-linux-gnu/libfontconfig.so.1.8.0
7f0d16aec000-7f0d16ceb000 ---p 0003b000 fe:01 25172991                   /usr/lib/x86_64-linux-gnu/libfontconfig.so.1.8.0
7f0d16ceb000-7f0d16ced000 r--p 0003a000 fe:01 25172991                   /usr/lib/x86_64-linux-gnu/libfontconfig.so.1.8.0
7f0d16ced000-7f0d16cee000 rw-p 0003c000 fe:01 25172991                   /usr/lib/x86_64-linux-gnu/libfontconfig.so.1.8.0
7f0d16cee000-7f0d16d66000 r-xp 00000000 fe:01 25172771                   /usr/lib/x86_64-linux-gnu/libcups.so.2
7f0d16d66000-7f0d16f66000 ---p 00078000 fe:01 25172771                   /usr/lib/x86_64-linux-gnu/libcups.so.2
7f0d16f66000-7f0d16f6e000 r--p 00078000 fe:01 25172771                   /usr/lib/x86_64-linux-gnu/libcups.so.2
7f0d16f6e000-7f0d16f6f000 rw-p 00080000 fe:01 25172771                   /usr/lib/x86_64-linux-gnu/libcups.so.2
7f0d16f6f000-7f0d16f7e000 r-xp 00000000 fe:01 25173320                   /usr/lib/x86_64-linux-gnu/libXi.so.6.1.0
7f0d16f7e000-7f0d1717d000 ---p 0000f000 fe:01 25173320                   /usr/lib/x86_64-linux-gnu/libXi.so.6.1.0
7f0d1717d000-7f0d1717e000 r--p 0000e000 fe:01 25173320                   /usr/lib/x86_64-linux-gnu/libXi.so.6.1.0
7f0d1717e000-7f0d1717f000 rw-p 0000f000 fe:01 25173320                   /usr/lib/x86_64-linux-gnu/libXi.so.6.1.0
7f0d1717f000-7f0d17184000 r-xp 00000000 fe:01 25174154                   /usr/lib/x86_64-linux-gnu/libXtst.so.6.1.0
7f0d17184000-7f0d17383000 ---p 00005000 fe:01 25174154                   /usr/lib/x86_64-linux-gnu/libXtst.so.6.1.0
7f0d17383000-7f0d17384000 r--p 00004000 fe:01 25174154                   /usr/lib/x86_64-linux-gnu/libXtst.so.6.1.0
7f0d17384000-7f0d17385000 rw-p 00005000 fe:01 25174154                   /usr/lib/x86_64-linux-gnu/libXtst.so.6.1.0
7f0d17385000-7f0d1738e000 r-xp 00000000 fe:01 25173002                   /usr/lib/x86_64-linux-gnu/libXrender.so.1.3.0
7f0d1738e000-7f0d1758d000 ---p 00009000 fe:01 25173002                   /usr/lib/x86_64-linux-gnu/libXrender.so.1.3.0
7f0d1758d000-7f0d1758e000 r--p 00008000 fe:01 25173002                   /usr/lib/x86_64-linux-gnu/libXrender.so.1.3.0
7f0d1758e000-7f0d1758f000 rw-p 00009000 fe:01 25173002                   /usr/lib/x86_64-linux-gnu/libXrender.so.1.3.0
7f0d1758f000-7f0d176cb000 r-xp 00000000 fe:01 25172901                   /usr/lib/x86_64-linux-gnu/libX11.so.6.3.0
7f0d176cb000-7f0d178ca000 ---p 0013c000 fe:01 25172901                   /usr/lib/x86_64-linux-gnu/libX11.so.6.3.0
7f0d178ca000-7f0d178cc000 r--p 0013b000 fe:01 25172901                   /usr/lib/x86_64-linux-gnu/libX11.so.6.3.0
7f0d178cc000-7f0d178d1000 rw-p 0013d000 fe:01 25172901                   /usr/lib/x86_64-linux-gnu/libX11.so.6.3.0
7f0d178d1000-7f0d178d2000 rw-p 00000000 00:00 0 
7f0d178d2000-7f0d178e3000 r-xp 00000000 fe:01 25173000                   /usr/lib/x86_64-linux-gnu/libXext.so.6.4.0
7f0d178e3000-7f0d17ae2000 ---p 00011000 fe:01 25173000                   /usr/lib/x86_64-linux-gnu/libXext.so.6.4.0
7f0d17ae2000-7f0d17ae3000 r--p 00010000 fe:01 25173000                   /usr/lib/x86_64-linux-gnu/libXext.so.6.4.0
7f0d17ae3000-7f0d17ae4000 rw-p 00011000 fe:01 25173000                   /usr/lib/x86_64-linux-gnu/libXext.so.6.4.0
7f0d17ae4000-7f0d17b2d000 r-xp 00000000 fe:01 28312115                   /usr/lib/jvm/java-7-openjdk-amd64/jre/lib/amd64/xawt/libmawt.so
7f0d17b2d000-7f0d17d2c000 ---p 00049000 fe:01 28312115                   /usr/lib/jvm/java-7-openjdk-amd64/jre/lib/amd64/xawt/libmawt.so
7f0d17d2c000-7f0d17d2d000 r--p 00048000 fe:01 28312115                   /usr/lib/jvm/java-7-openjdk-amd64/jre/lib/amd64/xawt/libmawt.so
7f0d17d2d000-7f0d17d30000 rw-p 00049000 fe:01 28312115                   /usr/lib/jvm/java-7-openjdk-amd64/jre/lib/amd64/xawt/libmawt.so
7f0d17d30000-7f0d17d31000 rw-p 00000000 00:00 0 
7f0d17d31000-7f0d17dd0000 r-xp 00000000 fe:01 28051256                   /usr/lib/jvm/java-7-openjdk-amd64/jre/lib/amd64/libawt.so
7f0d17dd0000-7f0d17fcf000 ---p 0009f000 fe:01 28051256                   /usr/lib/jvm/java-7-openjdk-amd64/jre/lib/amd64/libawt.so
7f0d17fcf000-7f0d17fd0000 r--p 0009e000 fe:01 28051256                   /usr/lib/jvm/java-7-openjdk-amd64/jre/lib/amd64/libawt.so
7f0d17fd0000-7f0d17fdb000 rw-p 0009f000 fe:01 28051256                   /usr/lib/jvm/java-7-openjdk-amd64/jre/lib/amd64/libawt.so
7f0d17fdb000-7f0d18000000 rw-p 00000000 00:00 0 
7f0d18000000-7f0d182c6000 rw-p 00000000 00:00 0 
7f0d182c6000-7f0d1c000000 ---p 00000000 00:00 0 
7f0d1c000000-7f0d1c094000 rw-p 00000000 00:00 0 
7f0d1c094000-7f0d20000000 ---p 00000000 00:00 0 
7f0d200f5000-7f0d200f8000 ---p 00000000 00:00 0 
7f0d200f8000-7f0d2012e000 rw-p 00000000 00:00 0                          [stack:5453]
7f0d2012e000-7f0d20163000 r--s 00000000 fe:01 19137238                   /var/cache/nscd/hosts
7f0d20163000-7f0d20166000 ---p 00000000 00:00 0 
7f0d20166000-7f0d20364000 rw-p 00000000 00:00 0                          [stack:5446]
7f0d2233c000-7f0d2233f000 ---p 00000000 00:00 0 
7f0d2233f000-7f0d2283e000 rw-p 00000000 00:00 0                          [stack:5445]
7f0d2283e000-7f0d228aa000 r-xp 00000000 fe:01 26738933                   /lib/x86_64-linux-gnu/libpcre.so.3.13.1
7f0d228aa000-7f0d22aaa000 ---p 0006c000 fe:01 26738933                   /lib/x86_64-linux-gnu/libpcre.so.3.13.1
7f0d22aaa000-7f0d22aab000 r--p 0006c000 fe:01 26738933                   /lib/x86_64-linux-gnu/libpcre.so.3.13.1
7f0d22aab000-7f0d22aac000 rw-p 0006d000 fe:01 26738933                   /lib/x86_64-linux-gnu/libpcre.so.3.13.1
7f0d22aac000-7f0d22ab3000 r-xp 00000000 fe:01 25170536                   /usr/lib/x86_64-linux-gnu/libffi.so.6.0.4
7f0d22ab3000-7f0d22cb3000 ---p 00007000 fe:01 25170536                   /usr/lib/x86_64-linux-gnu/libffi.so.6.0.4
7f0d22cb3000-7f0d22cb4000 r--p 00007000 fe:01 25170536                   /usr/lib/x86_64-linux-gnu/libffi.so.6.0.4
7f0d22cb4000-7f0d22cb5000 rw-p 00008000 fe:01 25170536                   /usr/lib/x86_64-linux-gnu/libffi.so.6.0.4
7f0d22cb5000-7f0d22cc9000 r-xp 00000000 fe:01 26742029                   /lib/x86_64-linux-gnu/libresolv-2.19.so
7f0d22cc9000-7f0d22ec8000 ---p 00014000 fe:01 26742029                   /lib/x86_64-linux-gnu/libresolv-2.19.so
7f0d22ec8000-7f0d22ec9000 r--p 00013000 fe:01 26742029                   /lib/x86_64-linux-gnu/libresolv-2.19.so
7f0d22ec9000-7f0d22eca000 rw-p 00014000 fe:01 26742029                   /lib/x86_64-linux-gnu/libresolv-2.19.so
7f0d22eca000-7f0d22ecc000 rw-p 00000000 00:00 0 
7f0d22ecc000-7f0d22eed000 r-xp 00000000 fe:01 26738732                   /lib/x86_64-linux-gnu/libselinux.so.1
7f0d22eed000-7f0d230ed000 ---p 00021000 fe:01 26738732                   /lib/x86_64-linux-gnu/libselinux.so.1
7f0d230ed000-7f0d230ee000 r--p 00021000 fe:01 26738732                   /lib/x86_64-linux-gnu/libselinux.so.1
7f0d230ee000-7f0d230ef000 rw-p 00022000 fe:01 26738732                   /lib/x86_64-linux-gnu/libselinux.so.1
7f0d230ef000-7f0d230f1000 rw-p 00000000 00:00 0 
7f0d230f1000-7f0d230f4000 r-xp 00000000 fe:01 25172873                   /usr/lib/x86_64-linux-gnu/libgmodule-2.0.so.0.4400.1
7f0d230f4000-7f0d232f3000 ---p 00003000 fe:01 25172873                   /usr/lib/x86_64-linux-gnu/libgmodule-2.0.so.0.4400.1
7f0d232f3000-7f0d232f4000 r--p 00002000 fe:01 25172873                   /usr/lib/x86_64-linux-gnu/libgmodule-2.0.so.0.4400.1
7f0d232f4000-7f0d232f5000 rw-p 00003000 fe:01 25172873                   /usr/lib/x86_64-linux-gnu/libgmodule-2.0.so.0.4400.1
7f0d232f5000-7f0d23402000 r-xp 00000000 fe:01 26738880                   /lib/x86_64-linux-gnu/libglib-2.0.so.0.4400.1
7f0d23402000-7f0d23601000 ---p 0010d000 fe:01 26738880                   /lib/x86_64-linux-gnu/libglib-2.0.so.0.4400.1
7f0d23601000-7f0d23602000 r--p 0010c000 fe:01 26738880                   /lib/x86_64-linux-gnu/libglib-2.0.so.0.4400.1
7f0d23602000-7f0d23603000 rw-p 0010d000 fe:01 26738880                   /lib/x86_64-linux-gnu/libglib-2.0.so.0.4400.1
7f0d23603000-7f0d23604000 rw-p 00000000 00:00 0 
7f0d23604000-7f0d23654000 r-xp 00000000 fe:01 25172874                   /usr/lib/x86_64-linux-gnu/libgobject-2.0.so.0.4400.1
7f0d23654000-7f0d23854000 ---p 00050000 fe:01 25172874                   /usr/lib/x86_64-linux-gnu/libgobject-2.0.so.0.4400.1
7f0d23854000-7f0d23855000 r--p 00050000 fe:01 25172874                   /usr/lib/x86_64-linux-gnu/libgobject-2.0.so.0.4400.1
7f0d23855000-7f0d23856000 rw-p 00051000 fe:01 25172874                   /usr/lib/x86_64-linux-gnu/libgobject-2.0.so.0.4400.1
7f0d23856000-7f0d239ce000 r-xp 00000000 fe:01 25172876                   /usr/lib/x86_64-linux-gnu/libgio-2.0.so.0.4400.1
7f0d239ce000-7f0d23bcd000 ---p 00178000 fe:01 25172876                   /usr/lib/x86_64-linux-gnu/libgio-2.0.so.0.4400.1
7f0d23bcd000-7f0d23bd1000 r--p 00177000 fe:01 25172876                   /usr/lib/x86_64-linux-gnu/libgio-2.0.so.0.4400.1
7f0d23bd1000-7f0d23bd3000 rw-p 0017b000 fe:01 25172876                   /usr/lib/x86_64-linux-gnu/libgio-2.0.so.0.4400.1
7f0d23bd3000-7f0d23bd5000 rw-p 00000000 00:00 0 
7f0d23bd5000-7f0d23bec000 r-xp 00000000 fe:01 28051279                   /usr/lib/jvm/java-7-openjdk-amd64/jre/lib/amd64/libnet.so
7f0d23bec000-7f0d23dec000 ---p 00017000 fe:01 28051279                   /usr/lib/jvm/java-7-openjdk-amd64/jre/lib/amd64/libnet.so
7f0d23dec000-7f0d23ded000 r--p 00017000 fe:01 28051279                   /usr/lib/jvm/java-7-openjdk-amd64/jre/lib/amd64/libnet.so
7f0d23ded000-7f0d23dee000 rw-p 00018000 fe:01 28051279                   /usr/lib/jvm/java-7-openjdk-amd64/jre/lib/amd64/libnet.so
7f0d23dee000-7f0d23dff000 r-xp 00000000 fe:01 28051280                   /usr/lib/jvm/java-7-openjdk-amd64/jre/lib/amd64/libnio.so
7f0d23dff000-7f0d23ffe000 ---p 00011000 fe:01 28051280                   /usr/lib/jvm/java-7-openjdk-amd64/jre/lib/amd64/libnio.so
7f0d23ffe000-7f0d23fff000 r--p 00010000 fe:01 28051280                   /usr/lib/jvm/java-7-openjdk-amd64/jre/lib/amd64/libnio.so
7f0d23fff000-7f0d24000000 rw-p 00011000 fe:01 28051280                   /usr/lib/jvm/java-7-openjdk-amd64/jre/lib/amd64/libnio.so
7f0d24000000-7f0d25d9a000 rw-p 00000000 00:00 0 
7f0d25d9a000-7f0d28000000 ---p 00000000 00:00 0 
7f0d28000000-7f0d285ec000 rw-p 00000000 00:00 0 
7f0d285ec000-7f0d2c000000 ---p 00000000 00:00 0 
7f0d2c000000-7f0d2c039000 rw-p 00000000 00:00 0 
7f0d2c039000-7f0d30000000 ---p 00000000 00:00 0 
7f0d30000000-7f0d317a6000 rw-p 00000000 00:00 0 
7f0d317a6000-7f0d34000000 ---p 00000000 00:00 0 
7f0d34000000-7f0d34426000 rw-p 00000000 00:00 0 
7f0d34426000-7f0d38000000 ---p 00000000 00:00 0 
7f0d38000000-7f0d3808c000 rw-p 00000000 00:00 0 
7f0d3808c000-7f0d3c000000 ---p 00000000 00:00 0 
7f0d3c000000-7f0d3c28d000 rw-p 00000000 00:00 0 
7f0d3c28d000-7f0d40000000 ---p 00000000 00:00 0 
7f0d40000000-7f0d402ba000 rw-p 00000000 00:00 0 
7f0d402ba000-7f0d44000000 ---p 00000000 00:00 0 
7f0d44000000-7f0d441a5000 rw-p 00000000 00:00 0 
7f0d441a5000-7f0d48000000 ---p 00000000 00:00 0 
7f0d4801c000-7f0d4809a000 r-xp 00000000 fe:01 26738703                   /lib/x86_64-linux-gnu/libsystemd.so.0.10.2
7f0d4809a000-7f0d4809b000 ---p 0007e000 fe:01 26738703                   /lib/x86_64-linux-gnu/libsystemd.so.0.10.2
7f0d4809b000-7f0d4809e000 r--p 0007e000 fe:01 26738703                   /lib/x86_64-linux-gnu/libsystemd.so.0.10.2
7f0d4809e000-7f0d4809f000 rw-p 00081000 fe:01 26738703                   /lib/x86_64-linux-gnu/libsystemd.so.0.10.2
7f0d480b9000-7f0d480ba000 ---p 00000000 00:00 0 
7f0d480ba000-7f0d481ba000 rw-p 00000000 00:00 0                          [stack:5444]
7f0d481ba000-7f0d481bd000 ---p 00000000 00:00 0 
7f0d481bd000-7f0d483bb000 rw-p 00000000 00:00 0                          [stack:5443]
7f0d483bb000-7f0d483be000 ---p 00000000 00:00 0 
7f0d483be000-7f0d484bc000 rw-p 00000000 00:00 0                          [stack:5442]
7f0d484bc000-7f0d484bf000 ---p 00000000 00:00 0 
7f0d484bf000-7f0d485bd000 rw-p 00000000 00:00 0                          [stack:5441]
7f0d485bd000-7f0d485c0000 ---p 00000000 00:00 0 
7f0d485c0000-7f0d487be000 rw-p 00000000 00:00 0                          [stack:5440]
7f0d487be000-7f0d48947000 r--p 00000000 fe:01 25170396                   /usr/lib/locale/locale-archive
7f0d48947000-7f0d4894a000 ---p 00000000 00:00 0 
7f0d4894a000-7f0d48b48000 rw-p 00000000 00:00 0                          [stack:5439]
7f0d48b48000-7f0d48b4b000 ---p 00000000 00:00 0 
7f0d48b4b000-7f0d48d49000 rw-p 00000000 00:00 0                          [stack:5438]
7f0d48d49000-7f0d48d4a000 ---p 00000000 00:00 0 
7f0d48d4a000-7f0d49753000 rw-p 00000000 00:00 0                          [stack:5437]
7f0d49753000-7f0d49905000 r--s 01d2b000 fe:01 27400145                   /usr/lib/jvm/java-7-openjdk-amd64/jre/lib/rt.jar
7f0d49905000-7f0d4c000000 rw-p 00000000 00:00 0 
7f0d4c000000-7f0d4c22c000 rw-p 00000000 00:00 0 
7f0d4c22c000-7f0d50000000 ---p 00000000 00:00 0 
7f0d50005000-7f0d50008000 r--s 00000000 fe:01 19137057                   /var/cache/fontconfig/e13b20fdb08344e0e664864cc2ede53d-le64.cache-4
7f0d50008000-7f0d501ad000 rw-p 00000000 00:00 0 
7f0d501ad000-7f0d501ae000 ---p 00000000 00:00 0 
7f0d501ae000-7f0d502ae000 rw-p 00000000 00:00 0                          [stack:5436]
7f0d502ae000-7f0d502af000 ---p 00000000 00:00 0 
7f0d502af000-7f0d503e0000 rw-p 00000000 00:00 0                          [stack:5435]
7f0d503e0000-7f0d504b7000 rw-p 00000000 00:00 0 
7f0d504b7000-7f0d504f3000 rw-p 00000000 00:00 0 
7f0d504f3000-7f0d50577000 rw-p 00000000 00:00 0 
7f0d50577000-7f0d505a8000 rw-p 00000000 00:00 0 
7f0d505a8000-7f0d5067e000 rw-p 00000000 00:00 0 
7f0d5067e000-7f0d50702000 rw-p 00000000 00:00 0 
7f0d50702000-7f0d50703000 rw-p 00000000 00:00 0 
7f0d50703000-7f0d50c63000 rwxp 00000000 00:00 0 
7f0d50c63000-7f0d53703000 rw-p 00000000 00:00 0 
7f0d53703000-7f0d5370b000 r-xp 00000000 fe:01 28051285                   /usr/lib/jvm/java-7-openjdk-amd64/jre/lib/amd64/libzip.so
7f0d5370b000-7f0d5390a000 ---p 00008000 fe:01 28051285                   /usr/lib/jvm/java-7-openjdk-amd64/jre/lib/amd64/libzip.so
7f0d5390a000-7f0d5390b000 r--p 00007000 fe:01 28051285                   /usr/lib/jvm/java-7-openjdk-amd64/jre/lib/amd64/libzip.so
7f0d5390b000-7f0d5390c000 rw-p 00008000 fe:01 28051285                   /usr/lib/jvm/java-7-openjdk-amd64/jre/lib/amd64/libzip.so
7f0d5390c000-7f0d53938000 r-xp 00000000 fe:01 28051267                   /usr/lib/jvm/java-7-openjdk-amd64/jre/lib/amd64/libjava.so
7f0d53938000-7f0d53b37000 ---p 0002c000 fe:01 28051267                   /usr/lib/jvm/java-7-openjdk-amd64/jre/lib/amd64/libjava.so
7f0d53b37000-7f0d53b38000 r--p 0002b000 fe:01 28051267                   /usr/lib/jvm/java-7-openjdk-amd64/jre/lib/amd64/libjava.so
7f0d53b38000-7f0d53b3a000 rw-p 0002c000 fe:01 28051267                   /usr/lib/jvm/java-7-openjdk-amd64/jre/lib/amd64/libjava.so
7f0d53b3a000-7f0d53b49000 r-xp 00000000 fe:01 28051284                   /usr/lib/jvm/java-7-openjdk-amd64/jre/lib/amd64/libverify.so
7f0d53b49000-7f0d53d48000 ---p 0000f000 fe:01 28051284                   /usr/lib/jvm/java-7-openjdk-amd64/jre/lib/amd64/libverify.so
7f0d53d48000-7f0d53d4a000 r--p 0000e000 fe:01 28051284                   /usr/lib/jvm/java-7-openjdk-amd64/jre/lib/amd64/libverify.so
7f0d53d4a000-7f0d53d4b000 rw-p 00010000 fe:01 28051284                   /usr/lib/jvm/java-7-openjdk-amd64/jre/lib/amd64/libverify.so
7f0d53d4b000-7f0d53d52000 r-xp 00000000 fe:01 26742026                   /lib/x86_64-linux-gnu/librt-2.19.so
7f0d53d52000-7f0d53f51000 ---p 00007000 fe:01 26742026                   /lib/x86_64-linux-gnu/librt-2.19.so
7f0d53f51000-7f0d53f52000 r--p 00006000 fe:01 26742026                   /lib/x86_64-linux-gnu/librt-2.19.so
7f0d53f52000-7f0d53f53000 rw-p 00007000 fe:01 26742026                   /lib/x86_64-linux-gnu/librt-2.19.so
7f0d53f53000-7f0d53f56000 ---p 00000000 00:00 0 
7f0d53f56000-7f0d54154000 rw-p 00000000 00:00 0                          [stack:5434]
7f0d54154000-7f0d5416a000 r-xp 00000000 fe:01 26738781                   /lib/x86_64-linux-gnu/libgcc_s.so.1
7f0d5416a000-7f0d54369000 ---p 00016000 fe:01 26738781                   /lib/x86_64-linux-gnu/libgcc_s.so.1
7f0d54369000-7f0d5436a000 rw-p 00015000 fe:01 26738781                   /lib/x86_64-linux-gnu/libgcc_s.so.1
7f0d5436a000-7f0d5446a000 r-xp 00000000 fe:01 26742037                   /lib/x86_64-linux-gnu/libm-2.19.so
7f0d5446a000-7f0d54669000 ---p 00100000 fe:01 26742037                   /lib/x86_64-linux-gnu/libm-2.19.so
7f0d54669000-7f0d5466a000 r--p 000ff000 fe:01 26742037                   /lib/x86_64-linux-gnu/libm-2.19.so
7f0d5466a000-7f0d5466b000 rw-p 00100000 fe:01 26742037                   /lib/x86_64-linux-gnu/libm-2.19.so
7f0d5466b000-7f0d547d6000 r-xp 00000000 fe:01 25165829                   /usr/lib/x86_64-linux-gnu/libstdc++.so.6.0.21
7f0d547d6000-7f0d549d6000 ---p 0016b000 fe:01 25165829                   /usr/lib/x86_64-linux-gnu/libstdc++.so.6.0.21
7f0d549d6000-7f0d549e0000 r--p 0016b000 fe:01 25165829                   /usr/lib/x86_64-linux-gnu/libstdc++.so.6.0.21
7f0d549e0000-7f0d549e2000 rw-p 00175000 fe:01 25165829                   /usr/lib/x86_64-linux-gnu/libstdc++.so.6.0.21
7f0d549e2000-7f0d549e6000 rw-p 00000000 00:00 0 
7f0d549e6000-7f0d55537000 r-xp 00000000 fe:01 28182581                   /usr/lib/jvm/java-7-openjdk-amd64/jre/lib/amd64/server/libjvm.so
7f0d55537000-7f0d55737000 ---p 00b51000 fe:01 28182581                   /usr/lib/jvm/java-7-openjdk-amd64/jre/lib/amd64/server/libjvm.so
7f0d55737000-7f0d557c8000 r--p 00b51000 fe:01 28182581                   /usr/lib/jvm/java-7-openjdk-amd64/jre/lib/amd64/server/libjvm.so
7f0d557c8000-7f0d557eb000 rw-p 00be2000 fe:01 28182581                   /usr/lib/jvm/java-7-openjdk-amd64/jre/lib/amd64/server/libjvm.so
7f0d557eb000-7f0d55816000 rw-p 00000000 00:00 0 
7f0d55816000-7f0d55830000 r-xp 00000000 fe:01 26738790                   /lib/x86_64-linux-gnu/libz.so.1.2.8
7f0d55830000-7f0d55a2f000 ---p 0001a000 fe:01 26738790                   /lib/x86_64-linux-gnu/libz.so.1.2.8
7f0d55a2f000-7f0d55a30000 r--p 00019000 fe:01 26738790                   /lib/x86_64-linux-gnu/libz.so.1.2.8
7f0d55a30000-7f0d55a31000 rw-p 0001a000 fe:01 26738790                   /lib/x86_64-linux-gnu/libz.so.1.2.8
7f0d55a31000-7f0d55bd0000 r-xp 00000000 fe:01 26742024                   /lib/x86_64-linux-gnu/libc-2.19.so
7f0d55bd0000-7f0d55dd0000 ---p 0019f000 fe:01 26742024                   /lib/x86_64-linux-gnu/libc-2.19.so
7f0d55dd0000-7f0d55dd4000 r--p 0019f000 fe:01 26742024                   /lib/x86_64-linux-gnu/libc-2.19.so
7f0d55dd4000-7f0d55dd6000 rw-p 001a3000 fe:01 26742024                   /lib/x86_64-linux-gnu/libc-2.19.so
7f0d55dd6000-7f0d55dda000 rw-p 00000000 00:00 0 
7f0d55dda000-7f0d55ddd000 r-xp 00000000 fe:01 26742043                   /lib/x86_64-linux-gnu/libdl-2.19.so
7f0d55ddd000-7f0d55fdc000 ---p 00003000 fe:01 26742043                   /lib/x86_64-linux-gnu/libdl-2.19.so
7f0d55fdc000-7f0d55fdd000 r--p 00002000 fe:01 26742043                   /lib/x86_64-linux-gnu/libdl-2.19.so
7f0d55fdd000-7f0d55fde000 rw-p 00003000 fe:01 26742043                   /lib/x86_64-linux-gnu/libdl-2.19.so
7f0d55fde000-7f0d55feb000 r-xp 00000000 fe:01 28311809                   /usr/lib/jvm/java-7-openjdk-amd64/jre/lib/amd64/jli/libjli.so
7f0d55feb000-7f0d561ea000 ---p 0000d000 fe:01 28311809                   /usr/lib/jvm/java-7-openjdk-amd64/jre/lib/amd64/jli/libjli.so
7f0d561ea000-7f0d561eb000 r--p 0000c000 fe:01 28311809                   /usr/lib/jvm/java-7-openjdk-amd64/jre/lib/amd64/jli/libjli.so
7f0d561eb000-7f0d561ec000 rw-p 0000d000 fe:01 28311809                   /usr/lib/jvm/java-7-openjdk-amd64/jre/lib/amd64/jli/libjli.so
7f0d561ec000-7f0d56204000 r-xp 00000000 fe:01 26742028                   /lib/x86_64-linux-gnu/libpthread-2.19.so
7f0d56204000-7f0d56403000 ---p 00018000 fe:01 26742028                   /lib/x86_64-linux-gnu/libpthread-2.19.so
7f0d56403000-7f0d56404000 r--p 00017000 fe:01 26742028                   /lib/x86_64-linux-gnu/libpthread-2.19.so
7f0d56404000-7f0d56405000 rw-p 00018000 fe:01 26742028                   /lib/x86_64-linux-gnu/libpthread-2.19.so
7f0d56405000-7f0d56409000 rw-p 00000000 00:00 0 
7f0d56409000-7f0d56429000 r-xp 00000000 fe:01 26742033                   /lib/x86_64-linux-gnu/ld-2.19.so
7f0d5643c000-7f0d5648f000 rw-p 00000000 00:00 0 
7f0d5648f000-7f0d56513000 rw-p 00000000 00:00 0 
7f0d56513000-7f0d56529000 rw-p 00000000 00:00 0 
7f0d56529000-7f0d565d3000 rw-p 00000000 00:00 0 
7f0d565d3000-7f0d56608000 r--s 00000000 fe:01 19137138                   /var/cache/nscd/passwd
7f0d56608000-7f0d5660d000 rw-p 00000000 00:00 0 
7f0d5660e000-7f0d5660f000 r--s 00000000 fe:01 19137069                   /var/cache/fontconfig/4794a0821666d79190d59a36cb4f44b5-le64.cache-4
7f0d56618000-7f0d5661d000 r--s 0004d000 fe:01 27400139                   /usr/lib/jvm/java-7-openjdk-amd64/jre/lib/jsse.jar
7f0d5661d000-7f0d56625000 rw-s 00000000 fe:01 29360169                   /tmp/hsperfdata_NotSimon/5433
7f0d56625000-7f0d56626000 rw-p 00000000 00:00 0 
7f0d56626000-7f0d56627000 r--p 00000000 00:00 0 
7f0d56627000-7f0d56629000 rw-p 00000000 00:00 0 
7f0d56629000-7f0d5662a000 r--p 00020000 fe:01 26742033                   /lib/x86_64-linux-gnu/ld-2.19.so
7f0d5662a000-7f0d5662b000 rw-p 00021000 fe:01 26742033                   /lib/x86_64-linux-gnu/ld-2.19.so
7f0d5662b000-7f0d5662c000 rw-p 00000000 00:00 0 
7fff50515000-7fff50537000 rw-p 00000000 00:00 0                          [stack]
7fff505d5000-7fff505d7000 r-xp 00000000 00:00 0                          [vdso]
7fff505d7000-7fff505d9000 r--p 00000000 00:00 0                          [vvar]
ffffffffff600000-ffffffffff601000 r-xp 00000000 00:00 0                  [vsyscall]

VM Arguments:
jvm_args: -Djdk.home=/usr/lib/jvm/java-7-openjdk-amd64 -Dnetbeans.default_userdir_root=/home/NotSimon/.netbeans -Dnetbeans.running.environment=gnome -Dnetbeans.dirs=/usr/share/netbeans/8.0.2/nb:/usr/share/netbeans/8.0.2/ergonomics:/usr/share/netbeans/8.0.2/ide:/usr/share/netbeans/8.0.2/extide:/usr/share/netbeans/8.0.2/java:/usr/share/netbeans/8.0.2/apisupport:/usr/share/netbeans/8.0.2/webcommon:/usr/share/netbeans/8.0.2/websvccommon:/usr/share/netbeans/8.0.2/enterprise:/usr/share/netbeans/8.0.2/mobility:/usr/share/netbeans/8.0.2/profiler:/usr/share/netbeans/8.0.2/python:/usr/share/netbeans/8.0.2/php:/usr/share/netbeans/8.0.2/identity:/usr/share/netbeans/8.0.2/harness:/usr/share/netbeans/8.0.2/cnd:/usr/share/netbeans/8.0.2/dlight:/usr/share/netbeans/8.0.2/groovy:/usr/share/netbeans/8.0.2/extra:/usr/share/netbeans/8.0.2/javacard:/usr/share/netbeans/8.0.2/javafx: -Dnetbeans.home=/usr/share/netbeans/8.0.2/platform -Dnetbeans.importclass=org.netbeans.upgrade.AutoUpgrade -Dnetbeans.accept_license_class=org.netbeans.license.AcceptLicense -Xmx789m -Xss2m -Xms32m -XX:PermSize=32m -Dapple.laf.useScreenMenuBar=true -Dapple.awt.graphics.UseQuartz=true -Dsun.java2d.noddraw=true -Dsun.java2d.dpiaware=true -Dsun.zip.disableMemoryMapping=true -Dsun.java2d.pmoffscreen=false -XX:MaxPermSize=384m -XX:+HeapDumpOnOutOfMemoryError -XX:HeapDumpPath=/home/NotSimon/.netbeans/8.0.2/var/log/heapdump.hprof 
java_command: org.netbeans.Main --cachedir /home/NotSimon/.cache/netbeans/8.0.2 --userdir /home/NotSimon/.netbeans/8.0.2 --branding nb
Launcher Type: SUN_STANDARD

Environment Variables:
PATH=/usr/local/bin:/usr/bin:/bin:/usr/games
LD_LIBRARY_PATH=/usr/lib/jvm/java-7-openjdk-amd64/bin/../jre/lib/amd64:/usr/lib/jvm/java-7-openjdk-amd64/bin/../jre/lib/i386:
SHELL=/bin/bash
DISPLAY=:0

Signal Handlers:
SIGSEGV: [libjvm.so+0x995800], sa_mask[0]=0x7ffbfeff, sa_flags=0x10000004
SIGBUS: [libjvm.so+0x995800], sa_mask[0]=0x7ffbfeff, sa_flags=0x10000004
SIGFPE: [libjvm.so+0x7fca50], sa_mask[0]=0x7ffbfeff, sa_flags=0x10000004
SIGPIPE: [libjvm.so+0x7fca50], sa_mask[0]=0x7ffbfeff, sa_flags=0x10000004
SIGXFSZ: [libjvm.so+0x7fca50], sa_mask[0]=0x7ffbfeff, sa_flags=0x10000004
SIGILL: [libjvm.so+0x7fca50], sa_mask[0]=0x7ffbfeff, sa_flags=0x10000004
SIGUSR1: SIG_DFL, sa_mask[0]=0x00000000, sa_flags=0x00000000
SIGUSR2: [libjvm.so+0x7fc8d0], sa_mask[0]=0x00000000, sa_flags=0x10000004
SIGHUP: [libjvm.so+0x7fca60], sa_mask[0]=0x7ffbfeff, sa_flags=0x10000004
SIGINT: SIG_IGN, sa_mask[0]=0x00000000, sa_flags=0x00000000
SIGTERM: [libjvm.so+0x7fca60], sa_mask[0]=0x7ffbfeff, sa_flags=0x10000004
SIGQUIT: [libjvm.so+0x7fca60], sa_mask[0]=0x7ffbfeff, sa_flags=0x10000004
SIGTRAP: SIG_DFL, sa_mask[0]=0x00000000, sa_flags=0x00000000


---------------  S Y S T E M  ---------------

OS:stretch/sid

uname:Linux 3.16.0-4-amd64 #1 SMP Debian 3.16.7-ckt11-1+deb8u3 (2015-08-04) x86_64
libc:glibc 2.19 NPTL 2.19 
rlimit: STACK 8192k, CORE 0k, NPROC 15717, NOFILE 65536, AS infinity
load average:1.50 0.68 0.40

/proc/meminfo:
MemTotal:        4043688 kB
MemFree:         1784288 kB
MemAvailable:    2774200 kB
Buffers:           64608 kB
Cached:          1118124 kB
SwapCached:            0 kB
Active:          1544768 kB
Inactive:         569364 kB
Active(anon):     953044 kB
Inactive(anon):    24028 kB
Active(file):     591724 kB
Inactive(file):   545336 kB
Unevictable:          32 kB
Mlocked:              32 kB
SwapTotal:       8355836 kB
SwapFree:        8355836 kB
Dirty:              2608 kB
Writeback:             0 kB
AnonPages:        931456 kB
Mapped:           183016 kB
Shmem:             45676 kB
Slab:              67104 kB
SReclaimable:      43592 kB
SUnreclaim:        23512 kB
KernelStack:        4448 kB
PageTables:        16084 kB
NFS_Unstable:          0 kB
Bounce:                0 kB
WritebackTmp:          0 kB
CommitLimit:    10377680 kB
Committed_AS:    2360652 kB
VmallocTotal:   34359738367 kB
VmallocUsed:      116164 kB
VmallocChunk:   34359618556 kB
HardwareCorrupted:     0 kB
AnonHugePages:         0 kB
HugePages_Total:       0
HugePages_Free:        0
HugePages_Rsvd:        0
HugePages_Surp:        0
Hugepagesize:       2048 kB
DirectMap4k:      206548 kB
DirectMap2M:     3971072 kB


CPU:total 2 (2 cores per cpu, 1 threads per core) family 6 model 26 stepping 5, cmov, cx8, fxsr, mmx, sse, sse2, sse3, ssse3, sse4.1, sse4.2, popcnt, tsc, tscinvbit, tscinv

/proc/cpuinfo:
processor	: 0
vendor_id	: GenuineIntel
cpu family	: 6
model		: 26
model name	: Intel(R) Xeon(R) CPU           W3505  @ 2.53GHz
stepping	: 5
microcode	: 0xf
cpu MHz		: 2527.000
cache size	: 4096 KB
physical id	: 0
siblings	: 2
core id		: 0
cpu cores	: 2
apicid		: 0
initial apicid	: 0
fpu		: yes
fpu_exception	: yes
cpuid level	: 11
wp		: yes
flags		: fpu vme de pse tsc msr pae mce cx8 apic sep mtrr pge mca cmov pat pse36 clflush dts acpi mmx fxsr sse sse2 ss ht tm pbe syscall nx rdtscp lm constant_tsc arch_perfmon pebs bts rep_good nopl xtopology nonstop_tsc aperfmperf pni dtes64 monitor ds_cpl vmx est tm2 ssse3 cx16 xtpr pdcm dca sse4_1 sse4_2 popcnt lahf_lm dtherm tpr_shadow vnmi flexpriority ept vpid
bogomips	: 5066.97
clflush size	: 64
cache_alignment	: 64
address sizes	: 36 bits physical, 48 bits virtual
power management:

processor	: 1
vendor_id	: GenuineIntel
cpu family	: 6
model		: 26
model name	: Intel(R) Xeon(R) CPU           W3505  @ 2.53GHz
stepping	: 5
microcode	: 0xf
cpu MHz		: 2527.000
cache size	: 4096 KB
physical id	: 0
siblings	: 2
core id		: 2
cpu cores	: 2
apicid		: 4
initial apicid	: 4
fpu		: yes
fpu_exception	: yes
cpuid level	: 11
wp		: yes
flags		: fpu vme de pse tsc msr pae mce cx8 apic sep mtrr pge mca cmov pat pse36 clflush dts acpi mmx fxsr sse sse2 ss ht tm pbe syscall nx rdtscp lm constant_tsc arch_perfmon pebs bts rep_good nopl xtopology nonstop_tsc aperfmperf pni dtes64 monitor ds_cpl vmx est tm2 ssse3 cx16 xtpr pdcm dca sse4_1 sse4_2 popcnt lahf_lm dtherm tpr_shadow vnmi flexpriority ept vpid
bogomips	: 5066.97
clflush size	: 64
cache_alignment	: 64
address sizes	: 36 bits physical, 48 bits virtual
power management:



Memory: 4k page, physical 4043688k(1784288k free), swap 8355836k(8355836k free)

vm_info: OpenJDK 64-Bit Server VM (24.85-b03) for linux-amd64 JRE (1.7.0_85-b01), built on Sep  5 2015 23:29:12 by "buildd" with gcc 5.2.1 20150903

time: Thu Sep 17 07:39:37 2015
elapsed time: 31 seconds

