#
# A fatal error has been detected by the Java Runtime Environment:
#
#  SIGSEGV (0xb) at pc=0x00007fe40b112808, pid=5120, tid=140616780650240
#
# JRE version: OpenJDK Runtime Environment (7.0_85-b01) (build 1.7.0_85-b01)
# Java VM: OpenJDK 64-Bit Server VM (24.85-b03 mixed mode linux-amd64 compressed oops)
# Derivative: IcedTea 2.6.1
# Distribution: Debian GNU/Linux buildd-unstable (sid), package 7u85-2.6.1-3
# Problematic frame:
# C  [libglib-2.0.so.0+0x38808]  g_hash_table_iter_next+0xb8
#
# Failed to write core dump. Core dumps have been disabled. To enable core dumping, try "ulimit -c unlimited" before starting Java again
#
# If you would like to submit a bug report, please include
# instructions on how to reproduce the bug and visit:
#   http://icedtea.classpath.org/bugzilla
# The crash happened outside the Java Virtual Machine in native code.
# See problematic frame for where to report the bug.
#

---------------  T H R E A D  ---------------

Current thread (0x00007fe400003000):  JavaThread "Thread-1" [_thread_in_native, id=5143, stack(0x00007fe3e4c29000,0x00007fe3e542a000)]

siginfo:si_signo=SIGSEGV: si_errno=0, si_code=1 (SEGV_MAPERR), si_addr=0x0000000000000030

Registers:
RAX=0x0000000000000001, RBX=0x0000000000000008, RCX=0x0000000000000008, RDX=0x96003a2564e44f00
RSP=0x00007fe3e5428c20, RBP=0x00007fe3e5428c80, RSI=0x00007fe400324988, RDI=0x00007fe400324988
R8 =0x0000000000000001, R9 =0x0000000000000008, R10=0x0000000000000002, R11=0x00007fe400323760
R12=0x00007fe400324990, R13=0x00007fe400324980, R14=0x00007fe40480c740, R15=0x00007fe40b120610
RIP=0x00007fe40b112808, EFLAGS=0x0000000000010286, CSGSFS=0x0000000000000033, ERR=0x0000000000000004
  TRAPNO=0x000000000000000e

Top of Stack: (sp=0x00007fe3e5428c20)
0x00007fe3e5428c20:   00007fe400324988 00007fe3ed741dff
0x00007fe3e5428c30:   00007fe400324901 00007fe400324980
0x00007fe3e5428c40:   00007fe40b120610 96003a2564e44f00
0x00007fe3e5428c50:   00007fe400324988 00007fe400324988
0x00007fe3e5428c60:   00007fe4000031d8 00007fe400324980
0x00007fe3e5428c70:   00007fe400327810 00007fe400324980
0x00007fe3e5428c80:   0000000000000001 00007fe40b3fe29a
0x00007fe3e5428c90:   0000000000000000 0000000000000000
0x00007fe3e5428ca0:   00007fe3e5428e00 00007fe3e0110ca0
0x00007fe3e5428cb0:   00007fe3e00b87b0 00007fe3ed73c5e8
0x00007fe3e5428cc0:   0000000000000000 00007fe404beddc0
0x00007fe3e5428cd0:   00007fe3e00b87b0 00007fe3e00f6730
0x00007fe3e5428ce0:   00007fe3e5428e30 96003a2564e44f00
0x00007fe3e5428cf0:   0000000000000000 00007fe3e00f6730
0x00007fe3e5428d00:   00007fe3e5428e30 00007fe3e5428e28
0x00007fe3e5428d10:   0000000000000000 000000007fffffff
0x00007fe3e5428d20:   00007fe3ed0c00a0 00007fe3ef924b31
0x00007fe3e5428d30:   00007fe3e00b87b0 96003a2564e44f00
0x00007fe3e5428d40:   00007fe3e5428d80 00007fe3e00f6730
0x00007fe3e5428d50:   00007fe3e5428e30 96003a2564e44f00
0x00007fe3e5428d60:   00007fe3e010ef30 00007fe3e010ef30
0x00007fe3e5428d70:   00007fe400345600 00007fe400350100
0x00007fe3e5428d80:   00007fe4ffffffff 00007fe3e010ef30
0x00007fe3e5428d90:   0000000000000001 00007fe3ef90bade
0x00007fe3e5428da0:   0000000000000000 96003a2564e44f00
0x00007fe3e5428db0:   00007fe3e010ef30 00007fe3e010ef30
0x00007fe3e5428dc0:   00007fe400324980 00007fe400324980
0x00007fe3e5428dd0:   00007fe4046cbfd0 00007fe4000031d8
0x00007fe3e5428de0:   00007fe4046cbfc8 00007fe404beddc0
0x00007fe3e5428df0:   00007fe40480c740 0000000000000011
0x00007fe3e5428e00:   0000000000000000 00007fe40b123b4d
0x00007fe3e5428e10:   00007fe3e5428e30 00007fe4043072d0 

Instructions: (pc=0x00007fe40b112808)
0x00007fe40b1127e8:   01 00 31 c0 5b c3 66 90 48 85 f6 74 0b 49 8b 4b
0x00007fe40b1127f8:   18 4a 8b 0c c1 48 89 0e 48 85 d2 74 0e 48 8b 0f
0x00007fe40b112808:   48 8b 49 28 4a 8b 0c c1 48 89 0a 89 47 18 b8 01
0x00007fe40b112818:   00 00 00 5b c3 0f 1f 00 48 8d 15 57 69 06 00 48 

Register to memory mapping:

RAX=0x0000000000000001 is an unknown value
RBX=0x0000000000000008 is an unknown value
RCX=0x0000000000000008 is an unknown value
RDX=0x96003a2564e44f00 is an unknown value
RSP=0x00007fe3e5428c20 is pointing into the stack for thread: 0x00007fe400003000
RBP=0x00007fe3e5428c80 is pointing into the stack for thread: 0x00007fe400003000
RSI=0x00007fe400324988 is an unknown value
RDI=0x00007fe400324988 is an unknown value
R8 =0x0000000000000001 is an unknown value
R9 =0x0000000000000008 is an unknown value
R10=0x0000000000000002 is an unknown value
R11=0x00007fe400323760 is an unknown value
R12=0x00007fe400324990 is an unknown value
R13=0x00007fe400324980 is an unknown value
R14=0x00007fe40480c740 is an unknown value
R15=0x00007fe40b120610: <offset 0x46610> in /lib/x86_64-linux-gnu/libglib-2.0.so.0 at 0x00007fe40b0da000


Stack: [0x00007fe3e4c29000,0x00007fe3e542a000],  sp=0x00007fe3e5428c20,  free space=8191k
Native frames: (J=compiled Java code, j=interpreted, Vv=VM code, C=native code)
C  [libglib-2.0.so.0+0x38808]  g_hash_table_iter_next+0xb8


---------------  P R O C E S S  ---------------

Java Threads: ( => current thread )
  0x00007fe404949800 JavaThread "Image Fetcher 0" daemon [_thread_blocked, id=5195, stack(0x00007fe3dcd4d000,0x00007fe3dcf4e000)]
  0x00007fe4048a7800 JavaThread "Inactive RequestProcessor thread [Was:Data System Nodes/org.openide.loaders.DataNode$NamesUpdater]" daemon [_thread_blocked, id=5175, stack(0x00007fe3dcf4e000,0x00007fe3dd14f000)]
  0x00007fe40512b800 JavaThread "Inactive RequestProcessor thread [Was:Code Completion/org.netbeans.spi.editor.completion.support.AsyncCompletionTask]" daemon [_thread_blocked, id=5174, stack(0x00007fe3dd14f000,0x00007fe3dd350000)]
  0x000000000110a000 JavaThread "Inactive RequestProcessor thread [Was:Git.cache/org.netbeans.modules.git.FileStatusCache$IgnoredFilesHandler]" daemon [_thread_blocked, id=5173, stack(0x00007fe3dd350000,0x00007fe3dd551000)]
  0x00007fe41402d800 JavaThread "Inactive RequestProcessor thread [Was:MimePathLookupFiring/org.openide.util.lookup.ProxyLookup$1Notify]" daemon [_thread_blocked, id=5172, stack(0x00007fe3dd551000,0x00007fe3dd752000)]
  0x00007fe4180a3000 JavaThread "Inactive RequestProcessor thread [Was:Git.cache/org.netbeans.modules.git.FileStatusCache$IgnoredFilesHandler]" daemon [_thread_blocked, id=5170, stack(0x00007fe3dd752000,0x00007fe3dd953000)]
  0x00007fe3e8144800 JavaThread "Inactive RequestProcessor thread [Was:SelectedNodesScheduler/org.netbeans.modules.parsing.impl.SelectedNodesScheduler$1]" daemon [_thread_blocked, id=5169, stack(0x00007fe3dd953000,0x00007fe3ddb54000)]
  0x00007fe3e8143000 JavaThread "Inactive RequestProcessor thread [Was:Code Completion/org.netbeans.spi.editor.completion.support.AsyncCompletionTask]" daemon [_thread_blocked, id=5168, stack(0x00007fe3ddb54000,0x00007fe3ddd55000)]
  0x0000000001108000 JavaThread "Inactive RequestProcessor thread [Was:MimePathLookupFiring/org.openide.util.lookup.ProxyLookup$1Notify]" daemon [_thread_blocked, id=5167, stack(0x00007fe3ddd55000,0x00007fe3ddf56000)]
  0x00007fe3e8141000 JavaThread "Inactive RequestProcessor thread [Was:Explorer Actions/org.netbeans.modules.openide.explorer.ExplorerActionsImpl$ActionStateUpdater]" daemon [_thread_blocked, id=5166, stack(0x00007fe3ddf56000,0x00007fe3de157000)]
  0x00007fe3e813a800 JavaThread "Inactive RequestProcessor thread [Was:Versioning fire FileStatusChanged/org.netbeans.modules.versioning.core.VersioningAnnotationProvider$1]" daemon [_thread_blocked, id=5165, stack(0x00007fe3de157000,0x00007fe3de358000)]
  0x00007fe3e813f800 JavaThread "Inactive RequestProcessor thread [Was:System clipboard synchronizer/org.netbeans.NbClipboard$GetContents]" daemon [_thread_blocked, id=5164, stack(0x00007fe3de358000,0x00007fe3de559000)]
  0x00007fe42c009800 JavaThread "DestroyJavaVM" [_thread_blocked, id=5121, stack(0x00007fe433cb1000,0x00007fe433eb2000)]
  0x00007fe3e0587000 JavaThread "TimerQueue" daemon [_thread_blocked, id=5159, stack(0x00007fe3de9da000,0x00007fe3debdb000)]
  0x00007fe3e0567800 JavaThread "Framework Event Dispatcher" daemon [_thread_blocked, id=5156, stack(0x00007fe3debdb000,0x00007fe3deddc000)]
  0x00007fe3e0560800 JavaThread "Deadlock Detector" [_thread_blocked, id=5155, stack(0x00007fe3deddc000,0x00007fe3defdd000)]
  0x00007fe3e0533000 JavaThread "Thread-3" daemon [_thread_blocked, id=5154, stack(0x00007fe3df1e6000,0x00007fe3df3e7000)]
  0x00007fe41804d000 JavaThread "File Watcher" daemon [_thread_in_native, id=5152, stack(0x00007fe3df3e7000,0x00007fe3df5e8000)]
  0x00007fe3e03ab000 JavaThread "Editor Parsing Loop (20150619-debian-8.0.2)" daemon [_thread_blocked, id=5151, stack(0x00007fe3df7fc000,0x00007fe3df9fd000)]
  0x00007fe3e03ad800 JavaThread "Inactive RequestProcessor thread [Was:Code Completion/org.netbeans.spi.editor.completion.support.AsyncCompletionTask]" daemon [_thread_blocked, id=5150, stack(0x00007fe3df9fd000,0x00007fe3dfbfe000)]
  0x00007fe3e03a3800 JavaThread "Inactive RequestProcessor thread [Was:Spellchecker/org.netbeans.modules.spellchecker.ComponentPeer$1]" daemon [_thread_blocked, id=5149, stack(0x00007fe3dfbfe000,0x00007fe3dfdff000)]
  0x00007fe3e0387000 JavaThread "Inactive RequestProcessor thread [Was:Code Completion/org.netbeans.spi.editor.completion.support.AsyncCompletionTask]" daemon [_thread_blocked, id=5148, stack(0x00007fe3dfdff000,0x00007fe3e0000000)]
  0x00007fe3e03cb000 JavaThread "Inactive RequestProcessor thread [Was:OpenIDE-request-processor-1/org.netbeans.core.startup.preferences.NbPreferences$1]" daemon [_thread_blocked, id=5147, stack(0x00007fe3e40e3000,0x00007fe3e42e4000)]
  0x00007fe3e03b6000 JavaThread "State Data Manager" daemon [_thread_blocked, id=5146, stack(0x00007fe3e42e4000,0x00007fe3e44e5000)]
  0x00007fe3e035d000 JavaThread "Framework Active Thread" [_thread_blocked, id=5145, stack(0x00007fe3e44e5000,0x00007fe3e46e6000)]
=>0x00007fe400003000 JavaThread "Thread-1" [_thread_in_native, id=5143, stack(0x00007fe3e4c29000,0x00007fe3e542a000)]
  0x00007fe3e0107000 JavaThread "AWT-EventQueue-1" [_thread_in_native, id=5144, stack(0x00007fe3e4a28000,0x00007fe3e4c29000)]
  0x00007fe3e00cb800 JavaThread "AWT-EventQueue-0" [_thread_blocked, id=5142, stack(0x00007fe3e542a000,0x00007fe3e562b000)]
  0x00007fe3e00c8000 JavaThread "AWT-Shutdown" [_thread_blocked, id=5141, stack(0x00007fe3e562b000,0x00007fe3e582c000)]
  0x00007fe3e00a0000 JavaThread "process reaper" daemon [_thread_blocked, id=5140, stack(0x00007fe3f4176000,0x00007fe3f41af000)]
  0x00007fe3e009e000 JavaThread "AWT-XAWT" daemon [_thread_in_native, id=5138, stack(0x00007fe3ed950000,0x00007fe3edb51000)]
  0x00007fe3e007b800 JavaThread "Java2D Disposer" daemon [_thread_blocked, id=5137, stack(0x00007fe3edf62000,0x00007fe3ee163000)]
  0x00007fe3e0023000 JavaThread "RequestProcessor queue manager" daemon [_thread_blocked, id=5136, stack(0x00007fe3ee7d3000,0x00007fe3ee9d4000)]
  0x00007fe42c22e000 JavaThread "Inactive RequestProcessor thread [Was:org.netbeans.modules.editor.errorstripe.AnnotationView/org.netbeans.modules.editor.errorstripe.AnnotationView$RepaintTask]" daemon [_thread_blocked, id=5134, stack(0x00007fe3eebd5000,0x00007fe3eedd6000)]
  0x00007fe42c1f7000 JavaThread "CLI Requests Server" daemon [_thread_in_native, id=5133, stack(0x00007fe40806c000,0x00007fe40826d000)]
  0x00007fe42c1bd000 JavaThread "Active Reference Queue Daemon" daemon [_thread_blocked, id=5132, stack(0x00007fe40a121000,0x00007fe40a322000)]
  0x00007fe42c0a9800 JavaThread "Service Thread" daemon [_thread_blocked, id=5130, stack(0x00007fe40bdff000,0x00007fe40c000000)]
  0x00007fe42c0a7000 JavaThread "C2 CompilerThread1" daemon [_thread_in_native, id=5129, stack(0x00007fe428115000,0x00007fe428216000)]
  0x00007fe42c0a4800 JavaThread "C2 CompilerThread0" daemon [_thread_blocked, id=5128, stack(0x00007fe428216000,0x00007fe428317000)]
  0x00007fe42c0a2000 JavaThread "Signal Dispatcher" daemon [_thread_blocked, id=5127, stack(0x00007fe428317000,0x00007fe428518000)]
  0x00007fe42c077000 JavaThread "Finalizer" daemon [_thread_blocked, id=5126, stack(0x00007fe4286a1000,0x00007fe4288a2000)]
  0x00007fe42c075000 JavaThread "Reference Handler" daemon [_thread_blocked, id=5125, stack(0x00007fe4288a2000,0x00007fe428aa3000)]

Other Threads:
  0x00007fe42c070800 VMThread [stack: 0x00007fe428aa3000,0x00007fe428ba4000] [id=5124]
  0x00007fe42c0b4800 WatcherThread [stack: 0x00007fe428014000,0x00007fe428115000] [id=5131]

VM state:not at safepoint (normal execution)

VM Mutex/Monitor currently owned by a thread: None

Heap
 PSYoungGen      total 244224K, used 199415K [0x00000000ef880000, 0x0000000100000000, 0x0000000100000000)
  eden space 225280K, 83% used [0x00000000ef880000,0x00000000faff4098,0x00000000fd480000)
  from space 18944K, 61% used [0x00000000fd480000,0x00000000fdfc9eb0,0x00000000fe700000)
  to   space 18944K, 0% used [0x00000000fed80000,0x00000000fed80000,0x0000000100000000)
 ParOldGen       total 83456K, used 57820K [0x00000000cea00000, 0x00000000d3b80000, 0x00000000ef880000)
  object space 83456K, 69% used [0x00000000cea00000,0x00000000d2277220,0x00000000d3b80000)
 PSPermGen       total 113664K, used 74000K [0x00000000b6a00000, 0x00000000bd900000, 0x00000000cea00000)
  object space 113664K, 65% used [0x00000000b6a00000,0x00000000bb244088,0x00000000bd900000)

Card table byte_map: [0x00007fe430215000,0x00007fe430461000] byte_map_base: 0x00007fe42fc60000

Polling page: 0x00007fe436384000

Code Cache  [0x00007fe430461000, 0x00007fe4309c1000, 0x00007fe433461000)
 total_blobs=2331 nmethods=1563 adapters=720 free_code_cache=43723Kb largest_free_block=44697536

Compilation events (10 events):
Event: 63.474 Thread 0x00007fe42c0a4800 nmethod 1892 0x00007fe4309a3ad0 code [0x00007fe4309a3c00, 0x00007fe4309a3c58]
Event: 63.477 Thread 0x00007fe42c0a4800 1893             javax.swing.text.html.parser.DTD::getElement (52 bytes)
Event: 63.478 Thread 0x00007fe42c0a4800 nmethod 1893 0x00007fe4309a4f10 code [0x00007fe4309a5060, 0x00007fe4309a5148]
Event: 63.483 Thread 0x00007fe42c0a7000 1894             javax.swing.text.html.parser.Parser::parseTag (1656 bytes)
Event: 63.515 Thread 0x00007fe42c0a4800 1895             com.sun.tools.javac.util.Name::getBytes (18 bytes)
Event: 63.517 Thread 0x00007fe42c0a4800 nmethod 1895 0x00007fe4309a1710 code [0x00007fe4309a1860, 0x00007fe4309a19b8]
Event: 63.517 Thread 0x00007fe42c0a4800 1896             com.sun.tools.javac.util.Context::get (82 bytes)
Event: 63.526 Thread 0x00007fe42c0a4800 nmethod 1896 0x00007fe4309a0d10 code [0x00007fe4309a0ec0, 0x00007fe4309a12a8]
Event: 63.555 Thread 0x00007fe42c0a4800 1897  s          java.util.Vector::elementAt (48 bytes)
Event: 63.557 Thread 0x00007fe42c0a4800 nmethod 1897 0x00007fe4309a2ed0 code [0x00007fe4309a3020, 0x00007fe4309a3298]

GC Heap History (10 events):
Event: 12.365 GC heap before
{Heap before GC invocations=11 (full 1):
 PSYoungGen      total 153088K, used 153040K [0x00000000ef880000, 0x00000000ff880000, 0x0000000100000000)
  eden space 146432K, 100% used [0x00000000ef880000,0x00000000f8780000,0x00000000f8780000)
  from space 6656K, 99% used [0x00000000f8780000,0x00000000f8df4390,0x00000000f8e00000)
  to   space 13824K, 0% used [0x00000000feb00000,0x00000000feb00000,0x00000000ff880000)
 ParOldGen       total 50176K, used 26199K [0x00000000cea00000, 0x00000000d1b00000, 0x00000000ef880000)
  object space 50176K, 52% used [0x00000000cea00000,0x00000000d0395f70,0x00000000d1b00000)
 PSPermGen       total 93184K, used 53999K [0x00000000b6a00000, 0x00000000bc500000, 0x00000000cea00000)
  object space 93184K, 57% used [0x00000000b6a00000,0x00000000b9ebbf20,0x00000000bc500000)
Event: 12.404 GC heap after
Heap after GC invocations=11 (full 1):
 PSYoungGen      total 190464K, used 13795K [0x00000000ef880000, 0x00000000ff880000, 0x0000000100000000)
  eden space 176640K, 0% used [0x00000000ef880000,0x00000000ef880000,0x00000000fa500000)
  from space 13824K, 99% used [0x00000000feb00000,0x00000000ff878fe8,0x00000000ff880000)
  to   space 16384K, 0% used [0x00000000fd880000,0x00000000fd880000,0x00000000fe880000)
 ParOldGen       total 50176K, used 27339K [0x00000000cea00000, 0x00000000d1b00000, 0x00000000ef880000)
  object space 50176K, 54% used [0x00000000cea00000,0x00000000d04b2fe8,0x00000000d1b00000)
 PSPermGen       total 93184K, used 53999K [0x00000000b6a00000, 0x00000000bc500000, 0x00000000cea00000)
  object space 93184K, 57% used [0x00000000b6a00000,0x00000000b9ebbf20,0x00000000bc500000)
}
Event: 15.533 GC heap before
{Heap before GC invocations=12 (full 1):
 PSYoungGen      total 190464K, used 190435K [0x00000000ef880000, 0x00000000ff880000, 0x0000000100000000)
  eden space 176640K, 100% used [0x00000000ef880000,0x00000000fa500000,0x00000000fa500000)
  from space 13824K, 99% used [0x00000000feb00000,0x00000000ff878fe8,0x00000000ff880000)
  to   space 16384K, 0% used [0x00000000fd880000,0x00000000fd880000,0x00000000fe880000)
 ParOldGen       total 50176K, used 27339K [0x00000000cea00000, 0x00000000d1b00000, 0x00000000ef880000)
  object space 50176K, 54% used [0x00000000cea00000,0x00000000d04b2fe8,0x00000000d1b00000)
 PSPermGen       total 93184K, used 58158K [0x00000000b6a00000, 0x00000000bc500000, 0x00000000cea00000)
  object space 93184K, 62% used [0x00000000b6a00000,0x00000000ba2cbae8,0x00000000bc500000)
Event: 15.564 GC heap after
Heap after GC invocations=12 (full 1):
 PSYoungGen      total 225280K, used 14476K [0x00000000ef880000, 0x00000000feb80000, 0x0000000100000000)
  eden space 210432K, 0% used [0x00000000ef880000,0x00000000ef880000,0x00000000fc600000)
  from space 14848K, 97% used [0x00000000fd880000,0x00000000fe6a33a0,0x00000000fe700000)
  to   space 4608K, 0% used [0x00000000fe700000,0x00000000fe700000,0x00000000feb80000)
 ParOldGen       total 50176K, used 40496K [0x00000000cea00000, 0x00000000d1b00000, 0x00000000ef880000)
  object space 50176K, 80% used [0x00000000cea00000,0x00000000d118c100,0x00000000d1b00000)
 PSPermGen       total 93184K, used 58158K [0x00000000b6a00000, 0x00000000bc500000, 0x00000000cea00000)
  object space 93184K, 62% used [0x00000000b6a00000,0x00000000ba2cbae8,0x00000000bc500000)
}
Event: 15.564 GC heap before
{Heap before GC invocations=13 (full 2):
 PSYoungGen      total 225280K, used 14476K [0x00000000ef880000, 0x00000000feb80000, 0x0000000100000000)
  eden space 210432K, 0% used [0x00000000ef880000,0x00000000ef880000,0x00000000fc600000)
  from space 14848K, 97% used [0x00000000fd880000,0x00000000fe6a33a0,0x00000000fe700000)
  to   space 4608K, 0% used [0x00000000fe700000,0x00000000fe700000,0x00000000feb80000)
 ParOldGen       total 50176K, used 40496K [0x00000000cea00000, 0x00000000d1b00000, 0x00000000ef880000)
  object space 50176K, 80% used [0x00000000cea00000,0x00000000d118c100,0x00000000d1b00000)
 PSPermGen       total 93184K, used 58158K [0x00000000b6a00000, 0x00000000bc500000, 0x00000000cea00000)
  object space 93184K, 62% used [0x00000000b6a00000,0x00000000ba2cbae8,0x00000000bc500000)
Event: 15.806 GC heap after
Heap after GC invocations=13 (full 2):
 PSYoungGen      total 225280K, used 0K [0x00000000ef880000, 0x00000000feb80000, 0x0000000100000000)
  eden space 210432K, 0% used [0x00000000ef880000,0x00000000ef880000,0x00000000fc600000)
  from space 14848K, 0% used [0x00000000fd880000,0x00000000fd880000,0x00000000fe700000)
  to   space 4608K, 0% used [0x00000000fe700000,0x00000000fe700000,0x00000000feb80000)
 ParOldGen       total 83456K, used 45028K [0x00000000cea00000, 0x00000000d3b80000, 0x00000000ef880000)
  object space 83456K, 53% used [0x00000000cea00000,0x00000000d15f9288,0x00000000d3b80000)
 PSPermGen       total 113664K, used 58147K [0x00000000b6a00000, 0x00000000bd900000, 0x00000000cea00000)
  object space 113664K, 51% used [0x00000000b6a00000,0x00000000ba2c8ff8,0x00000000bd900000)
}
Event: 52.995 GC heap before
{Heap before GC invocations=14 (full 2):
 PSYoungGen      total 225280K, used 210432K [0x00000000ef880000, 0x00000000feb80000, 0x0000000100000000)
  eden space 210432K, 100% used [0x00000000ef880000,0x00000000fc600000,0x00000000fc600000)
  from space 14848K, 0% used [0x00000000fd880000,0x00000000fd880000,0x00000000fe700000)
  to   space 4608K, 0% used [0x00000000fe700000,0x00000000fe700000,0x00000000feb80000)
 ParOldGen       total 83456K, used 45028K [0x00000000cea00000, 0x00000000d3b80000, 0x00000000ef880000)
  object space 83456K, 53% used [0x00000000cea00000,0x00000000d15f9288,0x00000000d3b80000)
 PSPermGen       total 113664K, used 67530K [0x00000000b6a00000, 0x00000000bd900000, 0x00000000cea00000)
  object space 113664K, 59% used [0x00000000b6a00000,0x00000000babf28a8,0x00000000bd900000)
Event: 53.019 GC heap after
Heap after GC invocations=14 (full 2):
 PSYoungGen      total 229888K, used 4590K [0x00000000ef880000, 0x0000000100000000, 0x0000000100000000)
  eden space 225280K, 0% used [0x00000000ef880000,0x00000000ef880000,0x00000000fd480000)
  from space 4608K, 99% used [0x00000000fe700000,0x00000000feb7bb60,0x00000000feb80000)
  to   space 18944K, 0% used [0x00000000fd480000,0x00000000fd480000,0x00000000fe700000)
 ParOldGen       total 83456K, used 53410K [0x00000000cea00000, 0x00000000d3b80000, 0x00000000ef880000)
  object space 83456K, 63% used [0x00000000cea00000,0x00000000d1e28948,0x00000000d3b80000)
 PSPermGen       total 113664K, used 67530K [0x00000000b6a00000, 0x00000000bd900000, 0x00000000cea00000)
  object space 113664K, 59% used [0x00000000b6a00000,0x00000000babf28a8,0x00000000bd900000)
}
Event: 54.458 GC heap before
{Heap before GC invocations=15 (full 2):
 PSYoungGen      total 229888K, used 229870K [0x00000000ef880000, 0x0000000100000000, 0x0000000100000000)
  eden space 225280K, 100% used [0x00000000ef880000,0x00000000fd480000,0x00000000fd480000)
  from space 4608K, 99% used [0x00000000fe700000,0x00000000feb7bb60,0x00000000feb80000)
  to   space 18944K, 0% used [0x00000000fd480000,0x00000000fd480000,0x00000000fe700000)
 ParOldGen       total 83456K, used 53410K [0x00000000cea00000, 0x00000000d3b80000, 0x00000000ef880000)
  object space 83456K, 63% used [0x00000000cea00000,0x00000000d1e28948,0x00000000d3b80000)
 PSPermGen       total 113664K, used 69865K [0x00000000b6a00000, 0x00000000bd900000, 0x00000000cea00000)
  object space 113664K, 61% used [0x00000000b6a00000,0x00000000bae3a640,0x00000000bd900000)
Event: 54.487 GC heap after
Heap after GC invocations=15 (full 2):
 PSYoungGen      total 244224K, used 11559K [0x00000000ef880000, 0x0000000100000000, 0x0000000100000000)
  eden space 225280K, 0% used [0x00000000ef880000,0x00000000ef880000,0x00000000fd480000)
  from space 18944K, 61% used [0x00000000fd480000,0x00000000fdfc9eb0,0x00000000fe700000)
  to   space 18944K, 0% used [0x00000000fed80000,0x00000000fed80000,0x0000000100000000)
 ParOldGen       total 83456K, used 57820K [0x00000000cea00000, 0x00000000d3b80000, 0x00000000ef880000)
  object space 83456K, 69% used [0x00000000cea00000,0x00000000d2277220,0x00000000d3b80000)
 PSPermGen       total 113664K, used 69865K [0x00000000b6a00000, 0x00000000bd900000, 0x00000000cea00000)
  object space 113664K, 61% used [0x00000000b6a00000,0x00000000bae3a640,0x00000000bd900000)
}

Deoptimization events (10 events):
Event: 56.023 Thread 0x00007fe3e0107000 Uncommon trap: reason=class_check action=maybe_recompile pc=0x00007fe430624d60 method=org.openide.util.lookup.InheritanceTree.searchInterface(Ljava/lang/Class;)Ljava/util/Enumeration; @ 49
Event: 56.036 Thread 0x00007fe3e03ad800 Uncommon trap: reason=unstable_if action=reinterpret pc=0x00007fe4307b1fe8 method=java.lang.Long.parseLong(Ljava/lang/String;I)J @ 124
Event: 56.101 Thread 0x00007fe3e0107000 Uncommon trap: reason=class_check action=maybe_recompile pc=0x00007fe4309290dc method=sun.java2d.pipe.ShapeSpanIterator.appendPath(Ljava/awt/geom/PathIterator;)V @ 7
Event: 56.101 Thread 0x00007fe3e0107000 Uncommon trap: reason=unstable_if action=reinterpret pc=0x00007fe430910ea4 method=java.awt.geom.Path2D$Double.getBounds2D()Ljava/awt/geom/Rectangle2D; @ 105
Event: 60.495 Thread 0x00007fe3e03ab000 Uncommon trap: reason=unstable_if action=reinterpret pc=0x00007fe430967018 method=org.netbeans.api.java.source.support.CancellableTreeScanner.isCanceled()Z @ 24
Event: 63.331 Thread 0x00007fe3e0387000 Uncommon trap: reason=unstable_if action=reinterpret pc=0x00007fe4307f7114 method=com.sun.tools.javac.parser.JavacParser$SimpleEndPosTable.storeEnd(Lcom/sun/tools/javac/tree/JCTree;I)V @ 59
Event: 63.331 Thread 0x00007fe3e0387000 Uncommon trap: reason=unstable_if action=reinterpret pc=0x00007fe430910e8c method=com.sun.tools.javac.parser.JavacParser$SimpleEndPosTable.storeEnd(Lcom/sun/tools/javac/tree/JCTree;I)V @ 59
Event: 63.345 Thread 0x00007fe3e0387000 Uncommon trap: reason=unstable_if action=reinterpret pc=0x00007fe430833378 method=com.sun.tools.javac.parser.JavacParser$SimpleEndPosTable.storeEnd(Lcom/sun/tools/javac/tree/JCTree;I)V @ 59
Event: 63.345 Thread 0x00007fe3e0387000 Uncommon trap: reason=unstable_if action=reinterpret pc=0x00007fe43097fa58 method=com.sun.tools.javac.parser.JavacParser$SimpleEndPosTable.storeEnd(Lcom/sun/tools/javac/tree/JCTree;I)V @ 59
Event: 63.561 Thread 0x00007fe3e0107000 Uncommon trap: reason=unstable_if action=reinterpret pc=0x00007fe430753b14 method=org.GNOME.Accessibility.AtkWrapper$3.propertyChange(Ljava/beans/PropertyChangeEvent;)V @ 163

Internal exceptions (10 events):
Event: 63.504 Thread 0x00007fe40512b800 Threw 0x00000000fac96c20 at /build/openjdk-7-1Vhfz6/openjdk-7-7u85-2.6.1/build/openjdk/hotspot/src/share/vm/prims/jni.cpp:721
Event: 63.505 Thread 0x00007fe40512b800 Threw 0x00000000facaab00 at /build/openjdk-7-1Vhfz6/openjdk-7-7u85-2.6.1/build/openjdk/hotspot/src/share/vm/prims/jni.cpp:721
Event: 63.505 Thread 0x00007fe40512b800 Threw 0x00000000facae460 at /build/openjdk-7-1Vhfz6/openjdk-7-7u85-2.6.1/build/openjdk/hotspot/src/share/vm/prims/jni.cpp:721
Event: 63.508 Thread 0x00007fe40512b800 Threw 0x00000000facd9df0 at /build/openjdk-7-1Vhfz6/openjdk-7-7u85-2.6.1/build/openjdk/hotspot/src/share/vm/prims/jni.cpp:721
Event: 63.510 Thread 0x00007fe40512b800 Threw 0x00000000facfed10 at /build/openjdk-7-1Vhfz6/openjdk-7-7u85-2.6.1/build/openjdk/hotspot/src/share/vm/prims/jni.cpp:721
Event: 63.512 Thread 0x00007fe40512b800 Threw 0x00000000fad17370 at /build/openjdk-7-1Vhfz6/openjdk-7-7u85-2.6.1/build/openjdk/hotspot/src/share/vm/prims/jni.cpp:721
Event: 63.517 Thread 0x00007fe40512b800 Threw 0x00000000fadfb778 at /build/openjdk-7-1Vhfz6/openjdk-7-7u85-2.6.1/build/openjdk/hotspot/src/share/vm/prims/jvm.cpp:1322
Event: 63.518 Thread 0x00007fe40512b800 Threw 0x00000000fadfc748 at /build/openjdk-7-1Vhfz6/openjdk-7-7u85-2.6.1/build/openjdk/hotspot/src/share/vm/prims/jvm.cpp:1322
Event: 63.519 Thread 0x00007fe40512b800 Threw 0x00000000fae0ad10 at /build/openjdk-7-1Vhfz6/openjdk-7-7u85-2.6.1/build/openjdk/hotspot/src/share/vm/prims/jvm.cpp:1322
Event: 63.519 Thread 0x00007fe40512b800 Threw 0x00000000fae0bde8 at /build/openjdk-7-1Vhfz6/openjdk-7-7u85-2.6.1/build/openjdk/hotspot/src/share/vm/prims/jvm.cpp:1322

Events (10 events):
Event: 63.527 Executing VM operation: RevokeBias done
Event: 63.530 Executing VM operation: RevokeBias
Event: 63.530 Executing VM operation: RevokeBias done
Event: 63.534 Executing VM operation: RevokeBias
Event: 63.536 Executing VM operation: RevokeBias done
Event: 63.541 Executing VM operation: RevokeBias
Event: 63.541 Executing VM operation: RevokeBias done
Event: 63.561 Thread 0x00007fe3e0107000 Uncommon trap: trap_request=0xffffff75 fr.pc=0x00007fe430753b14
Event: 63.561 Thread 0x00007fe3e0107000 DEOPT PACKING pc=0x00007fe430753b14 sp=0x00007fe3e4c26480
Event: 63.561 Thread 0x00007fe3e0107000 DEOPT UNPACKING pc=0x00007fe43049a045 sp=0x00007fe3e4c26408 mode 2


Dynamic libraries:
00400000-00401000 r-xp 00000000 fe:01 27270572                           /usr/lib/jvm/java-7-openjdk-amd64/jre/bin/java
00600000-00601000 r--p 00000000 fe:01 27270572                           /usr/lib/jvm/java-7-openjdk-amd64/jre/bin/java
00601000-00602000 rw-p 00001000 fe:01 27270572                           /usr/lib/jvm/java-7-openjdk-amd64/jre/bin/java
010e9000-0112b000 rw-p 00000000 00:00 0                                  [heap]
b6a00000-bd900000 rw-p 00000000 00:00 0 
bd900000-cea00000 rw-p 00000000 00:00 0 
cea00000-d3b80000 rw-p 00000000 00:00 0 
d3b80000-ef880000 rw-p 00000000 00:00 0 
ef880000-100000000 rw-p 00000000 00:00 0 
7fe3dcb4c000-7fe3dcb4f000 ---p 00000000 00:00 0 
7fe3dcb4f000-7fe3dcd4d000 rw-p 00000000 00:00 0 
7fe3dcd4d000-7fe3dcd50000 ---p 00000000 00:00 0 
7fe3dcd50000-7fe3dcf4e000 rw-p 00000000 00:00 0                          [stack:5195]
7fe3dcf4e000-7fe3dcf51000 ---p 00000000 00:00 0 
7fe3dcf51000-7fe3dd14f000 rw-p 00000000 00:00 0                          [stack:5175]
7fe3dd14f000-7fe3dd152000 ---p 00000000 00:00 0 
7fe3dd152000-7fe3dd350000 rw-p 00000000 00:00 0                          [stack:5174]
7fe3dd350000-7fe3dd353000 ---p 00000000 00:00 0 
7fe3dd353000-7fe3dd551000 rw-p 00000000 00:00 0                          [stack:5173]
7fe3dd551000-7fe3dd554000 ---p 00000000 00:00 0 
7fe3dd554000-7fe3dd752000 rw-p 00000000 00:00 0                          [stack:5172]
7fe3dd752000-7fe3dd755000 ---p 00000000 00:00 0 
7fe3dd755000-7fe3dd953000 rw-p 00000000 00:00 0                          [stack:5170]
7fe3dd953000-7fe3dd956000 ---p 00000000 00:00 0 
7fe3dd956000-7fe3ddb54000 rw-p 00000000 00:00 0                          [stack:5169]
7fe3ddb54000-7fe3ddb57000 ---p 00000000 00:00 0 
7fe3ddb57000-7fe3ddd55000 rw-p 00000000 00:00 0                          [stack:5168]
7fe3ddd55000-7fe3ddd58000 ---p 00000000 00:00 0 
7fe3ddd58000-7fe3ddf56000 rw-p 00000000 00:00 0                          [stack:5167]
7fe3ddf56000-7fe3ddf59000 ---p 00000000 00:00 0 
7fe3ddf59000-7fe3de157000 rw-p 00000000 00:00 0                          [stack:5166]
7fe3de157000-7fe3de15a000 ---p 00000000 00:00 0 
7fe3de15a000-7fe3de358000 rw-p 00000000 00:00 0                          [stack:5165]
7fe3de358000-7fe3de35b000 ---p 00000000 00:00 0 
7fe3de35b000-7fe3de559000 rw-p 00000000 00:00 0                          [stack:5164]
7fe3de5d8000-7fe3de5db000 ---p 00000000 00:00 0 
7fe3de5db000-7fe3de7d9000 rw-p 00000000 00:00 0 
7fe3de7d9000-7fe3de7dc000 ---p 00000000 00:00 0 
7fe3de7dc000-7fe3de9da000 rw-p 00000000 00:00 0 
7fe3de9da000-7fe3de9dd000 ---p 00000000 00:00 0 
7fe3de9dd000-7fe3debdb000 rw-p 00000000 00:00 0                          [stack:5159]
7fe3debdb000-7fe3debde000 ---p 00000000 00:00 0 
7fe3debde000-7fe3deddc000 rw-p 00000000 00:00 0                          [stack:5156]
7fe3deddc000-7fe3deddf000 ---p 00000000 00:00 0 
7fe3deddf000-7fe3defdd000 rw-p 00000000 00:00 0                          [stack:5155]
7fe3defdd000-7fe3defe5000 r-xp 00000000 fe:01 28051277                   /usr/lib/jvm/java-7-openjdk-amd64/jre/lib/amd64/libmanagement.so
7fe3defe5000-7fe3df1e4000 ---p 00008000 fe:01 28051277                   /usr/lib/jvm/java-7-openjdk-amd64/jre/lib/amd64/libmanagement.so
7fe3df1e4000-7fe3df1e5000 r--p 00007000 fe:01 28051277                   /usr/lib/jvm/java-7-openjdk-amd64/jre/lib/amd64/libmanagement.so
7fe3df1e5000-7fe3df1e6000 rw-p 00008000 fe:01 28051277                   /usr/lib/jvm/java-7-openjdk-amd64/jre/lib/amd64/libmanagement.so
7fe3df1e6000-7fe3df1e9000 ---p 00000000 00:00 0 
7fe3df1e9000-7fe3df3e7000 rw-p 00000000 00:00 0                          [stack:5154]
7fe3df3e7000-7fe3df3ea000 ---p 00000000 00:00 0 
7fe3df3ea000-7fe3df5e8000 rw-p 00000000 00:00 0                          [stack:5152]
7fe3df5e8000-7fe3df5fb000 r-xp 00000000 fe:01 28319713                   /usr/lib/x86_64-linux-gnu/jni/libjnidispatch.so
7fe3df5fb000-7fe3df7fa000 ---p 00013000 fe:01 28319713                   /usr/lib/x86_64-linux-gnu/jni/libjnidispatch.so
7fe3df7fa000-7fe3df7fb000 r--p 00012000 fe:01 28319713                   /usr/lib/x86_64-linux-gnu/jni/libjnidispatch.so
7fe3df7fb000-7fe3df7fc000 rw-p 00013000 fe:01 28319713                   /usr/lib/x86_64-linux-gnu/jni/libjnidispatch.so
7fe3df7fc000-7fe3df7ff000 ---p 00000000 00:00 0 
7fe3df7ff000-7fe3df9fd000 rw-p 00000000 00:00 0                          [stack:5151]
7fe3df9fd000-7fe3dfa00000 ---p 00000000 00:00 0 
7fe3dfa00000-7fe3dfbfe000 rw-p 00000000 00:00 0                          [stack:5150]
7fe3dfbfe000-7fe3dfc01000 ---p 00000000 00:00 0 
7fe3dfc01000-7fe3dfdff000 rw-p 00000000 00:00 0                          [stack:5149]
7fe3dfdff000-7fe3dfe02000 ---p 00000000 00:00 0 
7fe3dfe02000-7fe3e0000000 rw-p 00000000 00:00 0                          [stack:5148]
7fe3e0000000-7fe3e0597000 rw-p 00000000 00:00 0 
7fe3e0597000-7fe3e4000000 ---p 00000000 00:00 0 
7fe3e40e3000-7fe3e40e6000 ---p 00000000 00:00 0 
7fe3e40e6000-7fe3e42e4000 rw-p 00000000 00:00 0                          [stack:5147]
7fe3e42e4000-7fe3e42e7000 ---p 00000000 00:00 0 
7fe3e42e7000-7fe3e44e5000 rw-p 00000000 00:00 0                          [stack:5146]
7fe3e44e5000-7fe3e44e8000 ---p 00000000 00:00 0 
7fe3e44e8000-7fe3e46e6000 rw-p 00000000 00:00 0                          [stack:5145]
7fe3e46e6000-7fe3e4738000 r-xp 00000000 fe:01 28051258                   /usr/lib/jvm/java-7-openjdk-amd64/jre/lib/amd64/libfontmanager.so
7fe3e4738000-7fe3e4938000 ---p 00052000 fe:01 28051258                   /usr/lib/jvm/java-7-openjdk-amd64/jre/lib/amd64/libfontmanager.so
7fe3e4938000-7fe3e493a000 r--p 00052000 fe:01 28051258                   /usr/lib/jvm/java-7-openjdk-amd64/jre/lib/amd64/libfontmanager.so
7fe3e493a000-7fe3e493b000 rw-p 00054000 fe:01 28051258                   /usr/lib/jvm/java-7-openjdk-amd64/jre/lib/amd64/libfontmanager.so
7fe3e493b000-7fe3e4a28000 r--s 00000000 fe:01 20317592                   /home/NotSimon/.cache/netbeans/8.0.2/all-layers.dat
7fe3e4a28000-7fe3e4a2b000 ---p 00000000 00:00 0 
7fe3e4a2b000-7fe3e4c29000 rw-p 00000000 00:00 0                          [stack:5144]
7fe3e4c29000-7fe3e4c2c000 ---p 00000000 00:00 0 
7fe3e4c2c000-7fe3e542a000 rw-p 00000000 00:00 0                          [stack:5143]
7fe3e542a000-7fe3e542d000 ---p 00000000 00:00 0 
7fe3e542d000-7fe3e562b000 rw-p 00000000 00:00 0                          [stack:5142]
7fe3e562b000-7fe3e562e000 ---p 00000000 00:00 0 
7fe3e562e000-7fe3e582c000 rw-p 00000000 00:00 0                          [stack:5141]
7fe3e582c000-7fe3e5846000 r-xp 00000000 fe:01 25173032                   /usr/lib/x86_64-linux-gnu/libgraphite2.so.3.0.1
7fe3e5846000-7fe3e5a45000 ---p 0001a000 fe:01 25173032                   /usr/lib/x86_64-linux-gnu/libgraphite2.so.3.0.1
7fe3e5a45000-7fe3e5a47000 r--p 00019000 fe:01 25173032                   /usr/lib/x86_64-linux-gnu/libgraphite2.so.3.0.1
7fe3e5a47000-7fe3e5a48000 rw-p 0001b000 fe:01 25173032                   /usr/lib/x86_64-linux-gnu/libgraphite2.so.3.0.1
7fe3e5a48000-7fe3e5a4e000 r-xp 00000000 fe:01 25173026                   /usr/lib/x86_64-linux-gnu/libdatrie.so.1.3.2
7fe3e5a4e000-7fe3e5c4e000 ---p 00006000 fe:01 25173026                   /usr/lib/x86_64-linux-gnu/libdatrie.so.1.3.2
7fe3e5c4e000-7fe3e5c4f000 r--p 00006000 fe:01 25173026                   /usr/lib/x86_64-linux-gnu/libdatrie.so.1.3.2
7fe3e5c4f000-7fe3e5c50000 rw-p 00007000 fe:01 25173026                   /usr/lib/x86_64-linux-gnu/libdatrie.so.1.3.2
7fe3e5c50000-7fe3e5cad000 r-xp 00000000 fe:01 25173036                   /usr/lib/x86_64-linux-gnu/libharfbuzz.so.0.10000.1
7fe3e5cad000-7fe3e5ead000 ---p 0005d000 fe:01 25173036                   /usr/lib/x86_64-linux-gnu/libharfbuzz.so.0.10000.1
7fe3e5ead000-7fe3e5eae000 r--p 0005d000 fe:01 25173036                   /usr/lib/x86_64-linux-gnu/libharfbuzz.so.0.10000.1
7fe3e5eae000-7fe3e5eaf000 rw-p 0005e000 fe:01 25173036                   /usr/lib/x86_64-linux-gnu/libharfbuzz.so.0.10000.1
7fe3e5eaf000-7fe3e5eb8000 r-xp 00000000 fe:01 25172996                   /usr/lib/x86_64-linux-gnu/libxcb-render.so.0.0.0
7fe3e5eb8000-7fe3e60b7000 ---p 00009000 fe:01 25172996                   /usr/lib/x86_64-linux-gnu/libxcb-render.so.0.0.0
7fe3e60b7000-7fe3e60b8000 r--p 00008000 fe:01 25172996                   /usr/lib/x86_64-linux-gnu/libxcb-render.so.0.0.0
7fe3e60b8000-7fe3e60b9000 rw-p 00009000 fe:01 25172996                   /usr/lib/x86_64-linux-gnu/libxcb-render.so.0.0.0
7fe3e60b9000-7fe3e60bb000 r-xp 00000000 fe:01 25172998                   /usr/lib/x86_64-linux-gnu/libxcb-shm.so.0.0.0
7fe3e60bb000-7fe3e62bb000 ---p 00002000 fe:01 25172998                   /usr/lib/x86_64-linux-gnu/libxcb-shm.so.0.0.0
7fe3e62bb000-7fe3e62bc000 r--p 00002000 fe:01 25172998                   /usr/lib/x86_64-linux-gnu/libxcb-shm.so.0.0.0
7fe3e62bc000-7fe3e62bd000 rw-p 00003000 fe:01 25172998                   /usr/lib/x86_64-linux-gnu/libxcb-shm.so.0.0.0
7fe3e62bd000-7fe3e6362000 r-xp 00000000 fe:01 25172994                   /usr/lib/x86_64-linux-gnu/libpixman-1.so.0.32.6
7fe3e6362000-7fe3e6561000 ---p 000a5000 fe:01 25172994                   /usr/lib/x86_64-linux-gnu/libpixman-1.so.0.32.6
7fe3e6561000-7fe3e6569000 r--p 000a4000 fe:01 25172994                   /usr/lib/x86_64-linux-gnu/libpixman-1.so.0.32.6
7fe3e6569000-7fe3e656a000 rw-p 000ac000 fe:01 25172994                   /usr/lib/x86_64-linux-gnu/libpixman-1.so.0.32.6
7fe3e656a000-7fe3e6572000 r-xp 00000000 fe:01 25173028                   /usr/lib/x86_64-linux-gnu/libthai.so.0.2.2
7fe3e6572000-7fe3e6771000 ---p 00008000 fe:01 25173028                   /usr/lib/x86_64-linux-gnu/libthai.so.0.2.2
7fe3e6771000-7fe3e6772000 r--p 00007000 fe:01 25173028                   /usr/lib/x86_64-linux-gnu/libthai.so.0.2.2
7fe3e6772000-7fe3e6773000 rw-p 00008000 fe:01 25173028                   /usr/lib/x86_64-linux-gnu/libthai.so.0.2.2
7fe3e6773000-7fe3e6787000 r-xp 00000000 fe:01 25173038                   /usr/lib/x86_64-linux-gnu/libpangoft2-1.0.so.0.3600.8
7fe3e6787000-7fe3e6987000 ---p 00014000 fe:01 25173038                   /usr/lib/x86_64-linux-gnu/libpangoft2-1.0.so.0.3600.8
7fe3e6987000-7fe3e6988000 r--p 00014000 fe:01 25173038                   /usr/lib/x86_64-linux-gnu/libpangoft2-1.0.so.0.3600.8
7fe3e6988000-7fe3e6989000 rw-p 00015000 fe:01 25173038                   /usr/lib/x86_64-linux-gnu/libpangoft2-1.0.so.0.3600.8
7fe3e6989000-7fe3e6a6f000 r-xp 00000000 fe:01 25176258                   /usr/lib/x86_64-linux-gnu/libepoxy.so.0.0.0
7fe3e6a6f000-7fe3e6c6f000 ---p 000e6000 fe:01 25176258                   /usr/lib/x86_64-linux-gnu/libepoxy.so.0.0.0
7fe3e6c6f000-7fe3e6c76000 r--p 000e6000 fe:01 25176258                   /usr/lib/x86_64-linux-gnu/libepoxy.so.0.0.0
7fe3e6c76000-7fe3e6c7d000 rw-p 000ed000 fe:01 25176258                   /usr/lib/x86_64-linux-gnu/libepoxy.so.0.0.0
7fe3e6c7d000-7fe3e6c89000 r-xp 00000000 fe:01 25173456                   /usr/lib/x86_64-linux-gnu/libwayland-client.so.0.3.0
7fe3e6c89000-7fe3e6e88000 ---p 0000c000 fe:01 25173456                   /usr/lib/x86_64-linux-gnu/libwayland-client.so.0.3.0
7fe3e6e88000-7fe3e6e8b000 r--p 0000b000 fe:01 25173456                   /usr/lib/x86_64-linux-gnu/libwayland-client.so.0.3.0
7fe3e6e8b000-7fe3e6e8c000 rw-p 0000e000 fe:01 25173456                   /usr/lib/x86_64-linux-gnu/libwayland-client.so.0.3.0
7fe3e6e8c000-7fe3e6e8d000 r-xp 00000000 fe:01 25173477                   /usr/lib/x86_64-linux-gnu/libwayland-egl.so.1.0.0
7fe3e6e8d000-7fe3e708c000 ---p 00001000 fe:01 25173477                   /usr/lib/x86_64-linux-gnu/libwayland-egl.so.1.0.0
7fe3e708c000-7fe3e708d000 r--p 00000000 fe:01 25173477                   /usr/lib/x86_64-linux-gnu/libwayland-egl.so.1.0.0
7fe3e708d000-7fe3e708e000 rw-p 00001000 fe:01 25173477                   /usr/lib/x86_64-linux-gnu/libwayland-egl.so.1.0.0
7fe3e708e000-7fe3e7092000 r-xp 00000000 fe:01 25173458                   /usr/lib/x86_64-linux-gnu/libwayland-cursor.so.0.0.0
7fe3e7092000-7fe3e7291000 ---p 00004000 fe:01 25173458                   /usr/lib/x86_64-linux-gnu/libwayland-cursor.so.0.0.0
7fe3e7291000-7fe3e7292000 r--p 00003000 fe:01 25173458                   /usr/lib/x86_64-linux-gnu/libwayland-cursor.so.0.0.0
7fe3e7292000-7fe3e7296000 rw-p 00004000 fe:01 25173458                   /usr/lib/x86_64-linux-gnu/libwayland-cursor.so.0.0.0
7fe3e7296000-7fe3e72d3000 r-xp 00000000 fe:01 25173479                   /usr/lib/x86_64-linux-gnu/libxkbcommon.so.0.0.0
7fe3e72d3000-7fe3e74d3000 ---p 0003d000 fe:01 25173479                   /usr/lib/x86_64-linux-gnu/libxkbcommon.so.0.0.0
7fe3e74d3000-7fe3e74d5000 r--p 0003d000 fe:01 25173479                   /usr/lib/x86_64-linux-gnu/libxkbcommon.so.0.0.0
7fe3e74d5000-7fe3e74d6000 rw-p 0003f000 fe:01 25173479                   /usr/lib/x86_64-linux-gnu/libxkbcommon.so.0.0.0
7fe3e74d6000-7fe3e74d8000 r-xp 00000000 fe:01 25173318                   /usr/lib/x86_64-linux-gnu/libXdamage.so.1.1.0
7fe3e74d8000-7fe3e76d7000 ---p 00002000 fe:01 25173318                   /usr/lib/x86_64-linux-gnu/libXdamage.so.1.1.0
7fe3e76d7000-7fe3e76d8000 r--p 00001000 fe:01 25173318                   /usr/lib/x86_64-linux-gnu/libXdamage.so.1.1.0
7fe3e76d8000-7fe3e76d9000 rw-p 00002000 fe:01 25173318                   /usr/lib/x86_64-linux-gnu/libXdamage.so.1.1.0
7fe3e76d9000-7fe3e76db000 r-xp 00000000 fe:01 25173312                   /usr/lib/x86_64-linux-gnu/libXcomposite.so.1.0.0
7fe3e76db000-7fe3e78da000 ---p 00002000 fe:01 25173312                   /usr/lib/x86_64-linux-gnu/libXcomposite.so.1.0.0
7fe3e78da000-7fe3e78db000 r--p 00001000 fe:01 25173312                   /usr/lib/x86_64-linux-gnu/libXcomposite.so.1.0.0
7fe3e78db000-7fe3e78dc000 rw-p 00002000 fe:01 25173312                   /usr/lib/x86_64-linux-gnu/libXcomposite.so.1.0.0
7fe3e78dc000-7fe3e78e6000 r-xp 00000000 fe:01 25173324                   /usr/lib/x86_64-linux-gnu/libXrandr.so.2.2.0
7fe3e78e6000-7fe3e7ae5000 ---p 0000a000 fe:01 25173324                   /usr/lib/x86_64-linux-gnu/libXrandr.so.2.2.0
7fe3e7ae5000-7fe3e7ae6000 r--p 00009000 fe:01 25173324                   /usr/lib/x86_64-linux-gnu/libXrandr.so.2.2.0
7fe3e7ae6000-7fe3e7ae7000 rw-p 0000a000 fe:01 25173324                   /usr/lib/x86_64-linux-gnu/libXrandr.so.2.2.0
7fe3e7ae7000-7fe3e7ae9000 r-xp 00000000 fe:01 25173322                   /usr/lib/x86_64-linux-gnu/libXinerama.so.1.0.0
7fe3e7ae9000-7fe3e7ce8000 ---p 00002000 fe:01 25173322                   /usr/lib/x86_64-linux-gnu/libXinerama.so.1.0.0
7fe3e7ce8000-7fe3e7ce9000 r--p 00001000 fe:01 25173322                   /usr/lib/x86_64-linux-gnu/libXinerama.so.1.0.0
7fe3e7ce9000-7fe3e7cea000 rw-p 00002000 fe:01 25173322                   /usr/lib/x86_64-linux-gnu/libXinerama.so.1.0.0
7fe3e7cea000-7fe3e7dfa000 r-xp 00000000 fe:01 25173004                   /usr/lib/x86_64-linux-gnu/libcairo.so.2.11400.2
7fe3e7dfa000-7fe3e7ffa000 ---p 00110000 fe:01 25173004                   /usr/lib/x86_64-linux-gnu/libcairo.so.2.11400.2
7fe3e7ffa000-7fe3e7ffd000 r--p 00110000 fe:01 25173004                   /usr/lib/x86_64-linux-gnu/libcairo.so.2.11400.2
7fe3e7ffd000-7fe3e7ffe000 rw-p 00113000 fe:01 25173004                   /usr/lib/x86_64-linux-gnu/libcairo.so.2.11400.2
7fe3e7ffe000-7fe3e8000000 rw-p 00000000 00:00 0 
7fe3e8000000-7fe3e83cc000 rw-p 00000000 00:00 0 
7fe3e83cc000-7fe3ec000000 ---p 00000000 00:00 0 
7fe3ec0aa000-7fe3ec0b0000 r-xp 00000000 fe:01 25173451                   /usr/lib/x86_64-linux-gnu/libcairo-gobject.so.2.11400.2
7fe3ec0b0000-7fe3ec2b0000 ---p 00006000 fe:01 25173451                   /usr/lib/x86_64-linux-gnu/libcairo-gobject.so.2.11400.2
7fe3ec2b0000-7fe3ec2b2000 r--p 00006000 fe:01 25173451                   /usr/lib/x86_64-linux-gnu/libcairo-gobject.so.2.11400.2
7fe3ec2b2000-7fe3ec2b3000 rw-p 00008000 fe:01 25173451                   /usr/lib/x86_64-linux-gnu/libcairo-gobject.so.2.11400.2
7fe3ec2b3000-7fe3ec2d4000 r-xp 00000000 fe:01 25172982                   /usr/lib/x86_64-linux-gnu/libgdk_pixbuf-2.0.so.0.3100.5
7fe3ec2d4000-7fe3ec4d3000 ---p 00021000 fe:01 25172982                   /usr/lib/x86_64-linux-gnu/libgdk_pixbuf-2.0.so.0.3100.5
7fe3ec4d3000-7fe3ec4d4000 r--p 00020000 fe:01 25172982                   /usr/lib/x86_64-linux-gnu/libgdk_pixbuf-2.0.so.0.3100.5
7fe3ec4d4000-7fe3ec4d5000 rw-p 00021000 fe:01 25172982                   /usr/lib/x86_64-linux-gnu/libgdk_pixbuf-2.0.so.0.3100.5
7fe3ec4d5000-7fe3ec520000 r-xp 00000000 fe:01 25173030                   /usr/lib/x86_64-linux-gnu/libpango-1.0.so.0.3600.8
7fe3ec520000-7fe3ec720000 ---p 0004b000 fe:01 25173030                   /usr/lib/x86_64-linux-gnu/libpango-1.0.so.0.3600.8
7fe3ec720000-7fe3ec722000 r--p 0004b000 fe:01 25173030                   /usr/lib/x86_64-linux-gnu/libpango-1.0.so.0.3600.8
7fe3ec722000-7fe3ec723000 rw-p 0004d000 fe:01 25173030                   /usr/lib/x86_64-linux-gnu/libpango-1.0.so.0.3600.8
7fe3ec723000-7fe3ec72f000 r-xp 00000000 fe:01 25173040                   /usr/lib/x86_64-linux-gnu/libpangocairo-1.0.so.0.3600.8
7fe3ec72f000-7fe3ec92e000 ---p 0000c000 fe:01 25173040                   /usr/lib/x86_64-linux-gnu/libpangocairo-1.0.so.0.3600.8
7fe3ec92e000-7fe3ec92f000 r--p 0000b000 fe:01 25173040                   /usr/lib/x86_64-linux-gnu/libpangocairo-1.0.so.0.3600.8
7fe3ec92f000-7fe3ec930000 rw-p 0000c000 fe:01 25173040                   /usr/lib/x86_64-linux-gnu/libpangocairo-1.0.so.0.3600.8
7fe3ec930000-7fe3ec9f1000 r-xp 00000000 fe:01 25173824                   /usr/lib/x86_64-linux-gnu/libgdk-3.so.0.1600.6
7fe3ec9f1000-7fe3ecbf0000 ---p 000c1000 fe:01 25173824                   /usr/lib/x86_64-linux-gnu/libgdk-3.so.0.1600.6
7fe3ecbf0000-7fe3ecbf5000 r--p 000c0000 fe:01 25173824                   /usr/lib/x86_64-linux-gnu/libgdk-3.so.0.1600.6
7fe3ecbf5000-7fe3ecbf7000 rw-p 000c5000 fe:01 25173824                   /usr/lib/x86_64-linux-gnu/libgdk-3.so.0.1600.6
7fe3ecbf7000-7fe3ecbf8000 rw-p 00000000 00:00 0 
7fe3ecbf8000-7fe3ecca8000 r-xp 00000000 fe:01 25173386                   /usr/lib/x86_64-linux-gnu/libgdk-x11-2.0.so.0.2400.28
7fe3ecca8000-7fe3ecea8000 ---p 000b0000 fe:01 25173386                   /usr/lib/x86_64-linux-gnu/libgdk-x11-2.0.so.0.2400.28
7fe3ecea8000-7fe3eceac000 r--p 000b0000 fe:01 25173386                   /usr/lib/x86_64-linux-gnu/libgdk-x11-2.0.so.0.2400.28
7fe3eceac000-7fe3eceae000 rw-p 000b4000 fe:01 25173386                   /usr/lib/x86_64-linux-gnu/libgdk-x11-2.0.so.0.2400.28
7fe3eceae000-7fe3eceaf000 r-xp 00000000 fe:01 25172875                   /usr/lib/x86_64-linux-gnu/libgthread-2.0.so.0.4400.1
7fe3eceaf000-7fe3ed0ae000 ---p 00001000 fe:01 25172875                   /usr/lib/x86_64-linux-gnu/libgthread-2.0.so.0.4400.1
7fe3ed0ae000-7fe3ed0af000 r--p 00000000 fe:01 25172875                   /usr/lib/x86_64-linux-gnu/libgthread-2.0.so.0.4400.1
7fe3ed0af000-7fe3ed0b0000 rw-p 00001000 fe:01 25172875                   /usr/lib/x86_64-linux-gnu/libgthread-2.0.so.0.4400.1
7fe3ed0b0000-7fe3ed0dd000 r-xp 00000000 fe:01 25173447                   /usr/lib/x86_64-linux-gnu/libatspi.so.0.0.1
7fe3ed0dd000-7fe3ed2dc000 ---p 0002d000 fe:01 25173447                   /usr/lib/x86_64-linux-gnu/libatspi.so.0.0.1
7fe3ed2dc000-7fe3ed2e0000 r--p 0002c000 fe:01 25173447                   /usr/lib/x86_64-linux-gnu/libatspi.so.0.0.1
7fe3ed2e0000-7fe3ed2e1000 rw-p 00030000 fe:01 25173447                   /usr/lib/x86_64-linux-gnu/libatspi.so.0.0.1
7fe3ed2e1000-7fe3ed30d000 r-xp 00000000 fe:01 25173449                   /usr/lib/x86_64-linux-gnu/libatk-bridge-2.0.so.0.0.0
7fe3ed30d000-7fe3ed50d000 ---p 0002c000 fe:01 25173449                   /usr/lib/x86_64-linux-gnu/libatk-bridge-2.0.so.0.0.0
7fe3ed50d000-7fe3ed50e000 r--p 0002c000 fe:01 25173449                   /usr/lib/x86_64-linux-gnu/libatk-bridge-2.0.so.0.0.0
7fe3ed50e000-7fe3ed510000 rw-p 0002d000 fe:01 25173449                   /usr/lib/x86_64-linux-gnu/libatk-bridge-2.0.so.0.0.0
7fe3ed510000-7fe3ed533000 r-xp 00000000 fe:01 25173154                   /usr/lib/x86_64-linux-gnu/libatk-1.0.so.0.21609.1
7fe3ed533000-7fe3ed732000 ---p 00023000 fe:01 25173154                   /usr/lib/x86_64-linux-gnu/libatk-1.0.so.0.21609.1
7fe3ed732000-7fe3ed735000 r--p 00022000 fe:01 25173154                   /usr/lib/x86_64-linux-gnu/libatk-1.0.so.0.21609.1
7fe3ed735000-7fe3ed736000 rw-p 00025000 fe:01 25173154                   /usr/lib/x86_64-linux-gnu/libatk-1.0.so.0.21609.1
7fe3ed736000-7fe3ed74f000 r-xp 00000000 fe:01 28312107                   /usr/lib/x86_64-linux-gnu/jni/libatk-wrapper.so.1.2.22
7fe3ed74f000-7fe3ed94f000 ---p 00019000 fe:01 28312107                   /usr/lib/x86_64-linux-gnu/jni/libatk-wrapper.so.1.2.22
7fe3ed94f000-7fe3ed950000 rw-p 00019000 fe:01 28312107                   /usr/lib/x86_64-linux-gnu/jni/libatk-wrapper.so.1.2.22
7fe3ed950000-7fe3ed953000 ---p 00000000 00:00 0 
7fe3ed953000-7fe3edb51000 rw-p 00000000 00:00 0                          [stack:5138]
7fe3edb51000-7fe3edb56000 r-xp 00000000 fe:01 25173314                   /usr/lib/x86_64-linux-gnu/libXfixes.so.3.1.0
7fe3edb56000-7fe3edd55000 ---p 00005000 fe:01 25173314                   /usr/lib/x86_64-linux-gnu/libXfixes.so.3.1.0
7fe3edd55000-7fe3edd56000 r--p 00004000 fe:01 25173314                   /usr/lib/x86_64-linux-gnu/libXfixes.so.3.1.0
7fe3edd56000-7fe3edd57000 rw-p 00005000 fe:01 25173314                   /usr/lib/x86_64-linux-gnu/libXfixes.so.3.1.0
7fe3edd57000-7fe3edd61000 r-xp 00000000 fe:01 25173316                   /usr/lib/x86_64-linux-gnu/libXcursor.so.1.0.2
7fe3edd61000-7fe3edf60000 ---p 0000a000 fe:01 25173316                   /usr/lib/x86_64-linux-gnu/libXcursor.so.1.0.2
7fe3edf60000-7fe3edf61000 r--p 00009000 fe:01 25173316                   /usr/lib/x86_64-linux-gnu/libXcursor.so.1.0.2
7fe3edf61000-7fe3edf62000 rw-p 0000a000 fe:01 25173316                   /usr/lib/x86_64-linux-gnu/libXcursor.so.1.0.2
7fe3edf62000-7fe3edf65000 ---p 00000000 00:00 0 
7fe3edf65000-7fe3ee163000 rw-p 00000000 00:00 0                          [stack:5137]
7fe3ee163000-7fe3ee16b000 r-xp 00000000 fe:01 25191538                   /usr/lib/x86_64-linux-gnu/libgif.so.4.1.6
7fe3ee16b000-7fe3ee36a000 ---p 00008000 fe:01 25191538                   /usr/lib/x86_64-linux-gnu/libgif.so.4.1.6
7fe3ee36a000-7fe3ee36b000 r--p 00007000 fe:01 25191538                   /usr/lib/x86_64-linux-gnu/libgif.so.4.1.6
7fe3ee36b000-7fe3ee36c000 rw-p 00008000 fe:01 25191538                   /usr/lib/x86_64-linux-gnu/libgif.so.4.1.6
7fe3ee36c000-7fe3ee3c4000 r-xp 00000000 fe:01 25172882                   /usr/lib/x86_64-linux-gnu/libjpeg.so.62.1.0
7fe3ee3c4000-7fe3ee5c3000 ---p 00058000 fe:01 25172882                   /usr/lib/x86_64-linux-gnu/libjpeg.so.62.1.0
7fe3ee5c3000-7fe3ee5c4000 r--p 00057000 fe:01 25172882                   /usr/lib/x86_64-linux-gnu/libjpeg.so.62.1.0
7fe3ee5c4000-7fe3ee5c5000 rw-p 00058000 fe:01 25172882                   /usr/lib/x86_64-linux-gnu/libjpeg.so.62.1.0
7fe3ee5c5000-7fe3ee5cf000 r-xp 00000000 fe:01 28051290                   /usr/lib/jvm/java-7-openjdk-amd64/jre/lib/amd64/libsplashscreen.so
7fe3ee5cf000-7fe3ee7ce000 ---p 0000a000 fe:01 28051290                   /usr/lib/jvm/java-7-openjdk-amd64/jre/lib/amd64/libsplashscreen.so
7fe3ee7ce000-7fe3ee7cf000 r--p 00009000 fe:01 28051290                   /usr/lib/jvm/java-7-openjdk-amd64/jre/lib/amd64/libsplashscreen.so
7fe3ee7cf000-7fe3ee7d0000 rw-p 0000a000 fe:01 28051290                   /usr/lib/jvm/java-7-openjdk-amd64/jre/lib/amd64/libsplashscreen.so
7fe3ee7d0000-7fe3ee7d3000 rw-p 00000000 00:00 0 
7fe3ee7d3000-7fe3ee7d6000 ---p 00000000 00:00 0 
7fe3ee7d6000-7fe3ee9d4000 rw-p 00000000 00:00 0                          [stack:5136]
7fe3ee9d4000-7fe3ee9d7000 ---p 00000000 00:00 0 
7fe3ee9d7000-7fe3eebd5000 rw-p 00000000 00:00 0 
7fe3eebd5000-7fe3eebd8000 ---p 00000000 00:00 0 
7fe3eebd8000-7fe3eedd6000 rw-p 00000000 00:00 0                          [stack:5134]
7fe3eedd6000-7fe3eedda000 r-xp 00000000 fe:01 26738716                   /lib/x86_64-linux-gnu/libattr.so.1.1.0
7fe3eedda000-7fe3eefd9000 ---p 00004000 fe:01 26738716                   /lib/x86_64-linux-gnu/libattr.so.1.1.0
7fe3eefd9000-7fe3eefda000 r--p 00003000 fe:01 26738716                   /lib/x86_64-linux-gnu/libattr.so.1.1.0
7fe3eefda000-7fe3eefdb000 rw-p 00004000 fe:01 26738716                   /lib/x86_64-linux-gnu/libattr.so.1.1.0
7fe3eefdb000-7fe3eefec000 r-xp 00000000 fe:01 26739147                   /lib/x86_64-linux-gnu/libgpg-error.so.0.16.0
7fe3eefec000-7fe3ef1ec000 ---p 00011000 fe:01 26739147                   /lib/x86_64-linux-gnu/libgpg-error.so.0.16.0
7fe3ef1ec000-7fe3ef1ed000 r--p 00011000 fe:01 26739147                   /lib/x86_64-linux-gnu/libgpg-error.so.0.16.0
7fe3ef1ed000-7fe3ef1ee000 rw-p 00012000 fe:01 26739147                   /lib/x86_64-linux-gnu/libgpg-error.so.0.16.0
7fe3ef1ee000-7fe3ef1f2000 r-xp 00000000 fe:01 26742022                   /lib/x86_64-linux-gnu/libcap.so.2.24
7fe3ef1f2000-7fe3ef3f2000 ---p 00004000 fe:01 26742022                   /lib/x86_64-linux-gnu/libcap.so.2.24
7fe3ef3f2000-7fe3ef3f3000 r--p 00004000 fe:01 26742022                   /lib/x86_64-linux-gnu/libcap.so.2.24
7fe3ef3f3000-7fe3ef3f4000 rw-p 00005000 fe:01 26742022                   /lib/x86_64-linux-gnu/libcap.so.2.24
7fe3ef3f4000-7fe3ef4cc000 r-xp 00000000 fe:01 26738759                   /lib/x86_64-linux-gnu/libgcrypt.so.20.0.3
7fe3ef4cc000-7fe3ef6cc000 ---p 000d8000 fe:01 26738759                   /lib/x86_64-linux-gnu/libgcrypt.so.20.0.3
7fe3ef6cc000-7fe3ef6cd000 r--p 000d8000 fe:01 26738759                   /lib/x86_64-linux-gnu/libgcrypt.so.20.0.3
7fe3ef6cd000-7fe3ef6d6000 rw-p 000d9000 fe:01 26738759                   /lib/x86_64-linux-gnu/libgcrypt.so.20.0.3
7fe3ef6d6000-7fe3ef6f8000 r-xp 00000000 fe:01 26738771                   /lib/x86_64-linux-gnu/liblzma.so.5.0.0
7fe3ef6f8000-7fe3ef8f7000 ---p 00022000 fe:01 26738771                   /lib/x86_64-linux-gnu/liblzma.so.5.0.0
7fe3ef8f7000-7fe3ef8f8000 r--p 00021000 fe:01 26738771                   /lib/x86_64-linux-gnu/liblzma.so.5.0.0
7fe3ef8f8000-7fe3ef8f9000 rw-p 00022000 fe:01 26738771                   /lib/x86_64-linux-gnu/liblzma.so.5.0.0
7fe3ef8f9000-7fe3ef947000 r-xp 00000000 fe:01 26738887                   /lib/x86_64-linux-gnu/libdbus-1.so.3.14.3
7fe3ef947000-7fe3efb46000 ---p 0004e000 fe:01 26738887                   /lib/x86_64-linux-gnu/libdbus-1.so.3.14.3
7fe3efb46000-7fe3efb48000 r--p 0004d000 fe:01 26738887                   /lib/x86_64-linux-gnu/libdbus-1.so.3.14.3
7fe3efb48000-7fe3efb49000 rw-p 0004f000 fe:01 26738887                   /lib/x86_64-linux-gnu/libdbus-1.so.3.14.3
7fe3efb49000-7fe3efbca000 r-xp 00000000 fe:01 25170652                   /usr/lib/x86_64-linux-gnu/libgmp.so.10.2.0
7fe3efbca000-7fe3efdca000 ---p 00081000 fe:01 25170652                   /usr/lib/x86_64-linux-gnu/libgmp.so.10.2.0
7fe3efdca000-7fe3efdcb000 r--p 00081000 fe:01 25170652                   /usr/lib/x86_64-linux-gnu/libgmp.so.10.2.0
7fe3efdcb000-7fe3efdcc000 rw-p 00082000 fe:01 25170652                   /usr/lib/x86_64-linux-gnu/libgmp.so.10.2.0
7fe3efdcc000-7fe3efdfe000 r-xp 00000000 fe:01 25170187                   /usr/lib/x86_64-linux-gnu/libhogweed.so.4.1
7fe3efdfe000-7fe3efffe000 ---p 00032000 fe:01 25170187                   /usr/lib/x86_64-linux-gnu/libhogweed.so.4.1
7fe3efffe000-7fe3effff000 r--p 00032000 fe:01 25170187                   /usr/lib/x86_64-linux-gnu/libhogweed.so.4.1
7fe3effff000-7fe3f0000000 rw-p 00033000 fe:01 25170187                   /usr/lib/x86_64-linux-gnu/libhogweed.so.4.1
7fe3f0000000-7fe3f0021000 rw-p 00000000 00:00 0 
7fe3f0021000-7fe3f4000000 ---p 00000000 00:00 0 
7fe3f4027000-7fe3f4032000 r--s 00000000 fe:01 19137055                   /var/cache/fontconfig/945677eb7aeaf62f1d50efc3fb3ec7d8-le64.cache-4
7fe3f4032000-7fe3f403c000 r--s 00000000 fe:01 19137067                   /var/cache/fontconfig/3f7329c5293ffd510edef78f73874cfd-le64.cache-4
7fe3f4176000-7fe3f4179000 ---p 00000000 00:00 0 
7fe3f4179000-7fe3f41af000 rw-p 00000000 00:00 0                          [stack:5140]
7fe3f41af000-7fe3f422d000 r-xp 00000000 fe:01 26738703                   /lib/x86_64-linux-gnu/libsystemd.so.0.10.2
7fe3f422d000-7fe3f422e000 ---p 0007e000 fe:01 26738703                   /lib/x86_64-linux-gnu/libsystemd.so.0.10.2
7fe3f422e000-7fe3f4231000 r--p 0007e000 fe:01 26738703                   /lib/x86_64-linux-gnu/libsystemd.so.0.10.2
7fe3f4231000-7fe3f4232000 rw-p 00081000 fe:01 26738703                   /lib/x86_64-linux-gnu/libsystemd.so.0.10.2
7fe3f4232000-7fe3f4267000 r-xp 00000000 fe:01 25170679                   /usr/lib/x86_64-linux-gnu/libnettle.so.6.1
7fe3f4267000-7fe3f4466000 ---p 00035000 fe:01 25170679                   /usr/lib/x86_64-linux-gnu/libnettle.so.6.1
7fe3f4466000-7fe3f4468000 r--p 00034000 fe:01 25170679                   /usr/lib/x86_64-linux-gnu/libnettle.so.6.1
7fe3f4468000-7fe3f4469000 rw-p 00036000 fe:01 25170679                   /usr/lib/x86_64-linux-gnu/libnettle.so.6.1
7fe3f4469000-7fe3f447a000 r-xp 00000000 fe:01 25170492                   /usr/lib/x86_64-linux-gnu/libtasn1.so.6.4.2
7fe3f447a000-7fe3f467a000 ---p 00011000 fe:01 25170492                   /usr/lib/x86_64-linux-gnu/libtasn1.so.6.4.2
7fe3f467a000-7fe3f467b000 r--p 00011000 fe:01 25170492                   /usr/lib/x86_64-linux-gnu/libtasn1.so.6.4.2
7fe3f467b000-7fe3f467c000 rw-p 00012000 fe:01 25170492                   /usr/lib/x86_64-linux-gnu/libtasn1.so.6.4.2
7fe3f467c000-7fe3f46d6000 r-xp 00000000 fe:01 25167434                   /usr/lib/x86_64-linux-gnu/libp11-kit.so.0.1.0
7fe3f46d6000-7fe3f48d6000 ---p 0005a000 fe:01 25167434                   /usr/lib/x86_64-linux-gnu/libp11-kit.so.0.1.0
7fe3f48d6000-7fe3f48e0000 r--p 0005a000 fe:01 25167434                   /usr/lib/x86_64-linux-gnu/libp11-kit.so.0.1.0
7fe3f48e0000-7fe3f48e2000 rw-p 00064000 fe:01 25167434                   /usr/lib/x86_64-linux-gnu/libp11-kit.so.0.1.0
7fe3f48e2000-7fe3f48e5000 r-xp 00000000 fe:01 26738875                   /lib/x86_64-linux-gnu/libkeyutils.so.1.5
7fe3f48e5000-7fe3f4ae4000 ---p 00003000 fe:01 26738875                   /lib/x86_64-linux-gnu/libkeyutils.so.1.5
7fe3f4ae4000-7fe3f4ae5000 r--p 00002000 fe:01 26738875                   /lib/x86_64-linux-gnu/libkeyutils.so.1.5
7fe3f4ae5000-7fe3f4ae6000 rw-p 00003000 fe:01 26738875                   /lib/x86_64-linux-gnu/libkeyutils.so.1.5
7fe3f4ae6000-7fe3f4af1000 r-xp 00000000 fe:01 25172762                   /usr/lib/x86_64-linux-gnu/libkrb5support.so.0.1
7fe3f4af1000-7fe3f4cf0000 ---p 0000b000 fe:01 25172762                   /usr/lib/x86_64-linux-gnu/libkrb5support.so.0.1
7fe3f4cf0000-7fe3f4cf1000 r--p 0000a000 fe:01 25172762                   /usr/lib/x86_64-linux-gnu/libkrb5support.so.0.1
7fe3f4cf1000-7fe3f4cf2000 rw-p 0000b000 fe:01 25172762                   /usr/lib/x86_64-linux-gnu/libkrb5support.so.0.1
7fe3f4cf2000-7fe3f4cf5000 r-xp 00000000 fe:01 26738778                   /lib/x86_64-linux-gnu/libcom_err.so.2.1
7fe3f4cf5000-7fe3f4ef4000 ---p 00003000 fe:01 26738778                   /lib/x86_64-linux-gnu/libcom_err.so.2.1
7fe3f4ef4000-7fe3f4ef5000 r--p 00002000 fe:01 26738778                   /lib/x86_64-linux-gnu/libcom_err.so.2.1
7fe3f4ef5000-7fe3f4ef6000 rw-p 00003000 fe:01 26738778                   /lib/x86_64-linux-gnu/libcom_err.so.2.1
7fe3f4ef6000-7fe3f4f24000 r-xp 00000000 fe:01 25172764                   /usr/lib/x86_64-linux-gnu/libk5crypto.so.3.1
7fe3f4f24000-7fe3f5123000 ---p 0002e000 fe:01 25172764                   /usr/lib/x86_64-linux-gnu/libk5crypto.so.3.1
7fe3f5123000-7fe3f5126000 r--p 0002d000 fe:01 25172764                   /usr/lib/x86_64-linux-gnu/libk5crypto.so.3.1
7fe3f5126000-7fe3f5127000 rw-p 00030000 fe:01 25172764                   /usr/lib/x86_64-linux-gnu/libk5crypto.so.3.1
7fe3f5127000-7fe3f5128000 rw-p 00000000 00:00 0 
7fe3f5128000-7fe3f51ef000 r-xp 00000000 fe:01 25172766                   /usr/lib/x86_64-linux-gnu/libkrb5.so.3.3
7fe3f51ef000-7fe3f53ef000 ---p 000c7000 fe:01 25172766                   /usr/lib/x86_64-linux-gnu/libkrb5.so.3.3
7fe3f53ef000-7fe3f53fd000 r--p 000c7000 fe:01 25172766                   /usr/lib/x86_64-linux-gnu/libkrb5.so.3.3
7fe3f53fd000-7fe3f5400000 rw-p 000d5000 fe:01 25172766                   /usr/lib/x86_64-linux-gnu/libkrb5.so.3.3
7fe3f5400000-7fe3f5405000 r-xp 00000000 fe:01 25172895                   /usr/lib/x86_64-linux-gnu/libXdmcp.so.6.0.0
7fe3f5405000-7fe3f5604000 ---p 00005000 fe:01 25172895                   /usr/lib/x86_64-linux-gnu/libXdmcp.so.6.0.0
7fe3f5604000-7fe3f5605000 r--p 00004000 fe:01 25172895                   /usr/lib/x86_64-linux-gnu/libXdmcp.so.6.0.0
7fe3f5605000-7fe3f5606000 rw-p 00005000 fe:01 25172895                   /usr/lib/x86_64-linux-gnu/libXdmcp.so.6.0.0
7fe3f5606000-7fe3f5609000 r-xp 00000000 fe:01 25172893                   /usr/lib/x86_64-linux-gnu/libXau.so.6.0.0
7fe3f5609000-7fe3f5808000 ---p 00003000 fe:01 25172893                   /usr/lib/x86_64-linux-gnu/libXau.so.6.0.0
7fe3f5808000-7fe3f5809000 r--p 00002000 fe:01 25172893                   /usr/lib/x86_64-linux-gnu/libXau.so.6.0.0
7fe3f5809000-7fe3f580a000 rw-p 00003000 fe:01 25172893                   /usr/lib/x86_64-linux-gnu/libXau.so.6.0.0
7fe3f580a000-7fe3f5830000 r-xp 00000000 fe:01 26738882                   /lib/x86_64-linux-gnu/libpng12.so.0.50.0
7fe3f5830000-7fe3f5a2f000 ---p 00026000 fe:01 26738882                   /lib/x86_64-linux-gnu/libpng12.so.0.50.0
7fe3f5a2f000-7fe3f5a30000 r--p 00025000 fe:01 26738882                   /lib/x86_64-linux-gnu/libpng12.so.0.50.0
7fe3f5a30000-7fe3f5a31000 rw-p 00026000 fe:01 26738882                   /lib/x86_64-linux-gnu/libpng12.so.0.50.0
7fe3f5a31000-7fe3f5a57000 r-xp 00000000 fe:01 26738692                   /lib/x86_64-linux-gnu/libexpat.so.1.6.0
7fe3f5a57000-7fe3f5c56000 ---p 00026000 fe:01 26738692                   /lib/x86_64-linux-gnu/libexpat.so.1.6.0
7fe3f5c56000-7fe3f5c59000 r--p 00025000 fe:01 26738692                   /lib/x86_64-linux-gnu/libexpat.so.1.6.0
7fe3f5c59000-7fe3f5c5a000 rw-p 00028000 fe:01 26738692                   /lib/x86_64-linux-gnu/libexpat.so.1.6.0
7fe3f5c5a000-7fe3f5c6a000 r-xp 00000000 fe:01 25172760                   /usr/lib/x86_64-linux-gnu/libavahi-client.so.3.2.9
7fe3f5c6a000-7fe3f5e69000 ---p 00010000 fe:01 25172760                   /usr/lib/x86_64-linux-gnu/libavahi-client.so.3.2.9
7fe3f5e69000-7fe3f5e6a000 r--p 0000f000 fe:01 25172760                   /usr/lib/x86_64-linux-gnu/libavahi-client.so.3.2.9
7fe3f5e6a000-7fe3f5e6b000 rw-p 00010000 fe:01 25172760                   /usr/lib/x86_64-linux-gnu/libavahi-client.so.3.2.9
7fe3f5e6b000-7fe3f5e77000 r-xp 00000000 fe:01 25172757                   /usr/lib/x86_64-linux-gnu/libavahi-common.so.3.5.3
7fe3f5e77000-7fe3f6076000 ---p 0000c000 fe:01 25172757                   /usr/lib/x86_64-linux-gnu/libavahi-common.so.3.5.3
7fe3f6076000-7fe3f6077000 r--p 0000b000 fe:01 25172757                   /usr/lib/x86_64-linux-gnu/libavahi-common.so.3.5.3
7fe3f6077000-7fe3f6078000 rw-p 0000c000 fe:01 25172757                   /usr/lib/x86_64-linux-gnu/libavahi-common.so.3.5.3
7fe3f6078000-7fe3f618e000 r-xp 00000000 fe:01 25170938                   /usr/lib/x86_64-linux-gnu/libgnutls-deb0.so.28.41.9
7fe3f618e000-7fe3f638e000 ---p 00116000 fe:01 25170938                   /usr/lib/x86_64-linux-gnu/libgnutls-deb0.so.28.41.9
7fe3f638e000-7fe3f6397000 r--p 00116000 fe:01 25170938                   /usr/lib/x86_64-linux-gnu/libgnutls-deb0.so.28.41.9
7fe3f6397000-7fe3f6399000 rw-p 0011f000 fe:01 25170938                   /usr/lib/x86_64-linux-gnu/libgnutls-deb0.so.28.41.9
7fe3f6399000-7fe3f639a000 rw-p 00000000 00:00 0 
7fe3f639a000-7fe3f63e1000 r-xp 00000000 fe:01 25172769                   /usr/lib/x86_64-linux-gnu/libgssapi_krb5.so.2.2
7fe3f63e1000-7fe3f65e0000 ---p 00047000 fe:01 25172769                   /usr/lib/x86_64-linux-gnu/libgssapi_krb5.so.2.2
7fe3f65e0000-7fe3f65e2000 r--p 00046000 fe:01 25172769                   /usr/lib/x86_64-linux-gnu/libgssapi_krb5.so.2.2
7fe3f65e2000-7fe3f65e4000 rw-p 00048000 fe:01 25172769                   /usr/lib/x86_64-linux-gnu/libgssapi_krb5.so.2.2
7fe3f65e4000-7fe3f6605000 r-xp 00000000 fe:01 25172897                   /usr/lib/x86_64-linux-gnu/libxcb.so.1.1.0
7fe3f6605000-7fe3f6804000 ---p 00021000 fe:01 25172897                   /usr/lib/x86_64-linux-gnu/libxcb.so.1.1.0
7fe3f6804000-7fe3f6805000 r--p 00020000 fe:01 25172897                   /usr/lib/x86_64-linux-gnu/libxcb.so.1.1.0
7fe3f6805000-7fe3f6806000 rw-p 00021000 fe:01 25172897                   /usr/lib/x86_64-linux-gnu/libxcb.so.1.1.0
7fe3f6806000-7fe3f68aa000 r-xp 00000000 fe:01 25172988                   /usr/lib/x86_64-linux-gnu/libfreetype.so.6.11.1
7fe3f68aa000-7fe3f6aa9000 ---p 000a4000 fe:01 25172988                   /usr/lib/x86_64-linux-gnu/libfreetype.so.6.11.1
7fe3f6aa9000-7fe3f6ab0000 r--p 000a3000 fe:01 25172988                   /usr/lib/x86_64-linux-gnu/libfreetype.so.6.11.1
7fe3f6ab0000-7fe3f6ab1000 rw-p 000aa000 fe:01 25172988                   /usr/lib/x86_64-linux-gnu/libfreetype.so.6.11.1
7fe3f6ab1000-7fe3f6aec000 r-xp 00000000 fe:01 25172991                   /usr/lib/x86_64-linux-gnu/libfontconfig.so.1.8.0
7fe3f6aec000-7fe3f6ceb000 ---p 0003b000 fe:01 25172991                   /usr/lib/x86_64-linux-gnu/libfontconfig.so.1.8.0
7fe3f6ceb000-7fe3f6ced000 r--p 0003a000 fe:01 25172991                   /usr/lib/x86_64-linux-gnu/libfontconfig.so.1.8.0
7fe3f6ced000-7fe3f6cee000 rw-p 0003c000 fe:01 25172991                   /usr/lib/x86_64-linux-gnu/libfontconfig.so.1.8.0
7fe3f6cee000-7fe3f6d66000 r-xp 00000000 fe:01 25172771                   /usr/lib/x86_64-linux-gnu/libcups.so.2
7fe3f6d66000-7fe3f6f66000 ---p 00078000 fe:01 25172771                   /usr/lib/x86_64-linux-gnu/libcups.so.2
7fe3f6f66000-7fe3f6f6e000 r--p 00078000 fe:01 25172771                   /usr/lib/x86_64-linux-gnu/libcups.so.2
7fe3f6f6e000-7fe3f6f6f000 rw-p 00080000 fe:01 25172771                   /usr/lib/x86_64-linux-gnu/libcups.so.2
7fe3f6f6f000-7fe3f6f7e000 r-xp 00000000 fe:01 25173320                   /usr/lib/x86_64-linux-gnu/libXi.so.6.1.0
7fe3f6f7e000-7fe3f717d000 ---p 0000f000 fe:01 25173320                   /usr/lib/x86_64-linux-gnu/libXi.so.6.1.0
7fe3f717d000-7fe3f717e000 r--p 0000e000 fe:01 25173320                   /usr/lib/x86_64-linux-gnu/libXi.so.6.1.0
7fe3f717e000-7fe3f717f000 rw-p 0000f000 fe:01 25173320                   /usr/lib/x86_64-linux-gnu/libXi.so.6.1.0
7fe3f717f000-7fe3f7184000 r-xp 00000000 fe:01 25174154                   /usr/lib/x86_64-linux-gnu/libXtst.so.6.1.0
7fe3f7184000-7fe3f7383000 ---p 00005000 fe:01 25174154                   /usr/lib/x86_64-linux-gnu/libXtst.so.6.1.0
7fe3f7383000-7fe3f7384000 r--p 00004000 fe:01 25174154                   /usr/lib/x86_64-linux-gnu/libXtst.so.6.1.0
7fe3f7384000-7fe3f7385000 rw-p 00005000 fe:01 25174154                   /usr/lib/x86_64-linux-gnu/libXtst.so.6.1.0
7fe3f7385000-7fe3f738e000 r-xp 00000000 fe:01 25173002                   /usr/lib/x86_64-linux-gnu/libXrender.so.1.3.0
7fe3f738e000-7fe3f758d000 ---p 00009000 fe:01 25173002                   /usr/lib/x86_64-linux-gnu/libXrender.so.1.3.0
7fe3f758d000-7fe3f758e000 r--p 00008000 fe:01 25173002                   /usr/lib/x86_64-linux-gnu/libXrender.so.1.3.0
7fe3f758e000-7fe3f758f000 rw-p 00009000 fe:01 25173002                   /usr/lib/x86_64-linux-gnu/libXrender.so.1.3.0
7fe3f758f000-7fe3f76cb000 r-xp 00000000 fe:01 25172901                   /usr/lib/x86_64-linux-gnu/libX11.so.6.3.0
7fe3f76cb000-7fe3f78ca000 ---p 0013c000 fe:01 25172901                   /usr/lib/x86_64-linux-gnu/libX11.so.6.3.0
7fe3f78ca000-7fe3f78cc000 r--p 0013b000 fe:01 25172901                   /usr/lib/x86_64-linux-gnu/libX11.so.6.3.0
7fe3f78cc000-7fe3f78d1000 rw-p 0013d000 fe:01 25172901                   /usr/lib/x86_64-linux-gnu/libX11.so.6.3.0
7fe3f78d1000-7fe3f78d2000 rw-p 00000000 00:00 0 
7fe3f78d2000-7fe3f78e3000 r-xp 00000000 fe:01 25173000                   /usr/lib/x86_64-linux-gnu/libXext.so.6.4.0
7fe3f78e3000-7fe3f7ae2000 ---p 00011000 fe:01 25173000                   /usr/lib/x86_64-linux-gnu/libXext.so.6.4.0
7fe3f7ae2000-7fe3f7ae3000 r--p 00010000 fe:01 25173000                   /usr/lib/x86_64-linux-gnu/libXext.so.6.4.0
7fe3f7ae3000-7fe3f7ae4000 rw-p 00011000 fe:01 25173000                   /usr/lib/x86_64-linux-gnu/libXext.so.6.4.0
7fe3f7ae4000-7fe3f7b2d000 r-xp 00000000 fe:01 28312115                   /usr/lib/jvm/java-7-openjdk-amd64/jre/lib/amd64/xawt/libmawt.so
7fe3f7b2d000-7fe3f7d2c000 ---p 00049000 fe:01 28312115                   /usr/lib/jvm/java-7-openjdk-amd64/jre/lib/amd64/xawt/libmawt.so
7fe3f7d2c000-7fe3f7d2d000 r--p 00048000 fe:01 28312115                   /usr/lib/jvm/java-7-openjdk-amd64/jre/lib/amd64/xawt/libmawt.so
7fe3f7d2d000-7fe3f7d30000 rw-p 00049000 fe:01 28312115                   /usr/lib/jvm/java-7-openjdk-amd64/jre/lib/amd64/xawt/libmawt.so
7fe3f7d30000-7fe3f7d31000 rw-p 00000000 00:00 0 
7fe3f7d31000-7fe3f7dd0000 r-xp 00000000 fe:01 28051256                   /usr/lib/jvm/java-7-openjdk-amd64/jre/lib/amd64/libawt.so
7fe3f7dd0000-7fe3f7fcf000 ---p 0009f000 fe:01 28051256                   /usr/lib/jvm/java-7-openjdk-amd64/jre/lib/amd64/libawt.so
7fe3f7fcf000-7fe3f7fd0000 r--p 0009e000 fe:01 28051256                   /usr/lib/jvm/java-7-openjdk-amd64/jre/lib/amd64/libawt.so
7fe3f7fd0000-7fe3f7fdb000 rw-p 0009f000 fe:01 28051256                   /usr/lib/jvm/java-7-openjdk-amd64/jre/lib/amd64/libawt.so
7fe3f7fdb000-7fe3f8000000 rw-p 00000000 00:00 0 
7fe3f8000000-7fe3f8021000 rw-p 00000000 00:00 0 
7fe3f8021000-7fe3fc000000 ---p 00000000 00:00 0 
7fe3fc000000-7fe3fc41d000 rw-p 00000000 00:00 0 
7fe3fc41d000-7fe400000000 ---p 00000000 00:00 0 
7fe400000000-7fe400351000 rw-p 00000000 00:00 0 
7fe400351000-7fe404000000 ---p 00000000 00:00 0 
7fe404000000-7fe405c28000 rw-p 00000000 00:00 0 
7fe405c28000-7fe408000000 ---p 00000000 00:00 0 
7fe408000000-7fe40800b000 r--s 00000000 fe:01 19137054                   /var/cache/fontconfig/d589a48862398ed80a3d6066f4f56f4c-le64.cache-4
7fe408037000-7fe40806c000 r--s 00000000 fe:01 19137238                   /var/cache/nscd/hosts
7fe40806c000-7fe40806f000 ---p 00000000 00:00 0 
7fe40806f000-7fe40a121000 rw-p 00000000 00:00 0                          [stack:5133]
7fe40a121000-7fe40a124000 ---p 00000000 00:00 0 
7fe40a124000-7fe40a623000 rw-p 00000000 00:00 0                          [stack:5132]
7fe40a623000-7fe40a68f000 r-xp 00000000 fe:01 26738933                   /lib/x86_64-linux-gnu/libpcre.so.3.13.1
7fe40a68f000-7fe40a88f000 ---p 0006c000 fe:01 26738933                   /lib/x86_64-linux-gnu/libpcre.so.3.13.1
7fe40a88f000-7fe40a890000 r--p 0006c000 fe:01 26738933                   /lib/x86_64-linux-gnu/libpcre.so.3.13.1
7fe40a890000-7fe40a891000 rw-p 0006d000 fe:01 26738933                   /lib/x86_64-linux-gnu/libpcre.so.3.13.1
7fe40a891000-7fe40a898000 r-xp 00000000 fe:01 25170536                   /usr/lib/x86_64-linux-gnu/libffi.so.6.0.4
7fe40a898000-7fe40aa98000 ---p 00007000 fe:01 25170536                   /usr/lib/x86_64-linux-gnu/libffi.so.6.0.4
7fe40aa98000-7fe40aa99000 r--p 00007000 fe:01 25170536                   /usr/lib/x86_64-linux-gnu/libffi.so.6.0.4
7fe40aa99000-7fe40aa9a000 rw-p 00008000 fe:01 25170536                   /usr/lib/x86_64-linux-gnu/libffi.so.6.0.4
7fe40aa9a000-7fe40aaae000 r-xp 00000000 fe:01 26742029                   /lib/x86_64-linux-gnu/libresolv-2.19.so
7fe40aaae000-7fe40acad000 ---p 00014000 fe:01 26742029                   /lib/x86_64-linux-gnu/libresolv-2.19.so
7fe40acad000-7fe40acae000 r--p 00013000 fe:01 26742029                   /lib/x86_64-linux-gnu/libresolv-2.19.so
7fe40acae000-7fe40acaf000 rw-p 00014000 fe:01 26742029                   /lib/x86_64-linux-gnu/libresolv-2.19.so
7fe40acaf000-7fe40acb1000 rw-p 00000000 00:00 0 
7fe40acb1000-7fe40acd2000 r-xp 00000000 fe:01 26738732                   /lib/x86_64-linux-gnu/libselinux.so.1
7fe40acd2000-7fe40aed2000 ---p 00021000 fe:01 26738732                   /lib/x86_64-linux-gnu/libselinux.so.1
7fe40aed2000-7fe40aed3000 r--p 00021000 fe:01 26738732                   /lib/x86_64-linux-gnu/libselinux.so.1
7fe40aed3000-7fe40aed4000 rw-p 00022000 fe:01 26738732                   /lib/x86_64-linux-gnu/libselinux.so.1
7fe40aed4000-7fe40aed6000 rw-p 00000000 00:00 0 
7fe40aed6000-7fe40aed9000 r-xp 00000000 fe:01 25172873                   /usr/lib/x86_64-linux-gnu/libgmodule-2.0.so.0.4400.1
7fe40aed9000-7fe40b0d8000 ---p 00003000 fe:01 25172873                   /usr/lib/x86_64-linux-gnu/libgmodule-2.0.so.0.4400.1
7fe40b0d8000-7fe40b0d9000 r--p 00002000 fe:01 25172873                   /usr/lib/x86_64-linux-gnu/libgmodule-2.0.so.0.4400.1
7fe40b0d9000-7fe40b0da000 rw-p 00003000 fe:01 25172873                   /usr/lib/x86_64-linux-gnu/libgmodule-2.0.so.0.4400.1
7fe40b0da000-7fe40b1e7000 r-xp 00000000 fe:01 26738880                   /lib/x86_64-linux-gnu/libglib-2.0.so.0.4400.1
7fe40b1e7000-7fe40b3e6000 ---p 0010d000 fe:01 26738880                   /lib/x86_64-linux-gnu/libglib-2.0.so.0.4400.1
7fe40b3e6000-7fe40b3e7000 r--p 0010c000 fe:01 26738880                   /lib/x86_64-linux-gnu/libglib-2.0.so.0.4400.1
7fe40b3e7000-7fe40b3e8000 rw-p 0010d000 fe:01 26738880                   /lib/x86_64-linux-gnu/libglib-2.0.so.0.4400.1
7fe40b3e8000-7fe40b3e9000 rw-p 00000000 00:00 0 
7fe40b3e9000-7fe40b439000 r-xp 00000000 fe:01 25172874                   /usr/lib/x86_64-linux-gnu/libgobject-2.0.so.0.4400.1
7fe40b439000-7fe40b639000 ---p 00050000 fe:01 25172874                   /usr/lib/x86_64-linux-gnu/libgobject-2.0.so.0.4400.1
7fe40b639000-7fe40b63a000 r--p 00050000 fe:01 25172874                   /usr/lib/x86_64-linux-gnu/libgobject-2.0.so.0.4400.1
7fe40b63a000-7fe40b63b000 rw-p 00051000 fe:01 25172874                   /usr/lib/x86_64-linux-gnu/libgobject-2.0.so.0.4400.1
7fe40b63b000-7fe40b7b3000 r-xp 00000000 fe:01 25172876                   /usr/lib/x86_64-linux-gnu/libgio-2.0.so.0.4400.1
7fe40b7b3000-7fe40b9b2000 ---p 00178000 fe:01 25172876                   /usr/lib/x86_64-linux-gnu/libgio-2.0.so.0.4400.1
7fe40b9b2000-7fe40b9b6000 r--p 00177000 fe:01 25172876                   /usr/lib/x86_64-linux-gnu/libgio-2.0.so.0.4400.1
7fe40b9b6000-7fe40b9b8000 rw-p 0017b000 fe:01 25172876                   /usr/lib/x86_64-linux-gnu/libgio-2.0.so.0.4400.1
7fe40b9b8000-7fe40b9ba000 rw-p 00000000 00:00 0 
7fe40b9d4000-7fe40b9eb000 r-xp 00000000 fe:01 28051279                   /usr/lib/jvm/java-7-openjdk-amd64/jre/lib/amd64/libnet.so
7fe40b9eb000-7fe40bbeb000 ---p 00017000 fe:01 28051279                   /usr/lib/jvm/java-7-openjdk-amd64/jre/lib/amd64/libnet.so
7fe40bbeb000-7fe40bbec000 r--p 00017000 fe:01 28051279                   /usr/lib/jvm/java-7-openjdk-amd64/jre/lib/amd64/libnet.so
7fe40bbec000-7fe40bbed000 rw-p 00018000 fe:01 28051279                   /usr/lib/jvm/java-7-openjdk-amd64/jre/lib/amd64/libnet.so
7fe40bbed000-7fe40bbfe000 r-xp 00000000 fe:01 28051280                   /usr/lib/jvm/java-7-openjdk-amd64/jre/lib/amd64/libnio.so
7fe40bbfe000-7fe40bdfd000 ---p 00011000 fe:01 28051280                   /usr/lib/jvm/java-7-openjdk-amd64/jre/lib/amd64/libnio.so
7fe40bdfd000-7fe40bdfe000 r--p 00010000 fe:01 28051280                   /usr/lib/jvm/java-7-openjdk-amd64/jre/lib/amd64/libnio.so
7fe40bdfe000-7fe40bdff000 rw-p 00011000 fe:01 28051280                   /usr/lib/jvm/java-7-openjdk-amd64/jre/lib/amd64/libnio.so
7fe40bdff000-7fe40be02000 ---p 00000000 00:00 0 
7fe40be02000-7fe40c000000 rw-p 00000000 00:00 0                          [stack:5130]
7fe40c000000-7fe40c021000 rw-p 00000000 00:00 0 
7fe40c021000-7fe410000000 ---p 00000000 00:00 0 
7fe410000000-7fe411431000 rw-p 00000000 00:00 0 
7fe411431000-7fe414000000 ---p 00000000 00:00 0 
7fe414000000-7fe4140d3000 rw-p 00000000 00:00 0 
7fe4140d3000-7fe418000000 ---p 00000000 00:00 0 
7fe418000000-7fe418155000 rw-p 00000000 00:00 0 
7fe418155000-7fe41c000000 ---p 00000000 00:00 0 
7fe41c000000-7fe41ca04000 rw-p 00000000 00:00 0 
7fe41ca04000-7fe420000000 ---p 00000000 00:00 0 
7fe420000000-7fe42073a000 rw-p 00000000 00:00 0 
7fe42073a000-7fe424000000 ---p 00000000 00:00 0 
7fe424000000-7fe4240d5000 rw-p 00000000 00:00 0 
7fe4240d5000-7fe428000000 ---p 00000000 00:00 0 
7fe428014000-7fe428015000 ---p 00000000 00:00 0 
7fe428015000-7fe428115000 rw-p 00000000 00:00 0                          [stack:5131]
7fe428115000-7fe428118000 ---p 00000000 00:00 0 
7fe428118000-7fe428216000 rw-p 00000000 00:00 0                          [stack:5129]
7fe428216000-7fe428219000 ---p 00000000 00:00 0 
7fe428219000-7fe428317000 rw-p 00000000 00:00 0                          [stack:5128]
7fe428317000-7fe42831a000 ---p 00000000 00:00 0 
7fe42831a000-7fe428518000 rw-p 00000000 00:00 0                          [stack:5127]
7fe428518000-7fe4286a1000 r--p 00000000 fe:01 25170396                   /usr/lib/locale/locale-archive
7fe4286a1000-7fe4286a4000 ---p 00000000 00:00 0 
7fe4286a4000-7fe4288a2000 rw-p 00000000 00:00 0                          [stack:5126]
7fe4288a2000-7fe4288a5000 ---p 00000000 00:00 0 
7fe4288a5000-7fe428aa3000 rw-p 00000000 00:00 0                          [stack:5125]
7fe428aa3000-7fe428aa4000 ---p 00000000 00:00 0 
7fe428aa4000-7fe429559000 rw-p 00000000 00:00 0                          [stack:5124]
7fe429559000-7fe42970b000 r--s 01d2b000 fe:01 27400145                   /usr/lib/jvm/java-7-openjdk-amd64/jre/lib/rt.jar
7fe42970b000-7fe42beff000 rw-p 00000000 00:00 0 
7fe42beff000-7fe42bf00000 ---p 00000000 00:00 0 
7fe42bf00000-7fe42c000000 rw-p 00000000 00:00 0                          [stack:5123]
7fe42c000000-7fe42c2fa000 rw-p 00000000 00:00 0 
7fe42c2fa000-7fe430000000 ---p 00000000 00:00 0 
7fe430002000-7fe430009000 r--s 00000000 fe:01 19137068                   /var/cache/fontconfig/3047814df9a2f067bd2d96a2b9c36e5a-le64.cache-4
7fe430009000-7fe43000c000 r--s 00000000 fe:01 19137057                   /var/cache/fontconfig/e13b20fdb08344e0e664864cc2ede53d-le64.cache-4
7fe43000c000-7fe43000d000 ---p 00000000 00:00 0 
7fe43000d000-7fe430136000 rw-p 00000000 00:00 0                          [stack:5122]
7fe430136000-7fe430215000 rw-p 00000000 00:00 0 
7fe430215000-7fe43024d000 rw-p 00000000 00:00 0 
7fe43024d000-7fe4302d5000 rw-p 00000000 00:00 0 
7fe4302d5000-7fe4302fe000 rw-p 00000000 00:00 0 
7fe4302fe000-7fe4303dc000 rw-p 00000000 00:00 0 
7fe4303dc000-7fe430460000 rw-p 00000000 00:00 0 
7fe430460000-7fe430461000 rw-p 00000000 00:00 0 
7fe430461000-7fe4309c1000 rwxp 00000000 00:00 0 
7fe4309c1000-7fe433461000 rw-p 00000000 00:00 0 
7fe433461000-7fe433469000 r-xp 00000000 fe:01 28051285                   /usr/lib/jvm/java-7-openjdk-amd64/jre/lib/amd64/libzip.so
7fe433469000-7fe433668000 ---p 00008000 fe:01 28051285                   /usr/lib/jvm/java-7-openjdk-amd64/jre/lib/amd64/libzip.so
7fe433668000-7fe433669000 r--p 00007000 fe:01 28051285                   /usr/lib/jvm/java-7-openjdk-amd64/jre/lib/amd64/libzip.so
7fe433669000-7fe43366a000 rw-p 00008000 fe:01 28051285                   /usr/lib/jvm/java-7-openjdk-amd64/jre/lib/amd64/libzip.so
7fe43366a000-7fe433696000 r-xp 00000000 fe:01 28051267                   /usr/lib/jvm/java-7-openjdk-amd64/jre/lib/amd64/libjava.so
7fe433696000-7fe433895000 ---p 0002c000 fe:01 28051267                   /usr/lib/jvm/java-7-openjdk-amd64/jre/lib/amd64/libjava.so
7fe433895000-7fe433896000 r--p 0002b000 fe:01 28051267                   /usr/lib/jvm/java-7-openjdk-amd64/jre/lib/amd64/libjava.so
7fe433896000-7fe433898000 rw-p 0002c000 fe:01 28051267                   /usr/lib/jvm/java-7-openjdk-amd64/jre/lib/amd64/libjava.so
7fe433898000-7fe4338a7000 r-xp 00000000 fe:01 28051284                   /usr/lib/jvm/java-7-openjdk-amd64/jre/lib/amd64/libverify.so
7fe4338a7000-7fe433aa6000 ---p 0000f000 fe:01 28051284                   /usr/lib/jvm/java-7-openjdk-amd64/jre/lib/amd64/libverify.so
7fe433aa6000-7fe433aa8000 r--p 0000e000 fe:01 28051284                   /usr/lib/jvm/java-7-openjdk-amd64/jre/lib/amd64/libverify.so
7fe433aa8000-7fe433aa9000 rw-p 00010000 fe:01 28051284                   /usr/lib/jvm/java-7-openjdk-amd64/jre/lib/amd64/libverify.so
7fe433aa9000-7fe433ab0000 r-xp 00000000 fe:01 26742026                   /lib/x86_64-linux-gnu/librt-2.19.so
7fe433ab0000-7fe433caf000 ---p 00007000 fe:01 26742026                   /lib/x86_64-linux-gnu/librt-2.19.so
7fe433caf000-7fe433cb0000 r--p 00006000 fe:01 26742026                   /lib/x86_64-linux-gnu/librt-2.19.so
7fe433cb0000-7fe433cb1000 rw-p 00007000 fe:01 26742026                   /lib/x86_64-linux-gnu/librt-2.19.so
7fe433cb1000-7fe433cb4000 ---p 00000000 00:00 0 
7fe433cb4000-7fe433eb2000 rw-p 00000000 00:00 0                          [stack:5121]
7fe433eb2000-7fe433ec8000 r-xp 00000000 fe:01 26738781                   /lib/x86_64-linux-gnu/libgcc_s.so.1
7fe433ec8000-7fe4340c7000 ---p 00016000 fe:01 26738781                   /lib/x86_64-linux-gnu/libgcc_s.so.1
7fe4340c7000-7fe4340c8000 rw-p 00015000 fe:01 26738781                   /lib/x86_64-linux-gnu/libgcc_s.so.1
7fe4340c8000-7fe4341c8000 r-xp 00000000 fe:01 26742037                   /lib/x86_64-linux-gnu/libm-2.19.so
7fe4341c8000-7fe4343c7000 ---p 00100000 fe:01 26742037                   /lib/x86_64-linux-gnu/libm-2.19.so
7fe4343c7000-7fe4343c8000 r--p 000ff000 fe:01 26742037                   /lib/x86_64-linux-gnu/libm-2.19.so
7fe4343c8000-7fe4343c9000 rw-p 00100000 fe:01 26742037                   /lib/x86_64-linux-gnu/libm-2.19.so
7fe4343c9000-7fe434534000 r-xp 00000000 fe:01 25165829                   /usr/lib/x86_64-linux-gnu/libstdc++.so.6.0.21
7fe434534000-7fe434734000 ---p 0016b000 fe:01 25165829                   /usr/lib/x86_64-linux-gnu/libstdc++.so.6.0.21
7fe434734000-7fe43473e000 r--p 0016b000 fe:01 25165829                   /usr/lib/x86_64-linux-gnu/libstdc++.so.6.0.21
7fe43473e000-7fe434740000 rw-p 00175000 fe:01 25165829                   /usr/lib/x86_64-linux-gnu/libstdc++.so.6.0.21
7fe434740000-7fe434744000 rw-p 00000000 00:00 0 
7fe434744000-7fe435295000 r-xp 00000000 fe:01 28182581                   /usr/lib/jvm/java-7-openjdk-amd64/jre/lib/amd64/server/libjvm.so
7fe435295000-7fe435495000 ---p 00b51000 fe:01 28182581                   /usr/lib/jvm/java-7-openjdk-amd64/jre/lib/amd64/server/libjvm.so
7fe435495000-7fe435526000 r--p 00b51000 fe:01 28182581                   /usr/lib/jvm/java-7-openjdk-amd64/jre/lib/amd64/server/libjvm.so
7fe435526000-7fe435549000 rw-p 00be2000 fe:01 28182581                   /usr/lib/jvm/java-7-openjdk-amd64/jre/lib/amd64/server/libjvm.so
7fe435549000-7fe435574000 rw-p 00000000 00:00 0 
7fe435574000-7fe43558e000 r-xp 00000000 fe:01 26738790                   /lib/x86_64-linux-gnu/libz.so.1.2.8
7fe43558e000-7fe43578d000 ---p 0001a000 fe:01 26738790                   /lib/x86_64-linux-gnu/libz.so.1.2.8
7fe43578d000-7fe43578e000 r--p 00019000 fe:01 26738790                   /lib/x86_64-linux-gnu/libz.so.1.2.8
7fe43578e000-7fe43578f000 rw-p 0001a000 fe:01 26738790                   /lib/x86_64-linux-gnu/libz.so.1.2.8
7fe43578f000-7fe43592e000 r-xp 00000000 fe:01 26742024                   /lib/x86_64-linux-gnu/libc-2.19.so
7fe43592e000-7fe435b2e000 ---p 0019f000 fe:01 26742024                   /lib/x86_64-linux-gnu/libc-2.19.so
7fe435b2e000-7fe435b32000 r--p 0019f000 fe:01 26742024                   /lib/x86_64-linux-gnu/libc-2.19.so
7fe435b32000-7fe435b34000 rw-p 001a3000 fe:01 26742024                   /lib/x86_64-linux-gnu/libc-2.19.so
7fe435b34000-7fe435b38000 rw-p 00000000 00:00 0 
7fe435b38000-7fe435b3b000 r-xp 00000000 fe:01 26742043                   /lib/x86_64-linux-gnu/libdl-2.19.so
7fe435b3b000-7fe435d3a000 ---p 00003000 fe:01 26742043                   /lib/x86_64-linux-gnu/libdl-2.19.so
7fe435d3a000-7fe435d3b000 r--p 00002000 fe:01 26742043                   /lib/x86_64-linux-gnu/libdl-2.19.so
7fe435d3b000-7fe435d3c000 rw-p 00003000 fe:01 26742043                   /lib/x86_64-linux-gnu/libdl-2.19.so
7fe435d3c000-7fe435d49000 r-xp 00000000 fe:01 28311809                   /usr/lib/jvm/java-7-openjdk-amd64/jre/lib/amd64/jli/libjli.so
7fe435d49000-7fe435f48000 ---p 0000d000 fe:01 28311809                   /usr/lib/jvm/java-7-openjdk-amd64/jre/lib/amd64/jli/libjli.so
7fe435f48000-7fe435f49000 r--p 0000c000 fe:01 28311809                   /usr/lib/jvm/java-7-openjdk-amd64/jre/lib/amd64/jli/libjli.so
7fe435f49000-7fe435f4a000 rw-p 0000d000 fe:01 28311809                   /usr/lib/jvm/java-7-openjdk-amd64/jre/lib/amd64/jli/libjli.so
7fe435f4a000-7fe435f62000 r-xp 00000000 fe:01 26742028                   /lib/x86_64-linux-gnu/libpthread-2.19.so
7fe435f62000-7fe436161000 ---p 00018000 fe:01 26742028                   /lib/x86_64-linux-gnu/libpthread-2.19.so
7fe436161000-7fe436162000 r--p 00017000 fe:01 26742028                   /lib/x86_64-linux-gnu/libpthread-2.19.so
7fe436162000-7fe436163000 rw-p 00018000 fe:01 26742028                   /lib/x86_64-linux-gnu/libpthread-2.19.so
7fe436163000-7fe436167000 rw-p 00000000 00:00 0 
7fe436167000-7fe436187000 r-xp 00000000 fe:01 26742033                   /lib/x86_64-linux-gnu/ld-2.19.so
7fe43619a000-7fe4361e9000 rw-p 00000000 00:00 0 
7fe4361e9000-7fe436271000 rw-p 00000000 00:00 0 
7fe436271000-7fe436287000 rw-p 00000000 00:00 0 
7fe436287000-7fe436331000 rw-p 00000000 00:00 0 
7fe436331000-7fe436366000 r--s 00000000 fe:01 19137138                   /var/cache/nscd/passwd
7fe436366000-7fe43636b000 rw-p 00000000 00:00 0 
7fe43636c000-7fe43636d000 r--s 00000000 fe:01 19137069                   /var/cache/fontconfig/4794a0821666d79190d59a36cb4f44b5-le64.cache-4
7fe436376000-7fe43637b000 r--s 0004d000 fe:01 27400139                   /usr/lib/jvm/java-7-openjdk-amd64/jre/lib/jsse.jar
7fe43637b000-7fe436383000 rw-s 00000000 fe:01 29360169                   /tmp/hsperfdata_NotSimon/5120
7fe436383000-7fe436384000 rw-p 00000000 00:00 0 
7fe436384000-7fe436385000 r--p 00000000 00:00 0 
7fe436385000-7fe436387000 rw-p 00000000 00:00 0 
7fe436387000-7fe436388000 r--p 00020000 fe:01 26742033                   /lib/x86_64-linux-gnu/ld-2.19.so
7fe436388000-7fe436389000 rw-p 00021000 fe:01 26742033                   /lib/x86_64-linux-gnu/ld-2.19.so
7fe436389000-7fe43638a000 rw-p 00000000 00:00 0 
7fff1adf2000-7fff1ae14000 rw-p 00000000 00:00 0                          [stack]
7fff1ae43000-7fff1ae45000 r-xp 00000000 00:00 0                          [vdso]
7fff1ae45000-7fff1ae47000 r--p 00000000 00:00 0                          [vvar]
ffffffffff600000-ffffffffff601000 r-xp 00000000 00:00 0                  [vsyscall]

VM Arguments:
jvm_args: -Djdk.home=/usr/lib/jvm/java-7-openjdk-amd64 -Dnetbeans.default_userdir_root=/home/NotSimon/.netbeans -Dnetbeans.running.environment=gnome -Dnetbeans.dirs=/usr/share/netbeans/8.0.2/nb:/usr/share/netbeans/8.0.2/ergonomics:/usr/share/netbeans/8.0.2/ide:/usr/share/netbeans/8.0.2/extide:/usr/share/netbeans/8.0.2/java:/usr/share/netbeans/8.0.2/apisupport:/usr/share/netbeans/8.0.2/webcommon:/usr/share/netbeans/8.0.2/websvccommon:/usr/share/netbeans/8.0.2/enterprise:/usr/share/netbeans/8.0.2/mobility:/usr/share/netbeans/8.0.2/profiler:/usr/share/netbeans/8.0.2/python:/usr/share/netbeans/8.0.2/php:/usr/share/netbeans/8.0.2/identity:/usr/share/netbeans/8.0.2/harness:/usr/share/netbeans/8.0.2/cnd:/usr/share/netbeans/8.0.2/dlight:/usr/share/netbeans/8.0.2/groovy:/usr/share/netbeans/8.0.2/extra:/usr/share/netbeans/8.0.2/javacard:/usr/share/netbeans/8.0.2/javafx: -Dnetbeans.home=/usr/share/netbeans/8.0.2/platform -Dnetbeans.importclass=org.netbeans.upgrade.AutoUpgrade -Dnetbeans.accept_license_class=org.netbeans.license.AcceptLicense -Xmx789m -Xss2m -Xms32m -XX:PermSize=32m -Dapple.laf.useScreenMenuBar=true -Dapple.awt.graphics.UseQuartz=true -Dsun.java2d.noddraw=true -Dsun.java2d.dpiaware=true -Dsun.zip.disableMemoryMapping=true -Dsun.java2d.pmoffscreen=false -XX:MaxPermSize=384m -XX:+HeapDumpOnOutOfMemoryError -XX:HeapDumpPath=/home/NotSimon/.netbeans/8.0.2/var/log/heapdump.hprof 
java_command: org.netbeans.Main --cachedir /home/NotSimon/.cache/netbeans/8.0.2 --userdir /home/NotSimon/.netbeans/8.0.2 --branding nb
Launcher Type: SUN_STANDARD

Environment Variables:
PATH=/usr/local/bin:/usr/bin:/bin:/usr/games
LD_LIBRARY_PATH=/usr/lib/jvm/java-7-openjdk-amd64/bin/../jre/lib/amd64:/usr/lib/jvm/java-7-openjdk-amd64/bin/../jre/lib/i386:
SHELL=/bin/bash
DISPLAY=:0

Signal Handlers:
SIGSEGV: [libjvm.so+0x995800], sa_mask[0]=0x7ffbfeff, sa_flags=0x10000004
SIGBUS: [libjvm.so+0x995800], sa_mask[0]=0x7ffbfeff, sa_flags=0x10000004
SIGFPE: [libjvm.so+0x7fca50], sa_mask[0]=0x7ffbfeff, sa_flags=0x10000004
SIGPIPE: [libjvm.so+0x7fca50], sa_mask[0]=0x7ffbfeff, sa_flags=0x10000004
SIGXFSZ: [libjvm.so+0x7fca50], sa_mask[0]=0x7ffbfeff, sa_flags=0x10000004
SIGILL: [libjvm.so+0x7fca50], sa_mask[0]=0x7ffbfeff, sa_flags=0x10000004
SIGUSR1: SIG_DFL, sa_mask[0]=0x00000000, sa_flags=0x00000000
SIGUSR2: [libjvm.so+0x7fc8d0], sa_mask[0]=0x00000000, sa_flags=0x10000004
SIGHUP: [libjvm.so+0x7fca60], sa_mask[0]=0x7ffbfeff, sa_flags=0x10000004
SIGINT: SIG_IGN, sa_mask[0]=0x00000000, sa_flags=0x00000000
SIGTERM: [libjvm.so+0x7fca60], sa_mask[0]=0x7ffbfeff, sa_flags=0x10000004
SIGQUIT: [libjvm.so+0x7fca60], sa_mask[0]=0x7ffbfeff, sa_flags=0x10000004
SIGTRAP: SIG_DFL, sa_mask[0]=0x00000000, sa_flags=0x00000000


---------------  S Y S T E M  ---------------

OS:stretch/sid

uname:Linux 3.16.0-4-amd64 #1 SMP Debian 3.16.7-ckt11-1+deb8u3 (2015-08-04) x86_64
libc:glibc 2.19 NPTL 2.19 
rlimit: STACK 8192k, CORE 0k, NPROC 15717, NOFILE 65536, AS infinity
load average:0.97 0.47 0.32

/proc/meminfo:
MemTotal:        4043688 kB
MemFree:         1779488 kB
MemAvailable:    2766364 kB
Buffers:           64368 kB
Cached:          1115520 kB
SwapCached:            0 kB
Active:          1548788 kB
Inactive:         569368 kB
Active(anon):     960060 kB
Inactive(anon):    24028 kB
Active(file):     588728 kB
Inactive(file):   545340 kB
Unevictable:          32 kB
Mlocked:              32 kB
SwapTotal:       8355836 kB
SwapFree:        8355836 kB
Dirty:               104 kB
Writeback:             0 kB
AnonPages:        938472 kB
Mapped:           183032 kB
Shmem:             45676 kB
Slab:              67100 kB
SReclaimable:      43504 kB
SUnreclaim:        23596 kB
KernelStack:        4464 kB
PageTables:        16108 kB
NFS_Unstable:          0 kB
Bounce:                0 kB
WritebackTmp:          0 kB
CommitLimit:    10377680 kB
Committed_AS:    2442476 kB
VmallocTotal:   34359738367 kB
VmallocUsed:      116164 kB
VmallocChunk:   34359618556 kB
HardwareCorrupted:     0 kB
AnonHugePages:         0 kB
HugePages_Total:       0
HugePages_Free:        0
HugePages_Rsvd:        0
HugePages_Surp:        0
Hugepagesize:       2048 kB
DirectMap4k:      206548 kB
DirectMap2M:     3971072 kB


CPU:total 2 (2 cores per cpu, 1 threads per core) family 6 model 26 stepping 5, cmov, cx8, fxsr, mmx, sse, sse2, sse3, ssse3, sse4.1, sse4.2, popcnt, tsc, tscinvbit, tscinv

/proc/cpuinfo:
processor	: 0
vendor_id	: GenuineIntel
cpu family	: 6
model		: 26
model name	: Intel(R) Xeon(R) CPU           W3505  @ 2.53GHz
stepping	: 5
microcode	: 0xf
cpu MHz		: 2527.000
cache size	: 4096 KB
physical id	: 0
siblings	: 2
core id		: 0
cpu cores	: 2
apicid		: 0
initial apicid	: 0
fpu		: yes
fpu_exception	: yes
cpuid level	: 11
wp		: yes
flags		: fpu vme de pse tsc msr pae mce cx8 apic sep mtrr pge mca cmov pat pse36 clflush dts acpi mmx fxsr sse sse2 ss ht tm pbe syscall nx rdtscp lm constant_tsc arch_perfmon pebs bts rep_good nopl xtopology nonstop_tsc aperfmperf pni dtes64 monitor ds_cpl vmx est tm2 ssse3 cx16 xtpr pdcm dca sse4_1 sse4_2 popcnt lahf_lm dtherm tpr_shadow vnmi flexpriority ept vpid
bogomips	: 5066.97
clflush size	: 64
cache_alignment	: 64
address sizes	: 36 bits physical, 48 bits virtual
power management:

processor	: 1
vendor_id	: GenuineIntel
cpu family	: 6
model		: 26
model name	: Intel(R) Xeon(R) CPU           W3505  @ 2.53GHz
stepping	: 5
microcode	: 0xf
cpu MHz		: 2527.000
cache size	: 4096 KB
physical id	: 0
siblings	: 2
core id		: 2
cpu cores	: 2
apicid		: 4
initial apicid	: 4
fpu		: yes
fpu_exception	: yes
cpuid level	: 11
wp		: yes
flags		: fpu vme de pse tsc msr pae mce cx8 apic sep mtrr pge mca cmov pat pse36 clflush dts acpi mmx fxsr sse sse2 ss ht tm pbe syscall nx rdtscp lm constant_tsc arch_perfmon pebs bts rep_good nopl xtopology nonstop_tsc aperfmperf pni dtes64 monitor ds_cpl vmx est tm2 ssse3 cx16 xtpr pdcm dca sse4_1 sse4_2 popcnt lahf_lm dtherm tpr_shadow vnmi flexpriority ept vpid
bogomips	: 5066.97
clflush size	: 64
cache_alignment	: 64
address sizes	: 36 bits physical, 48 bits virtual
power management:



Memory: 4k page, physical 4043688k(1779488k free), swap 8355836k(8355836k free)

vm_info: OpenJDK 64-Bit Server VM (24.85-b03) for linux-amd64 JRE (1.7.0_85-b01), built on Sep  5 2015 23:29:12 by "buildd" with gcc 5.2.1 20150903

time: Thu Sep 17 07:38:57 2015
elapsed time: 63 seconds

