#
# A fatal error has been detected by the Java Runtime Environment:
#
#  SIGSEGV (0xb) at pc=0x00007fc2af061808, pid=4669, tid=140473057609472
#
# JRE version: OpenJDK Runtime Environment (7.0_85-b01) (build 1.7.0_85-b01)
# Java VM: OpenJDK 64-Bit Server VM (24.85-b03 mixed mode linux-amd64 compressed oops)
# Derivative: IcedTea 2.6.1
# Distribution: Debian GNU/Linux buildd-unstable (sid), package 7u85-2.6.1-3
# Problematic frame:
# C  [libglib-2.0.so.0+0x38808]  g_hash_table_iter_next+0xb8
#
# Failed to write core dump. Core dumps have been disabled. To enable core dumping, try "ulimit -c unlimited" before starting Java again
#
# If you would like to submit a bug report, please include
# instructions on how to reproduce the bug and visit:
#   http://icedtea.classpath.org/bugzilla
# The crash happened outside the Java Virtual Machine in native code.
# See problematic frame for where to report the bug.
#

---------------  T H R E A D  ---------------

Current thread (0x00007fc28c005800):  JavaThread "Thread-4" [_thread_in_native, id=4714, stack(0x00007fc26e330000,0x00007fc26eb31000)]

siginfo:si_signo=SIGSEGV: si_errno=0, si_code=1 (SEGV_MAPERR), si_addr=0x0000000000000030

Registers:
RAX=0x0000000000000001, RBX=0x0000000000000008, RCX=0x0000000000000008, RDX=0x2e851c05816a7800
RSP=0x00007fc26eb2fc20, RBP=0x00007fc26eb2fc80, RSI=0x00007fc28c3c3da8, RDI=0x00007fc28c3c3da8
R8 =0x0000000000000001, R9 =0x0000000000000008, R10=0x0000000000000002, R11=0x00007fc28c29a800
R12=0x00007fc28c3c3db0, R13=0x00007fc28c3c3da0, R14=0x00007fc2745746c0, R15=0x00007fc2af06f610
RIP=0x00007fc2af061808, EFLAGS=0x0000000000010206, CSGSFS=0x0000000000000033, ERR=0x0000000000000004
  TRAPNO=0x000000000000000e

Top of Stack: (sp=0x00007fc26eb2fc20)
0x00007fc26eb2fc20:   00007fc28c3c3da8 00007fc27d1bfdff
0x00007fc26eb2fc30:   00007fc28c3c3d01 00007fc28c3c3da0
0x00007fc26eb2fc40:   00007fc2af06f610 2e851c05816a7800
0x00007fc26eb2fc50:   00007fc28c3c3da8 00007fc28c3c3da8
0x00007fc26eb2fc60:   00007fc28c0059d8 00007fc28c3c3da0
0x00007fc26eb2fc70:   00007fc28c257df0 00007fc28c3c3da0
0x00007fc26eb2fc80:   0000000000000001 00007fc2af34d29a
0x00007fc26eb2fc90:   0000000000000000 0000000000000000
0x00007fc26eb2fca0:   00007fc26eb2fe00 00007fc2740d52c0
0x00007fc26eb2fcb0:   00007fc27401cfa0 00007fc27d1ba5e8
0x00007fc26eb2fcc0:   00007fc28c47d750 00007fc274574690
0x00007fc26eb2fcd0:   0000000000000000 00007fc2740d3050
0x00007fc26eb2fce0:   00007fc26eb2fe30 2e851c05816a7800
0x00007fc26eb2fcf0:   0000000000000000 00007fc2740d3050
0x00007fc26eb2fd00:   00007fc26eb2fe30 00007fc26eb2fe28
0x00007fc26eb2fd10:   0000000000000000 000000007fffffff
0x00007fc26eb2fd20:   00007fc27cb3e0a0 00007fc2740d52c0
0x00007fc26eb2fd30:   0000000000000001 00007fc2740d5200
0x00007fc26eb2fd40:   0000000000000000 00007fc2af09002a
0x00007fc26eb2fd50:   0000000000000000 0000000000000008
0x00007fc26eb2fd60:   0000000000000010 0000000000000020
0x00007fc26eb2fd70:   00007fc28c478820 00007fc28c479ed8
0x00007fc26eb2fd80:   00000000ffffffff 00007fc2740d52c0
0x00007fc26eb2fd90:   0000000000000001 00007fc2a0070520
0x00007fc26eb2fda0:   0000000000000000 00007fc2745745f0
0x00007fc26eb2fdb0:   0000000000000000 00007fc2af06fd82
0x00007fc26eb2fdc0:   00007fc28c3c3da0 00007fc28c3c3da0
0x00007fc26eb2fdd0:   00007fc2b4473c68 00007fc28c0059d8
0x00007fc26eb2fde0:   00007fc2b4473cd0 00007fc274574690
0x00007fc26eb2fdf0:   00007fc27401cfa0 0000000000000011
0x00007fc26eb2fe00:   0000000000000001 00007fc2af072b4d
0x00007fc26eb2fe10:   00007fc26eb2fe30 00007fc274574730 

Instructions: (pc=0x00007fc2af061808)
0x00007fc2af0617e8:   01 00 31 c0 5b c3 66 90 48 85 f6 74 0b 49 8b 4b
0x00007fc2af0617f8:   18 4a 8b 0c c1 48 89 0e 48 85 d2 74 0e 48 8b 0f
0x00007fc2af061808:   48 8b 49 28 4a 8b 0c c1 48 89 0a 89 47 18 b8 01
0x00007fc2af061818:   00 00 00 5b c3 0f 1f 00 48 8d 15 57 69 06 00 48 

Register to memory mapping:

RAX=0x0000000000000001 is an unknown value
RBX=0x0000000000000008 is an unknown value
RCX=0x0000000000000008 is an unknown value
RDX=0x2e851c05816a7800 is an unknown value
RSP=0x00007fc26eb2fc20 is pointing into the stack for thread: 0x00007fc28c005800
RBP=0x00007fc26eb2fc80 is pointing into the stack for thread: 0x00007fc28c005800
RSI=0x00007fc28c3c3da8 is an unknown value
RDI=0x00007fc28c3c3da8 is an unknown value
R8 =0x0000000000000001 is an unknown value
R9 =0x0000000000000008 is an unknown value
R10=0x0000000000000002 is an unknown value
R11=0x00007fc28c29a800 is an unknown value
R12=0x00007fc28c3c3db0 is an unknown value
R13=0x00007fc28c3c3da0 is an unknown value
R14=0x00007fc2745746c0 is an unknown value
R15=0x00007fc2af06f610: <offset 0x46610> in /lib/x86_64-linux-gnu/libglib-2.0.so.0 at 0x00007fc2af029000


Stack: [0x00007fc26e330000,0x00007fc26eb31000],  sp=0x00007fc26eb2fc20,  free space=8191k
Native frames: (J=compiled Java code, j=interpreted, Vv=VM code, C=native code)
C  [libglib-2.0.so.0+0x38808]  g_hash_table_iter_next+0xb8


---------------  P R O C E S S  ---------------

Java Threads: ( => current thread )
  0x00007fc274576800 JavaThread "Inactive RequestProcessor thread [Was:SelectionAwareJavaSourceTaskFactory worker/org.netbeans.api.java.source.support.SelectionAwareJavaSourceTaskFactory$ComponentListener$1]" daemon [_thread_blocked, id=4880, stack(0x00007fc26d72a000,0x00007fc26d92b000)]
  0x00007fc274576000 JavaThread "Inactive RequestProcessor thread [Was:Code Completion/org.netbeans.spi.editor.completion.support.AsyncCompletionTask]" daemon [_thread_blocked, id=4879, stack(0x00007fc26fd55000,0x00007fc26ff56000)]
  0x00007fc2741c1800 JavaThread "Inactive RequestProcessor thread [Was:CaretAwareJavaSourceTaskFactory worker/org.netbeans.api.java.source.support.CaretAwareJavaSourceTaskFactory$ComponentListener]" daemon [_thread_blocked, id=4878, stack(0x00007fc270fb2000,0x00007fc2711b3000)]
  0x00007fc2741c0000 JavaThread "Inactive RequestProcessor thread [Was:Code Completion/org.netbeans.spi.editor.completion.support.AsyncCompletionTask]" daemon [_thread_blocked, id=4874, stack(0x00007fc26ff56000,0x00007fc270157000)]
  0x00007fc2741c3000 JavaThread "Inactive RequestProcessor thread [Was:Code Completion/org.netbeans.spi.editor.completion.support.AsyncCompletionTask]" daemon [_thread_blocked, id=4871, stack(0x00007fc26d328000,0x00007fc26d529000)]
  0x00007fc2742fa800 JavaThread "Inactive RequestProcessor thread [Was:Spellchecker/org.netbeans.modules.spellchecker.ComponentPeer$1]" daemon [_thread_blocked, id=4844, stack(0x00007fc26cf26000,0x00007fc26d127000)]
  0x00007fc2b4009800 JavaThread "DestroyJavaVM" [_thread_blocked, id=4671, stack(0x00007fc2c0005000,0x00007fc2c0206000)]
  0x0000000003339000 JavaThread "TimerQueue" daemon [_thread_blocked, id=4715, stack(0x00007fc26e12f000,0x00007fc26e330000)]
=>0x00007fc28c005800 JavaThread "Thread-4" [_thread_in_native, id=4714, stack(0x00007fc26e330000,0x00007fc26eb31000)]
  0x0000000003313000 JavaThread "Deadlock Detector" [_thread_blocked, id=4711, stack(0x00007fc26eb31000,0x00007fc26ed32000)]
  0x00000000032db800 JavaThread "Thread-3" daemon [_thread_blocked, id=4710, stack(0x00007fc26ef3b000,0x00007fc26f13c000)]
  0x00007fc2a8200800 JavaThread "File Watcher" daemon [_thread_in_native, id=4708, stack(0x00007fc26f13c000,0x00007fc26f33d000)]
  0x0000000002f39800 JavaThread "AWT-EventQueue-1" [_thread_in_vm, id=4707, stack(0x00007fc26f551000,0x00007fc26f752000)]
  0x0000000002f35000 JavaThread "AWT-Shutdown" [_thread_blocked, id=4706, stack(0x00007fc26f752000,0x00007fc26f953000)]
  0x0000000002011000 JavaThread "Editor Parsing Loop (20150619-debian-8.0.2)" daemon [_thread_blocked, id=4701, stack(0x00007fc270157000,0x00007fc270358000)]
  0x00000000030f5000 JavaThread "Bundle File Closer" daemon [_thread_blocked, id=4697, stack(0x00007fc270bb0000,0x00007fc270db1000)]
  0x0000000002cd7000 JavaThread "Framework Event Dispatcher" daemon [_thread_blocked, id=4696, stack(0x00007fc270358000,0x00007fc270559000)]
  0x00000000028d6800 JavaThread "Framework Active Thread" [_thread_blocked, id=4694, stack(0x00007fc27075a000,0x00007fc27095b000)]
  0x0000000001d75800 JavaThread "AWT-EventQueue-0" [_thread_blocked, id=4692, stack(0x00007fc270db1000,0x00007fc270fb2000)]
  0x0000000001d42800 JavaThread "AWT-XAWT" daemon [_thread_in_native, id=4688, stack(0x00007fc27d407000,0x00007fc27d608000)]
  0x0000000001d1d000 JavaThread "Java2D Disposer" daemon [_thread_blocked, id=4687, stack(0x00007fc27d608000,0x00007fc27d809000)]
  0x0000000001cdd800 JavaThread "RequestProcessor queue manager" daemon [_thread_blocked, id=4686, stack(0x00007fc27d809000,0x00007fc27da0a000)]
  0x00007fc2b436a000 JavaThread "CLI Requests Server" daemon [_thread_in_native, id=4683, stack(0x00007fc2ade6f000,0x00007fc2ae070000)]
  0x00007fc2b4331000 JavaThread "Active Reference Queue Daemon" daemon [_thread_blocked, id=4682, stack(0x00007fc2ae070000,0x00007fc2ae271000)]
  0x00007fc2b4247800 JavaThread "Service Thread" daemon [_thread_blocked, id=4680, stack(0x00007fc2afe35000,0x00007fc2b0036000)]
  0x00007fc2b4245000 JavaThread "C2 CompilerThread1" daemon [_thread_blocked, id=4679, stack(0x00007fc2b0036000,0x00007fc2b0137000)]
  0x00007fc2b4242800 JavaThread "C2 CompilerThread0" daemon [_thread_in_native, id=4678, stack(0x00007fc2b0137000,0x00007fc2b0238000)]
  0x00007fc2b4240000 JavaThread "Signal Dispatcher" daemon [_thread_blocked, id=4677, stack(0x00007fc2b0238000,0x00007fc2b0439000)]
  0x00007fc2b4216000 JavaThread "Finalizer" daemon [_thread_blocked, id=4676, stack(0x00007fc2b0439000,0x00007fc2b063a000)]
  0x00007fc2b4214000 JavaThread "Reference Handler" daemon [_thread_blocked, id=4675, stack(0x00007fc2b063a000,0x00007fc2b083b000)]

Other Threads:
  0x00007fc2b420f800 VMThread [stack: 0x00007fc2b083b000,0x00007fc2b093c000] [id=4674]
  0x00007fc2b4252000 WatcherThread [stack: 0x00007fc2afd34000,0x00007fc2afe35000] [id=4681]

VM state:not at safepoint (normal execution)

VM Mutex/Monitor currently owned by a thread: None

Heap
 PSYoungGen      total 92160K, used 68371K [0x00000000ef880000, 0x00000000f8d80000, 0x0000000100000000)
  eden space 88064K, 73% used [0x00000000ef880000,0x00000000f37c0cf0,0x00000000f4e80000)
  from space 4096K, 87% used [0x00000000f5180000,0x00000000f5504050,0x00000000f5580000)
  to   space 32256K, 0% used [0x00000000f6e00000,0x00000000f6e00000,0x00000000f8d80000)
 ParOldGen       total 115712K, used 90862K [0x00000000cea00000, 0x00000000d5b00000, 0x00000000ef880000)
  object space 115712K, 78% used [0x00000000cea00000,0x00000000d42bbbc0,0x00000000d5b00000)
 PSPermGen       total 123904K, used 96929K [0x00000000b6a00000, 0x00000000be300000, 0x00000000cea00000)
  object space 123904K, 78% used [0x00000000b6a00000,0x00000000bc8a8600,0x00000000be300000)

Card table byte_map: [0x00007fc2b3db4000,0x00007fc2b4000000] byte_map_base: 0x00007fc2b37ff000

Polling page: 0x00007fc2c4473000

Code Cache  [0x00007fc2b8195000, 0x00007fc2b8c25000, 0x00007fc2bb195000)
 total_blobs=3684 nmethods=2851 adapters=784 free_code_cache=39189Kb largest_free_block=39317504

Compilation events (10 events):
Event: 1512.942 Thread 0x00007fc2b4245000 nmethod 3642 0x00007fc2b82b6650 code [0x00007fc2b82b6780, 0x00007fc2b82b6898]
Event: 1512.954 Thread 0x00007fc2b4242800 3643             com.sun.tools.javac.code.Types$DefaultTypeVisitor::visit (7 bytes)
Event: 1512.955 Thread 0x00007fc2b4242800 nmethod 3643 0x00007fc2b84e8910 code [0x00007fc2b84e8a60, 0x00007fc2b84e8ad8]
Event: 1514.784 Thread 0x00007fc2b4242800 3644   !         org.netbeans.editor.Annotations::getNextLineWithAnnotation (329 bytes)
Event: 1514.811 Thread 0x00007fc2b4242800 nmethod 3644 0x00007fc2b86f37d0 code [0x00007fc2b86f3a60, 0x00007fc2b86f5830]
Event: 1514.839 Thread 0x00007fc2b4245000 3645             org.netbeans.modules.editor.lib2.document.MarkVector::findFirstIndex (66 bytes)
Event: 1514.841 Thread 0x00007fc2b4245000 nmethod 3645 0x00007fc2b86f3410 code [0x00007fc2b86f3560, 0x00007fc2b86f3678]
Event: 1515.163 Thread 0x00007fc2b4245000 3646   !         javax.swing.text.html.parser.Parser::readCh (73 bytes)
Event: 1515.165 Thread 0x00007fc2b4242800 3647             org.netbeans.modules.java.source.TreeLoader$4::setParamNames (596 bytes)
Event: 1515.171 Thread 0x00007fc2b4245000 nmethod 3646 0x00007fc2b88a5490 code [0x00007fc2b88a55e0, 0x00007fc2b88a5708]

GC Heap History (10 events):
Event: 1443.324 GC heap before
{Heap before GC invocations=44 (full 3):
 PSYoungGen      total 134656K, used 112496K [0x00000000ef880000, 0x00000000fa280000, 0x0000000100000000)
  eden space 104448K, 100% used [0x00000000ef880000,0x00000000f5e80000,0x00000000f5e80000)
  from space 30208K, 26% used [0x00000000f8500000,0x00000000f8cdc060,0x00000000fa280000)
  to   space 34816K, 0% used [0x00000000f5e80000,0x00000000f5e80000,0x00000000f8080000)
 ParOldGen       total 115712K, used 90630K [0x00000000cea00000, 0x00000000d5b00000, 0x00000000ef880000)
  object space 115712K, 78% used [0x00000000cea00000,0x00000000d4281bc0,0x00000000d5b00000)
 PSPermGen       total 123904K, used 96731K [0x00000000b6a00000, 0x00000000be300000, 0x00000000cea00000)
  object space 123904K, 78% used [0x00000000b6a00000,0x00000000bc876db8,0x00000000be300000)
Event: 1443.343 GC heap after
Heap after GC invocations=44 (full 3):
 PSYoungGen      total 109056K, used 8016K [0x00000000ef880000, 0x00000000f9e00000, 0x0000000100000000)
  eden space 100864K, 0% used [0x00000000ef880000,0x00000000ef880000,0x00000000f5b00000)
  from space 8192K, 97% used [0x00000000f5e80000,0x00000000f6654070,0x00000000f6680000)
  to   space 34304K, 0% used [0x00000000f7c80000,0x00000000f7c80000,0x00000000f9e00000)
 ParOldGen       total 115712K, used 90694K [0x00000000cea00000, 0x00000000d5b00000, 0x00000000ef880000)
  object space 115712K, 78% used [0x00000000cea00000,0x00000000d4291bc0,0x00000000d5b00000)
 PSPermGen       total 123904K, used 96731K [0x00000000b6a00000, 0x00000000be300000, 0x00000000cea00000)
  object space 123904K, 78% used [0x00000000b6a00000,0x00000000bc876db8,0x00000000be300000)
}
Event: 1460.130 GC heap before
{Heap before GC invocations=45 (full 3):
 PSYoungGen      total 109056K, used 108880K [0x00000000ef880000, 0x00000000f9e00000, 0x0000000100000000)
  eden space 100864K, 100% used [0x00000000ef880000,0x00000000f5b00000,0x00000000f5b00000)
  from space 8192K, 97% used [0x00000000f5e80000,0x00000000f6654070,0x00000000f6680000)
  to   space 34304K, 0% used [0x00000000f7c80000,0x00000000f7c80000,0x00000000f9e00000)
 ParOldGen       total 115712K, used 90694K [0x00000000cea00000, 0x00000000d5b00000, 0x00000000ef880000)
  object space 115712K, 78% used [0x00000000cea00000,0x00000000d4291bc0,0x00000000d5b00000)
 PSPermGen       total 123904K, used 96738K [0x00000000b6a00000, 0x00000000be300000, 0x00000000cea00000)
  object space 123904K, 78% used [0x00000000b6a00000,0x00000000bc878bd8,0x00000000be300000)
Event: 1460.147 GC heap after
Heap after GC invocations=45 (full 3):
 PSYoungGen      total 126976K, used 5200K [0x00000000ef880000, 0x00000000f9980000, 0x0000000100000000)
  eden space 97280K, 0% used [0x00000000ef880000,0x00000000ef880000,0x00000000f5780000)
  from space 29696K, 17% used [0x00000000f7c80000,0x00000000f8194060,0x00000000f9980000)
  to   space 33792K, 0% used [0x00000000f5780000,0x00000000f5780000,0x00000000f7880000)
 ParOldGen       total 115712K, used 90742K [0x00000000cea00000, 0x00000000d5b00000, 0x00000000ef880000)
  object space 115712K, 78% used [0x00000000cea00000,0x00000000d429dbc0,0x00000000d5b00000)
 PSPermGen       total 123904K, used 96738K [0x00000000b6a00000, 0x00000000be300000, 0x00000000cea00000)
  object space 123904K, 78% used [0x00000000b6a00000,0x00000000bc878bd8,0x00000000be300000)
}
Event: 1486.606 GC heap before
{Heap before GC invocations=46 (full 3):
 PSYoungGen      total 126976K, used 102480K [0x00000000ef880000, 0x00000000f9980000, 0x0000000100000000)
  eden space 97280K, 100% used [0x00000000ef880000,0x00000000f5780000,0x00000000f5780000)
  from space 29696K, 17% used [0x00000000f7c80000,0x00000000f8194060,0x00000000f9980000)
  to   space 33792K, 0% used [0x00000000f5780000,0x00000000f5780000,0x00000000f7880000)
 ParOldGen       total 115712K, used 90742K [0x00000000cea00000, 0x00000000d5b00000, 0x00000000ef880000)
  object space 115712K, 78% used [0x00000000cea00000,0x00000000d429dbc0,0x00000000d5b00000)
 PSPermGen       total 123904K, used 96753K [0x00000000b6a00000, 0x00000000be300000, 0x00000000cea00000)
  object space 123904K, 78% used [0x00000000b6a00000,0x00000000bc87c768,0x00000000be300000)
Event: 1486.620 GC heap after
Heap after GC invocations=46 (full 3):
 PSYoungGen      total 100352K, used 5744K [0x00000000ef880000, 0x00000000f9580000, 0x0000000100000000)
  eden space 94208K, 0% used [0x00000000ef880000,0x00000000ef880000,0x00000000f5480000)
  from space 6144K, 93% used [0x00000000f5780000,0x00000000f5d1c060,0x00000000f5d80000)
  to   space 33280K, 0% used [0x00000000f7500000,0x00000000f7500000,0x00000000f9580000)
 ParOldGen       total 115712K, used 90782K [0x00000000cea00000, 0x00000000d5b00000, 0x00000000ef880000)
  object space 115712K, 78% used [0x00000000cea00000,0x00000000d42a7bc0,0x00000000d5b00000)
 PSPermGen       total 123904K, used 96753K [0x00000000b6a00000, 0x00000000be300000, 0x00000000cea00000)
  object space 123904K, 78% used [0x00000000b6a00000,0x00000000bc87c768,0x00000000be300000)
}
Event: 1500.425 GC heap before
{Heap before GC invocations=47 (full 3):
 PSYoungGen      total 100352K, used 99952K [0x00000000ef880000, 0x00000000f9580000, 0x0000000100000000)
  eden space 94208K, 100% used [0x00000000ef880000,0x00000000f5480000,0x00000000f5480000)
  from space 6144K, 93% used [0x00000000f5780000,0x00000000f5d1c060,0x00000000f5d80000)
  to   space 33280K, 0% used [0x00000000f7500000,0x00000000f7500000,0x00000000f9580000)
 ParOldGen       total 115712K, used 90782K [0x00000000cea00000, 0x00000000d5b00000, 0x00000000ef880000)
  object space 115712K, 78% used [0x00000000cea00000,0x00000000d42a7bc0,0x00000000d5b00000)
 PSPermGen       total 123904K, used 96810K [0x00000000b6a00000, 0x00000000be300000, 0x00000000cea00000)
  object space 123904K, 78% used [0x00000000b6a00000,0x00000000bc88ab08,0x00000000be300000)
Event: 1500.438 GC heap after
Heap after GC invocations=47 (full 3):
 PSYoungGen      total 120320K, used 3664K [0x00000000ef880000, 0x00000000f9180000, 0x0000000100000000)
  eden space 91136K, 0% used [0x00000000ef880000,0x00000000ef880000,0x00000000f5180000)
  from space 29184K, 12% used [0x00000000f7500000,0x00000000f7894050,0x00000000f9180000)
  to   space 32768K, 0% used [0x00000000f5180000,0x00000000f5180000,0x00000000f7180000)
 ParOldGen       total 115712K, used 90830K [0x00000000cea00000, 0x00000000d5b00000, 0x00000000ef880000)
  object space 115712K, 78% used [0x00000000cea00000,0x00000000d42b3bc0,0x00000000d5b00000)
 PSPermGen       total 123904K, used 96810K [0x00000000b6a00000, 0x00000000be300000, 0x00000000cea00000)
  object space 123904K, 78% used [0x00000000b6a00000,0x00000000bc88ab08,0x00000000be300000)
}
Event: 1511.353 GC heap before
{Heap before GC invocations=48 (full 3):
 PSYoungGen      total 120320K, used 94800K [0x00000000ef880000, 0x00000000f9180000, 0x0000000100000000)
  eden space 91136K, 100% used [0x00000000ef880000,0x00000000f5180000,0x00000000f5180000)
  from space 29184K, 12% used [0x00000000f7500000,0x00000000f7894050,0x00000000f9180000)
  to   space 32768K, 0% used [0x00000000f5180000,0x00000000f5180000,0x00000000f7180000)
 ParOldGen       total 115712K, used 90830K [0x00000000cea00000, 0x00000000d5b00000, 0x00000000ef880000)
  object space 115712K, 78% used [0x00000000cea00000,0x00000000d42b3bc0,0x00000000d5b00000)
 PSPermGen       total 123904K, used 96816K [0x00000000b6a00000, 0x00000000be300000, 0x00000000cea00000)
  object space 123904K, 78% used [0x00000000b6a00000,0x00000000bc88c3e8,0x00000000be300000)
Event: 1511.364 GC heap after
Heap after GC invocations=48 (full 3):
 PSYoungGen      total 92160K, used 3600K [0x00000000ef880000, 0x00000000f8d80000, 0x0000000100000000)
  eden space 88064K, 0% used [0x00000000ef880000,0x00000000ef880000,0x00000000f4e80000)
  from space 4096K, 87% used [0x00000000f5180000,0x00000000f5504050,0x00000000f5580000)
  to   space 32256K, 0% used [0x00000000f6e00000,0x00000000f6e00000,0x00000000f8d80000)
 ParOldGen       total 115712K, used 90862K [0x00000000cea00000, 0x00000000d5b00000, 0x00000000ef880000)
  object space 115712K, 78% used [0x00000000cea00000,0x00000000d42bbbc0,0x00000000d5b00000)
 PSPermGen       total 123904K, used 96816K [0x00000000b6a00000, 0x00000000be300000, 0x00000000cea00000)
  object space 123904K, 78% used [0x00000000b6a00000,0x00000000bc88c3e8,0x00000000be300000)
}

Deoptimization events (10 events):
Event: 1482.778 Thread 0x0000000002f39800 Uncommon trap: reason=array_check action=maybe_recompile pc=0x00007fc2b837667c method=javax.swing.event.EventListenerList.getListeners(Ljava/lang/Class;)[Ljava/util/EventListener; @ 63
Event: 1482.779 Thread 0x0000000002f39800 Uncommon trap: reason=array_check action=maybe_recompile pc=0x00007fc2b837667c method=javax.swing.event.EventListenerList.getListeners(Ljava/lang/Class;)[Ljava/util/EventListener; @ 63
Event: 1482.792 Thread 0x0000000002f39800 Uncommon trap: reason=array_check action=maybe_recompile pc=0x00007fc2b837667c method=javax.swing.event.EventListenerList.getListeners(Ljava/lang/Class;)[Ljava/util/EventListener; @ 63
Event: 1482.794 Thread 0x0000000002f39800 Uncommon trap: reason=array_check action=maybe_recompile pc=0x00007fc2b837667c method=javax.swing.event.EventListenerList.getListeners(Ljava/lang/Class;)[Ljava/util/EventListener; @ 63
Event: 1515.098 Thread 0x00007fc2741c0000 Uncommon trap: reason=unstable_if action=reinterpret pc=0x00007fc2b88cd1c0 method=com.sun.tools.javac.parser.JavacParser$SimpleEndPosTable.storeEnd(Lcom/sun/tools/javac/tree/JCTree;I)V @ 59
Event: 1515.098 Thread 0x00007fc2741c0000 Uncommon trap: reason=unstable_if action=reinterpret pc=0x00007fc2b88a22e0 method=com.sun.tools.javac.parser.JavacParser$SimpleEndPosTable.storeEnd(Lcom/sun/tools/javac/tree/JCTree;I)V @ 59
Event: 1515.160 Thread 0x00007fc2741c0000 Uncommon trap: reason=unstable_if action=reinterpret pc=0x00007fc2b86bcb6c method=sun.nio.cs.StreamDecoder.read([CII)I @ 105
Event: 1515.175 Thread 0x00007fc2741c0000 Uncommon trap: reason=unstable_if action=reinterpret pc=0x00007fc2b8a1812c method=java.lang.String.contentEquals(Ljava/lang/CharSequence;)Z @ 117
Event: 1515.193 Thread 0x0000000002f39800 Uncommon trap: reason=class_check action=maybe_recompile pc=0x00007fc2b887b570 method=sun.java2d.SurfaceData.getTransparency()I @ 4
Event: 1515.213 Thread 0x0000000002f39800 Uncommon trap: reason=unstable_if action=reinterpret pc=0x00007fc2b842b3f0 method=org.GNOME.Accessibility.AtkWrapper$3.propertyChange(Ljava/beans/PropertyChangeEvent;)V @ 163

Internal exceptions (10 events):
Event: 1512.897 Thread 0x00007fc274576800 Threw 0x00000000f1849938 at /build/openjdk-7-1Vhfz6/openjdk-7-7u85-2.6.1/build/openjdk/hotspot/src/share/vm/prims/jni.cpp:721
Event: 1512.949 Thread 0x00007fc274576800 Threw 0x00000000f236eae8 at /build/openjdk-7-1Vhfz6/openjdk-7-7u85-2.6.1/build/openjdk/hotspot/src/share/vm/prims/jni.cpp:721
Event: 1512.950 Thread 0x00007fc274576800 Threw 0x00000000f2391db8 at /build/openjdk-7-1Vhfz6/openjdk-7-7u85-2.6.1/build/openjdk/hotspot/src/share/vm/prims/jni.cpp:721
Event: 1512.951 Thread 0x00007fc274576800 Threw 0x00000000f23a9728 at /build/openjdk-7-1Vhfz6/openjdk-7-7u85-2.6.1/build/openjdk/hotspot/src/share/vm/prims/jni.cpp:721
Event: 1514.636 Thread 0x00007fc2742fa800 Threw 0x00000000f272d5d8 at /build/openjdk-7-1Vhfz6/openjdk-7-7u85-2.6.1/build/openjdk/hotspot/src/share/vm/prims/jni.cpp:721
Event: 1514.638 Thread 0x00007fc2742fa800 Threw 0x00000000f279a398 at /build/openjdk-7-1Vhfz6/openjdk-7-7u85-2.6.1/build/openjdk/hotspot/src/share/vm/prims/jni.cpp:721
Event: 1514.638 Thread 0x00007fc2742fa800 Threw 0x00000000f27b1cd8 at /build/openjdk-7-1Vhfz6/openjdk-7-7u85-2.6.1/build/openjdk/hotspot/src/share/vm/prims/jni.cpp:721
Event: 1514.651 Thread 0x00007fc2742fa800 Threw 0x00000000f28588b0 at /build/openjdk-7-1Vhfz6/openjdk-7-7u85-2.6.1/build/openjdk/hotspot/src/share/vm/prims/jni.cpp:721
Event: 1514.652 Thread 0x00007fc2742fa800 Threw 0x00000000f287bc18 at /build/openjdk-7-1Vhfz6/openjdk-7-7u85-2.6.1/build/openjdk/hotspot/src/share/vm/prims/jni.cpp:721
Event: 1514.652 Thread 0x00007fc2742fa800 Threw 0x00000000f28935a0 at /build/openjdk-7-1Vhfz6/openjdk-7-7u85-2.6.1/build/openjdk/hotspot/src/share/vm/prims/jni.cpp:721

Events (10 events):
Event: 1515.189 Executing VM operation: RevokeBias
Event: 1515.189 Executing VM operation: RevokeBias done
Event: 1515.193 Thread 0x0000000002f39800 Uncommon trap: trap_request=0xffffffde fr.pc=0x00007fc2b887b570
Event: 1515.193 Thread 0x0000000002f39800 DEOPT PACKING pc=0x00007fc2b887b570 sp=0x00007fc26f74ec40
Event: 1515.193 Thread 0x0000000002f39800 DEOPT UNPACKING pc=0x00007fc2b81ce045 sp=0x00007fc26f74ebf8 mode 2
Event: 1515.196 Executing VM operation: RevokeBias
Event: 1515.196 Executing VM operation: RevokeBias done
Event: 1515.213 Thread 0x0000000002f39800 Uncommon trap: trap_request=0xffffff75 fr.pc=0x00007fc2b842b3f0
Event: 1515.213 Thread 0x0000000002f39800 DEOPT PACKING pc=0x00007fc2b842b3f0 sp=0x00007fc26f74f4a0
Event: 1515.213 Thread 0x0000000002f39800 DEOPT UNPACKING pc=0x00007fc2b81ce045 sp=0x00007fc26f74f428 mode 2


Dynamic libraries:
00400000-00401000 r-xp 00000000 fe:01 27270572                           /usr/lib/jvm/java-7-openjdk-amd64/jre/bin/java
00600000-00601000 r--p 00000000 fe:01 27270572                           /usr/lib/jvm/java-7-openjdk-amd64/jre/bin/java
00601000-00602000 rw-p 00001000 fe:01 27270572                           /usr/lib/jvm/java-7-openjdk-amd64/jre/bin/java
01c79000-03365000 rw-p 00000000 00:00 0                                  [heap]
b6a00000-be300000 rw-p 00000000 00:00 0 
be300000-cea00000 rw-p 00000000 00:00 0 
cea00000-d5b00000 rw-p 00000000 00:00 0 
d5b00000-ef880000 rw-p 00000000 00:00 0 
ef880000-f8d80000 rw-p 00000000 00:00 0 
f8d80000-100000000 ---p 00000000 00:00 0 
7fc26cd25000-7fc26cd28000 ---p 00000000 00:00 0 
7fc26cd28000-7fc26cf26000 rw-p 00000000 00:00 0 
7fc26cf26000-7fc26cf29000 ---p 00000000 00:00 0 
7fc26cf29000-7fc26d127000 rw-p 00000000 00:00 0                          [stack:4844]
7fc26d127000-7fc26d12a000 ---p 00000000 00:00 0 
7fc26d12a000-7fc26d328000 rw-p 00000000 00:00 0 
7fc26d328000-7fc26d32b000 ---p 00000000 00:00 0 
7fc26d32b000-7fc26d529000 rw-p 00000000 00:00 0                          [stack:4871]
7fc26d529000-7fc26d52c000 ---p 00000000 00:00 0 
7fc26d52c000-7fc26d72a000 rw-p 00000000 00:00 0 
7fc26d72a000-7fc26d72d000 ---p 00000000 00:00 0 
7fc26d72d000-7fc26d92b000 rw-p 00000000 00:00 0                          [stack:4880]
7fc26d92b000-7fc26d92e000 ---p 00000000 00:00 0 
7fc26d92e000-7fc26db2c000 rw-p 00000000 00:00 0 
7fc26db2c000-7fc26db2f000 ---p 00000000 00:00 0 
7fc26db2f000-7fc26dd2d000 rw-p 00000000 00:00 0 
7fc26dd2d000-7fc26dd30000 ---p 00000000 00:00 0 
7fc26dd30000-7fc26df2e000 rw-p 00000000 00:00 0 
7fc26df2e000-7fc26df31000 ---p 00000000 00:00 0 
7fc26df31000-7fc26e12f000 rw-p 00000000 00:00 0 
7fc26e12f000-7fc26e132000 ---p 00000000 00:00 0 
7fc26e132000-7fc26e330000 rw-p 00000000 00:00 0                          [stack:4715]
7fc26e330000-7fc26e333000 ---p 00000000 00:00 0 
7fc26e333000-7fc26eb31000 rw-p 00000000 00:00 0                          [stack:4714]
7fc26eb31000-7fc26eb34000 ---p 00000000 00:00 0 
7fc26eb34000-7fc26ed32000 rw-p 00000000 00:00 0                          [stack:4711]
7fc26ed32000-7fc26ed3a000 r-xp 00000000 fe:01 28051277                   /usr/lib/jvm/java-7-openjdk-amd64/jre/lib/amd64/libmanagement.so
7fc26ed3a000-7fc26ef39000 ---p 00008000 fe:01 28051277                   /usr/lib/jvm/java-7-openjdk-amd64/jre/lib/amd64/libmanagement.so
7fc26ef39000-7fc26ef3a000 r--p 00007000 fe:01 28051277                   /usr/lib/jvm/java-7-openjdk-amd64/jre/lib/amd64/libmanagement.so
7fc26ef3a000-7fc26ef3b000 rw-p 00008000 fe:01 28051277                   /usr/lib/jvm/java-7-openjdk-amd64/jre/lib/amd64/libmanagement.so
7fc26ef3b000-7fc26ef3e000 ---p 00000000 00:00 0 
7fc26ef3e000-7fc26f13c000 rw-p 00000000 00:00 0                          [stack:4710]
7fc26f13c000-7fc26f13f000 ---p 00000000 00:00 0 
7fc26f13f000-7fc26f33d000 rw-p 00000000 00:00 0                          [stack:4708]
7fc26f33d000-7fc26f350000 r-xp 00000000 fe:01 28319713                   /usr/lib/x86_64-linux-gnu/jni/libjnidispatch.so
7fc26f350000-7fc26f54f000 ---p 00013000 fe:01 28319713                   /usr/lib/x86_64-linux-gnu/jni/libjnidispatch.so
7fc26f54f000-7fc26f550000 r--p 00012000 fe:01 28319713                   /usr/lib/x86_64-linux-gnu/jni/libjnidispatch.so
7fc26f550000-7fc26f551000 rw-p 00013000 fe:01 28319713                   /usr/lib/x86_64-linux-gnu/jni/libjnidispatch.so
7fc26f551000-7fc26f554000 ---p 00000000 00:00 0 
7fc26f554000-7fc26f752000 rw-p 00000000 00:00 0                          [stack:4707]
7fc26f752000-7fc26f755000 ---p 00000000 00:00 0 
7fc26f755000-7fc26f953000 rw-p 00000000 00:00 0                          [stack:4706]
7fc26f953000-7fc26f956000 ---p 00000000 00:00 0 
7fc26f956000-7fc26fb54000 rw-p 00000000 00:00 0 
7fc26fb54000-7fc26fb57000 ---p 00000000 00:00 0 
7fc26fb57000-7fc26fd55000 rw-p 00000000 00:00 0 
7fc26fd55000-7fc26fd58000 ---p 00000000 00:00 0 
7fc26fd58000-7fc26ff56000 rw-p 00000000 00:00 0                          [stack:4879]
7fc26ff56000-7fc26ff59000 ---p 00000000 00:00 0 
7fc26ff59000-7fc270157000 rw-p 00000000 00:00 0                          [stack:4874]
7fc270157000-7fc27015a000 ---p 00000000 00:00 0 
7fc27015a000-7fc270358000 rw-p 00000000 00:00 0                          [stack:4701]
7fc270358000-7fc27035b000 ---p 00000000 00:00 0 
7fc27035b000-7fc270559000 rw-p 00000000 00:00 0                          [stack:4696]
7fc270559000-7fc27055c000 ---p 00000000 00:00 0 
7fc27055c000-7fc27075a000 rw-p 00000000 00:00 0 
7fc27075a000-7fc27075d000 ---p 00000000 00:00 0 
7fc27075d000-7fc27095b000 rw-p 00000000 00:00 0                          [stack:4694]
7fc27095b000-7fc2709ad000 r-xp 00000000 fe:01 28051258                   /usr/lib/jvm/java-7-openjdk-amd64/jre/lib/amd64/libfontmanager.so
7fc2709ad000-7fc270bad000 ---p 00052000 fe:01 28051258                   /usr/lib/jvm/java-7-openjdk-amd64/jre/lib/amd64/libfontmanager.so
7fc270bad000-7fc270baf000 r--p 00052000 fe:01 28051258                   /usr/lib/jvm/java-7-openjdk-amd64/jre/lib/amd64/libfontmanager.so
7fc270baf000-7fc270bb0000 rw-p 00054000 fe:01 28051258                   /usr/lib/jvm/java-7-openjdk-amd64/jre/lib/amd64/libfontmanager.so
7fc270bb0000-7fc270bb3000 ---p 00000000 00:00 0 
7fc270bb3000-7fc270db1000 rw-p 00000000 00:00 0                          [stack:4697]
7fc270db1000-7fc270db4000 ---p 00000000 00:00 0 
7fc270db4000-7fc270fb2000 rw-p 00000000 00:00 0                          [stack:4692]
7fc270fb2000-7fc270fb5000 ---p 00000000 00:00 0 
7fc270fb5000-7fc2711b3000 rw-p 00000000 00:00 0                          [stack:4878]
7fc2711b3000-7fc2711cd000 r-xp 00000000 fe:01 25173032                   /usr/lib/x86_64-linux-gnu/libgraphite2.so.3.0.1
7fc2711cd000-7fc2713cc000 ---p 0001a000 fe:01 25173032                   /usr/lib/x86_64-linux-gnu/libgraphite2.so.3.0.1
7fc2713cc000-7fc2713ce000 r--p 00019000 fe:01 25173032                   /usr/lib/x86_64-linux-gnu/libgraphite2.so.3.0.1
7fc2713ce000-7fc2713cf000 rw-p 0001b000 fe:01 25173032                   /usr/lib/x86_64-linux-gnu/libgraphite2.so.3.0.1
7fc2713cf000-7fc2713d5000 r-xp 00000000 fe:01 25173026                   /usr/lib/x86_64-linux-gnu/libdatrie.so.1.3.2
7fc2713d5000-7fc2715d5000 ---p 00006000 fe:01 25173026                   /usr/lib/x86_64-linux-gnu/libdatrie.so.1.3.2
7fc2715d5000-7fc2715d6000 r--p 00006000 fe:01 25173026                   /usr/lib/x86_64-linux-gnu/libdatrie.so.1.3.2
7fc2715d6000-7fc2715d7000 rw-p 00007000 fe:01 25173026                   /usr/lib/x86_64-linux-gnu/libdatrie.so.1.3.2
7fc2715d7000-7fc271634000 r-xp 00000000 fe:01 25173036                   /usr/lib/x86_64-linux-gnu/libharfbuzz.so.0.10000.1
7fc271634000-7fc271834000 ---p 0005d000 fe:01 25173036                   /usr/lib/x86_64-linux-gnu/libharfbuzz.so.0.10000.1
7fc271834000-7fc271835000 r--p 0005d000 fe:01 25173036                   /usr/lib/x86_64-linux-gnu/libharfbuzz.so.0.10000.1
7fc271835000-7fc271836000 rw-p 0005e000 fe:01 25173036                   /usr/lib/x86_64-linux-gnu/libharfbuzz.so.0.10000.1
7fc271836000-7fc27183f000 r-xp 00000000 fe:01 25172996                   /usr/lib/x86_64-linux-gnu/libxcb-render.so.0.0.0
7fc27183f000-7fc271a3e000 ---p 00009000 fe:01 25172996                   /usr/lib/x86_64-linux-gnu/libxcb-render.so.0.0.0
7fc271a3e000-7fc271a3f000 r--p 00008000 fe:01 25172996                   /usr/lib/x86_64-linux-gnu/libxcb-render.so.0.0.0
7fc271a3f000-7fc271a40000 rw-p 00009000 fe:01 25172996                   /usr/lib/x86_64-linux-gnu/libxcb-render.so.0.0.0
7fc271a40000-7fc271a42000 r-xp 00000000 fe:01 25172998                   /usr/lib/x86_64-linux-gnu/libxcb-shm.so.0.0.0
7fc271a42000-7fc271c42000 ---p 00002000 fe:01 25172998                   /usr/lib/x86_64-linux-gnu/libxcb-shm.so.0.0.0
7fc271c42000-7fc271c43000 r--p 00002000 fe:01 25172998                   /usr/lib/x86_64-linux-gnu/libxcb-shm.so.0.0.0
7fc271c43000-7fc271c44000 rw-p 00003000 fe:01 25172998                   /usr/lib/x86_64-linux-gnu/libxcb-shm.so.0.0.0
7fc271c44000-7fc271ce9000 r-xp 00000000 fe:01 25172994                   /usr/lib/x86_64-linux-gnu/libpixman-1.so.0.32.6
7fc271ce9000-7fc271ee8000 ---p 000a5000 fe:01 25172994                   /usr/lib/x86_64-linux-gnu/libpixman-1.so.0.32.6
7fc271ee8000-7fc271ef0000 r--p 000a4000 fe:01 25172994                   /usr/lib/x86_64-linux-gnu/libpixman-1.so.0.32.6
7fc271ef0000-7fc271ef1000 rw-p 000ac000 fe:01 25172994                   /usr/lib/x86_64-linux-gnu/libpixman-1.so.0.32.6
7fc271ef1000-7fc271ef9000 r-xp 00000000 fe:01 25173028                   /usr/lib/x86_64-linux-gnu/libthai.so.0.2.2
7fc271ef9000-7fc2720f8000 ---p 00008000 fe:01 25173028                   /usr/lib/x86_64-linux-gnu/libthai.so.0.2.2
7fc2720f8000-7fc2720f9000 r--p 00007000 fe:01 25173028                   /usr/lib/x86_64-linux-gnu/libthai.so.0.2.2
7fc2720f9000-7fc2720fa000 rw-p 00008000 fe:01 25173028                   /usr/lib/x86_64-linux-gnu/libthai.so.0.2.2
7fc2720fa000-7fc27210e000 r-xp 00000000 fe:01 25173038                   /usr/lib/x86_64-linux-gnu/libpangoft2-1.0.so.0.3600.8
7fc27210e000-7fc27230e000 ---p 00014000 fe:01 25173038                   /usr/lib/x86_64-linux-gnu/libpangoft2-1.0.so.0.3600.8
7fc27230e000-7fc27230f000 r--p 00014000 fe:01 25173038                   /usr/lib/x86_64-linux-gnu/libpangoft2-1.0.so.0.3600.8
7fc27230f000-7fc272310000 rw-p 00015000 fe:01 25173038                   /usr/lib/x86_64-linux-gnu/libpangoft2-1.0.so.0.3600.8
7fc272310000-7fc2723f6000 r-xp 00000000 fe:01 25176258                   /usr/lib/x86_64-linux-gnu/libepoxy.so.0.0.0
7fc2723f6000-7fc2725f6000 ---p 000e6000 fe:01 25176258                   /usr/lib/x86_64-linux-gnu/libepoxy.so.0.0.0
7fc2725f6000-7fc2725fd000 r--p 000e6000 fe:01 25176258                   /usr/lib/x86_64-linux-gnu/libepoxy.so.0.0.0
7fc2725fd000-7fc272604000 rw-p 000ed000 fe:01 25176258                   /usr/lib/x86_64-linux-gnu/libepoxy.so.0.0.0
7fc272604000-7fc272610000 r-xp 00000000 fe:01 25173456                   /usr/lib/x86_64-linux-gnu/libwayland-client.so.0.3.0
7fc272610000-7fc27280f000 ---p 0000c000 fe:01 25173456                   /usr/lib/x86_64-linux-gnu/libwayland-client.so.0.3.0
7fc27280f000-7fc272812000 r--p 0000b000 fe:01 25173456                   /usr/lib/x86_64-linux-gnu/libwayland-client.so.0.3.0
7fc272812000-7fc272813000 rw-p 0000e000 fe:01 25173456                   /usr/lib/x86_64-linux-gnu/libwayland-client.so.0.3.0
7fc272813000-7fc272814000 r-xp 00000000 fe:01 25173477                   /usr/lib/x86_64-linux-gnu/libwayland-egl.so.1.0.0
7fc272814000-7fc272a13000 ---p 00001000 fe:01 25173477                   /usr/lib/x86_64-linux-gnu/libwayland-egl.so.1.0.0
7fc272a13000-7fc272a14000 r--p 00000000 fe:01 25173477                   /usr/lib/x86_64-linux-gnu/libwayland-egl.so.1.0.0
7fc272a14000-7fc272a15000 rw-p 00001000 fe:01 25173477                   /usr/lib/x86_64-linux-gnu/libwayland-egl.so.1.0.0
7fc272a15000-7fc272a19000 r-xp 00000000 fe:01 25173458                   /usr/lib/x86_64-linux-gnu/libwayland-cursor.so.0.0.0
7fc272a19000-7fc272c18000 ---p 00004000 fe:01 25173458                   /usr/lib/x86_64-linux-gnu/libwayland-cursor.so.0.0.0
7fc272c18000-7fc272c19000 r--p 00003000 fe:01 25173458                   /usr/lib/x86_64-linux-gnu/libwayland-cursor.so.0.0.0
7fc272c19000-7fc272c1d000 rw-p 00004000 fe:01 25173458                   /usr/lib/x86_64-linux-gnu/libwayland-cursor.so.0.0.0
7fc272c1d000-7fc272c5a000 r-xp 00000000 fe:01 25173479                   /usr/lib/x86_64-linux-gnu/libxkbcommon.so.0.0.0
7fc272c5a000-7fc272e5a000 ---p 0003d000 fe:01 25173479                   /usr/lib/x86_64-linux-gnu/libxkbcommon.so.0.0.0
7fc272e5a000-7fc272e5c000 r--p 0003d000 fe:01 25173479                   /usr/lib/x86_64-linux-gnu/libxkbcommon.so.0.0.0
7fc272e5c000-7fc272e5d000 rw-p 0003f000 fe:01 25173479                   /usr/lib/x86_64-linux-gnu/libxkbcommon.so.0.0.0
7fc272e5d000-7fc272e5f000 r-xp 00000000 fe:01 25173318                   /usr/lib/x86_64-linux-gnu/libXdamage.so.1.1.0
7fc272e5f000-7fc27305e000 ---p 00002000 fe:01 25173318                   /usr/lib/x86_64-linux-gnu/libXdamage.so.1.1.0
7fc27305e000-7fc27305f000 r--p 00001000 fe:01 25173318                   /usr/lib/x86_64-linux-gnu/libXdamage.so.1.1.0
7fc27305f000-7fc273060000 rw-p 00002000 fe:01 25173318                   /usr/lib/x86_64-linux-gnu/libXdamage.so.1.1.0
7fc273060000-7fc273062000 r-xp 00000000 fe:01 25173312                   /usr/lib/x86_64-linux-gnu/libXcomposite.so.1.0.0
7fc273062000-7fc273261000 ---p 00002000 fe:01 25173312                   /usr/lib/x86_64-linux-gnu/libXcomposite.so.1.0.0
7fc273261000-7fc273262000 r--p 00001000 fe:01 25173312                   /usr/lib/x86_64-linux-gnu/libXcomposite.so.1.0.0
7fc273262000-7fc273263000 rw-p 00002000 fe:01 25173312                   /usr/lib/x86_64-linux-gnu/libXcomposite.so.1.0.0
7fc273263000-7fc27326d000 r-xp 00000000 fe:01 25173324                   /usr/lib/x86_64-linux-gnu/libXrandr.so.2.2.0
7fc27326d000-7fc27346c000 ---p 0000a000 fe:01 25173324                   /usr/lib/x86_64-linux-gnu/libXrandr.so.2.2.0
7fc27346c000-7fc27346d000 r--p 00009000 fe:01 25173324                   /usr/lib/x86_64-linux-gnu/libXrandr.so.2.2.0
7fc27346d000-7fc27346e000 rw-p 0000a000 fe:01 25173324                   /usr/lib/x86_64-linux-gnu/libXrandr.so.2.2.0
7fc27346e000-7fc273470000 r-xp 00000000 fe:01 25173322                   /usr/lib/x86_64-linux-gnu/libXinerama.so.1.0.0
7fc273470000-7fc27366f000 ---p 00002000 fe:01 25173322                   /usr/lib/x86_64-linux-gnu/libXinerama.so.1.0.0
7fc27366f000-7fc273670000 r--p 00001000 fe:01 25173322                   /usr/lib/x86_64-linux-gnu/libXinerama.so.1.0.0
7fc273670000-7fc273671000 rw-p 00002000 fe:01 25173322                   /usr/lib/x86_64-linux-gnu/libXinerama.so.1.0.0
7fc273671000-7fc273781000 r-xp 00000000 fe:01 25173004                   /usr/lib/x86_64-linux-gnu/libcairo.so.2.11400.2
7fc273781000-7fc273981000 ---p 00110000 fe:01 25173004                   /usr/lib/x86_64-linux-gnu/libcairo.so.2.11400.2
7fc273981000-7fc273984000 r--p 00110000 fe:01 25173004                   /usr/lib/x86_64-linux-gnu/libcairo.so.2.11400.2
7fc273984000-7fc273985000 rw-p 00113000 fe:01 25173004                   /usr/lib/x86_64-linux-gnu/libcairo.so.2.11400.2
7fc273985000-7fc273987000 rw-p 00000000 00:00 0 
7fc273987000-7fc27398d000 r-xp 00000000 fe:01 25173451                   /usr/lib/x86_64-linux-gnu/libcairo-gobject.so.2.11400.2
7fc27398d000-7fc273b8d000 ---p 00006000 fe:01 25173451                   /usr/lib/x86_64-linux-gnu/libcairo-gobject.so.2.11400.2
7fc273b8d000-7fc273b8f000 r--p 00006000 fe:01 25173451                   /usr/lib/x86_64-linux-gnu/libcairo-gobject.so.2.11400.2
7fc273b8f000-7fc273b90000 rw-p 00008000 fe:01 25173451                   /usr/lib/x86_64-linux-gnu/libcairo-gobject.so.2.11400.2
7fc273b90000-7fc273bb1000 r-xp 00000000 fe:01 25172982                   /usr/lib/x86_64-linux-gnu/libgdk_pixbuf-2.0.so.0.3100.5
7fc273bb1000-7fc273db0000 ---p 00021000 fe:01 25172982                   /usr/lib/x86_64-linux-gnu/libgdk_pixbuf-2.0.so.0.3100.5
7fc273db0000-7fc273db1000 r--p 00020000 fe:01 25172982                   /usr/lib/x86_64-linux-gnu/libgdk_pixbuf-2.0.so.0.3100.5
7fc273db1000-7fc273db2000 rw-p 00021000 fe:01 25172982                   /usr/lib/x86_64-linux-gnu/libgdk_pixbuf-2.0.so.0.3100.5
7fc273db2000-7fc273dfd000 r-xp 00000000 fe:01 25173030                   /usr/lib/x86_64-linux-gnu/libpango-1.0.so.0.3600.8
7fc273dfd000-7fc273ffd000 ---p 0004b000 fe:01 25173030                   /usr/lib/x86_64-linux-gnu/libpango-1.0.so.0.3600.8
7fc273ffd000-7fc273fff000 r--p 0004b000 fe:01 25173030                   /usr/lib/x86_64-linux-gnu/libpango-1.0.so.0.3600.8
7fc273fff000-7fc274000000 rw-p 0004d000 fe:01 25173030                   /usr/lib/x86_64-linux-gnu/libpango-1.0.so.0.3600.8
7fc274000000-7fc274db8000 rw-p 00000000 00:00 0 
7fc274db8000-7fc278000000 ---p 00000000 00:00 0 
7fc278000000-7fc278021000 rw-p 00000000 00:00 0 
7fc278021000-7fc27c000000 ---p 00000000 00:00 0 
7fc27c12c000-7fc27c137000 r--s 00000000 fe:01 19137055                   /var/cache/fontconfig/945677eb7aeaf62f1d50efc3fb3ec7d8-le64.cache-4
7fc27c1a1000-7fc27c1ad000 r-xp 00000000 fe:01 25173040                   /usr/lib/x86_64-linux-gnu/libpangocairo-1.0.so.0.3600.8
7fc27c1ad000-7fc27c3ac000 ---p 0000c000 fe:01 25173040                   /usr/lib/x86_64-linux-gnu/libpangocairo-1.0.so.0.3600.8
7fc27c3ac000-7fc27c3ad000 r--p 0000b000 fe:01 25173040                   /usr/lib/x86_64-linux-gnu/libpangocairo-1.0.so.0.3600.8
7fc27c3ad000-7fc27c3ae000 rw-p 0000c000 fe:01 25173040                   /usr/lib/x86_64-linux-gnu/libpangocairo-1.0.so.0.3600.8
7fc27c3ae000-7fc27c46f000 r-xp 00000000 fe:01 25173824                   /usr/lib/x86_64-linux-gnu/libgdk-3.so.0.1600.6
7fc27c46f000-7fc27c66e000 ---p 000c1000 fe:01 25173824                   /usr/lib/x86_64-linux-gnu/libgdk-3.so.0.1600.6
7fc27c66e000-7fc27c673000 r--p 000c0000 fe:01 25173824                   /usr/lib/x86_64-linux-gnu/libgdk-3.so.0.1600.6
7fc27c673000-7fc27c675000 rw-p 000c5000 fe:01 25173824                   /usr/lib/x86_64-linux-gnu/libgdk-3.so.0.1600.6
7fc27c675000-7fc27c676000 rw-p 00000000 00:00 0 
7fc27c676000-7fc27c726000 r-xp 00000000 fe:01 25173386                   /usr/lib/x86_64-linux-gnu/libgdk-x11-2.0.so.0.2400.28
7fc27c726000-7fc27c926000 ---p 000b0000 fe:01 25173386                   /usr/lib/x86_64-linux-gnu/libgdk-x11-2.0.so.0.2400.28
7fc27c926000-7fc27c92a000 r--p 000b0000 fe:01 25173386                   /usr/lib/x86_64-linux-gnu/libgdk-x11-2.0.so.0.2400.28
7fc27c92a000-7fc27c92c000 rw-p 000b4000 fe:01 25173386                   /usr/lib/x86_64-linux-gnu/libgdk-x11-2.0.so.0.2400.28
7fc27c92c000-7fc27c92d000 r-xp 00000000 fe:01 25172875                   /usr/lib/x86_64-linux-gnu/libgthread-2.0.so.0.4400.1
7fc27c92d000-7fc27cb2c000 ---p 00001000 fe:01 25172875                   /usr/lib/x86_64-linux-gnu/libgthread-2.0.so.0.4400.1
7fc27cb2c000-7fc27cb2d000 r--p 00000000 fe:01 25172875                   /usr/lib/x86_64-linux-gnu/libgthread-2.0.so.0.4400.1
7fc27cb2d000-7fc27cb2e000 rw-p 00001000 fe:01 25172875                   /usr/lib/x86_64-linux-gnu/libgthread-2.0.so.0.4400.1
7fc27cb2e000-7fc27cb5b000 r-xp 00000000 fe:01 25173447                   /usr/lib/x86_64-linux-gnu/libatspi.so.0.0.1
7fc27cb5b000-7fc27cd5a000 ---p 0002d000 fe:01 25173447                   /usr/lib/x86_64-linux-gnu/libatspi.so.0.0.1
7fc27cd5a000-7fc27cd5e000 r--p 0002c000 fe:01 25173447                   /usr/lib/x86_64-linux-gnu/libatspi.so.0.0.1
7fc27cd5e000-7fc27cd5f000 rw-p 00030000 fe:01 25173447                   /usr/lib/x86_64-linux-gnu/libatspi.so.0.0.1
7fc27cd5f000-7fc27cd8b000 r-xp 00000000 fe:01 25173449                   /usr/lib/x86_64-linux-gnu/libatk-bridge-2.0.so.0.0.0
7fc27cd8b000-7fc27cf8b000 ---p 0002c000 fe:01 25173449                   /usr/lib/x86_64-linux-gnu/libatk-bridge-2.0.so.0.0.0
7fc27cf8b000-7fc27cf8c000 r--p 0002c000 fe:01 25173449                   /usr/lib/x86_64-linux-gnu/libatk-bridge-2.0.so.0.0.0
7fc27cf8c000-7fc27cf8e000 rw-p 0002d000 fe:01 25173449                   /usr/lib/x86_64-linux-gnu/libatk-bridge-2.0.so.0.0.0
7fc27cf8e000-7fc27cfb1000 r-xp 00000000 fe:01 25173154                   /usr/lib/x86_64-linux-gnu/libatk-1.0.so.0.21609.1
7fc27cfb1000-7fc27d1b0000 ---p 00023000 fe:01 25173154                   /usr/lib/x86_64-linux-gnu/libatk-1.0.so.0.21609.1
7fc27d1b0000-7fc27d1b3000 r--p 00022000 fe:01 25173154                   /usr/lib/x86_64-linux-gnu/libatk-1.0.so.0.21609.1
7fc27d1b3000-7fc27d1b4000 rw-p 00025000 fe:01 25173154                   /usr/lib/x86_64-linux-gnu/libatk-1.0.so.0.21609.1
7fc27d1b4000-7fc27d1cd000 r-xp 00000000 fe:01 28312107                   /usr/lib/x86_64-linux-gnu/jni/libatk-wrapper.so.1.2.22
7fc27d1cd000-7fc27d3cd000 ---p 00019000 fe:01 28312107                   /usr/lib/x86_64-linux-gnu/jni/libatk-wrapper.so.1.2.22
7fc27d3cd000-7fc27d3ce000 rw-p 00019000 fe:01 28312107                   /usr/lib/x86_64-linux-gnu/jni/libatk-wrapper.so.1.2.22
7fc27d3ce000-7fc27d3d1000 ---p 00000000 00:00 0 
7fc27d3d1000-7fc27d407000 rw-p 00000000 00:00 0 
7fc27d407000-7fc27d40a000 ---p 00000000 00:00 0 
7fc27d40a000-7fc27d608000 rw-p 00000000 00:00 0                          [stack:4688]
7fc27d608000-7fc27d60b000 ---p 00000000 00:00 0 
7fc27d60b000-7fc27d809000 rw-p 00000000 00:00 0                          [stack:4687]
7fc27d809000-7fc27d80c000 ---p 00000000 00:00 0 
7fc27d80c000-7fc27da0a000 rw-p 00000000 00:00 0                          [stack:4686]
7fc27da0a000-7fc27da0d000 ---p 00000000 00:00 0 
7fc27da0d000-7fc27dc0b000 rw-p 00000000 00:00 0 
7fc27dc0b000-7fc27dc0e000 ---p 00000000 00:00 0 
7fc27dc0e000-7fc27de0c000 rw-p 00000000 00:00 0 
7fc27de0c000-7fc27de10000 r-xp 00000000 fe:01 26738716                   /lib/x86_64-linux-gnu/libattr.so.1.1.0
7fc27de10000-7fc27e00f000 ---p 00004000 fe:01 26738716                   /lib/x86_64-linux-gnu/libattr.so.1.1.0
7fc27e00f000-7fc27e010000 r--p 00003000 fe:01 26738716                   /lib/x86_64-linux-gnu/libattr.so.1.1.0
7fc27e010000-7fc27e011000 rw-p 00004000 fe:01 26738716                   /lib/x86_64-linux-gnu/libattr.so.1.1.0
7fc27e011000-7fc27e022000 r-xp 00000000 fe:01 26739147                   /lib/x86_64-linux-gnu/libgpg-error.so.0.16.0
7fc27e022000-7fc27e222000 ---p 00011000 fe:01 26739147                   /lib/x86_64-linux-gnu/libgpg-error.so.0.16.0
7fc27e222000-7fc27e223000 r--p 00011000 fe:01 26739147                   /lib/x86_64-linux-gnu/libgpg-error.so.0.16.0
7fc27e223000-7fc27e224000 rw-p 00012000 fe:01 26739147                   /lib/x86_64-linux-gnu/libgpg-error.so.0.16.0
7fc27e224000-7fc27e228000 r-xp 00000000 fe:01 26742022                   /lib/x86_64-linux-gnu/libcap.so.2.24
7fc27e228000-7fc27e428000 ---p 00004000 fe:01 26742022                   /lib/x86_64-linux-gnu/libcap.so.2.24
7fc27e428000-7fc27e429000 r--p 00004000 fe:01 26742022                   /lib/x86_64-linux-gnu/libcap.so.2.24
7fc27e429000-7fc27e42a000 rw-p 00005000 fe:01 26742022                   /lib/x86_64-linux-gnu/libcap.so.2.24
7fc27e42a000-7fc27e502000 r-xp 00000000 fe:01 26738759                   /lib/x86_64-linux-gnu/libgcrypt.so.20.0.3
7fc27e502000-7fc27e702000 ---p 000d8000 fe:01 26738759                   /lib/x86_64-linux-gnu/libgcrypt.so.20.0.3
7fc27e702000-7fc27e703000 r--p 000d8000 fe:01 26738759                   /lib/x86_64-linux-gnu/libgcrypt.so.20.0.3
7fc27e703000-7fc27e70c000 rw-p 000d9000 fe:01 26738759                   /lib/x86_64-linux-gnu/libgcrypt.so.20.0.3
7fc27e70c000-7fc27e72e000 r-xp 00000000 fe:01 26738771                   /lib/x86_64-linux-gnu/liblzma.so.5.0.0
7fc27e72e000-7fc27e92d000 ---p 00022000 fe:01 26738771                   /lib/x86_64-linux-gnu/liblzma.so.5.0.0
7fc27e92d000-7fc27e92e000 r--p 00021000 fe:01 26738771                   /lib/x86_64-linux-gnu/liblzma.so.5.0.0
7fc27e92e000-7fc27e92f000 rw-p 00022000 fe:01 26738771                   /lib/x86_64-linux-gnu/liblzma.so.5.0.0
7fc27e92f000-7fc27e97d000 r-xp 00000000 fe:01 26738887                   /lib/x86_64-linux-gnu/libdbus-1.so.3.14.3
7fc27e97d000-7fc27eb7c000 ---p 0004e000 fe:01 26738887                   /lib/x86_64-linux-gnu/libdbus-1.so.3.14.3
7fc27eb7c000-7fc27eb7e000 r--p 0004d000 fe:01 26738887                   /lib/x86_64-linux-gnu/libdbus-1.so.3.14.3
7fc27eb7e000-7fc27eb7f000 rw-p 0004f000 fe:01 26738887                   /lib/x86_64-linux-gnu/libdbus-1.so.3.14.3
7fc27eb7f000-7fc27ec00000 r-xp 00000000 fe:01 25170652                   /usr/lib/x86_64-linux-gnu/libgmp.so.10.2.0
7fc27ec00000-7fc27ee00000 ---p 00081000 fe:01 25170652                   /usr/lib/x86_64-linux-gnu/libgmp.so.10.2.0
7fc27ee00000-7fc27ee01000 r--p 00081000 fe:01 25170652                   /usr/lib/x86_64-linux-gnu/libgmp.so.10.2.0
7fc27ee01000-7fc27ee02000 rw-p 00082000 fe:01 25170652                   /usr/lib/x86_64-linux-gnu/libgmp.so.10.2.0
7fc27ee02000-7fc27ee34000 r-xp 00000000 fe:01 25170187                   /usr/lib/x86_64-linux-gnu/libhogweed.so.4.1
7fc27ee34000-7fc27f034000 ---p 00032000 fe:01 25170187                   /usr/lib/x86_64-linux-gnu/libhogweed.so.4.1
7fc27f034000-7fc27f035000 r--p 00032000 fe:01 25170187                   /usr/lib/x86_64-linux-gnu/libhogweed.so.4.1
7fc27f035000-7fc27f036000 rw-p 00033000 fe:01 25170187                   /usr/lib/x86_64-linux-gnu/libhogweed.so.4.1
7fc27f036000-7fc27f06b000 r-xp 00000000 fe:01 25170679                   /usr/lib/x86_64-linux-gnu/libnettle.so.6.1
7fc27f06b000-7fc27f26a000 ---p 00035000 fe:01 25170679                   /usr/lib/x86_64-linux-gnu/libnettle.so.6.1
7fc27f26a000-7fc27f26c000 r--p 00034000 fe:01 25170679                   /usr/lib/x86_64-linux-gnu/libnettle.so.6.1
7fc27f26c000-7fc27f26d000 rw-p 00036000 fe:01 25170679                   /usr/lib/x86_64-linux-gnu/libnettle.so.6.1
7fc27f26d000-7fc27f27e000 r-xp 00000000 fe:01 25170492                   /usr/lib/x86_64-linux-gnu/libtasn1.so.6.4.2
7fc27f27e000-7fc27f47e000 ---p 00011000 fe:01 25170492                   /usr/lib/x86_64-linux-gnu/libtasn1.so.6.4.2
7fc27f47e000-7fc27f47f000 r--p 00011000 fe:01 25170492                   /usr/lib/x86_64-linux-gnu/libtasn1.so.6.4.2
7fc27f47f000-7fc27f480000 rw-p 00012000 fe:01 25170492                   /usr/lib/x86_64-linux-gnu/libtasn1.so.6.4.2
7fc27f480000-7fc27f4da000 r-xp 00000000 fe:01 25167434                   /usr/lib/x86_64-linux-gnu/libp11-kit.so.0.1.0
7fc27f4da000-7fc27f6da000 ---p 0005a000 fe:01 25167434                   /usr/lib/x86_64-linux-gnu/libp11-kit.so.0.1.0
7fc27f6da000-7fc27f6e4000 r--p 0005a000 fe:01 25167434                   /usr/lib/x86_64-linux-gnu/libp11-kit.so.0.1.0
7fc27f6e4000-7fc27f6e6000 rw-p 00064000 fe:01 25167434                   /usr/lib/x86_64-linux-gnu/libp11-kit.so.0.1.0
7fc27f6e6000-7fc27f6e9000 r-xp 00000000 fe:01 26738875                   /lib/x86_64-linux-gnu/libkeyutils.so.1.5
7fc27f6e9000-7fc27f8e8000 ---p 00003000 fe:01 26738875                   /lib/x86_64-linux-gnu/libkeyutils.so.1.5
7fc27f8e8000-7fc27f8e9000 r--p 00002000 fe:01 26738875                   /lib/x86_64-linux-gnu/libkeyutils.so.1.5
7fc27f8e9000-7fc27f8ea000 rw-p 00003000 fe:01 26738875                   /lib/x86_64-linux-gnu/libkeyutils.so.1.5
7fc27f8ea000-7fc27f8f5000 r-xp 00000000 fe:01 25172762                   /usr/lib/x86_64-linux-gnu/libkrb5support.so.0.1
7fc27f8f5000-7fc27faf4000 ---p 0000b000 fe:01 25172762                   /usr/lib/x86_64-linux-gnu/libkrb5support.so.0.1
7fc27faf4000-7fc27faf5000 r--p 0000a000 fe:01 25172762                   /usr/lib/x86_64-linux-gnu/libkrb5support.so.0.1
7fc27faf5000-7fc27faf6000 rw-p 0000b000 fe:01 25172762                   /usr/lib/x86_64-linux-gnu/libkrb5support.so.0.1
7fc27faf6000-7fc27fb24000 r-xp 00000000 fe:01 25172764                   /usr/lib/x86_64-linux-gnu/libk5crypto.so.3.1
7fc27fb24000-7fc27fd23000 ---p 0002e000 fe:01 25172764                   /usr/lib/x86_64-linux-gnu/libk5crypto.so.3.1
7fc27fd23000-7fc27fd26000 r--p 0002d000 fe:01 25172764                   /usr/lib/x86_64-linux-gnu/libk5crypto.so.3.1
7fc27fd26000-7fc27fd27000 rw-p 00030000 fe:01 25172764                   /usr/lib/x86_64-linux-gnu/libk5crypto.so.3.1
7fc27fd27000-7fc27fd28000 rw-p 00000000 00:00 0 
7fc27fd28000-7fc27fdef000 r-xp 00000000 fe:01 25172766                   /usr/lib/x86_64-linux-gnu/libkrb5.so.3.3
7fc27fdef000-7fc27ffef000 ---p 000c7000 fe:01 25172766                   /usr/lib/x86_64-linux-gnu/libkrb5.so.3.3
7fc27ffef000-7fc27fffd000 r--p 000c7000 fe:01 25172766                   /usr/lib/x86_64-linux-gnu/libkrb5.so.3.3
7fc27fffd000-7fc280000000 rw-p 000d5000 fe:01 25172766                   /usr/lib/x86_64-linux-gnu/libkrb5.so.3.3
7fc280000000-7fc280021000 rw-p 00000000 00:00 0 
7fc280021000-7fc284000000 ---p 00000000 00:00 0 
7fc284000000-7fc284021000 rw-p 00000000 00:00 0 
7fc284021000-7fc288000000 ---p 00000000 00:00 0 
7fc288000000-7fc28a398000 rw-p 00000000 00:00 0 
7fc28a398000-7fc28c000000 ---p 00000000 00:00 0 
7fc28c000000-7fc28c4ce000 rw-p 00000000 00:00 0 
7fc28c4ce000-7fc290000000 ---p 00000000 00:00 0 
7fc290000000-7fc290021000 rw-p 00000000 00:00 0 
7fc290021000-7fc294000000 ---p 00000000 00:00 0 
7fc294000000-7fc296e72000 rw-p 00000000 00:00 0 
7fc296e72000-7fc298000000 ---p 00000000 00:00 0 
7fc298000000-7fc299483000 rw-p 00000000 00:00 0 
7fc299483000-7fc29c000000 ---p 00000000 00:00 0 
7fc29c000000-7fc29c053000 rw-p 00000000 00:00 0 
7fc29c053000-7fc2a0000000 ---p 00000000 00:00 0 
7fc2a0000000-7fc2a032a000 rw-p 00000000 00:00 0 
7fc2a032a000-7fc2a4000000 ---p 00000000 00:00 0 
7fc2a4000000-7fc2a498f000 rw-p 00000000 00:00 0 
7fc2a498f000-7fc2a8000000 ---p 00000000 00:00 0 
7fc2a8000000-7fc2a9f29000 rw-p 00000000 00:00 0 
7fc2a9f29000-7fc2ac000000 ---p 00000000 00:00 0 
7fc2ac01d000-7fc2ac020000 r-xp 00000000 fe:01 26738778                   /lib/x86_64-linux-gnu/libcom_err.so.2.1
7fc2ac020000-7fc2ac21f000 ---p 00003000 fe:01 26738778                   /lib/x86_64-linux-gnu/libcom_err.so.2.1
7fc2ac21f000-7fc2ac220000 r--p 00002000 fe:01 26738778                   /lib/x86_64-linux-gnu/libcom_err.so.2.1
7fc2ac220000-7fc2ac221000 rw-p 00003000 fe:01 26738778                   /lib/x86_64-linux-gnu/libcom_err.so.2.1
7fc2ac221000-7fc2ac247000 r-xp 00000000 fe:01 26738692                   /lib/x86_64-linux-gnu/libexpat.so.1.6.0
7fc2ac247000-7fc2ac446000 ---p 00026000 fe:01 26738692                   /lib/x86_64-linux-gnu/libexpat.so.1.6.0
7fc2ac446000-7fc2ac449000 r--p 00025000 fe:01 26738692                   /lib/x86_64-linux-gnu/libexpat.so.1.6.0
7fc2ac449000-7fc2ac44a000 rw-p 00028000 fe:01 26738692                   /lib/x86_64-linux-gnu/libexpat.so.1.6.0
7fc2ac44a000-7fc2ac45a000 r-xp 00000000 fe:01 25172760                   /usr/lib/x86_64-linux-gnu/libavahi-client.so.3.2.9
7fc2ac45a000-7fc2ac659000 ---p 00010000 fe:01 25172760                   /usr/lib/x86_64-linux-gnu/libavahi-client.so.3.2.9
7fc2ac659000-7fc2ac65a000 r--p 0000f000 fe:01 25172760                   /usr/lib/x86_64-linux-gnu/libavahi-client.so.3.2.9
7fc2ac65a000-7fc2ac65b000 rw-p 00010000 fe:01 25172760                   /usr/lib/x86_64-linux-gnu/libavahi-client.so.3.2.9
7fc2ac65b000-7fc2ac667000 r-xp 00000000 fe:01 25172757                   /usr/lib/x86_64-linux-gnu/libavahi-common.so.3.5.3
7fc2ac667000-7fc2ac866000 ---p 0000c000 fe:01 25172757                   /usr/lib/x86_64-linux-gnu/libavahi-common.so.3.5.3
7fc2ac866000-7fc2ac867000 r--p 0000b000 fe:01 25172757                   /usr/lib/x86_64-linux-gnu/libavahi-common.so.3.5.3
7fc2ac867000-7fc2ac868000 rw-p 0000c000 fe:01 25172757                   /usr/lib/x86_64-linux-gnu/libavahi-common.so.3.5.3
7fc2ac868000-7fc2ac97e000 r-xp 00000000 fe:01 25170938                   /usr/lib/x86_64-linux-gnu/libgnutls-deb0.so.28.41.9
7fc2ac97e000-7fc2acb7e000 ---p 00116000 fe:01 25170938                   /usr/lib/x86_64-linux-gnu/libgnutls-deb0.so.28.41.9
7fc2acb7e000-7fc2acb87000 r--p 00116000 fe:01 25170938                   /usr/lib/x86_64-linux-gnu/libgnutls-deb0.so.28.41.9
7fc2acb87000-7fc2acb89000 rw-p 0011f000 fe:01 25170938                   /usr/lib/x86_64-linux-gnu/libgnutls-deb0.so.28.41.9
7fc2acb89000-7fc2acb8a000 rw-p 00000000 00:00 0 
7fc2acb8a000-7fc2acbd1000 r-xp 00000000 fe:01 25172769                   /usr/lib/x86_64-linux-gnu/libgssapi_krb5.so.2.2
7fc2acbd1000-7fc2acdd0000 ---p 00047000 fe:01 25172769                   /usr/lib/x86_64-linux-gnu/libgssapi_krb5.so.2.2
7fc2acdd0000-7fc2acdd2000 r--p 00046000 fe:01 25172769                   /usr/lib/x86_64-linux-gnu/libgssapi_krb5.so.2.2
7fc2acdd2000-7fc2acdd4000 rw-p 00048000 fe:01 25172769                   /usr/lib/x86_64-linux-gnu/libgssapi_krb5.so.2.2
7fc2acdd4000-7fc2ace78000 r-xp 00000000 fe:01 25172988                   /usr/lib/x86_64-linux-gnu/libfreetype.so.6.11.1
7fc2ace78000-7fc2ad077000 ---p 000a4000 fe:01 25172988                   /usr/lib/x86_64-linux-gnu/libfreetype.so.6.11.1
7fc2ad077000-7fc2ad07e000 r--p 000a3000 fe:01 25172988                   /usr/lib/x86_64-linux-gnu/libfreetype.so.6.11.1
7fc2ad07e000-7fc2ad07f000 rw-p 000aa000 fe:01 25172988                   /usr/lib/x86_64-linux-gnu/libfreetype.so.6.11.1
7fc2ad07f000-7fc2ad0ba000 r-xp 00000000 fe:01 25172991                   /usr/lib/x86_64-linux-gnu/libfontconfig.so.1.8.0
7fc2ad0ba000-7fc2ad2b9000 ---p 0003b000 fe:01 25172991                   /usr/lib/x86_64-linux-gnu/libfontconfig.so.1.8.0
7fc2ad2b9000-7fc2ad2bb000 r--p 0003a000 fe:01 25172991                   /usr/lib/x86_64-linux-gnu/libfontconfig.so.1.8.0
7fc2ad2bb000-7fc2ad2bc000 rw-p 0003c000 fe:01 25172991                   /usr/lib/x86_64-linux-gnu/libfontconfig.so.1.8.0
7fc2ad2bc000-7fc2ad334000 r-xp 00000000 fe:01 25172771                   /usr/lib/x86_64-linux-gnu/libcups.so.2
7fc2ad334000-7fc2ad534000 ---p 00078000 fe:01 25172771                   /usr/lib/x86_64-linux-gnu/libcups.so.2
7fc2ad534000-7fc2ad53c000 r--p 00078000 fe:01 25172771                   /usr/lib/x86_64-linux-gnu/libcups.so.2
7fc2ad53c000-7fc2ad53d000 rw-p 00080000 fe:01 25172771                   /usr/lib/x86_64-linux-gnu/libcups.so.2
7fc2ad53d000-7fc2ad54c000 r-xp 00000000 fe:01 25173320                   /usr/lib/x86_64-linux-gnu/libXi.so.6.1.0
7fc2ad54c000-7fc2ad74b000 ---p 0000f000 fe:01 25173320                   /usr/lib/x86_64-linux-gnu/libXi.so.6.1.0
7fc2ad74b000-7fc2ad74c000 r--p 0000e000 fe:01 25173320                   /usr/lib/x86_64-linux-gnu/libXi.so.6.1.0
7fc2ad74c000-7fc2ad74d000 rw-p 0000f000 fe:01 25173320                   /usr/lib/x86_64-linux-gnu/libXi.so.6.1.0
7fc2ad74d000-7fc2ad752000 r-xp 00000000 fe:01 25174154                   /usr/lib/x86_64-linux-gnu/libXtst.so.6.1.0
7fc2ad752000-7fc2ad951000 ---p 00005000 fe:01 25174154                   /usr/lib/x86_64-linux-gnu/libXtst.so.6.1.0
7fc2ad951000-7fc2ad952000 r--p 00004000 fe:01 25174154                   /usr/lib/x86_64-linux-gnu/libXtst.so.6.1.0
7fc2ad952000-7fc2ad953000 rw-p 00005000 fe:01 25174154                   /usr/lib/x86_64-linux-gnu/libXtst.so.6.1.0
7fc2ad953000-7fc2ad99c000 r-xp 00000000 fe:01 28312115                   /usr/lib/jvm/java-7-openjdk-amd64/jre/lib/amd64/xawt/libmawt.so
7fc2ad99c000-7fc2adb9b000 ---p 00049000 fe:01 28312115                   /usr/lib/jvm/java-7-openjdk-amd64/jre/lib/amd64/xawt/libmawt.so
7fc2adb9b000-7fc2adb9c000 r--p 00048000 fe:01 28312115                   /usr/lib/jvm/java-7-openjdk-amd64/jre/lib/amd64/xawt/libmawt.so
7fc2adb9c000-7fc2adb9f000 rw-p 00049000 fe:01 28312115                   /usr/lib/jvm/java-7-openjdk-amd64/jre/lib/amd64/xawt/libmawt.so
7fc2adb9f000-7fc2adba0000 rw-p 00000000 00:00 0 
7fc2adba0000-7fc2adc3f000 r-xp 00000000 fe:01 28051256                   /usr/lib/jvm/java-7-openjdk-amd64/jre/lib/amd64/libawt.so
7fc2adc3f000-7fc2ade3e000 ---p 0009f000 fe:01 28051256                   /usr/lib/jvm/java-7-openjdk-amd64/jre/lib/amd64/libawt.so
7fc2ade3e000-7fc2ade3f000 r--p 0009e000 fe:01 28051256                   /usr/lib/jvm/java-7-openjdk-amd64/jre/lib/amd64/libawt.so
7fc2ade3f000-7fc2ade4a000 rw-p 0009f000 fe:01 28051256                   /usr/lib/jvm/java-7-openjdk-amd64/jre/lib/amd64/libawt.so
7fc2ade4a000-7fc2ade6f000 rw-p 00000000 00:00 0 
7fc2ade6f000-7fc2ade72000 ---p 00000000 00:00 0 
7fc2ade72000-7fc2ae070000 rw-p 00000000 00:00 0                          [stack:4683]
7fc2ae070000-7fc2ae073000 ---p 00000000 00:00 0 
7fc2ae073000-7fc2ae572000 rw-p 00000000 00:00 0                          [stack:4682]
7fc2ae572000-7fc2ae5de000 r-xp 00000000 fe:01 26738933                   /lib/x86_64-linux-gnu/libpcre.so.3.13.1
7fc2ae5de000-7fc2ae7de000 ---p 0006c000 fe:01 26738933                   /lib/x86_64-linux-gnu/libpcre.so.3.13.1
7fc2ae7de000-7fc2ae7df000 r--p 0006c000 fe:01 26738933                   /lib/x86_64-linux-gnu/libpcre.so.3.13.1
7fc2ae7df000-7fc2ae7e0000 rw-p 0006d000 fe:01 26738933                   /lib/x86_64-linux-gnu/libpcre.so.3.13.1
7fc2ae7e0000-7fc2ae7e7000 r-xp 00000000 fe:01 25170536                   /usr/lib/x86_64-linux-gnu/libffi.so.6.0.4
7fc2ae7e7000-7fc2ae9e7000 ---p 00007000 fe:01 25170536                   /usr/lib/x86_64-linux-gnu/libffi.so.6.0.4
7fc2ae9e7000-7fc2ae9e8000 r--p 00007000 fe:01 25170536                   /usr/lib/x86_64-linux-gnu/libffi.so.6.0.4
7fc2ae9e8000-7fc2ae9e9000 rw-p 00008000 fe:01 25170536                   /usr/lib/x86_64-linux-gnu/libffi.so.6.0.4
7fc2ae9e9000-7fc2ae9fd000 r-xp 00000000 fe:01 26742029                   /lib/x86_64-linux-gnu/libresolv-2.19.so
7fc2ae9fd000-7fc2aebfc000 ---p 00014000 fe:01 26742029                   /lib/x86_64-linux-gnu/libresolv-2.19.so
7fc2aebfc000-7fc2aebfd000 r--p 00013000 fe:01 26742029                   /lib/x86_64-linux-gnu/libresolv-2.19.so
7fc2aebfd000-7fc2aebfe000 rw-p 00014000 fe:01 26742029                   /lib/x86_64-linux-gnu/libresolv-2.19.so
7fc2aebfe000-7fc2aec00000 rw-p 00000000 00:00 0 
7fc2aec00000-7fc2aec21000 r-xp 00000000 fe:01 26738732                   /lib/x86_64-linux-gnu/libselinux.so.1
7fc2aec21000-7fc2aee21000 ---p 00021000 fe:01 26738732                   /lib/x86_64-linux-gnu/libselinux.so.1
7fc2aee21000-7fc2aee22000 r--p 00021000 fe:01 26738732                   /lib/x86_64-linux-gnu/libselinux.so.1
7fc2aee22000-7fc2aee23000 rw-p 00022000 fe:01 26738732                   /lib/x86_64-linux-gnu/libselinux.so.1
7fc2aee23000-7fc2aee25000 rw-p 00000000 00:00 0 
7fc2aee25000-7fc2aee28000 r-xp 00000000 fe:01 25172873                   /usr/lib/x86_64-linux-gnu/libgmodule-2.0.so.0.4400.1
7fc2aee28000-7fc2af027000 ---p 00003000 fe:01 25172873                   /usr/lib/x86_64-linux-gnu/libgmodule-2.0.so.0.4400.1
7fc2af027000-7fc2af028000 r--p 00002000 fe:01 25172873                   /usr/lib/x86_64-linux-gnu/libgmodule-2.0.so.0.4400.1
7fc2af028000-7fc2af029000 rw-p 00003000 fe:01 25172873                   /usr/lib/x86_64-linux-gnu/libgmodule-2.0.so.0.4400.1
7fc2af029000-7fc2af136000 r-xp 00000000 fe:01 26738880                   /lib/x86_64-linux-gnu/libglib-2.0.so.0.4400.1
7fc2af136000-7fc2af335000 ---p 0010d000 fe:01 26738880                   /lib/x86_64-linux-gnu/libglib-2.0.so.0.4400.1
7fc2af335000-7fc2af336000 r--p 0010c000 fe:01 26738880                   /lib/x86_64-linux-gnu/libglib-2.0.so.0.4400.1
7fc2af336000-7fc2af337000 rw-p 0010d000 fe:01 26738880                   /lib/x86_64-linux-gnu/libglib-2.0.so.0.4400.1
7fc2af337000-7fc2af338000 rw-p 00000000 00:00 0 
7fc2af338000-7fc2af388000 r-xp 00000000 fe:01 25172874                   /usr/lib/x86_64-linux-gnu/libgobject-2.0.so.0.4400.1
7fc2af388000-7fc2af588000 ---p 00050000 fe:01 25172874                   /usr/lib/x86_64-linux-gnu/libgobject-2.0.so.0.4400.1
7fc2af588000-7fc2af589000 r--p 00050000 fe:01 25172874                   /usr/lib/x86_64-linux-gnu/libgobject-2.0.so.0.4400.1
7fc2af589000-7fc2af58a000 rw-p 00051000 fe:01 25172874                   /usr/lib/x86_64-linux-gnu/libgobject-2.0.so.0.4400.1
7fc2af58a000-7fc2af702000 r-xp 00000000 fe:01 25172876                   /usr/lib/x86_64-linux-gnu/libgio-2.0.so.0.4400.1
7fc2af702000-7fc2af901000 ---p 00178000 fe:01 25172876                   /usr/lib/x86_64-linux-gnu/libgio-2.0.so.0.4400.1
7fc2af901000-7fc2af905000 r--p 00177000 fe:01 25172876                   /usr/lib/x86_64-linux-gnu/libgio-2.0.so.0.4400.1
7fc2af905000-7fc2af907000 rw-p 0017b000 fe:01 25172876                   /usr/lib/x86_64-linux-gnu/libgio-2.0.so.0.4400.1
7fc2af907000-7fc2af909000 rw-p 00000000 00:00 0 
7fc2af909000-7fc2af920000 r-xp 00000000 fe:01 28051279                   /usr/lib/jvm/java-7-openjdk-amd64/jre/lib/amd64/libnet.so
7fc2af920000-7fc2afb20000 ---p 00017000 fe:01 28051279                   /usr/lib/jvm/java-7-openjdk-amd64/jre/lib/amd64/libnet.so
7fc2afb20000-7fc2afb21000 r--p 00017000 fe:01 28051279                   /usr/lib/jvm/java-7-openjdk-amd64/jre/lib/amd64/libnet.so
7fc2afb21000-7fc2afb22000 rw-p 00018000 fe:01 28051279                   /usr/lib/jvm/java-7-openjdk-amd64/jre/lib/amd64/libnet.so
7fc2afb22000-7fc2afb33000 r-xp 00000000 fe:01 28051280                   /usr/lib/jvm/java-7-openjdk-amd64/jre/lib/amd64/libnio.so
7fc2afb33000-7fc2afd32000 ---p 00011000 fe:01 28051280                   /usr/lib/jvm/java-7-openjdk-amd64/jre/lib/amd64/libnio.so
7fc2afd32000-7fc2afd33000 r--p 00010000 fe:01 28051280                   /usr/lib/jvm/java-7-openjdk-amd64/jre/lib/amd64/libnio.so
7fc2afd33000-7fc2afd34000 rw-p 00011000 fe:01 28051280                   /usr/lib/jvm/java-7-openjdk-amd64/jre/lib/amd64/libnio.so
7fc2afd34000-7fc2afd35000 ---p 00000000 00:00 0 
7fc2afd35000-7fc2afe35000 rw-p 00000000 00:00 0                          [stack:4681]
7fc2afe35000-7fc2afe38000 ---p 00000000 00:00 0 
7fc2afe38000-7fc2b0036000 rw-p 00000000 00:00 0                          [stack:4680]
7fc2b0036000-7fc2b0039000 ---p 00000000 00:00 0 
7fc2b0039000-7fc2b0137000 rw-p 00000000 00:00 0                          [stack:4679]
7fc2b0137000-7fc2b013a000 ---p 00000000 00:00 0 
7fc2b013a000-7fc2b0238000 rw-p 00000000 00:00 0                          [stack:4678]
7fc2b0238000-7fc2b023b000 ---p 00000000 00:00 0 
7fc2b023b000-7fc2b0439000 rw-p 00000000 00:00 0                          [stack:4677]
7fc2b0439000-7fc2b043c000 ---p 00000000 00:00 0 
7fc2b043c000-7fc2b063a000 rw-p 00000000 00:00 0                          [stack:4676]
7fc2b063a000-7fc2b063d000 ---p 00000000 00:00 0 
7fc2b063d000-7fc2b083b000 rw-p 00000000 00:00 0                          [stack:4675]
7fc2b083b000-7fc2b083c000 ---p 00000000 00:00 0 
7fc2b083c000-7fc2b1245000 rw-p 00000000 00:00 0                          [stack:4674]
7fc2b1245000-7fc2b13f7000 r--s 01d2b000 fe:01 27400145                   /usr/lib/jvm/java-7-openjdk-amd64/jre/lib/rt.jar
7fc2b13f7000-7fc2b3af2000 rw-p 00000000 00:00 0 
7fc2b3af2000-7fc2b3af3000 ---p 00000000 00:00 0 
7fc2b3af3000-7fc2b3bf3000 rw-p 00000000 00:00 0                          [stack:4673]
7fc2b3bf3000-7fc2b3bf4000 ---p 00000000 00:00 0 
7fc2b3bf4000-7fc2b3d31000 rw-p 00000000 00:00 0                          [stack:4672]
7fc2b3d31000-7fc2b3db4000 rw-p 00000000 00:00 0 
7fc2b3db4000-7fc2b3df1000 rw-p 00000000 00:00 0 
7fc2b3df1000-7fc2b3e74000 rw-p 00000000 00:00 0 
7fc2b3e74000-7fc2b3ead000 rw-p 00000000 00:00 0 
7fc2b3ead000-7fc2b3f7b000 rw-p 00000000 00:00 0 
7fc2b3f7b000-7fc2b3fc6000 rw-p 00000000 00:00 0 
7fc2b3fc6000-7fc2b3fff000 ---p 00000000 00:00 0 
7fc2b3fff000-7fc2b4000000 rw-p 00000000 00:00 0 
7fc2b4000000-7fc2b4740000 rw-p 00000000 00:00 0 
7fc2b4740000-7fc2b8000000 ---p 00000000 00:00 0 
7fc2b8000000-7fc2b800a000 r--s 00000000 fe:01 19137067                   /var/cache/fontconfig/3f7329c5293ffd510edef78f73874cfd-le64.cache-4
7fc2b800a000-7fc2b8088000 r-xp 00000000 fe:01 26738703                   /lib/x86_64-linux-gnu/libsystemd.so.0.10.2
7fc2b8088000-7fc2b8089000 ---p 0007e000 fe:01 26738703                   /lib/x86_64-linux-gnu/libsystemd.so.0.10.2
7fc2b8089000-7fc2b808c000 r--p 0007e000 fe:01 26738703                   /lib/x86_64-linux-gnu/libsystemd.so.0.10.2
7fc2b808c000-7fc2b808d000 rw-p 00081000 fe:01 26738703                   /lib/x86_64-linux-gnu/libsystemd.so.0.10.2
7fc2b808d000-7fc2b80c6000 rw-p 00000000 00:00 0 
7fc2b80c6000-7fc2b8195000 rw-p 00000000 00:00 0 
7fc2b8195000-7fc2b8c25000 rwxp 00000000 00:00 0 
7fc2b8c25000-7fc2bb195000 rw-p 00000000 00:00 0 
7fc2bb195000-7fc2bb19d000 r-xp 00000000 fe:01 28051285                   /usr/lib/jvm/java-7-openjdk-amd64/jre/lib/amd64/libzip.so
7fc2bb19d000-7fc2bb39c000 ---p 00008000 fe:01 28051285                   /usr/lib/jvm/java-7-openjdk-amd64/jre/lib/amd64/libzip.so
7fc2bb39c000-7fc2bb39d000 r--p 00007000 fe:01 28051285                   /usr/lib/jvm/java-7-openjdk-amd64/jre/lib/amd64/libzip.so
7fc2bb39d000-7fc2bb39e000 rw-p 00008000 fe:01 28051285                   /usr/lib/jvm/java-7-openjdk-amd64/jre/lib/amd64/libzip.so
7fc2bb39e000-7fc2bb3ca000 r-xp 00000000 fe:01 28051267                   /usr/lib/jvm/java-7-openjdk-amd64/jre/lib/amd64/libjava.so
7fc2bb3ca000-7fc2bb5c9000 ---p 0002c000 fe:01 28051267                   /usr/lib/jvm/java-7-openjdk-amd64/jre/lib/amd64/libjava.so
7fc2bb5c9000-7fc2bb5ca000 r--p 0002b000 fe:01 28051267                   /usr/lib/jvm/java-7-openjdk-amd64/jre/lib/amd64/libjava.so
7fc2bb5ca000-7fc2bb5cc000 rw-p 0002c000 fe:01 28051267                   /usr/lib/jvm/java-7-openjdk-amd64/jre/lib/amd64/libjava.so
7fc2bb5cc000-7fc2bb5db000 r-xp 00000000 fe:01 28051284                   /usr/lib/jvm/java-7-openjdk-amd64/jre/lib/amd64/libverify.so
7fc2bb5db000-7fc2bb7da000 ---p 0000f000 fe:01 28051284                   /usr/lib/jvm/java-7-openjdk-amd64/jre/lib/amd64/libverify.so
7fc2bb7da000-7fc2bb7dc000 r--p 0000e000 fe:01 28051284                   /usr/lib/jvm/java-7-openjdk-amd64/jre/lib/amd64/libverify.so
7fc2bb7dc000-7fc2bb7dd000 rw-p 00010000 fe:01 28051284                   /usr/lib/jvm/java-7-openjdk-amd64/jre/lib/amd64/libverify.so
7fc2bb7dd000-7fc2bb7e4000 r-xp 00000000 fe:01 26742026                   /lib/x86_64-linux-gnu/librt-2.19.so
7fc2bb7e4000-7fc2bb9e3000 ---p 00007000 fe:01 26742026                   /lib/x86_64-linux-gnu/librt-2.19.so
7fc2bb9e3000-7fc2bb9e4000 r--p 00006000 fe:01 26742026                   /lib/x86_64-linux-gnu/librt-2.19.so
7fc2bb9e4000-7fc2bb9e5000 rw-p 00007000 fe:01 26742026                   /lib/x86_64-linux-gnu/librt-2.19.so
7fc2bb9e5000-7fc2bb9ea000 r-xp 00000000 fe:01 25173314                   /usr/lib/x86_64-linux-gnu/libXfixes.so.3.1.0
7fc2bb9ea000-7fc2bbbe9000 ---p 00005000 fe:01 25173314                   /usr/lib/x86_64-linux-gnu/libXfixes.so.3.1.0
7fc2bbbe9000-7fc2bbbea000 r--p 00004000 fe:01 25173314                   /usr/lib/x86_64-linux-gnu/libXfixes.so.3.1.0
7fc2bbbea000-7fc2bbbeb000 rw-p 00005000 fe:01 25173314                   /usr/lib/x86_64-linux-gnu/libXfixes.so.3.1.0
7fc2bbbeb000-7fc2bbbf4000 r-xp 00000000 fe:01 25173002                   /usr/lib/x86_64-linux-gnu/libXrender.so.1.3.0
7fc2bbbf4000-7fc2bbdf3000 ---p 00009000 fe:01 25173002                   /usr/lib/x86_64-linux-gnu/libXrender.so.1.3.0
7fc2bbdf3000-7fc2bbdf4000 r--p 00008000 fe:01 25173002                   /usr/lib/x86_64-linux-gnu/libXrender.so.1.3.0
7fc2bbdf4000-7fc2bbdf5000 rw-p 00009000 fe:01 25173002                   /usr/lib/x86_64-linux-gnu/libXrender.so.1.3.0
7fc2bbdf5000-7fc2bbdff000 r-xp 00000000 fe:01 25173316                   /usr/lib/x86_64-linux-gnu/libXcursor.so.1.0.2
7fc2bbdff000-7fc2bbffe000 ---p 0000a000 fe:01 25173316                   /usr/lib/x86_64-linux-gnu/libXcursor.so.1.0.2
7fc2bbffe000-7fc2bbfff000 r--p 00009000 fe:01 25173316                   /usr/lib/x86_64-linux-gnu/libXcursor.so.1.0.2
7fc2bbfff000-7fc2bc000000 rw-p 0000a000 fe:01 25173316                   /usr/lib/x86_64-linux-gnu/libXcursor.so.1.0.2
7fc2bc000000-7fc2bc609000 rw-p 00000000 00:00 0 
7fc2bc609000-7fc2c0000000 ---p 00000000 00:00 0 
7fc2c0005000-7fc2c0008000 ---p 00000000 00:00 0 
7fc2c0008000-7fc2c0206000 rw-p 00000000 00:00 0                          [stack:4671]
7fc2c0206000-7fc2c038f000 r--p 00000000 fe:01 25170396                   /usr/lib/locale/locale-archive
7fc2c038f000-7fc2c0390000 ---p 00000000 00:00 0 
7fc2c0390000-7fc2c0b90000 rw-p 00000000 00:00 0 
7fc2c0b90000-7fc2c0b95000 r-xp 00000000 fe:01 25172895                   /usr/lib/x86_64-linux-gnu/libXdmcp.so.6.0.0
7fc2c0b95000-7fc2c0d94000 ---p 00005000 fe:01 25172895                   /usr/lib/x86_64-linux-gnu/libXdmcp.so.6.0.0
7fc2c0d94000-7fc2c0d95000 r--p 00004000 fe:01 25172895                   /usr/lib/x86_64-linux-gnu/libXdmcp.so.6.0.0
7fc2c0d95000-7fc2c0d96000 rw-p 00005000 fe:01 25172895                   /usr/lib/x86_64-linux-gnu/libXdmcp.so.6.0.0
7fc2c0d96000-7fc2c0d99000 r-xp 00000000 fe:01 25172893                   /usr/lib/x86_64-linux-gnu/libXau.so.6.0.0
7fc2c0d99000-7fc2c0f98000 ---p 00003000 fe:01 25172893                   /usr/lib/x86_64-linux-gnu/libXau.so.6.0.0
7fc2c0f98000-7fc2c0f99000 r--p 00002000 fe:01 25172893                   /usr/lib/x86_64-linux-gnu/libXau.so.6.0.0
7fc2c0f99000-7fc2c0f9a000 rw-p 00003000 fe:01 25172893                   /usr/lib/x86_64-linux-gnu/libXau.so.6.0.0
7fc2c0f9a000-7fc2c0fbb000 r-xp 00000000 fe:01 25172897                   /usr/lib/x86_64-linux-gnu/libxcb.so.1.1.0
7fc2c0fbb000-7fc2c11ba000 ---p 00021000 fe:01 25172897                   /usr/lib/x86_64-linux-gnu/libxcb.so.1.1.0
7fc2c11ba000-7fc2c11bb000 r--p 00020000 fe:01 25172897                   /usr/lib/x86_64-linux-gnu/libxcb.so.1.1.0
7fc2c11bb000-7fc2c11bc000 rw-p 00021000 fe:01 25172897                   /usr/lib/x86_64-linux-gnu/libxcb.so.1.1.0
7fc2c11bc000-7fc2c11c4000 r-xp 00000000 fe:01 25191538                   /usr/lib/x86_64-linux-gnu/libgif.so.4.1.6
7fc2c11c4000-7fc2c13c3000 ---p 00008000 fe:01 25191538                   /usr/lib/x86_64-linux-gnu/libgif.so.4.1.6
7fc2c13c3000-7fc2c13c4000 r--p 00007000 fe:01 25191538                   /usr/lib/x86_64-linux-gnu/libgif.so.4.1.6
7fc2c13c4000-7fc2c13c5000 rw-p 00008000 fe:01 25191538                   /usr/lib/x86_64-linux-gnu/libgif.so.4.1.6
7fc2c13c5000-7fc2c13eb000 r-xp 00000000 fe:01 26738882                   /lib/x86_64-linux-gnu/libpng12.so.0.50.0
7fc2c13eb000-7fc2c15ea000 ---p 00026000 fe:01 26738882                   /lib/x86_64-linux-gnu/libpng12.so.0.50.0
7fc2c15ea000-7fc2c15eb000 r--p 00025000 fe:01 26738882                   /lib/x86_64-linux-gnu/libpng12.so.0.50.0
7fc2c15eb000-7fc2c15ec000 rw-p 00026000 fe:01 26738882                   /lib/x86_64-linux-gnu/libpng12.so.0.50.0
7fc2c15ec000-7fc2c1644000 r-xp 00000000 fe:01 25172882                   /usr/lib/x86_64-linux-gnu/libjpeg.so.62.1.0
7fc2c1644000-7fc2c1843000 ---p 00058000 fe:01 25172882                   /usr/lib/x86_64-linux-gnu/libjpeg.so.62.1.0
7fc2c1843000-7fc2c1844000 r--p 00057000 fe:01 25172882                   /usr/lib/x86_64-linux-gnu/libjpeg.so.62.1.0
7fc2c1844000-7fc2c1845000 rw-p 00058000 fe:01 25172882                   /usr/lib/x86_64-linux-gnu/libjpeg.so.62.1.0
7fc2c1845000-7fc2c1856000 r-xp 00000000 fe:01 25173000                   /usr/lib/x86_64-linux-gnu/libXext.so.6.4.0
7fc2c1856000-7fc2c1a55000 ---p 00011000 fe:01 25173000                   /usr/lib/x86_64-linux-gnu/libXext.so.6.4.0
7fc2c1a55000-7fc2c1a56000 r--p 00010000 fe:01 25173000                   /usr/lib/x86_64-linux-gnu/libXext.so.6.4.0
7fc2c1a56000-7fc2c1a57000 rw-p 00011000 fe:01 25173000                   /usr/lib/x86_64-linux-gnu/libXext.so.6.4.0
7fc2c1a57000-7fc2c1b93000 r-xp 00000000 fe:01 25172901                   /usr/lib/x86_64-linux-gnu/libX11.so.6.3.0
7fc2c1b93000-7fc2c1d92000 ---p 0013c000 fe:01 25172901                   /usr/lib/x86_64-linux-gnu/libX11.so.6.3.0
7fc2c1d92000-7fc2c1d94000 r--p 0013b000 fe:01 25172901                   /usr/lib/x86_64-linux-gnu/libX11.so.6.3.0
7fc2c1d94000-7fc2c1d99000 rw-p 0013d000 fe:01 25172901                   /usr/lib/x86_64-linux-gnu/libX11.so.6.3.0
7fc2c1d99000-7fc2c1d9a000 rw-p 00000000 00:00 0 
7fc2c1d9a000-7fc2c1da4000 r-xp 00000000 fe:01 28051290                   /usr/lib/jvm/java-7-openjdk-amd64/jre/lib/amd64/libsplashscreen.so
7fc2c1da4000-7fc2c1fa3000 ---p 0000a000 fe:01 28051290                   /usr/lib/jvm/java-7-openjdk-amd64/jre/lib/amd64/libsplashscreen.so
7fc2c1fa3000-7fc2c1fa4000 r--p 00009000 fe:01 28051290                   /usr/lib/jvm/java-7-openjdk-amd64/jre/lib/amd64/libsplashscreen.so
7fc2c1fa4000-7fc2c1fa5000 rw-p 0000a000 fe:01 28051290                   /usr/lib/jvm/java-7-openjdk-amd64/jre/lib/amd64/libsplashscreen.so
7fc2c1fa5000-7fc2c1fa8000 rw-p 00000000 00:00 0 
7fc2c1fa8000-7fc2c1fbe000 r-xp 00000000 fe:01 26738781                   /lib/x86_64-linux-gnu/libgcc_s.so.1
7fc2c1fbe000-7fc2c21bd000 ---p 00016000 fe:01 26738781                   /lib/x86_64-linux-gnu/libgcc_s.so.1
7fc2c21bd000-7fc2c21be000 rw-p 00015000 fe:01 26738781                   /lib/x86_64-linux-gnu/libgcc_s.so.1
7fc2c21be000-7fc2c22be000 r-xp 00000000 fe:01 26742037                   /lib/x86_64-linux-gnu/libm-2.19.so
7fc2c22be000-7fc2c24bd000 ---p 00100000 fe:01 26742037                   /lib/x86_64-linux-gnu/libm-2.19.so
7fc2c24bd000-7fc2c24be000 r--p 000ff000 fe:01 26742037                   /lib/x86_64-linux-gnu/libm-2.19.so
7fc2c24be000-7fc2c24bf000 rw-p 00100000 fe:01 26742037                   /lib/x86_64-linux-gnu/libm-2.19.so
7fc2c24bf000-7fc2c262a000 r-xp 00000000 fe:01 25165829                   /usr/lib/x86_64-linux-gnu/libstdc++.so.6.0.21
7fc2c262a000-7fc2c282a000 ---p 0016b000 fe:01 25165829                   /usr/lib/x86_64-linux-gnu/libstdc++.so.6.0.21
7fc2c282a000-7fc2c2834000 r--p 0016b000 fe:01 25165829                   /usr/lib/x86_64-linux-gnu/libstdc++.so.6.0.21
7fc2c2834000-7fc2c2836000 rw-p 00175000 fe:01 25165829                   /usr/lib/x86_64-linux-gnu/libstdc++.so.6.0.21
7fc2c2836000-7fc2c283a000 rw-p 00000000 00:00 0 
7fc2c283a000-7fc2c338b000 r-xp 00000000 fe:01 28182581                   /usr/lib/jvm/java-7-openjdk-amd64/jre/lib/amd64/server/libjvm.so
7fc2c338b000-7fc2c358b000 ---p 00b51000 fe:01 28182581                   /usr/lib/jvm/java-7-openjdk-amd64/jre/lib/amd64/server/libjvm.so
7fc2c358b000-7fc2c361c000 r--p 00b51000 fe:01 28182581                   /usr/lib/jvm/java-7-openjdk-amd64/jre/lib/amd64/server/libjvm.so
7fc2c361c000-7fc2c363f000 rw-p 00be2000 fe:01 28182581                   /usr/lib/jvm/java-7-openjdk-amd64/jre/lib/amd64/server/libjvm.so
7fc2c363f000-7fc2c366a000 rw-p 00000000 00:00 0 
7fc2c366a000-7fc2c3684000 r-xp 00000000 fe:01 26738790                   /lib/x86_64-linux-gnu/libz.so.1.2.8
7fc2c3684000-7fc2c3883000 ---p 0001a000 fe:01 26738790                   /lib/x86_64-linux-gnu/libz.so.1.2.8
7fc2c3883000-7fc2c3884000 r--p 00019000 fe:01 26738790                   /lib/x86_64-linux-gnu/libz.so.1.2.8
7fc2c3884000-7fc2c3885000 rw-p 0001a000 fe:01 26738790                   /lib/x86_64-linux-gnu/libz.so.1.2.8
7fc2c3885000-7fc2c3a24000 r-xp 00000000 fe:01 26742024                   /lib/x86_64-linux-gnu/libc-2.19.so
7fc2c3a24000-7fc2c3c24000 ---p 0019f000 fe:01 26742024                   /lib/x86_64-linux-gnu/libc-2.19.so
7fc2c3c24000-7fc2c3c28000 r--p 0019f000 fe:01 26742024                   /lib/x86_64-linux-gnu/libc-2.19.so
7fc2c3c28000-7fc2c3c2a000 rw-p 001a3000 fe:01 26742024                   /lib/x86_64-linux-gnu/libc-2.19.so
7fc2c3c2a000-7fc2c3c2e000 rw-p 00000000 00:00 0 
7fc2c3c2e000-7fc2c3c31000 r-xp 00000000 fe:01 26742043                   /lib/x86_64-linux-gnu/libdl-2.19.so
7fc2c3c31000-7fc2c3e30000 ---p 00003000 fe:01 26742043                   /lib/x86_64-linux-gnu/libdl-2.19.so
7fc2c3e30000-7fc2c3e31000 r--p 00002000 fe:01 26742043                   /lib/x86_64-linux-gnu/libdl-2.19.so
7fc2c3e31000-7fc2c3e32000 rw-p 00003000 fe:01 26742043                   /lib/x86_64-linux-gnu/libdl-2.19.so
7fc2c3e32000-7fc2c3e3f000 r-xp 00000000 fe:01 28311809                   /usr/lib/jvm/java-7-openjdk-amd64/jre/lib/amd64/jli/libjli.so
7fc2c3e3f000-7fc2c403e000 ---p 0000d000 fe:01 28311809                   /usr/lib/jvm/java-7-openjdk-amd64/jre/lib/amd64/jli/libjli.so
7fc2c403e000-7fc2c403f000 r--p 0000c000 fe:01 28311809                   /usr/lib/jvm/java-7-openjdk-amd64/jre/lib/amd64/jli/libjli.so
7fc2c403f000-7fc2c4040000 rw-p 0000d000 fe:01 28311809                   /usr/lib/jvm/java-7-openjdk-amd64/jre/lib/amd64/jli/libjli.so
7fc2c4040000-7fc2c4058000 r-xp 00000000 fe:01 26742028                   /lib/x86_64-linux-gnu/libpthread-2.19.so
7fc2c4058000-7fc2c4257000 ---p 00018000 fe:01 26742028                   /lib/x86_64-linux-gnu/libpthread-2.19.so
7fc2c4257000-7fc2c4258000 r--p 00017000 fe:01 26742028                   /lib/x86_64-linux-gnu/libpthread-2.19.so
7fc2c4258000-7fc2c4259000 rw-p 00018000 fe:01 26742028                   /lib/x86_64-linux-gnu/libpthread-2.19.so
7fc2c4259000-7fc2c425d000 rw-p 00000000 00:00 0 
7fc2c425d000-7fc2c427d000 r-xp 00000000 fe:01 26742033                   /lib/x86_64-linux-gnu/ld-2.19.so
7fc2c427f000-7fc2c4286000 r--s 00000000 fe:01 19137068                   /var/cache/fontconfig/3047814df9a2f067bd2d96a2b9c36e5a-le64.cache-4
7fc2c4286000-7fc2c42b1000 rw-p 00000000 00:00 0 
7fc2c42b1000-7fc2c4346000 rw-p 00000000 00:00 0 
7fc2c4346000-7fc2c4351000 r--s 00000000 fe:01 19137054                   /var/cache/fontconfig/d589a48862398ed80a3d6066f4f56f4c-le64.cache-4
7fc2c43cd000-7fc2c43ce000 r--s 00000000 fe:01 29360174                   /tmp/output1442492202439
7fc2c43d0000-7fc2c43db000 r--s 00203000 fe:01 27400143                   /usr/lib/jvm/java-7-openjdk-amd64/jre/lib/charsets.jar
7fc2c43db000-7fc2c4410000 r--s 00000000 fe:01 19137238                   /var/cache/nscd/hosts
7fc2c4410000-7fc2c4427000 rw-p 00000000 00:00 0 
7fc2c4427000-7fc2c445c000 r--s 00000000 fe:01 19137138                   /var/cache/nscd/passwd
7fc2c445c000-7fc2c4461000 rw-p 00000000 00:00 0 
7fc2c4461000-7fc2c4464000 r--s 00000000 fe:01 19137057                   /var/cache/fontconfig/e13b20fdb08344e0e664864cc2ede53d-le64.cache-4
7fc2c4464000-7fc2c4469000 r--s 0004d000 fe:01 27400139                   /usr/lib/jvm/java-7-openjdk-amd64/jre/lib/jsse.jar
7fc2c4469000-7fc2c4471000 rw-s 00000000 fe:01 29360169                   /tmp/hsperfdata_NotSimon/4669
7fc2c4471000-7fc2c4472000 r--s 00000000 fe:01 19137069                   /var/cache/fontconfig/4794a0821666d79190d59a36cb4f44b5-le64.cache-4
7fc2c4472000-7fc2c4473000 rw-p 00000000 00:00 0 
7fc2c4473000-7fc2c4474000 r--p 00000000 00:00 0 
7fc2c4474000-7fc2c447b000 r--s 00000000 fe:01 25171689                   /usr/lib/x86_64-linux-gnu/gconv/gconv-modules.cache
7fc2c447b000-7fc2c447d000 rw-p 00000000 00:00 0 
7fc2c447d000-7fc2c447e000 r--p 00020000 fe:01 26742033                   /lib/x86_64-linux-gnu/ld-2.19.so
7fc2c447e000-7fc2c447f000 rw-p 00021000 fe:01 26742033                   /lib/x86_64-linux-gnu/ld-2.19.so
7fc2c447f000-7fc2c4480000 rw-p 00000000 00:00 0 
7ffdc1252000-7ffdc1274000 rw-p 00000000 00:00 0                          [stack]
7ffdc1388000-7ffdc138a000 r-xp 00000000 00:00 0                          [vdso]
7ffdc138a000-7ffdc138c000 r--p 00000000 00:00 0                          [vvar]
ffffffffff600000-ffffffffff601000 r-xp 00000000 00:00 0                  [vsyscall]

VM Arguments:
jvm_args: -Djdk.home=/usr/lib/jvm/java-7-openjdk-amd64 -Dnetbeans.default_userdir_root=/home/NotSimon/.netbeans -Dnetbeans.running.environment=gnome -Dnetbeans.dirs=/usr/share/netbeans/8.0.2/nb:/usr/share/netbeans/8.0.2/ergonomics:/usr/share/netbeans/8.0.2/ide:/usr/share/netbeans/8.0.2/extide:/usr/share/netbeans/8.0.2/java:/usr/share/netbeans/8.0.2/apisupport:/usr/share/netbeans/8.0.2/webcommon:/usr/share/netbeans/8.0.2/websvccommon:/usr/share/netbeans/8.0.2/enterprise:/usr/share/netbeans/8.0.2/mobility:/usr/share/netbeans/8.0.2/profiler:/usr/share/netbeans/8.0.2/python:/usr/share/netbeans/8.0.2/php:/usr/share/netbeans/8.0.2/identity:/usr/share/netbeans/8.0.2/harness:/usr/share/netbeans/8.0.2/cnd:/usr/share/netbeans/8.0.2/dlight:/usr/share/netbeans/8.0.2/groovy:/usr/share/netbeans/8.0.2/extra:/usr/share/netbeans/8.0.2/javacard:/usr/share/netbeans/8.0.2/javafx: -Dnetbeans.home=/usr/share/netbeans/8.0.2/platform -Dnetbeans.importclass=org.netbeans.upgrade.AutoUpgrade -Dnetbeans.accept_license_class=org.netbeans.license.AcceptLicense -Xmx789m -Xss2m -Xms32m -XX:PermSize=32m -Dapple.laf.useScreenMenuBar=true -Dapple.awt.graphics.UseQuartz=true -Dsun.java2d.noddraw=true -Dsun.java2d.dpiaware=true -Dsun.zip.disableMemoryMapping=true -Dsun.java2d.pmoffscreen=false -XX:MaxPermSize=384m -XX:+HeapDumpOnOutOfMemoryError -XX:HeapDumpPath=/home/NotSimon/.netbeans/8.0.2/var/log/heapdump.hprof 
java_command: org.netbeans.Main --cachedir /home/NotSimon/.cache/netbeans/8.0.2 --userdir /home/NotSimon/.netbeans/8.0.2 --branding nb
Launcher Type: SUN_STANDARD

Environment Variables:
PATH=/usr/local/bin:/usr/bin:/bin:/usr/games
LD_LIBRARY_PATH=/usr/lib/jvm/java-7-openjdk-amd64/bin/../jre/lib/amd64:/usr/lib/jvm/java-7-openjdk-amd64/bin/../jre/lib/i386:
SHELL=/bin/bash
DISPLAY=:0

Signal Handlers:
SIGSEGV: [libjvm.so+0x995800], sa_mask[0]=0x7ffbfeff, sa_flags=0x10000004
SIGBUS: [libjvm.so+0x995800], sa_mask[0]=0x7ffbfeff, sa_flags=0x10000004
SIGFPE: [libjvm.so+0x7fca50], sa_mask[0]=0x7ffbfeff, sa_flags=0x10000004
SIGPIPE: [libjvm.so+0x7fca50], sa_mask[0]=0x7ffbfeff, sa_flags=0x10000004
SIGXFSZ: [libjvm.so+0x7fca50], sa_mask[0]=0x7ffbfeff, sa_flags=0x10000004
SIGILL: [libjvm.so+0x7fca50], sa_mask[0]=0x7ffbfeff, sa_flags=0x10000004
SIGUSR1: SIG_DFL, sa_mask[0]=0x00000000, sa_flags=0x00000000
SIGUSR2: [libjvm.so+0x7fc8d0], sa_mask[0]=0x00000000, sa_flags=0x10000004
SIGHUP: [libjvm.so+0x7fca60], sa_mask[0]=0x7ffbfeff, sa_flags=0x10000004
SIGINT: SIG_IGN, sa_mask[0]=0x00000000, sa_flags=0x00000000
SIGTERM: [libjvm.so+0x7fca60], sa_mask[0]=0x7ffbfeff, sa_flags=0x10000004
SIGQUIT: [libjvm.so+0x7fca60], sa_mask[0]=0x7ffbfeff, sa_flags=0x10000004
SIGTRAP: SIG_DFL, sa_mask[0]=0x00000000, sa_flags=0x00000000


---------------  S Y S T E M  ---------------

OS:stretch/sid

uname:Linux 3.16.0-4-amd64 #1 SMP Debian 3.16.7-ckt11-1+deb8u3 (2015-08-04) x86_64
libc:glibc 2.19 NPTL 2.19 
rlimit: STACK 8192k, CORE 0k, NPROC 15717, NOFILE 65536, AS infinity
load average:0.26 0.23 0.24

/proc/meminfo:
MemTotal:        4043688 kB
MemFree:         1757516 kB
MemAvailable:    2742888 kB
Buffers:           64080 kB
Cached:          1114060 kB
SwapCached:            0 kB
Active:          1532220 kB
Inactive:         601232 kB
Active(anon):     977104 kB
Inactive(anon):    24028 kB
Active(file):     555116 kB
Inactive(file):   577204 kB
Unevictable:          32 kB
Mlocked:              32 kB
SwapTotal:       8355836 kB
SwapFree:        8355836 kB
Dirty:               100 kB
Writeback:             0 kB
AnonPages:        955488 kB
Mapped:           182164 kB
Shmem:             45676 kB
Slab:              73484 kB
SReclaimable:      43992 kB
SUnreclaim:        29492 kB
KernelStack:        4272 kB
PageTables:        16276 kB
NFS_Unstable:          0 kB
Bounce:                0 kB
WritebackTmp:          0 kB
CommitLimit:    10377680 kB
Committed_AS:    3351440 kB
VmallocTotal:   34359738367 kB
VmallocUsed:      116164 kB
VmallocChunk:   34359618556 kB
HardwareCorrupted:     0 kB
AnonHugePages:         0 kB
HugePages_Total:       0
HugePages_Free:        0
HugePages_Rsvd:        0
HugePages_Surp:        0
Hugepagesize:       2048 kB
DirectMap4k:      206548 kB
DirectMap2M:     3971072 kB


CPU:total 2 (2 cores per cpu, 1 threads per core) family 6 model 26 stepping 5, cmov, cx8, fxsr, mmx, sse, sse2, sse3, ssse3, sse4.1, sse4.2, popcnt, tsc, tscinvbit, tscinv

/proc/cpuinfo:
processor	: 0
vendor_id	: GenuineIntel
cpu family	: 6
model		: 26
model name	: Intel(R) Xeon(R) CPU           W3505  @ 2.53GHz
stepping	: 5
microcode	: 0xf
cpu MHz		: 2527.000
cache size	: 4096 KB
physical id	: 0
siblings	: 2
core id		: 0
cpu cores	: 2
apicid		: 0
initial apicid	: 0
fpu		: yes
fpu_exception	: yes
cpuid level	: 11
wp		: yes
flags		: fpu vme de pse tsc msr pae mce cx8 apic sep mtrr pge mca cmov pat pse36 clflush dts acpi mmx fxsr sse sse2 ss ht tm pbe syscall nx rdtscp lm constant_tsc arch_perfmon pebs bts rep_good nopl xtopology nonstop_tsc aperfmperf pni dtes64 monitor ds_cpl vmx est tm2 ssse3 cx16 xtpr pdcm dca sse4_1 sse4_2 popcnt lahf_lm dtherm tpr_shadow vnmi flexpriority ept vpid
bogomips	: 5066.97
clflush size	: 64
cache_alignment	: 64
address sizes	: 36 bits physical, 48 bits virtual
power management:

processor	: 1
vendor_id	: GenuineIntel
cpu family	: 6
model		: 26
model name	: Intel(R) Xeon(R) CPU           W3505  @ 2.53GHz
stepping	: 5
microcode	: 0xf
cpu MHz		: 2527.000
cache size	: 4096 KB
physical id	: 0
siblings	: 2
core id		: 2
cpu cores	: 2
apicid		: 4
initial apicid	: 4
fpu		: yes
fpu_exception	: yes
cpuid level	: 11
wp		: yes
flags		: fpu vme de pse tsc msr pae mce cx8 apic sep mtrr pge mca cmov pat pse36 clflush dts acpi mmx fxsr sse sse2 ss ht tm pbe syscall nx rdtscp lm constant_tsc arch_perfmon pebs bts rep_good nopl xtopology nonstop_tsc aperfmperf pni dtes64 monitor ds_cpl vmx est tm2 ssse3 cx16 xtpr pdcm dca sse4_1 sse4_2 popcnt lahf_lm dtherm tpr_shadow vnmi flexpriority ept vpid
bogomips	: 5066.97
clflush size	: 64
cache_alignment	: 64
address sizes	: 36 bits physical, 48 bits virtual
power management:



Memory: 4k page, physical 4043688k(1757516k free), swap 8355836k(8355836k free)

vm_info: OpenJDK 64-Bit Server VM (24.85-b03) for linux-amd64 JRE (1.7.0_85-b01), built on Sep  5 2015 23:29:12 by "buildd" with gcc 5.2.1 20150903

time: Thu Sep 17 07:37:42 2015
elapsed time: 1515 seconds

